2024-07-19 09:25:42,784 INFO #### Configuration Details ####
path_to_config = /content/Time_Series_Anomaly_Detection/telemanom/config.yaml
logger = <Logger telemanom (INFO)>
train = True
predict = True
batch_size = 64
window_size = 20
smoothing_perc = 0.05
error_buffer = 20
loss_metric = mse
optimizer = adam
activation = relu
validation_split = 0.2
dropout = 0.2
lstm_batch_size = 64
weight_decay = 0.01
learning_rate = 0.05
epochs = 20
layer_LSTM = 2
layers = [100, 100]
patience = 10
min_delta = 0.0003
l_s = 300
n_predictions = 2
p = 0.2
run_id = 2024-07-18_20.59.01
config_path = config.yaml
sample_rate = ['0.1s']
save_on_drive = True
skip_graphics = False
verbose = False
treshold = True
dataset_path = dataset/Kuka_v1/
Please for more info about the model and the configuration see : data/2024-07-18_20.59.01/info_model/info_model.txt
####End of Configuration Details ####

2024-07-19 09:25:42,784 INFO Processing date: 20220811, rate: 0.1s
2024-07-19 09:25:42,784 INFO Processing Stream # 1: sensor_id5_AccX , sample-rate : 0.1s, date : 20220811 
2024-07-19 09:25:45,809 INFO Loading the model for the channel sensor_id5_AccX in the path : /content/data/2024-07-18_20.59.01/models/sensor_id5_AccX.pt
2024-07-19 09:25:46,104 INFO Correctly loaded the model for the channel sensor_id5_AccX in the path : /content/data/2024-07-18_20.59.01/models/sensor_id5_AccX.pt
2024-07-19 09:25:49,266 INFO normalized prediction error: 0.04
2024-07-19 09:25:50,311 INFO Metrics for the channel sensor_id5_AccX found n 5 anomalies predicted
Precision: 50.00%
Recall: 100.00%
F1-score: 66.67%
AUROC: 98.17%
AUPRC: 29.17%
2024-07-19 09:25:50,383 INFO Processing Stream # 2: sensor_id1_AccX , sample-rate : 0.1s, date : 20220811 
2024-07-19 09:25:53,174 INFO Loading the model for the channel sensor_id1_AccX in the path : /content/data/2024-07-18_20.59.01/models/sensor_id1_AccX.pt
2024-07-19 09:25:53,177 INFO Correctly loaded the model for the channel sensor_id1_AccX in the path : /content/data/2024-07-18_20.59.01/models/sensor_id1_AccX.pt
2024-07-19 09:25:56,189 INFO normalized prediction error: 0.01
2024-07-19 09:25:57,912 INFO Metrics for the channel sensor_id1_AccX found n 6 anomalies predicted
Precision: 20.00%
Recall: 100.00%
F1-score: 33.33%
AUROC: 96.55%
AUPRC: 10.00%
2024-07-19 09:25:57,980 INFO Processing Stream # 3: sensor_id2_AccX , sample-rate : 0.1s, date : 20220811 
2024-07-19 09:26:00,527 INFO Loading the model for the channel sensor_id2_AccX in the path : /content/data/2024-07-18_20.59.01/models/sensor_id2_AccX.pt
2024-07-19 09:26:00,530 INFO Correctly loaded the model for the channel sensor_id2_AccX in the path : /content/data/2024-07-18_20.59.01/models/sensor_id2_AccX.pt
2024-07-19 09:26:03,340 INFO normalized prediction error: 0.00
2024-07-19 09:26:04,832 INFO Metrics for the channel sensor_id2_AccX found n 23 anomalies predicted
Precision: 22.58%
Recall: 100.00%
F1-score: 36.84%
AUROC: 89.04%
AUPRC: 17.50%
2024-07-19 09:26:04,889 INFO Processing Stream # 4: machine_nameKuka Robot_voltage , sample-rate : 0.1s, date : 20220811 
2024-07-19 09:26:08,858 INFO Loading the model for the channel machine_nameKuka Robot_voltage in the path : /content/data/2024-07-18_20.59.01/models/machine_nameKuka Robot_voltage.pt
2024-07-19 09:26:08,861 INFO Correctly loaded the model for the channel machine_nameKuka Robot_voltage in the path : /content/data/2024-07-18_20.59.01/models/machine_nameKuka Robot_voltage.pt
2024-07-19 09:26:11,938 INFO normalized prediction error: 0.16
2024-07-19 09:26:12,721 INFO Metrics for the channel machine_nameKuka Robot_voltage found n 6 anomalies predicted
Precision: 100.00%
Recall: 25.00%
F1-score: 40.00%
AUROC: 91.45%
AUPRC: 36.50%
2024-07-19 09:26:12,789 INFO Processing Stream # 5: sensor_id4_AccX , sample-rate : 0.1s, date : 20220811 
2024-07-19 09:26:15,448 INFO Loading the model for the channel sensor_id4_AccX in the path : /content/data/2024-07-18_20.59.01/models/sensor_id4_AccX.pt
2024-07-19 09:26:15,451 INFO Correctly loaded the model for the channel sensor_id4_AccX in the path : /content/data/2024-07-18_20.59.01/models/sensor_id4_AccX.pt
2024-07-19 09:26:18,271 INFO normalized prediction error: 0.04
2024-07-19 09:26:19,283 INFO Metrics for the channel sensor_id4_AccX found n 5 anomalies predicted
Precision: 60.00%
Recall: 100.00%
F1-score: 75.00%
AUROC: 98.13%
AUPRC: 37.78%
2024-07-19 09:26:19,347 INFO Processing Stream # 6: sensor_id3_AccX , sample-rate : 0.1s, date : 20220811 
2024-07-19 09:26:22,075 INFO Loading the model for the channel sensor_id3_AccX in the path : /content/data/2024-07-18_20.59.01/models/sensor_id3_AccX.pt
2024-07-19 09:26:22,078 INFO Correctly loaded the model for the channel sensor_id3_AccX in the path : /content/data/2024-07-18_20.59.01/models/sensor_id3_AccX.pt
2024-07-19 09:26:25,005 INFO normalized prediction error: nan
2024-07-19 09:26:25,683 INFO Metrics for the channel sensor_id3_AccX found n 0 anomalies predicted
Precision: 0.00%
Recall: 0.00%
F1-score: 0.00%
AUROC: 0.00%
AUPRC: 0.00%
2024-07-19 09:26:25,777 INFO Processing Stream # 7: sensor_id5_AccY , sample-rate : 0.1s, date : 20220811 
2024-07-19 09:26:28,389 INFO Loading the model for the channel sensor_id5_AccY in the path : /content/data/2024-07-18_20.59.01/models/sensor_id5_AccY.pt
2024-07-19 09:26:28,392 INFO Correctly loaded the model for the channel sensor_id5_AccY in the path : /content/data/2024-07-18_20.59.01/models/sensor_id5_AccY.pt
2024-07-19 09:26:31,237 INFO normalized prediction error: 0.02
2024-07-19 09:26:32,775 INFO Metrics for the channel sensor_id5_AccY found n 17 anomalies predicted
Precision: 100.00%
Recall: 33.33%
F1-score: 50.00%
AUROC: 95.28%
AUPRC: 45.74%
2024-07-19 09:26:32,841 INFO Processing Stream # 8: sensor_id1_AccY , sample-rate : 0.1s, date : 20220811 
2024-07-19 09:26:35,862 INFO Loading the model for the channel sensor_id1_AccY in the path : /content/data/2024-07-18_20.59.01/models/sensor_id1_AccY.pt
2024-07-19 09:26:35,865 INFO Correctly loaded the model for the channel sensor_id1_AccY in the path : /content/data/2024-07-18_20.59.01/models/sensor_id1_AccY.pt
2024-07-19 09:26:38,982 INFO normalized prediction error: 0.24
2024-07-19 09:26:39,643 INFO Metrics for the channel sensor_id1_AccY found n 0 anomalies predicted
Precision: 0.00%
Recall: 0.00%
F1-score: 0.00%
AUROC: 0.00%
AUPRC: 0.00%
2024-07-19 09:26:39,710 INFO Processing Stream # 9: sensor_id2_AccY , sample-rate : 0.1s, date : 20220811 
2024-07-19 09:26:42,148 INFO Loading the model for the channel sensor_id2_AccY in the path : /content/data/2024-07-18_20.59.01/models/sensor_id2_AccY.pt
2024-07-19 09:26:42,151 INFO Correctly loaded the model for the channel sensor_id2_AccY in the path : /content/data/2024-07-18_20.59.01/models/sensor_id2_AccY.pt
2024-07-19 09:26:45,077 INFO normalized prediction error: 0.04
2024-07-19 09:26:45,988 INFO Metrics for the channel sensor_id2_AccY found n 1 anomalies predicted
Precision: 100.00%
Recall: 100.00%
F1-score: 100.00%
AUROC: 100.00%
AUPRC: 100.00%
2024-07-19 09:26:46,055 INFO Processing Stream # 10: sensor_id4_AccY , sample-rate : 0.1s, date : 20220811 
2024-07-19 09:26:48,755 INFO Loading the model for the channel sensor_id4_AccY in the path : /content/data/2024-07-18_20.59.01/models/sensor_id4_AccY.pt
2024-07-19 09:26:48,758 INFO Correctly loaded the model for the channel sensor_id4_AccY in the path : /content/data/2024-07-18_20.59.01/models/sensor_id4_AccY.pt
2024-07-19 09:26:51,891 INFO normalized prediction error: 0.14
2024-07-19 09:26:52,782 INFO Metrics for the channel sensor_id4_AccY found n 0 anomalies predicted
Precision: 0.00%
Recall: 0.00%
F1-score: 0.00%
AUROC: 0.00%
AUPRC: 0.00%
2024-07-19 09:26:52,850 INFO Processing Stream # 11: sensor_id3_AccY , sample-rate : 0.1s, date : 20220811 
2024-07-19 09:26:55,265 INFO Loading the model for the channel sensor_id3_AccY in the path : /content/data/2024-07-18_20.59.01/models/sensor_id3_AccY.pt
2024-07-19 09:26:55,268 INFO Correctly loaded the model for the channel sensor_id3_AccY in the path : /content/data/2024-07-18_20.59.01/models/sensor_id3_AccY.pt
2024-07-19 09:26:58,121 INFO normalized prediction error: 0.34
2024-07-19 09:26:58,766 INFO Metrics for the channel sensor_id3_AccY found n 0 anomalies predicted
Precision: 0.00%
Recall: 0.00%
F1-score: 0.00%
AUROC: 0.00%
AUPRC: 0.00%
2024-07-19 09:26:58,825 INFO Processing Stream # 12: sensor_id5_AccZ , sample-rate : 0.1s, date : 20220811 
2024-07-19 09:27:01,673 INFO Loading the model for the channel sensor_id5_AccZ in the path : /content/data/2024-07-18_20.59.01/models/sensor_id5_AccZ.pt
2024-07-19 09:27:01,675 INFO Correctly loaded the model for the channel sensor_id5_AccZ in the path : /content/data/2024-07-18_20.59.01/models/sensor_id5_AccZ.pt
2024-07-19 09:27:04,718 INFO normalized prediction error: 0.04
2024-07-19 09:27:06,440 INFO Metrics for the channel sensor_id5_AccZ found n 24 anomalies predicted
Precision: 35.71%
Recall: 100.00%
F1-score: 52.63%
AUROC: 90.77%
AUPRC: 29.69%
2024-07-19 09:27:06,509 INFO Processing Stream # 13: sensor_id1_AccZ , sample-rate : 0.1s, date : 20220811 
2024-07-19 09:27:08,925 INFO Loading the model for the channel sensor_id1_AccZ in the path : /content/data/2024-07-18_20.59.01/models/sensor_id1_AccZ.pt
2024-07-19 09:27:08,927 INFO Correctly loaded the model for the channel sensor_id1_AccZ in the path : /content/data/2024-07-18_20.59.01/models/sensor_id1_AccZ.pt
2024-07-19 09:27:11,783 INFO normalized prediction error: 0.02
2024-07-19 09:27:12,877 INFO Metrics for the channel sensor_id1_AccZ found n 21 anomalies predicted
Precision: 26.32%
Recall: 100.00%
F1-score: 41.67%
AUROC: 91.40%
AUPRC: 17.42%
2024-07-19 09:27:12,945 INFO Processing Stream # 14: sensor_id4_AccZ , sample-rate : 0.1s, date : 20220811 
2024-07-19 09:27:15,889 INFO Loading the model for the channel sensor_id4_AccZ in the path : /content/data/2024-07-18_20.59.01/models/sensor_id4_AccZ.pt
2024-07-19 09:27:15,892 INFO Correctly loaded the model for the channel sensor_id4_AccZ in the path : /content/data/2024-07-18_20.59.01/models/sensor_id4_AccZ.pt
2024-07-19 09:27:18,961 INFO normalized prediction error: 0.00
2024-07-19 09:27:20,210 INFO Metrics for the channel sensor_id4_AccZ found n 4 anomalies predicted
Precision: 0.00%
Recall: 100.00%
F1-score: 0.00%
AUROC: 0.00%
AUPRC: 50.00%
2024-07-19 09:27:20,277 INFO Processing Stream # 15: sensor_id2_AccZ , sample-rate : 0.1s, date : 20220811 
2024-07-19 09:27:22,701 INFO Loading the model for the channel sensor_id2_AccZ in the path : /content/data/2024-07-18_20.59.01/models/sensor_id2_AccZ.pt
2024-07-19 09:27:22,703 INFO Correctly loaded the model for the channel sensor_id2_AccZ in the path : /content/data/2024-07-18_20.59.01/models/sensor_id2_AccZ.pt
2024-07-19 09:27:25,616 INFO normalized prediction error: 0.07
2024-07-19 09:27:26,555 INFO Metrics for the channel sensor_id2_AccZ found n 6 anomalies predicted
Precision: 33.33%
Recall: 100.00%
F1-score: 50.00%
AUROC: 98.21%
AUPRC: 16.67%
2024-07-19 09:27:26,619 INFO Processing Stream # 16: sensor_id3_AccZ , sample-rate : 0.1s, date : 20220811 
2024-07-19 09:27:29,320 INFO Loading the model for the channel sensor_id3_AccZ in the path : /content/data/2024-07-18_20.59.01/models/sensor_id3_AccZ.pt
2024-07-19 09:27:29,323 INFO Correctly loaded the model for the channel sensor_id3_AccZ in the path : /content/data/2024-07-18_20.59.01/models/sensor_id3_AccZ.pt
2024-07-19 09:27:32,442 INFO normalized prediction error: 0.01
2024-07-19 09:27:34,164 INFO Metrics for the channel sensor_id3_AccZ found n 15 anomalies predicted
Precision: 50.00%
Recall: 57.14%
F1-score: 53.33%
AUROC: 94.99%
AUPRC: 56.72%
2024-07-19 09:27:34,236 INFO Processing Stream # 17: machine_nameKuka Robot_current , sample-rate : 0.1s, date : 20220811 
2024-07-19 09:27:36,670 INFO Loading the model for the channel machine_nameKuka Robot_current in the path : /content/data/2024-07-18_20.59.01/models/machine_nameKuka Robot_current.pt
2024-07-19 09:27:36,672 INFO Correctly loaded the model for the channel machine_nameKuka Robot_current in the path : /content/data/2024-07-18_20.59.01/models/machine_nameKuka Robot_current.pt
2024-07-19 09:27:39,569 INFO normalized prediction error: 0.20
2024-07-19 09:27:40,412 INFO Metrics for the channel machine_nameKuka Robot_current found n 0 anomalies predicted
Precision: 0.00%
Recall: 0.00%
F1-score: 0.00%
AUROC: 0.00%
AUPRC: 0.00%
2024-07-19 09:27:40,482 INFO Processing Stream # 18: machine_nameKuka Robot_power , sample-rate : 0.1s, date : 20220811 
2024-07-19 09:27:43,048 INFO Loading the model for the channel machine_nameKuka Robot_power in the path : /content/data/2024-07-18_20.59.01/models/machine_nameKuka Robot_power.pt
2024-07-19 09:27:43,050 INFO Correctly loaded the model for the channel machine_nameKuka Robot_power in the path : /content/data/2024-07-18_20.59.01/models/machine_nameKuka Robot_power.pt
2024-07-19 09:27:46,342 INFO normalized prediction error: nan
2024-07-19 09:27:47,709 INFO Metrics for the channel machine_nameKuka Robot_power found n 0 anomalies predicted
Precision: 0.00%
Recall: 0.00%
F1-score: 0.00%
AUROC: 0.00%
AUPRC: 0.00%
2024-07-19 09:27:47,769 INFO Processing Stream # 19: sensor_id4_AngX , sample-rate : 0.1s, date : 20220811 
2024-07-19 09:27:50,584 INFO Loading the model for the channel sensor_id4_AngX in the path : /content/data/2024-07-18_20.59.01/models/sensor_id4_AngX.pt
2024-07-19 09:27:50,586 INFO Correctly loaded the model for the channel sensor_id4_AngX in the path : /content/data/2024-07-18_20.59.01/models/sensor_id4_AngX.pt
2024-07-19 09:27:53,522 INFO normalized prediction error: 0.32
2024-07-19 09:27:54,271 INFO Metrics for the channel sensor_id4_AngX found n 1 anomalies predicted
Precision: 0.00%
Recall: 100.00%
F1-score: 0.00%
AUROC: 0.00%
AUPRC: 50.00%
2024-07-19 09:27:54,338 INFO Processing Stream # 20: sensor_id2_AngX , sample-rate : 0.1s, date : 20220811 
2024-07-19 09:27:56,809 INFO Loading the model for the channel sensor_id2_AngX in the path : /content/data/2024-07-18_20.59.01/models/sensor_id2_AngX.pt
2024-07-19 09:27:56,812 INFO Correctly loaded the model for the channel sensor_id2_AngX in the path : /content/data/2024-07-18_20.59.01/models/sensor_id2_AngX.pt
2024-07-19 09:27:59,976 INFO normalized prediction error: 0.06
2024-07-19 09:28:01,557 INFO Metrics for the channel sensor_id2_AngX found n 3 anomalies predicted
Precision: 40.00%
Recall: 100.00%
F1-score: 57.14%
AUROC: 97.22%
AUPRC: 22.50%
2024-07-19 09:28:01,622 INFO Processing Stream # 21: sensor_id1_AngX , sample-rate : 0.1s, date : 20220811 
2024-07-19 09:28:04,417 INFO Loading the model for the channel sensor_id1_AngX in the path : /content/data/2024-07-18_20.59.01/models/sensor_id1_AngX.pt
2024-07-19 09:28:04,419 INFO Correctly loaded the model for the channel sensor_id1_AngX in the path : /content/data/2024-07-18_20.59.01/models/sensor_id1_AngX.pt
2024-07-19 09:28:07,357 INFO normalized prediction error: 0.04
2024-07-19 09:28:08,412 INFO Metrics for the channel sensor_id1_AngX found n 8 anomalies predicted
Precision: 100.00%
Recall: 100.00%
F1-score: 100.00%
AUROC: 100.00%
AUPRC: 100.00%
2024-07-19 09:28:08,487 INFO Processing Stream # 22: sensor_id5_AngX , sample-rate : 0.1s, date : 20220811 
2024-07-19 09:28:11,159 INFO Loading the model for the channel sensor_id5_AngX in the path : /content/data/2024-07-18_20.59.01/models/sensor_id5_AngX.pt
2024-07-19 09:28:11,162 INFO Correctly loaded the model for the channel sensor_id5_AngX in the path : /content/data/2024-07-18_20.59.01/models/sensor_id5_AngX.pt
2024-07-19 09:28:14,324 INFO normalized prediction error: 0.15
2024-07-19 09:28:15,576 INFO Metrics for the channel sensor_id5_AngX found n 0 anomalies predicted
Precision: 0.00%
Recall: 100.00%
F1-score: 0.00%
AUROC: 0.00%
AUPRC: 50.00%
2024-07-19 09:28:15,639 INFO Processing Stream # 23: sensor_id3_AngX , sample-rate : 0.1s, date : 20220811 
2024-07-19 09:28:18,481 INFO Loading the model for the channel sensor_id3_AngX in the path : /content/data/2024-07-18_20.59.01/models/sensor_id3_AngX.pt
2024-07-19 09:28:18,483 INFO Correctly loaded the model for the channel sensor_id3_AngX in the path : /content/data/2024-07-18_20.59.01/models/sensor_id3_AngX.pt
2024-07-19 09:28:21,675 INFO normalized prediction error: 0.14
2024-07-19 09:28:23,154 INFO Metrics for the channel sensor_id3_AngX found n 21 anomalies predicted
Precision: 25.93%
Recall: 100.00%
F1-score: 41.18%
AUROC: 88.45%
AUPRC: 18.80%
2024-07-19 09:28:23,220 INFO Processing Stream # 24: sensor_id2_AngY , sample-rate : 0.1s, date : 20220811 
2024-07-19 09:28:25,822 INFO Loading the model for the channel sensor_id2_AngY in the path : /content/data/2024-07-18_20.59.01/models/sensor_id2_AngY.pt
2024-07-19 09:28:25,825 INFO Correctly loaded the model for the channel sensor_id2_AngY in the path : /content/data/2024-07-18_20.59.01/models/sensor_id2_AngY.pt
2024-07-19 09:28:29,084 INFO normalized prediction error: 0.27
2024-07-19 09:28:30,124 INFO Metrics for the channel sensor_id2_AngY found n 4 anomalies predicted
Precision: 50.00%
Recall: 100.00%
F1-score: 66.67%
AUROC: 99.10%
AUPRC: 25.00%
2024-07-19 09:28:30,192 INFO Processing Stream # 25: sensor_id4_AngY , sample-rate : 0.1s, date : 20220811 
2024-07-19 09:28:32,869 INFO Loading the model for the channel sensor_id4_AngY in the path : /content/data/2024-07-18_20.59.01/models/sensor_id4_AngY.pt
2024-07-19 09:28:32,871 INFO Correctly loaded the model for the channel sensor_id4_AngY in the path : /content/data/2024-07-18_20.59.01/models/sensor_id4_AngY.pt
2024-07-19 09:28:35,865 INFO normalized prediction error: 0.19
2024-07-19 09:28:36,712 INFO Metrics for the channel sensor_id4_AngY found n 0 anomalies predicted
Precision: 0.00%
Recall: 0.00%
F1-score: 0.00%
AUROC: 0.00%
AUPRC: 0.00%
2024-07-19 09:28:36,780 INFO Processing Stream # 26: sensor_id1_AngY , sample-rate : 0.1s, date : 20220811 
2024-07-19 09:28:39,315 INFO Loading the model for the channel sensor_id1_AngY in the path : /content/data/2024-07-18_20.59.01/models/sensor_id1_AngY.pt
2024-07-19 09:28:39,317 INFO Correctly loaded the model for the channel sensor_id1_AngY in the path : /content/data/2024-07-18_20.59.01/models/sensor_id1_AngY.pt
2024-07-19 09:28:42,891 INFO normalized prediction error: 0.17
2024-07-19 09:28:44,169 INFO Metrics for the channel sensor_id1_AngY found n 2 anomalies predicted
Precision: 33.33%
Recall: 100.00%
F1-score: 50.00%
AUROC: 98.15%
AUPRC: 16.67%
2024-07-19 09:28:44,242 INFO Processing Stream # 27: sensor_id5_AngY , sample-rate : 0.1s, date : 20220811 
2024-07-19 09:28:46,935 INFO Loading the model for the channel sensor_id5_AngY in the path : /content/data/2024-07-18_20.59.01/models/sensor_id5_AngY.pt
2024-07-19 09:28:46,937 INFO Correctly loaded the model for the channel sensor_id5_AngY in the path : /content/data/2024-07-18_20.59.01/models/sensor_id5_AngY.pt
2024-07-19 09:28:49,974 INFO normalized prediction error: 0.38
2024-07-19 09:28:51,056 INFO Metrics for the channel sensor_id5_AngY found n 1 anomalies predicted
Precision: 50.00%
Recall: 100.00%
F1-score: 66.67%
AUROC: 99.07%
AUPRC: 25.00%
2024-07-19 09:28:51,167 INFO Processing Stream # 28: sensor_id4_AngZ , sample-rate : 0.1s, date : 20220811 
2024-07-19 09:28:53,752 INFO Loading the model for the channel sensor_id4_AngZ in the path : /content/data/2024-07-18_20.59.01/models/sensor_id4_AngZ.pt
2024-07-19 09:28:53,755 INFO Correctly loaded the model for the channel sensor_id4_AngZ in the path : /content/data/2024-07-18_20.59.01/models/sensor_id4_AngZ.pt
2024-07-19 09:28:57,005 INFO normalized prediction error: 0.22
2024-07-19 09:28:57,660 INFO Metrics for the channel sensor_id4_AngZ found n 0 anomalies predicted
Precision: 0.00%
Recall: 0.00%
F1-score: 0.00%
AUROC: 0.00%
AUPRC: 0.00%
2024-07-19 09:28:57,726 INFO Processing Stream # 29: sensor_id2_AngZ , sample-rate : 0.1s, date : 20220811 
2024-07-19 09:29:00,405 INFO Loading the model for the channel sensor_id2_AngZ in the path : /content/data/2024-07-18_20.59.01/models/sensor_id2_AngZ.pt
2024-07-19 09:29:00,407 INFO Correctly loaded the model for the channel sensor_id2_AngZ in the path : /content/data/2024-07-18_20.59.01/models/sensor_id2_AngZ.pt
2024-07-19 09:29:03,416 INFO normalized prediction error: 0.06
2024-07-19 09:29:04,269 INFO Metrics for the channel sensor_id2_AngZ found n 6 anomalies predicted
Precision: 14.29%
Recall: 100.00%
F1-score: 25.00%
AUROC: 94.78%
AUPRC: 7.14%
2024-07-19 09:29:04,336 INFO Processing Stream # 30: sensor_id3_AngY , sample-rate : 0.1s, date : 20220811 
2024-07-19 09:29:06,785 INFO Loading the model for the channel sensor_id3_AngY in the path : /content/data/2024-07-18_20.59.01/models/sensor_id3_AngY.pt
2024-07-19 09:29:06,787 INFO Correctly loaded the model for the channel sensor_id3_AngY in the path : /content/data/2024-07-18_20.59.01/models/sensor_id3_AngY.pt
2024-07-19 09:29:10,044 INFO normalized prediction error: 0.09
2024-07-19 09:29:11,384 INFO Metrics for the channel sensor_id3_AngY found n 2 anomalies predicted
Precision: 50.00%
Recall: 100.00%
F1-score: 66.67%
AUROC: 99.07%
AUPRC: 25.00%
2024-07-19 09:29:11,480 INFO Processing Stream # 31: sensor_id1_AngZ , sample-rate : 0.1s, date : 20220811 
2024-07-19 09:29:14,088 INFO Loading the model for the channel sensor_id1_AngZ in the path : /content/data/2024-07-18_20.59.01/models/sensor_id1_AngZ.pt
2024-07-19 09:29:14,091 INFO Correctly loaded the model for the channel sensor_id1_AngZ in the path : /content/data/2024-07-18_20.59.01/models/sensor_id1_AngZ.pt
2024-07-19 09:29:17,083 INFO normalized prediction error: 0.08
2024-07-19 09:29:17,937 INFO Metrics for the channel sensor_id1_AngZ found n 19 anomalies predicted
Precision: 25.00%
Recall: 100.00%
F1-score: 40.00%
AUROC: 87.24%
AUPRC: 16.52%
2024-07-19 09:29:18,008 INFO Processing Stream # 32: sensor_id5_AngZ , sample-rate : 0.1s, date : 20220811 
2024-07-19 09:29:20,814 INFO Loading the model for the channel sensor_id5_AngZ in the path : /content/data/2024-07-18_20.59.01/models/sensor_id5_AngZ.pt
2024-07-19 09:29:20,817 INFO Correctly loaded the model for the channel sensor_id5_AngZ in the path : /content/data/2024-07-18_20.59.01/models/sensor_id5_AngZ.pt
2024-07-19 09:29:23,892 INFO normalized prediction error: nan
2024-07-19 09:29:24,746 INFO Metrics for the channel sensor_id5_AngZ found n 0 anomalies predicted
Precision: 0.00%
Recall: 0.00%
F1-score: 0.00%
AUROC: 0.00%
AUPRC: 0.00%
2024-07-19 09:29:24,808 INFO Processing Stream # 33: sensor_id3_AngZ , sample-rate : 0.1s, date : 20220811 
2024-07-19 09:29:27,245 INFO Loading the model for the channel sensor_id3_AngZ in the path : /content/data/2024-07-18_20.59.01/models/sensor_id3_AngZ.pt
2024-07-19 09:29:27,247 INFO Correctly loaded the model for the channel sensor_id3_AngZ in the path : /content/data/2024-07-18_20.59.01/models/sensor_id3_AngZ.pt
2024-07-19 09:29:30,211 INFO normalized prediction error: 0.49
2024-07-19 09:29:31,164 INFO Metrics for the channel sensor_id3_AngZ found n 3 anomalies predicted
Precision: 40.00%
Recall: 100.00%
F1-score: 57.14%
AUROC: 97.79%
AUPRC: 24.58%
2024-07-19 09:29:31,229 INFO Processing Stream # 34: machine_nameKuka Robot_apparent_power , sample-rate : 0.1s, date : 20220811 
2024-07-19 09:29:33,910 INFO Loading the model for the channel machine_nameKuka Robot_apparent_power in the path : /content/data/2024-07-18_20.59.01/models/machine_nameKuka Robot_apparent_power.pt
2024-07-19 09:29:33,912 INFO Correctly loaded the model for the channel machine_nameKuka Robot_apparent_power in the path : /content/data/2024-07-18_20.59.01/models/machine_nameKuka Robot_apparent_power.pt
2024-07-19 09:29:37,111 INFO normalized prediction error: 0.18
2024-07-19 09:29:38,366 INFO Metrics for the channel machine_nameKuka Robot_apparent_power found n 1 anomalies predicted
Precision: 100.00%
Recall: 100.00%
F1-score: 100.00%
AUROC: 100.00%
AUPRC: 100.00%
2024-07-19 09:29:38,455 INFO Processing Stream # 35: sensor_id1_GyroX , sample-rate : 0.1s, date : 20220811 
2024-07-19 09:29:42,694 INFO Loading the model for the channel sensor_id1_GyroX in the path : /content/data/2024-07-18_20.59.01/models/sensor_id1_GyroX.pt
2024-07-19 09:29:42,697 INFO Correctly loaded the model for the channel sensor_id1_GyroX in the path : /content/data/2024-07-18_20.59.01/models/sensor_id1_GyroX.pt
2024-07-19 09:29:45,511 INFO normalized prediction error: nan
2024-07-19 09:29:46,095 INFO Metrics for the channel sensor_id1_GyroX found n 0 anomalies predicted
Precision: 0.00%
Recall: 0.00%
F1-score: 0.00%
AUROC: 0.00%
AUPRC: 0.00%
2024-07-19 09:29:46,161 INFO Processing Stream # 36: sensor_id2_GyroX , sample-rate : 0.1s, date : 20220811 
2024-07-19 09:30:12,288 INFO Epoch 0, Loss: 3208526.25
2024-07-19 09:30:52,704 INFO Epoch 2, Loss: 3070874.75
2024-07-19 09:31:31,438 INFO Epoch 4, Loss: nan
2024-07-19 09:32:09,567 INFO Epoch 6, Loss: nan
2024-07-19 09:32:47,418 INFO Epoch 8, Loss: nan
2024-07-19 09:33:25,426 INFO Epoch 10, Loss: nan
2024-07-19 09:34:03,346 INFO Early stopping triggered at epoch 12
2024-07-19 09:34:06,047 INFO normalized prediction error: nan
2024-07-19 09:34:06,638 INFO Metrics for the channel sensor_id2_GyroX found n 0 anomalies predicted
Precision: 0.00%
Recall: 0.00%
F1-score: 0.00%
AUROC: 0.00%
AUPRC: 0.00%
2024-07-19 09:34:19,677 INFO Graphical output saved on path : data/2024-07-18_20.59.01/plot_predictions/0.1s/sensor_id2_GyroX.pdf
2024-07-19 09:34:19,782 INFO Processing Stream # 37: sensor_id4_GyroX , sample-rate : 0.1s, date : 20220811 
2024-07-19 09:34:42,870 INFO Epoch 0, Loss: 3331164.0
2024-07-19 09:35:23,243 INFO Epoch 2, Loss: nan
2024-07-19 09:36:01,462 INFO Epoch 4, Loss: nan
2024-07-19 09:36:39,507 INFO Epoch 6, Loss: nan
2024-07-19 09:37:17,669 INFO Epoch 8, Loss: nan
2024-07-19 09:37:55,537 INFO Epoch 10, Loss: nan
2024-07-19 09:38:14,485 INFO Early stopping triggered at epoch 11
2024-07-19 09:38:17,188 INFO normalized prediction error: nan
2024-07-19 09:38:17,781 INFO Metrics for the channel sensor_id4_GyroX found n 0 anomalies predicted
Precision: 0.00%
Recall: 0.00%
F1-score: 0.00%
AUROC: 0.00%
AUPRC: 0.00%
2024-07-19 09:38:30,502 INFO Graphical output saved on path : data/2024-07-18_20.59.01/plot_predictions/0.1s/sensor_id4_GyroX.pdf
2024-07-19 09:38:30,608 INFO Processing Stream # 38: sensor_id3_GyroX , sample-rate : 0.1s, date : 20220811 
2024-07-19 09:38:54,401 INFO Epoch 0, Loss: 3378591.25
2024-07-19 09:39:35,257 INFO Epoch 2, Loss: 3987494.25
2024-07-19 09:40:15,466 INFO Epoch 4, Loss: 3024585.5
2024-07-19 09:40:55,891 INFO Epoch 6, Loss: 3261255.0
2024-07-19 09:41:36,019 INFO Epoch 8, Loss: 3914221.25
2024-07-19 09:42:16,376 INFO Epoch 10, Loss: 4284643.5
2024-07-19 09:42:56,895 INFO Epoch 12, Loss: 3604142.75
2024-07-19 09:43:37,338 INFO Early stopping triggered at epoch 14
2024-07-19 09:43:40,280 INFO normalized prediction error: 0.44
2024-07-19 09:43:41,208 INFO Metrics for the channel sensor_id3_GyroX found n 0 anomalies predicted
Precision: 50.00%
Recall: 100.00%
F1-score: 66.67%
AUROC: 99.07%
AUPRC: 25.00%
2024-07-19 09:43:54,141 INFO Graphical output saved on path : data/2024-07-18_20.59.01/plot_predictions/0.1s/sensor_id3_GyroX.pdf
2024-07-19 09:43:54,249 INFO Processing Stream # 39: sensor_id5_GyroX , sample-rate : 0.1s, date : 20220811 
2024-07-19 09:44:17,357 INFO Epoch 0, Loss: 2767236.5
2024-07-19 09:44:58,085 INFO Epoch 2, Loss: 3525348.75
2024-07-19 09:45:38,354 INFO Epoch 4, Loss: 3738424.25
2024-07-19 09:46:18,969 INFO Epoch 6, Loss: 3234454.0
2024-07-19 09:46:59,356 INFO Epoch 8, Loss: 4212923.5
2024-07-19 09:47:39,722 INFO Epoch 10, Loss: 2524009.5
2024-07-19 09:48:20,096 INFO Epoch 12, Loss: 3215179.5
2024-07-19 09:49:00,519 INFO Epoch 14, Loss: 3960468.5
2024-07-19 09:49:40,835 INFO Epoch 16, Loss: 2455478.25
2024-07-19 09:50:21,271 INFO Epoch 18, Loss: 2545813.5
2024-07-19 09:50:41,614 INFO Epoch 19, Loss: 2918382.0
2024-07-19 09:50:44,748 INFO normalized prediction error: 0.36
2024-07-19 09:50:45,638 INFO Metrics for the channel sensor_id5_GyroX found n 0 anomalies predicted
Precision: 0.00%
Recall: 0.00%
F1-score: 0.00%
AUROC: 0.00%
AUPRC: 0.00%
2024-07-19 09:50:58,594 INFO Graphical output saved on path : data/2024-07-18_20.59.01/plot_predictions/0.1s/sensor_id5_GyroX.pdf
2024-07-19 09:50:58,701 INFO Processing Stream # 40: sensor_id1_GyroY , sample-rate : 0.1s, date : 20220811 
2024-07-19 09:51:21,799 INFO Epoch 0, Loss: 2678349.0
2024-07-19 09:52:02,082 INFO Epoch 2, Loss: nan
2024-07-19 09:52:39,867 INFO Epoch 4, Loss: nan
2024-07-19 09:53:17,934 INFO Epoch 6, Loss: nan
2024-07-19 09:53:56,024 INFO Epoch 8, Loss: nan
2024-07-19 09:54:33,931 INFO Early stopping triggered at epoch 10
2024-07-19 09:54:36,908 INFO normalized prediction error: nan
2024-07-19 09:54:38,029 INFO Metrics for the channel sensor_id1_GyroY found n 0 anomalies predicted
Precision: 0.00%
Recall: 0.00%
F1-score: 0.00%
AUROC: 0.00%
AUPRC: 0.00%
2024-07-19 09:54:50,304 INFO Graphical output saved on path : data/2024-07-18_20.59.01/plot_predictions/0.1s/sensor_id1_GyroY.pdf
2024-07-19 09:54:50,481 INFO Processing Stream # 41: sensor_id2_GyroY , sample-rate : 0.1s, date : 20220811 
2024-07-19 09:55:14,976 INFO Epoch 0, Loss: 3940980.5
2024-07-19 09:55:55,345 INFO Epoch 2, Loss: 4149717.0
2024-07-19 09:56:35,437 INFO Epoch 4, Loss: 3154328.5
2024-07-19 09:57:15,749 INFO Epoch 6, Loss: 3926438.25
2024-07-19 09:57:55,994 INFO Epoch 8, Loss: 3580957.75
2024-07-19 09:58:36,270 INFO Epoch 10, Loss: 3502306.5
2024-07-19 09:59:16,566 INFO Epoch 12, Loss: 3498454.25
2024-07-19 09:59:56,873 INFO Epoch 14, Loss: 3423075.75
2024-07-19 10:00:16,914 INFO Early stopping triggered at epoch 15
2024-07-19 10:00:19,843 INFO normalized prediction error: 0.42
2024-07-19 10:00:21,241 INFO Metrics for the channel sensor_id2_GyroY found n 0 anomalies predicted
Precision: 0.00%
Recall: 0.00%
F1-score: 0.00%
AUROC: 0.00%
AUPRC: 0.00%
2024-07-19 10:00:33,488 INFO Graphical output saved on path : data/2024-07-18_20.59.01/plot_predictions/0.1s/sensor_id2_GyroY.pdf
2024-07-19 10:00:33,603 INFO Processing Stream # 42: sensor_id4_GyroY , sample-rate : 0.1s, date : 20220811 
2024-07-19 10:00:57,487 INFO Epoch 0, Loss: 3496434.25
2024-07-19 10:01:37,940 INFO Epoch 2, Loss: 3069526.25
2024-07-19 10:02:17,942 INFO Epoch 4, Loss: 3372873.75
2024-07-19 10:02:58,155 INFO Epoch 6, Loss: 2839406.0
2024-07-19 10:03:38,196 INFO Epoch 8, Loss: 2248103.25
2024-07-19 10:04:18,341 INFO Epoch 10, Loss: 4227531.0
2024-07-19 10:04:58,584 INFO Epoch 12, Loss: 3040659.25
2024-07-19 10:05:38,847 INFO Epoch 14, Loss: 3052273.75
2024-07-19 10:06:19,137 INFO Epoch 16, Loss: 3426833.75
2024-07-19 10:06:59,286 INFO Early stopping triggered at epoch 18
2024-07-19 10:07:02,163 INFO normalized prediction error: 0.41
2024-07-19 10:07:02,939 INFO Metrics for the channel sensor_id4_GyroY found n 0 anomalies predicted
Precision: 0.00%
Recall: 0.00%
F1-score: 0.00%
AUROC: 0.00%
AUPRC: 0.00%
2024-07-19 10:07:15,607 INFO Graphical output saved on path : data/2024-07-18_20.59.01/plot_predictions/0.1s/sensor_id4_GyroY.pdf
2024-07-19 10:07:15,762 INFO Processing Stream # 43: sensor_id3_GyroY , sample-rate : 0.1s, date : 20220811 
2024-07-19 10:07:38,545 INFO Epoch 0, Loss: 3327631.0
2024-07-19 10:08:19,214 INFO Epoch 2, Loss: 3951646.75
2024-07-19 10:08:59,301 INFO Epoch 4, Loss: 3689212.5
2024-07-19 10:09:39,840 INFO Epoch 6, Loss: 3252523.25
2024-07-19 10:10:20,120 INFO Epoch 8, Loss: 3660209.25
2024-07-19 10:11:00,475 INFO Epoch 10, Loss: 3443005.0
2024-07-19 10:11:40,855 INFO Epoch 12, Loss: 3348977.75
2024-07-19 10:12:21,162 INFO Epoch 14, Loss: 4137114.25
2024-07-19 10:13:01,424 INFO Epoch 16, Loss: 3324593.25
2024-07-19 10:13:41,757 INFO Epoch 18, Loss: 3330807.0
2024-07-19 10:14:01,929 INFO Early stopping triggered at epoch 19
2024-07-19 10:14:04,828 INFO normalized prediction error: 0.41
2024-07-19 10:14:05,571 INFO Metrics for the channel sensor_id3_GyroY found n 0 anomalies predicted
Precision: 0.00%
Recall: 0.00%
F1-score: 0.00%
AUROC: 0.00%
AUPRC: 0.00%
2024-07-19 10:14:18,115 INFO Graphical output saved on path : data/2024-07-18_20.59.01/plot_predictions/0.1s/sensor_id3_GyroY.pdf
2024-07-19 10:14:18,231 INFO Processing Stream # 44: sensor_id5_GyroY , sample-rate : 0.1s, date : 20220811 
2024-07-19 10:14:41,844 INFO Epoch 0, Loss: 2647473.5
2024-07-19 10:15:22,442 INFO Epoch 2, Loss: 3144231.0
2024-07-19 10:16:02,313 INFO Epoch 4, Loss: 3046477.25
2024-07-19 10:16:42,484 INFO Epoch 6, Loss: 4563638.5
2024-07-19 10:17:22,408 INFO Epoch 8, Loss: 2859906.5
2024-07-19 10:18:02,472 INFO Early stopping triggered at epoch 10
2024-07-19 10:18:05,373 INFO normalized prediction error: 0.36
2024-07-19 10:18:06,168 INFO Metrics for the channel sensor_id5_GyroY found n 0 anomalies predicted
Precision: 0.00%
Recall: 100.00%
F1-score: 0.00%
AUROC: 0.00%
AUPRC: 50.00%
2024-07-19 10:18:18,592 INFO Graphical output saved on path : data/2024-07-18_20.59.01/plot_predictions/0.1s/sensor_id5_GyroY.pdf
2024-07-19 10:18:18,730 INFO Processing Stream # 45: sensor_id1_GyroZ , sample-rate : 0.1s, date : 20220811 
2024-07-19 10:18:41,635 INFO Epoch 0, Loss: 3581079.0
2024-07-19 10:19:22,004 INFO Epoch 2, Loss: 3229891.5
2024-07-19 10:20:01,859 INFO Epoch 4, Loss: 2082188.375
2024-07-19 10:20:42,171 INFO Epoch 6, Loss: 1971990.375
2024-07-19 10:21:22,251 INFO Epoch 8, Loss: 3543273.5
2024-07-19 10:22:02,400 INFO Epoch 10, Loss: 2774759.5
2024-07-19 10:22:42,589 INFO Epoch 12, Loss: 3348899.75
2024-07-19 10:23:02,744 INFO Early stopping triggered at epoch 13
2024-07-19 10:23:05,629 INFO normalized prediction error: 0.28
2024-07-19 10:23:06,347 INFO Metrics for the channel sensor_id1_GyroZ found n 0 anomalies predicted
Precision: 0.00%
Recall: 0.00%
F1-score: 0.00%
AUROC: 0.00%
AUPRC: 0.00%
2024-07-19 10:23:18,763 INFO Graphical output saved on path : data/2024-07-18_20.59.01/plot_predictions/0.1s/sensor_id1_GyroZ.pdf
2024-07-19 10:23:18,899 INFO Processing Stream # 46: sensor_id2_GyroZ , sample-rate : 0.1s, date : 20220811 
2024-07-19 10:23:42,173 INFO Epoch 0, Loss: 3115978.25
2024-07-19 10:24:22,503 INFO Epoch 2, Loss: 2909017.5
2024-07-19 10:25:02,308 INFO Epoch 4, Loss: 2619287.75
2024-07-19 10:25:42,650 INFO Epoch 6, Loss: 3862806.25
2024-07-19 10:26:22,722 INFO Epoch 8, Loss: 2384239.25
2024-07-19 10:27:02,831 INFO Epoch 10, Loss: 3971962.5
2024-07-19 10:27:43,175 INFO Epoch 12, Loss: 3015057.75
2024-07-19 10:28:23,550 INFO Epoch 14, Loss: 3250423.0
2024-07-19 10:29:01,733 INFO Epoch 16, Loss: nan
2024-07-19 10:29:39,687 INFO Early stopping triggered at epoch 18
2024-07-19 10:29:42,549 INFO normalized prediction error: nan
2024-07-19 10:29:43,143 INFO Metrics for the channel sensor_id2_GyroZ found n 0 anomalies predicted
Precision: 0.00%
Recall: 0.00%
F1-score: 0.00%
AUROC: 0.00%
AUPRC: 0.00%
2024-07-19 10:29:55,721 INFO Graphical output saved on path : data/2024-07-18_20.59.01/plot_predictions/0.1s/sensor_id2_GyroZ.pdf
2024-07-19 10:29:55,856 INFO Processing Stream # 47: sensor_id4_GyroZ , sample-rate : 0.1s, date : 20220811 
2024-07-19 10:30:18,672 INFO Epoch 0, Loss: 3399083.0
2024-07-19 10:30:59,353 INFO Epoch 2, Loss: 2059479.75
2024-07-19 10:31:39,387 INFO Epoch 4, Loss: 2181441.5
2024-07-19 10:32:19,695 INFO Epoch 6, Loss: 3570650.75
2024-07-19 10:32:59,964 INFO Epoch 8, Loss: 2591991.25
2024-07-19 10:33:40,188 INFO Epoch 10, Loss: 2751468.75
2024-07-19 10:34:20,432 INFO Early stopping triggered at epoch 12
2024-07-19 10:34:23,425 INFO normalized prediction error: 0.28
2024-07-19 10:34:24,467 INFO Metrics for the channel sensor_id4_GyroZ found n 0 anomalies predicted
Precision: 0.00%
Recall: 0.00%
F1-score: 0.00%
AUROC: 0.00%
AUPRC: 0.00%
2024-07-19 10:34:36,515 INFO Graphical output saved on path : data/2024-07-18_20.59.01/plot_predictions/0.1s/sensor_id4_GyroZ.pdf
2024-07-19 10:34:36,650 INFO Processing Stream # 48: sensor_id3_GyroZ , sample-rate : 0.1s, date : 20220811 
2024-07-19 10:35:00,223 INFO Epoch 0, Loss: 2992501.75
2024-07-19 10:35:40,645 INFO Epoch 2, Loss: 2178699.75
2024-07-19 10:36:20,490 INFO Epoch 4, Loss: 2820156.0
2024-07-19 10:37:00,597 INFO Epoch 6, Loss: 3165243.25
2024-07-19 10:37:40,442 INFO Epoch 8, Loss: 3105133.0
2024-07-19 10:38:20,337 INFO Epoch 10, Loss: 2651205.0
2024-07-19 10:39:00,278 INFO Epoch 12, Loss: 3067205.0
2024-07-19 10:39:40,479 INFO Epoch 14, Loss: 2927998.25
2024-07-19 10:40:00,390 INFO Early stopping triggered at epoch 15
2024-07-19 10:40:03,462 INFO normalized prediction error: 0.35
2024-07-19 10:40:04,598 INFO Metrics for the channel sensor_id3_GyroZ found n 0 anomalies predicted
Precision: 0.00%
Recall: 0.00%
F1-score: 0.00%
AUROC: 0.00%
AUPRC: 0.00%
2024-07-19 10:40:16,725 INFO Graphical output saved on path : data/2024-07-18_20.59.01/plot_predictions/0.1s/sensor_id3_GyroZ.pdf
2024-07-19 10:40:16,833 INFO Processing Stream # 49: sensor_id5_GyroZ , sample-rate : 0.1s, date : 20220811 
2024-07-19 10:40:40,150 INFO Epoch 0, Loss: 3099763.5
2024-07-19 10:41:20,624 INFO Epoch 2, Loss: 2782285.0
2024-07-19 10:42:00,501 INFO Epoch 4, Loss: 2036329.75
2024-07-19 10:42:40,700 INFO Epoch 6, Loss: 2974779.5
2024-07-19 10:43:19,775 INFO Epoch 8, Loss: nan
2024-07-19 10:43:57,656 INFO Epoch 10, Loss: nan
2024-07-19 10:44:35,611 INFO Epoch 12, Loss: nan
2024-07-19 10:45:13,468 INFO Early stopping triggered at epoch 14
2024-07-19 10:45:16,359 INFO normalized prediction error: nan
2024-07-19 10:45:16,930 INFO Metrics for the channel sensor_id5_GyroZ found n 0 anomalies predicted
Precision: 0.00%
Recall: 0.00%
F1-score: 0.00%
AUROC: 0.00%
AUPRC: 0.00%
2024-07-19 10:45:29,383 INFO Graphical output saved on path : data/2024-07-18_20.59.01/plot_predictions/0.1s/sensor_id5_GyroZ.pdf
2024-07-19 10:45:29,527 INFO Processing Stream # 50: machine_nameKuka Robot_power_factor , sample-rate : 0.1s, date : 20220811 
2024-07-19 10:45:51,759 INFO Epoch 0, Loss: 0.0011236643185839057
2024-07-19 10:46:30,849 INFO Epoch 2, Loss: 0.0009295081254094839
2024-07-19 10:47:09,817 INFO Epoch 4, Loss: 0.0010049298871308565
2024-07-19 10:47:48,903 INFO Epoch 6, Loss: 0.36691150069236755
2024-07-19 10:48:27,294 INFO Epoch 8, Loss: 0.0011000869562849402
2024-07-19 10:49:06,375 INFO Early stopping triggered at epoch 10
2024-07-19 10:49:09,212 INFO normalized prediction error: 0.17
2024-07-19 10:49:10,114 INFO Metrics for the channel machine_nameKuka Robot_power_factor found n 11 anomalies predicted
Precision: 25.00%
Recall: 100.00%
F1-score: 40.00%
AUROC: 96.37%
AUPRC: 16.07%
2024-07-19 10:49:22,709 INFO Graphical output saved on path : data/2024-07-18_20.59.01/plot_predictions/0.1s/machine_nameKuka Robot_power_factor.pdf
2024-07-19 10:49:22,837 INFO Processing Stream # 51: machine_nameKuka Robot_reactive_power , sample-rate : 0.1s, date : 20220811 
2024-07-19 10:49:45,225 INFO Epoch 0, Loss: 11735.234375
2024-07-19 10:50:24,440 INFO Epoch 2, Loss: 11142.111328125
2024-07-19 10:51:02,996 INFO Epoch 4, Loss: 11212.93359375
2024-07-19 10:51:41,896 INFO Epoch 6, Loss: 11810.3505859375
2024-07-19 10:52:20,512 INFO Epoch 8, Loss: 12121.892578125
2024-07-19 10:52:59,151 INFO Epoch 10, Loss: 11442.3994140625
2024-07-19 10:53:37,947 INFO Early stopping triggered at epoch 12
2024-07-19 10:53:40,800 INFO normalized prediction error: 2.57
2024-07-19 10:53:41,781 INFO Metrics for the channel machine_nameKuka Robot_reactive_power found n 0 anomalies predicted
Precision: 0.00%
Recall: 100.00%
F1-score: 0.00%
AUROC: 0.00%
AUPRC: 50.00%
2024-07-19 10:53:54,398 INFO Graphical output saved on path : data/2024-07-18_20.59.01/plot_predictions/0.1s/machine_nameKuka Robot_reactive_power.pdf
2024-07-19 10:53:54,528 INFO Processing Stream # 52: sensor_id5_Temperature , sample-rate : 0.1s, date : 20220811 
2024-07-19 10:54:17,497 INFO Epoch 0, Loss: 4.203670024871826
2024-07-19 10:54:58,958 INFO Epoch 2, Loss: 2.128049373626709
2024-07-19 10:55:39,492 INFO Epoch 4, Loss: 2.3019771575927734
2024-07-19 10:56:20,422 INFO Epoch 6, Loss: 1.8140398263931274
2024-07-19 10:57:01,218 INFO Epoch 8, Loss: 2.8053369522094727
2024-07-19 10:57:42,010 INFO Epoch 10, Loss: 3.8112034797668457
2024-07-19 10:58:22,944 INFO Epoch 12, Loss: 4.385303497314453
2024-07-19 10:59:03,792 INFO Epoch 14, Loss: 2.0856528282165527
2024-07-19 10:59:44,614 INFO Epoch 16, Loss: 3.461139440536499
2024-07-19 11:00:25,606 INFO Epoch 18, Loss: 2.3948445320129395
2024-07-19 11:00:45,932 INFO Epoch 19, Loss: 1.313081979751587
2024-07-19 11:00:48,877 INFO normalized prediction error: 0.36
2024-07-19 11:00:49,953 INFO Metrics for the channel sensor_id5_Temperature found n 1 anomalies predicted
Precision: 0.00%
Recall: 100.00%
F1-score: 0.00%
AUROC: 0.00%
AUPRC: 50.00%
2024-07-19 11:01:02,226 INFO Graphical output saved on path : data/2024-07-18_20.59.01/plot_predictions/0.1s/sensor_id5_Temperature.pdf
2024-07-19 11:01:02,348 INFO Processing Stream # 53: machine_nameKuka Robot_phase_angle , sample-rate : 0.1s, date : 20220811 
2024-07-19 11:01:26,196 INFO Epoch 0, Loss: 619.0606079101562
2024-07-19 11:02:07,203 INFO Epoch 2, Loss: 295.1680908203125
2024-07-19 11:02:47,368 INFO Epoch 4, Loss: 504.328857421875
2024-07-19 11:03:27,909 INFO Epoch 6, Loss: 291.55377197265625
2024-07-19 11:04:08,471 INFO Epoch 8, Loss: 314.2098083496094
2024-07-19 11:04:48,854 INFO Epoch 10, Loss: 175.04281616210938
2024-07-19 11:05:29,410 INFO Epoch 12, Loss: 426.0063171386719
2024-07-19 11:06:09,857 INFO Epoch 14, Loss: 464.19000244140625
2024-07-19 11:06:50,262 INFO Epoch 16, Loss: 193.36045837402344
2024-07-19 11:07:30,721 INFO Epoch 18, Loss: 215.4774627685547
2024-07-19 11:07:50,938 INFO Epoch 19, Loss: 255.90460205078125
2024-07-19 11:07:53,936 INFO normalized prediction error: 0.23
2024-07-19 11:07:54,598 INFO Metrics for the channel machine_nameKuka Robot_phase_angle found n 0 anomalies predicted
Precision: 0.00%
Recall: 0.00%
F1-score: 0.00%
AUROC: 0.00%
AUPRC: 0.00%
2024-07-19 11:08:07,081 INFO Graphical output saved on path : data/2024-07-18_20.59.01/plot_predictions/0.1s/machine_nameKuka Robot_phase_angle.pdf
2024-07-19 11:08:07,210 INFO Processing Stream # 54: machine_nameKuka Robot_export_reactive_energy , sample-rate : 0.1s, date : 20220811 
2024-07-19 11:08:30,212 INFO Epoch 0, Loss: 8301.5712890625
2024-07-19 11:09:10,405 INFO Epoch 2, Loss: 13055.6435546875
2024-07-19 11:09:50,023 INFO Epoch 4, Loss: 13507.70703125
2024-07-19 11:10:30,056 INFO Epoch 6, Loss: 7448.0546875
2024-07-19 11:11:09,770 INFO Epoch 8, Loss: 7101.9921875
2024-07-19 11:11:49,728 INFO Epoch 10, Loss: 5604.4462890625
2024-07-19 11:12:29,583 INFO Epoch 12, Loss: 12638.9287109375
2024-07-19 11:13:09,518 INFO Epoch 14, Loss: 13308.287109375
2024-07-19 11:13:49,463 INFO Epoch 16, Loss: 7650.9853515625
2024-07-19 11:14:29,364 INFO Epoch 18, Loss: 4969.0869140625
2024-07-19 11:14:49,298 INFO Epoch 19, Loss: 3614.228759765625
2024-07-19 11:14:52,396 INFO normalized prediction error: 10.15
2024-07-19 11:14:52,976 INFO Metrics for the channel machine_nameKuka Robot_export_reactive_energy found n 0 anomalies predicted
Precision: 0.00%
Recall: 0.00%
F1-score: 0.00%
AUROC: 0.00%
AUPRC: 0.00%
2024-07-19 11:15:05,493 INFO Graphical output saved on path : data/2024-07-18_20.59.01/plot_predictions/0.1s/machine_nameKuka Robot_export_reactive_energy.pdf
2024-07-19 11:15:05,623 INFO Processing Stream # 55: sensor_id1_Temperature , sample-rate : 0.1s, date : 20220811 
2024-07-19 11:15:28,788 INFO Epoch 0, Loss: 3.1345605850219727
2024-07-19 11:16:10,155 INFO Epoch 2, Loss: 2.7266862392425537
2024-07-19 11:16:50,813 INFO Epoch 4, Loss: 2.2708234786987305
2024-07-19 11:17:31,783 INFO Epoch 6, Loss: 2.1873879432678223
2024-07-19 11:18:12,676 INFO Epoch 8, Loss: 1.0355591773986816
2024-07-19 11:18:53,597 INFO Epoch 10, Loss: 1.7205630540847778
2024-07-19 11:19:34,396 INFO Epoch 12, Loss: 2.442671060562134
2024-07-19 11:20:15,400 INFO Epoch 14, Loss: 1.786155343055725
2024-07-19 11:20:56,135 INFO Epoch 16, Loss: 1.5149526596069336
2024-07-19 11:21:36,982 INFO Early stopping triggered at epoch 18
2024-07-19 11:21:39,874 INFO normalized prediction error: 0.37
2024-07-19 11:21:40,579 INFO Metrics for the channel sensor_id1_Temperature found n 2 anomalies predicted
Precision: 0.00%
Recall: 100.00%
F1-score: 0.00%
AUROC: 0.00%
AUPRC: 50.00%
2024-07-19 11:21:53,161 INFO Graphical output saved on path : data/2024-07-18_20.59.01/plot_predictions/0.1s/sensor_id1_Temperature.pdf
2024-07-19 11:21:53,293 INFO Processing Stream # 56: machine_nameKuka Robot_frequency , sample-rate : 0.1s, date : 20220811 
2024-07-19 11:22:16,503 INFO Epoch 0, Loss: 4.55185079574585
2024-07-19 11:22:57,866 INFO Epoch 2, Loss: 5.751585960388184
2024-07-19 11:23:38,534 INFO Epoch 4, Loss: 6.513688087463379
2024-07-19 11:24:19,505 INFO Epoch 6, Loss: 4.420835971832275
2024-07-19 11:25:00,442 INFO Epoch 8, Loss: 5.092225551605225
2024-07-19 11:25:41,367 INFO Epoch 10, Loss: 3.3945980072021484
2024-07-19 11:26:22,261 INFO Epoch 12, Loss: 6.619679927825928
2024-07-19 11:27:03,243 INFO Epoch 14, Loss: 4.981647968292236
2024-07-19 11:27:44,173 INFO Epoch 16, Loss: 4.687864780426025
2024-07-19 11:28:25,200 INFO Epoch 18, Loss: 4.041881561279297
2024-07-19 11:28:45,607 INFO Epoch 19, Loss: 5.565876483917236
2024-07-19 11:28:48,756 INFO normalized prediction error: 4.20
2024-07-19 11:28:49,476 INFO Metrics for the channel machine_nameKuka Robot_frequency found n 0 anomalies predicted
Precision: 0.00%
Recall: 0.00%
F1-score: 0.00%
AUROC: 0.00%
AUPRC: 0.00%
2024-07-19 11:29:01,682 INFO Graphical output saved on path : data/2024-07-18_20.59.01/plot_predictions/0.1s/machine_nameKuka Robot_frequency.pdf
2024-07-19 11:29:01,809 INFO Processing Stream # 57: machine_nameKuka Robot_import_active_energy , sample-rate : 0.1s, date : 20220811 
2024-07-19 11:29:24,573 INFO Epoch 0, Loss: 16021.8896484375
2024-07-19 11:30:04,972 INFO Epoch 2, Loss: 28435.03515625
2024-07-19 11:30:44,530 INFO Epoch 4, Loss: 18734.37890625
2024-07-19 11:31:24,589 INFO Epoch 6, Loss: 15571.9794921875
2024-07-19 11:32:04,357 INFO Epoch 8, Loss: 11696.599609375
2024-07-19 11:32:44,073 INFO Epoch 10, Loss: 9681.2587890625
2024-07-19 11:33:04,007 INFO Early stopping triggered at epoch 11
2024-07-19 11:33:07,012 INFO normalized prediction error: 14.61
2024-07-19 11:33:07,620 INFO Metrics for the channel machine_nameKuka Robot_import_active_energy found n 0 anomalies predicted
Precision: 0.00%
Recall: 0.00%
F1-score: 0.00%
AUROC: 0.00%
AUPRC: 0.00%
2024-07-19 11:33:21,512 INFO Graphical output saved on path : data/2024-07-18_20.59.01/plot_predictions/0.1s/machine_nameKuka Robot_import_active_energy.pdf
2024-07-19 11:33:21,660 INFO Processing Stream # 58: sensor_id2_Temperature , sample-rate : 0.1s, date : 20220811 
2024-07-19 11:33:44,947 INFO Epoch 0, Loss: 2.759235143661499
2024-07-19 11:34:26,457 INFO Epoch 2, Loss: 1.6719565391540527
2024-07-19 11:35:07,073 INFO Epoch 4, Loss: 2.2184715270996094
2024-07-19 11:35:48,061 INFO Epoch 6, Loss: 2.9087765216827393
2024-07-19 11:36:28,912 INFO Epoch 8, Loss: 3.254847526550293
2024-07-19 11:37:09,716 INFO Epoch 10, Loss: 2.9615402221679688
2024-07-19 11:37:50,717 INFO Epoch 12, Loss: 2.9247429370880127
2024-07-19 11:38:31,604 INFO Epoch 14, Loss: 2.5907580852508545
2024-07-19 11:38:51,989 INFO Early stopping triggered at epoch 15
2024-07-19 11:38:54,905 INFO normalized prediction error: 0.38
2024-07-19 11:38:56,125 INFO Metrics for the channel sensor_id2_Temperature found n 2 anomalies predicted
Precision: 0.00%
Recall: 100.00%
F1-score: 0.00%
AUROC: 0.00%
AUPRC: 50.00%
2024-07-19 11:39:08,526 INFO Graphical output saved on path : data/2024-07-18_20.59.01/plot_predictions/0.1s/sensor_id2_Temperature.pdf
2024-07-19 11:39:08,672 INFO Processing Stream # 59: sensor_id4_Temperature , sample-rate : 0.1s, date : 20220811 
2024-07-19 11:39:32,929 INFO Epoch 0, Loss: 2.5003347396850586
2024-07-19 11:40:14,317 INFO Epoch 2, Loss: 2.2833423614501953
2024-07-19 11:40:54,968 INFO Epoch 4, Loss: 2.4641764163970947
2024-07-19 11:41:35,815 INFO Epoch 6, Loss: 2.774470090866089
2024-07-19 11:42:16,529 INFO Epoch 8, Loss: 3.015299081802368
2024-07-19 11:42:57,529 INFO Epoch 10, Loss: 3.411127805709839
2024-07-19 11:43:38,306 INFO Epoch 12, Loss: 3.5051238536834717
2024-07-19 11:44:19,105 INFO Epoch 14, Loss: 3.017956256866455
2024-07-19 11:44:59,816 INFO Epoch 16, Loss: 1.3479220867156982
2024-07-19 11:45:40,478 INFO Epoch 18, Loss: 1.620733618736267
2024-07-19 11:46:00,909 INFO Epoch 19, Loss: 5.0283637046813965
2024-07-19 11:46:03,852 INFO normalized prediction error: 0.36
2024-07-19 11:46:04,567 INFO Metrics for the channel sensor_id4_Temperature found n 0 anomalies predicted
Precision: 0.00%
Recall: 0.00%
F1-score: 0.00%
AUROC: 0.00%
AUPRC: 0.00%
2024-07-19 11:46:17,315 INFO Graphical output saved on path : data/2024-07-18_20.59.01/plot_predictions/0.1s/sensor_id4_Temperature.pdf
2024-07-19 11:46:17,469 INFO Processing Stream # 60: sensor_id3_Temperature , sample-rate : 0.1s, date : 20220811 
2024-07-19 11:46:40,696 INFO Epoch 0, Loss: 2.290541410446167
2024-07-19 11:47:22,158 INFO Epoch 2, Loss: 2.461380958557129
2024-07-19 11:48:02,763 INFO Epoch 4, Loss: 1.65658438205719
2024-07-19 11:48:43,716 INFO Epoch 6, Loss: 1.8825947046279907
2024-07-19 11:49:24,573 INFO Epoch 8, Loss: 0.896763265132904
2024-07-19 11:50:05,422 INFO Epoch 10, Loss: 2.939019203186035
2024-07-19 11:50:46,331 INFO Epoch 12, Loss: 1.7997829914093018
2024-07-19 11:51:27,199 INFO Epoch 14, Loss: 2.459163188934326
2024-07-19 11:52:08,105 INFO Epoch 16, Loss: 2.0546069145202637
2024-07-19 11:52:49,214 INFO Early stopping triggered at epoch 18
2024-07-19 11:52:52,144 INFO normalized prediction error: 0.38
2024-07-19 11:52:53,301 INFO Metrics for the channel sensor_id3_Temperature found n 0 anomalies predicted
Precision: 0.00%
Recall: 0.00%
F1-score: 0.00%
AUROC: 0.00%
AUPRC: 0.00%
2024-07-19 11:53:05,686 INFO Graphical output saved on path : data/2024-07-18_20.59.01/plot_predictions/0.1s/sensor_id3_Temperature.pdf
2024-07-19 11:53:05,870 INFO Processing Stream # 61: machine_nameAbb Robot_voltage , sample-rate : 0.1s, date : 20220811 
2024-07-19 11:53:30,103 INFO Epoch 0, Loss: 206.77296447753906
2024-07-19 11:54:11,031 INFO Epoch 2, Loss: 195.088623046875
2024-07-19 11:54:51,355 INFO Epoch 4, Loss: 180.99815368652344
2024-07-19 11:55:31,976 INFO Epoch 6, Loss: 165.23524475097656
2024-07-19 11:56:12,606 INFO Epoch 8, Loss: 145.63037109375
2024-07-19 11:56:53,328 INFO Epoch 10, Loss: 92.65946197509766
2024-07-19 11:57:33,981 INFO Epoch 12, Loss: 120.34113311767578
2024-07-19 11:58:14,541 INFO Epoch 14, Loss: 128.788330078125
2024-07-19 11:58:55,462 INFO Epoch 16, Loss: 66.92398071289062
2024-07-19 11:59:35,980 INFO Epoch 18, Loss: 127.32512664794922
2024-07-19 11:59:56,266 INFO Epoch 19, Loss: 145.18858337402344
2024-07-19 11:59:59,595 INFO normalized prediction error: 0.31
2024-07-19 12:00:01,182 INFO Metrics for the channel machine_nameAbb Robot_voltage found n 6 anomalies predicted
Precision: 28.57%
Recall: 100.00%
F1-score: 44.44%
AUROC: 95.69%
AUPRC: 15.48%
2024-07-19 12:00:13,607 INFO Graphical output saved on path : data/2024-07-18_20.59.01/plot_predictions/0.1s/machine_nameAbb Robot_voltage.pdf
2024-07-19 12:00:13,746 INFO Processing Stream # 62: machine_nameAbb Robot_current , sample-rate : 0.1s, date : 20220811 
2024-07-19 12:00:36,451 INFO Epoch 0, Loss: 2.049586873908993e-05
2024-07-19 12:01:14,560 INFO Epoch 2, Loss: 2.685467006813269e-05
2024-07-19 12:01:52,042 INFO Epoch 4, Loss: 2.124095772160217e-05
2024-07-19 12:02:30,112 INFO Epoch 6, Loss: 7.819104939699173e-05
2024-07-19 12:03:07,750 INFO Epoch 8, Loss: 1.3248303503132774e-06
2024-07-19 12:03:45,693 INFO Early stopping triggered at epoch 10
2024-07-19 12:03:48,427 INFO normalized prediction error: 0.35
2024-07-19 12:03:49,109 INFO Metrics for the channel machine_nameAbb Robot_current found n 0 anomalies predicted
Precision: 0.00%
Recall: 0.00%
F1-score: 0.00%
AUROC: 0.00%
AUPRC: 0.00%
2024-07-19 12:04:01,769 INFO Graphical output saved on path : data/2024-07-18_20.59.01/plot_predictions/0.1s/machine_nameAbb Robot_current.pdf
2024-07-19 12:04:01,922 INFO Processing Stream # 63: machine_nameAbb Robot_power , sample-rate : 0.1s, date : 20220811 
2024-07-19 12:04:25,181 INFO Epoch 0, Loss: 14.15967845916748
2024-07-19 12:05:06,544 INFO Epoch 2, Loss: 10.518830299377441
2024-07-19 12:05:47,226 INFO Epoch 4, Loss: 21.12639045715332
2024-07-19 12:06:28,215 INFO Epoch 6, Loss: 12.53652572631836
2024-07-19 12:07:08,835 INFO Epoch 8, Loss: 14.410501480102539
2024-07-19 12:07:49,652 INFO Epoch 10, Loss: 13.966731071472168
2024-07-19 12:08:30,573 INFO Epoch 12, Loss: 9.537275314331055
2024-07-19 12:09:11,454 INFO Epoch 14, Loss: 15.812373161315918
2024-07-19 12:09:52,396 INFO Epoch 16, Loss: 5.110709190368652
2024-07-19 12:10:33,221 INFO Epoch 18, Loss: 8.959412574768066
2024-07-19 12:10:53,585 INFO Epoch 19, Loss: 13.6370849609375
2024-07-19 12:10:56,700 INFO normalized prediction error: 0.99
2024-07-19 12:10:57,637 INFO Metrics for the channel machine_nameAbb Robot_power found n 0 anomalies predicted
Precision: 0.00%
Recall: 0.00%
F1-score: 0.00%
AUROC: 0.00%
AUPRC: 0.00%
2024-07-19 12:11:10,428 INFO Graphical output saved on path : data/2024-07-18_20.59.01/plot_predictions/0.1s/machine_nameAbb Robot_power.pdf
2024-07-19 12:11:10,597 INFO Processing Stream # 64: machine_nameAbb Robot_apparent_power , sample-rate : 0.1s, date : 20220811 
2024-07-19 12:11:33,776 INFO Epoch 0, Loss: 162.574951171875
2024-07-19 12:12:15,138 INFO Epoch 2, Loss: 15.814661979675293
2024-07-19 12:12:55,864 INFO Epoch 4, Loss: 12.177664756774902
2024-07-19 12:13:36,744 INFO Epoch 6, Loss: 11.513031005859375
2024-07-19 12:14:17,421 INFO Epoch 8, Loss: 9.827942848205566
2024-07-19 12:14:58,187 INFO Epoch 10, Loss: 9.113336563110352
2024-07-19 12:15:38,862 INFO Epoch 12, Loss: 12.82674789428711
2024-07-19 12:16:19,687 INFO Epoch 14, Loss: 14.568354606628418
2024-07-19 12:17:00,360 INFO Epoch 16, Loss: 12.409786224365234
2024-07-19 12:17:41,100 INFO Epoch 18, Loss: 20.543964385986328
2024-07-19 12:18:01,587 INFO Epoch 19, Loss: 15.901533126831055
2024-07-19 12:18:04,486 INFO normalized prediction error: 0.76
2024-07-19 12:18:05,352 INFO Metrics for the channel machine_nameAbb Robot_apparent_power found n 0 anomalies predicted
Precision: 0.00%
Recall: 100.00%
F1-score: 0.00%
AUROC: 0.00%
AUPRC: 50.00%
2024-07-19 12:18:17,818 INFO Graphical output saved on path : data/2024-07-18_20.59.01/plot_predictions/0.1s/machine_nameAbb Robot_apparent_power.pdf
2024-07-19 12:18:17,984 INFO Processing Stream # 65: machine_nameAbb Robot_reactive_power , sample-rate : 0.1s, date : 20220811 
2024-07-19 12:18:39,985 INFO Epoch 0, Loss: 1294.541015625
2024-07-19 12:19:18,852 INFO Epoch 2, Loss: 1305.9681396484375
2024-07-19 12:19:57,050 INFO Epoch 4, Loss: 1295.0703125
2024-07-19 12:20:35,697 INFO Epoch 6, Loss: 1294.60400390625
2024-07-19 12:21:14,315 INFO Epoch 8, Loss: 1301.281494140625
2024-07-19 12:21:52,861 INFO Epoch 10, Loss: 1293.2906494140625
2024-07-19 12:22:31,489 INFO Epoch 12, Loss: 1296.799560546875
2024-07-19 12:23:10,055 INFO Epoch 14, Loss: 1290.6800537109375
2024-07-19 12:23:49,014 INFO Epoch 16, Loss: 1286.3760986328125
2024-07-19 12:24:27,889 INFO Epoch 18, Loss: 1297.8079833984375
2024-07-19 12:24:47,277 INFO Early stopping triggered at epoch 19
2024-07-19 12:24:50,138 INFO normalized prediction error: 28.78
2024-07-19 12:24:50,854 INFO Metrics for the channel machine_nameAbb Robot_reactive_power found n 0 anomalies predicted
Precision: 0.00%
Recall: 0.00%
F1-score: 0.00%
AUROC: 0.00%
AUPRC: 0.00%
2024-07-19 12:25:03,579 INFO Graphical output saved on path : data/2024-07-18_20.59.01/plot_predictions/0.1s/machine_nameAbb Robot_reactive_power.pdf
2024-07-19 12:25:03,749 INFO Processing Stream # 66: machine_nameAbb Robot_power_factor , sample-rate : 0.1s, date : 20220811 
2024-07-19 12:25:26,083 INFO Epoch 0, Loss: 9.16369681362994e-05
2024-07-19 12:26:04,838 INFO Epoch 2, Loss: 7.545391417806968e-05
2024-07-19 12:26:42,725 INFO Epoch 4, Loss: 8.96943747648038e-05
2024-07-19 12:27:22,026 INFO Epoch 6, Loss: 0.8362994194030762
2024-07-19 12:28:00,592 INFO Epoch 8, Loss: 0.8367993235588074
2024-07-19 12:28:39,350 INFO Early stopping triggered at epoch 10
2024-07-19 12:28:42,180 INFO normalized prediction error: 164.18
2024-07-19 12:28:42,966 INFO Metrics for the channel machine_nameAbb Robot_power_factor found n 0 anomalies predicted
Precision: 0.00%
Recall: 0.00%
F1-score: 0.00%
AUROC: 0.00%
AUPRC: 0.00%
2024-07-19 12:28:55,350 INFO Graphical output saved on path : data/2024-07-18_20.59.01/plot_predictions/0.1s/machine_nameAbb Robot_power_factor.pdf
2024-07-19 12:28:55,512 INFO Processing Stream # 67: machine_nameAbb Robot_frequency , sample-rate : 0.1s, date : 20220811 
2024-07-19 12:29:18,691 INFO Epoch 0, Loss: 4.677003860473633
2024-07-19 12:30:00,035 INFO Epoch 2, Loss: 4.813248634338379
2024-07-19 12:30:40,616 INFO Epoch 4, Loss: 4.255825519561768
2024-07-19 12:31:21,553 INFO Epoch 6, Loss: 3.978799343109131
2024-07-19 12:32:02,351 INFO Epoch 8, Loss: 4.156790256500244
2024-07-19 12:32:43,195 INFO Epoch 10, Loss: 4.064455986022949
2024-07-19 12:33:24,023 INFO Epoch 12, Loss: 4.187869071960449
2024-07-19 12:34:04,940 INFO Epoch 14, Loss: 4.839582443237305
2024-07-19 12:34:45,781 INFO Epoch 16, Loss: 6.071651935577393
2024-07-19 12:35:26,736 INFO Epoch 18, Loss: 8.171246528625488
2024-07-19 12:35:47,102 INFO Early stopping triggered at epoch 19
2024-07-19 12:35:50,287 INFO normalized prediction error: 6.45
2024-07-19 12:35:50,988 INFO Metrics for the channel machine_nameAbb Robot_frequency found n 0 anomalies predicted
Precision: 0.00%
Recall: 0.00%
F1-score: 0.00%
AUROC: 0.00%
AUPRC: 0.00%
2024-07-19 12:36:02,993 INFO Graphical output saved on path : data/2024-07-18_20.59.01/plot_predictions/0.1s/machine_nameAbb Robot_frequency.pdf
2024-07-19 12:36:03,131 INFO Processing Stream # 68: machine_nameAbb Robot_phase_angle , sample-rate : 0.1s, date : 20220811 
2024-07-19 12:36:26,097 INFO Epoch 0, Loss: 626.2266845703125
2024-07-19 12:37:06,937 INFO Epoch 2, Loss: 509.3781433105469
2024-07-19 12:37:46,954 INFO Epoch 4, Loss: 352.4989013671875
2024-07-19 12:38:27,376 INFO Epoch 6, Loss: 285.66619873046875
2024-07-19 12:39:07,632 INFO Epoch 8, Loss: 289.25006103515625
2024-07-19 12:39:47,980 INFO Epoch 10, Loss: 291.25103759765625
2024-07-19 12:40:28,424 INFO Epoch 12, Loss: 191.6903076171875
2024-07-19 12:41:08,780 INFO Epoch 14, Loss: 161.11993408203125
2024-07-19 12:41:49,329 INFO Epoch 16, Loss: 268.5508117675781
2024-07-19 12:42:29,758 INFO Epoch 18, Loss: 317.91119384765625
2024-07-19 12:42:49,972 INFO Epoch 19, Loss: 297.1101379394531
2024-07-19 12:42:52,869 INFO normalized prediction error: 2.97
2024-07-19 12:42:53,645 INFO Metrics for the channel machine_nameAbb Robot_phase_angle found n 0 anomalies predicted
Precision: 0.00%
Recall: 0.00%
F1-score: 0.00%
AUROC: 0.00%
AUPRC: 0.00%
2024-07-19 12:43:06,201 INFO Graphical output saved on path : data/2024-07-18_20.59.01/plot_predictions/0.1s/machine_nameAbb Robot_phase_angle.pdf
2024-07-19 12:43:06,373 INFO Processing Stream # 69: machine_nameAbb Robot_import_active_energy , sample-rate : 0.1s, date : 20220811 
2024-07-19 12:43:28,968 INFO Epoch 0, Loss: 4184.20166015625
2024-07-19 12:44:09,242 INFO Epoch 2, Loss: 6210.19921875
2024-07-19 12:44:49,117 INFO Epoch 4, Loss: 4368.97998046875
2024-07-19 12:45:29,239 INFO Epoch 6, Loss: 2904.53466796875
2024-07-19 12:46:09,238 INFO Epoch 8, Loss: 6857.09228515625
2024-07-19 12:46:49,289 INFO Epoch 10, Loss: 3658.686279296875
2024-07-19 12:47:29,239 INFO Epoch 12, Loss: 3658.264892578125
2024-07-19 12:48:09,497 INFO Epoch 14, Loss: 4146.51416015625
2024-07-19 12:48:49,479 INFO Epoch 16, Loss: 1835.2423095703125
2024-07-19 12:49:29,395 INFO Epoch 18, Loss: 3323.142333984375
2024-07-19 12:49:49,541 INFO Epoch 19, Loss: 2807.087646484375
2024-07-19 12:49:52,438 INFO normalized prediction error: 1.13
2024-07-19 12:49:53,043 INFO Metrics for the channel machine_nameAbb Robot_import_active_energy found n 1 anomalies predicted
Precision: 0.00%
Recall: 100.00%
F1-score: 0.00%
AUROC: 0.00%
AUPRC: 50.00%
2024-07-19 12:50:05,712 INFO Graphical output saved on path : data/2024-07-18_20.59.01/plot_predictions/0.1s/machine_nameAbb Robot_import_active_energy.pdf
2024-07-19 12:50:05,862 INFO Processing Stream # 70: machine_nameAbb Robot_export_reactive_energy , sample-rate : 0.1s, date : 20220811 
2024-07-19 12:50:28,635 INFO Epoch 0, Loss: 1418.207763671875
2024-07-19 12:51:09,360 INFO Epoch 2, Loss: 1829.828125
2024-07-19 12:51:49,140 INFO Epoch 4, Loss: 674.7720336914062
2024-07-19 12:52:29,435 INFO Epoch 6, Loss: 901.4978637695312
2024-07-19 12:53:09,693 INFO Epoch 8, Loss: 343.2179260253906
2024-07-19 12:53:49,859 INFO Epoch 10, Loss: 256.01318359375
2024-07-19 12:54:30,090 INFO Epoch 12, Loss: 549.2811889648438
2024-07-19 12:55:10,359 INFO Epoch 14, Loss: 781.7232666015625
2024-07-19 12:55:50,668 INFO Epoch 16, Loss: 374.4148254394531
2024-07-19 12:56:31,119 INFO Epoch 18, Loss: 378.31781005859375
2024-07-19 12:56:51,314 INFO Epoch 19, Loss: 346.84521484375
2024-07-19 12:56:54,211 INFO normalized prediction error: 11.76
2024-07-19 12:56:54,823 INFO Metrics for the channel machine_nameAbb Robot_export_reactive_energy found n 0 anomalies predicted
Precision: 0.00%
Recall: 0.00%
F1-score: 0.00%
AUROC: 0.00%
AUPRC: 0.00%
2024-07-19 12:57:07,656 INFO Graphical output saved on path : data/2024-07-18_20.59.01/plot_predictions/0.1s/machine_nameAbb Robot_export_reactive_energy.pdf
2024-07-19 12:57:08,031 INFO Applying pruning with dynamic threshold computed : 0.7150304638050428
2024-07-19 12:57:08,032 INFO Final Prediction for sample_rate 0.1s final list anomalies found : [{'start_idx': 980, 'end_idx': 1034, 'score': 2.0801843495274013}, {'start_idx': 1521, 'end_idx': 1579, 'score': 4.833128423426403}, {'start_idx': 1580, 'end_idx': 1600, 'score': 2.324604421783609}, {'start_idx': 1584, 'end_idx': 1643, 'score': 4.373065163683288}, {'start_idx': 1660, 'end_idx': 1707, 'score': 2.7045412229880585}, {'start_idx': 1708, 'end_idx': 1739, 'score': 2.353747080876854}, {'start_idx': 1781, 'end_idx': 1835, 'score': 4.203427186837107}, {'start_idx': 1784, 'end_idx': 1835, 'score': 4.839589857975024}, {'start_idx': 1836, 'end_idx': 1847, 'score': 2.185518453531156}, {'start_idx': 1836, 'end_idx': 1867, 'score': 3.1084577439398773}, {'start_idx': 2284, 'end_idx': 2347, 'score': 1.3733913926747996}, {'start_idx': 2298, 'end_idx': 2347, 'score': 2.3069874662049292}, {'start_idx': 2326, 'end_idx': 2347, 'score': 2.3339974984685288}, {'start_idx': 2348, 'end_idx': 2393, 'score': 2.2778339130535707}, {'start_idx': 2348, 'end_idx': 2375, 'score': 1.5857240868836824}, {'start_idx': 2417, 'end_idx': 2475, 'score': 2.288023401951343}, {'start_idx': 2417, 'end_idx': 2459, 'score': 1.0293024263350594}, {'start_idx': 2481, 'end_idx': 2539, 'score': 3.680880437137084}, {'start_idx': 2540, 'end_idx': 2540, 'score': 1.9949833123235117}, {'start_idx': 2643, 'end_idx': 2667, 'score': 1.8360555300467172}, {'start_idx': 2803, 'end_idx': 2859, 'score': 2.0735667663896393}, {'start_idx': 2860, 'end_idx': 2923, 'score': 2.281379140611807}, {'start_idx': 3244, 'end_idx': 3297, 'score': 3.827492357312583}, {'start_idx': 3500, 'end_idx': 3500, 'score': 1.2001253583005853}, {'start_idx': 3827, 'end_idx': 3883, 'score': 2.9990474573098314}, {'start_idx': 3884, 'end_idx': 3927, 'score': 2.867557982411428}, {'start_idx': 3904, 'end_idx': 3947, 'score': 4.104843352107327}, {'start_idx': 3959, 'end_idx': 4011, 'score': 2.7348245703656695}, {'start_idx': 4012, 'end_idx': 4030, 'score': 2.389258652759802}, {'start_idx': 4557, 'end_idx': 4587, 'score': 3.215885966878479}, {'start_idx': 4588, 'end_idx': 4637, 'score': 2.3839559712688017}, {'start_idx': 4588, 'end_idx': 4588, 'score': 1.3063810135415732}, {'start_idx': 5136, 'end_idx': 5163, 'score': 5.938380081212587}, {'start_idx': 5164, 'end_idx': 5212, 'score': 4.179112146982054}, {'start_idx': 5548, 'end_idx': 5548, 'score': 2.044038107908054}, {'start_idx': 5782, 'end_idx': 5803, 'score': 1.9173106056320033}, {'start_idx': 5996, 'end_idx': 6052, 'score': 4.336997438602689}, {'start_idx': 6070, 'end_idx': 6123, 'score': 3.631019081369616}, {'start_idx': 6124, 'end_idx': 6144, 'score': 1.7127679781555771}, {'start_idx': 6404, 'end_idx': 6443, 'score': 2.3286080072457227}, {'start_idx': 6444, 'end_idx': 6490, 'score': 2.5081795034835928}, {'start_idx': 6599, 'end_idx': 6635, 'score': 3.6258803210548933}, {'start_idx': 6636, 'end_idx': 6671, 'score': 2.3450249730639348}, {'start_idx': 6702, 'end_idx': 6763, 'score': 1.2722693244846297}, {'start_idx': 6715, 'end_idx': 6763, 'score': 2.399253801570612}, {'start_idx': 6720, 'end_idx': 6763, 'score': 2.4571512589328806}, {'start_idx': 6764, 'end_idx': 6817, 'score': 2.109980757088095}, {'start_idx': 6764, 'end_idx': 6803, 'score': 2.361638623574078}, {'start_idx': 6764, 'end_idx': 6815, 'score': 2.354788464906461}, {'start_idx': 6776, 'end_idx': 6827, 'score': 4.336820567304645}, {'start_idx': 6836, 'end_idx': 6891, 'score': 0.9999055329943508}, {'start_idx': 6848, 'end_idx': 6891, 'score': 2.340409826958185}, {'start_idx': 6892, 'end_idx': 6955, 'score': 4.886884894268296}, {'start_idx': 6892, 'end_idx': 6926, 'score': 2.208252921957608}, {'start_idx': 6900, 'end_idx': 6954, 'score': 2.319150251385757}, {'start_idx': 6993, 'end_idx': 7019, 'score': 6.196149550837524}, {'start_idx': 7020, 'end_idx': 7063, 'score': 4.687957680732812}, {'start_idx': 7063, 'end_idx': 7083, 'score': 1.9415081439802537}, {'start_idx': 7084, 'end_idx': 7147, 'score': 1.2809314277050188}, {'start_idx': 7094, 'end_idx': 7147, 'score': 1.4116978526895418}, {'start_idx': 7148, 'end_idx': 7182, 'score': 1.296146439123682}, {'start_idx': 7148, 'end_idx': 7180, 'score': 1.251068094719673}, {'start_idx': 7344, 'end_idx': 7403, 'score': 1.9690135857195898}, {'start_idx': 7372, 'end_idx': 7403, 'score': 3.110237802688408}, {'start_idx': 7753, 'end_idx': 7787, 'score': 2.8988993614313094}, {'start_idx': 7788, 'end_idx': 7851, 'score': 2.8364771197223027}, {'start_idx': 8236, 'end_idx': 8236, 'score': 1.1955259425626505}, {'start_idx': 8335, 'end_idx': 8363, 'score': 5.389853866823207}, {'start_idx': 8364, 'end_idx': 8408, 'score': 3.9351119488296735}, {'start_idx': 8556, 'end_idx': 8617, 'score': 3.6150354010712595}, {'start_idx': 8638, 'end_idx': 8683, 'score': 3.3562262913317666}, {'start_idx': 8684, 'end_idx': 8699, 'score': 1.9717432996646584}, {'start_idx': 8713, 'end_idx': 8747, 'score': 3.268896567190926}, {'start_idx': 8748, 'end_idx': 8776, 'score': 2.431143971252145}, {'start_idx': 8940, 'end_idx': 8940, 'score': 1.1884602616092563}, {'start_idx': 9018, 'end_idx': 9067, 'score': 2.6485236966623833}, {'start_idx': 9031, 'end_idx': 9067, 'score': 3.009836785702796}, {'start_idx': 9068, 'end_idx': 9087, 'score': 2.2193812395755645}, {'start_idx': 9132, 'end_idx': 9173, 'score': 2.5817632596519764}, {'start_idx': 9196, 'end_idx': 9253, 'score': 2.5082309350915057}, {'start_idx': 9278, 'end_idx': 9323, 'score': 1.136001618234763}, {'start_idx': 9293, 'end_idx': 9323, 'score': 2.2909489074557103}, {'start_idx': 9324, 'end_idx': 9376, 'score': 2.584862759284259}, {'start_idx': 9324, 'end_idx': 9348, 'score': 0.9641632728986279}, {'start_idx': 9399, 'end_idx': 9451, 'score': 2.114412276297868}, {'start_idx': 9486, 'end_idx': 9515, 'score': 1.9945191686000419}, {'start_idx': 9682, 'end_idx': 9707, 'score': 1.173928550101247}, {'start_idx': 9708, 'end_idx': 9746, 'score': 1.26445308027966}, {'start_idx': 9964, 'end_idx': 10011, 'score': 3.792940971987064}, {'start_idx': 9964, 'end_idx': 10027, 'score': 2.9549762480289723}, {'start_idx': 10028, 'end_idx': 10087, 'score': 2.1578671656325783}, {'start_idx': 10028, 'end_idx': 10091, 'score': 2.795166914341865}, {'start_idx': 10412, 'end_idx': 10412, 'score': 0.9039989831062242}, {'start_idx': 10821, 'end_idx': 10859, 'score': 2.0021612180667665}, {'start_idx': 10860, 'end_idx': 10923, 'score': 1.8526786448516592}, {'start_idx': 10860, 'end_idx': 10899, 'score': 2.0718200646732603}, {'start_idx': 11276, 'end_idx': 11307, 'score': 5.4714612597190415}, {'start_idx': 11308, 'end_idx': 11349, 'score': 3.619585906493474}, {'start_idx': 11443, 'end_idx': 11499, 'score': 4.684046559488615}, {'start_idx': 11500, 'end_idx': 11535, 'score': 3.0819213754422634}, {'start_idx': 11640, 'end_idx': 11691, 'score': 3.1700784395375723}, {'start_idx': 11692, 'end_idx': 11755, 'score': 3.50740995137533}, {'start_idx': 11697, 'end_idx': 11755, 'score': 2.029930213264721}, {'start_idx': 11708, 'end_idx': 11755, 'score': 1.891860619245705}, {'start_idx': 11756, 'end_idx': 11819, 'score': 3.4242102824257215}, {'start_idx': 11756, 'end_idx': 11788, 'score': 1.6175651086559613}, {'start_idx': 11820, 'end_idx': 11883, 'score': 3.4129212044825357}, {'start_idx': 11826, 'end_idx': 11883, 'score': 2.322474061151963}, {'start_idx': 11884, 'end_idx': 11947, 'score': 2.3205925284606286}, {'start_idx': 11948, 'end_idx': 12011, 'score': 2.173328227431641}, {'start_idx': 12012, 'end_idx': 12075, 'score': 2.0860605698181}, {'start_idx': 12076, 'end_idx': 12129, 'score': 2.9818364240435375}, {'start_idx': 12469, 'end_idx': 12523, 'score': 0.9928156403724354}, {'start_idx': 12474, 'end_idx': 12523, 'score': 3.0172700470526053}, {'start_idx': 12588, 'end_idx': 12644, 'score': 5.136755356811469}, {'start_idx': 12652, 'end_idx': 12702, 'score': 1.0451026189953523}, {'start_idx': 12718, 'end_idx': 12779, 'score': 4.778505687071976}, {'start_idx': 12780, 'end_idx': 12797, 'score': 2.1191475165189275}, {'start_idx': 13267, 'end_idx': 13291, 'score': 2.1762616624892126}, {'start_idx': 13292, 'end_idx': 13347, 'score': 3.1869851105932323}, {'start_idx': 13356, 'end_idx': 13400, 'score': 1.6894769743201716}, {'start_idx': 13484, 'end_idx': 13542, 'score': 2.879496634788937}, {'start_idx': 13566, 'end_idx': 13611, 'score': 4.149424555514639}, {'start_idx': 13612, 'end_idx': 13655, 'score': 2.4112301183193834}, {'start_idx': 13612, 'end_idx': 13650, 'score': 3.4303750219531}, {'start_idx': 13676, 'end_idx': 13722, 'score': 1.0453976607237017}, {'start_idx': 13696, 'end_idx': 13739, 'score': 2.186951480197117}, {'start_idx': 13804, 'end_idx': 13827, 'score': 2.4370446554306158}, {'start_idx': 13874, 'end_idx': 13931, 'score': 0.9793448274859402}, {'start_idx': 13932, 'end_idx': 13995, 'score': 1.245567719331712}, {'start_idx': 13996, 'end_idx': 14059, 'score': 1.386570343427208}, {'start_idx': 13996, 'end_idx': 14055, 'score': 5.04547906494733}, {'start_idx': 14065, 'end_idx': 14123, 'score': 5.103009748763189}, {'start_idx': 14124, 'end_idx': 14187, 'score': 2.605128592428303}, {'start_idx': 14197, 'end_idx': 14251, 'score': 4.771708419631508}, {'start_idx': 14209, 'end_idx': 14251, 'score': 2.4316139149935445}, {'start_idx': 14252, 'end_idx': 14275, 'score': 2.4084366690026657}, {'start_idx': 14252, 'end_idx': 14292, 'score': 3.4016286131977624}, {'start_idx': 14252, 'end_idx': 14252, 'score': 1.7531224554348224}, {'start_idx': 14268, 'end_idx': 14315, 'score': 2.5791825618257507}, {'start_idx': 14355, 'end_idx': 14379, 'score': 3.127414810866443}, {'start_idx': 14389, 'end_idx': 14443, 'score': 0.8528042579789958}, {'start_idx': 14444, 'end_idx': 14507, 'score': 1.2609152930995307}, {'start_idx': 14473, 'end_idx': 14507, 'score': 2.2142025584070173}, {'start_idx': 14508, 'end_idx': 14560, 'score': 3.841236740540394}, {'start_idx': 14508, 'end_idx': 14571, 'score': 1.3708207767349523}, {'start_idx': 14595, 'end_idx': 14635, 'score': 3.28145864842518}, {'start_idx': 14837, 'end_idx': 14891, 'score': 4.344319639438347}, {'start_idx': 14839, 'end_idx': 14886, 'score': 2.1653546748655224}, {'start_idx': 15085, 'end_idx': 15147, 'score': 2.998121253795884}, {'start_idx': 15191, 'end_idx': 15211, 'score': 3.2751319605107314}, {'start_idx': 15212, 'end_idx': 15244, 'score': 3.4039185063783575}, {'start_idx': 15215, 'end_idx': 15275, 'score': 2.705520993844324}, {'start_idx': 15369, 'end_idx': 15403, 'score': 3.93576428437415}, {'start_idx': 15376, 'end_idx': 15403, 'score': 2.301427765409268}, {'start_idx': 15404, 'end_idx': 15429, 'score': 2.850729640522132}, {'start_idx': 15404, 'end_idx': 15467, 'score': 2.71335686621013}, {'start_idx': 15468, 'end_idx': 15468, 'score': 1.3853564360044592}, {'start_idx': 15565, 'end_idx': 15595, 'score': 3.1207522220546546}, {'start_idx': 15596, 'end_idx': 15657, 'score': 2.448727840844049}, {'start_idx': 15681, 'end_idx': 15723, 'score': 2.2321894733773737}, {'start_idx': 15807, 'end_idx': 15851, 'score': 2.76957376531087}, {'start_idx': 15822, 'end_idx': 15851, 'score': 2.702894549672854}, {'start_idx': 15852, 'end_idx': 15888, 'score': 2.5118863734341415}, {'start_idx': 15930, 'end_idx': 15979, 'score': 2.461793144180115}, {'start_idx': 15954, 'end_idx': 15979, 'score': 2.7187615391971462}, {'start_idx': 15980, 'end_idx': 16043, 'score': 2.5124836500033414}, {'start_idx': 16003, 'end_idx': 16043, 'score': 2.749452074917133}, {'start_idx': 16044, 'end_idx': 16075, 'score': 1.6104997322709553}, {'start_idx': 16044, 'end_idx': 16067, 'score': 1.7167561359820551}, {'start_idx': 16044, 'end_idx': 16072, 'score': 2.064203405710149}, {'start_idx': 16044, 'end_idx': 16063, 'score': 1.9502002129959863}, {'start_idx': 16236, 'end_idx': 16299, 'score': 6.356493412269059}, {'start_idx': 16236, 'end_idx': 16284, 'score': 2.2148008936642456}, {'start_idx': 16300, 'end_idx': 16308, 'score': 2.5893604538240504}, {'start_idx': 16503, 'end_idx': 16555, 'score': 1.9345939997415382}, {'start_idx': 16556, 'end_idx': 16619, 'score': 2.0324299921407194}, {'start_idx': 16620, 'end_idx': 16675, 'score': 2.8710985578838595}, {'start_idx': 16620, 'end_idx': 16683, 'score': 2.3023331749754776}, {'start_idx': 16777, 'end_idx': 16811, 'score': 2.2183641652339348}, {'start_idx': 16844, 'end_idx': 16875, 'score': 2.624879220932304}, {'start_idx': 16876, 'end_idx': 16933, 'score': 2.9837953312306618}, {'start_idx': 16886, 'end_idx': 16939, 'score': 2.20023207885664}, {'start_idx': 17004, 'end_idx': 17067, 'score': 3.031845062849912}, {'start_idx': 17348, 'end_idx': 17387, 'score': 2.1348353442745736}, {'start_idx': 17350, 'end_idx': 17387, 'score': 7.638204884055261}, {'start_idx': 17351, 'end_idx': 17387, 'score': 2.5188435800036504}, {'start_idx': 17388, 'end_idx': 17451, 'score': 5.58382598844415}, {'start_idx': 17452, 'end_idx': 17515, 'score': 4.3295191431532505}, {'start_idx': 17516, 'end_idx': 17579, 'score': 3.659111609025999}, {'start_idx': 18173, 'end_idx': 18219, 'score': 1.8637859270090058}, {'start_idx': 18220, 'end_idx': 18239, 'score': 1.2567056512768975}, {'start_idx': 18288, 'end_idx': 18347, 'score': 1.8039551874210242}, {'start_idx': 18348, 'end_idx': 18411, 'score': 2.051585642565556}, {'start_idx': 18412, 'end_idx': 18436, 'score': 1.7184819618321672}, {'start_idx': 18423, 'end_idx': 18475, 'score': 4.922907387740536}, {'start_idx': 18449, 'end_idx': 18475, 'score': 3.008662582919464}, {'start_idx': 18496, 'end_idx': 18539, 'score': 2.241841787810053}, {'start_idx': 18540, 'end_idx': 18578, 'score': 2.216295696785022}, {'start_idx': 18647, 'end_idx': 18667, 'score': 1.6034711730837081}, {'start_idx': 18668, 'end_idx': 18689, 'score': 1.5780030849515843}, {'start_idx': 18688, 'end_idx': 18731, 'score': 2.7125249691316324}, {'start_idx': 18732, 'end_idx': 18762, 'score': 1.711626938319137}, {'start_idx': 18796, 'end_idx': 18859, 'score': 2.837159722841916}, {'start_idx': 18860, 'end_idx': 18882, 'score': 2.027975511951277}, {'start_idx': 18874, 'end_idx': 18923, 'score': 0.8026899361341842}, {'start_idx': 18881, 'end_idx': 18923, 'score': 2.5796187526328453}, {'start_idx': 18888, 'end_idx': 18923, 'score': 1.882980281922473}, {'start_idx': 18924, 'end_idx': 18987, 'score': 1.173658396585298}, {'start_idx': 18924, 'end_idx': 18944, 'score': 1.6134791999191254}, {'start_idx': 18988, 'end_idx': 19051, 'score': 1.3436692663995216}, {'start_idx': 18998, 'end_idx': 19051, 'score': 2.4302072272554396}, {'start_idx': 19052, 'end_idx': 19115, 'score': 1.4571895757431843}, {'start_idx': 19116, 'end_idx': 19179, 'score': 2.903024822628487}, {'start_idx': 19207, 'end_idx': 19243, 'score': 1.7708908474209648}, {'start_idx': 19244, 'end_idx': 19299, 'score': 1.8948544589498755}, {'start_idx': 19253, 'end_idx': 19307, 'score': 2.8882769783153064}, {'start_idx': 19259, 'end_idx': 19307, 'score': 2.5575855315222524}, {'start_idx': 19377, 'end_idx': 19435, 'score': 3.038779943270458}, {'start_idx': 19386, 'end_idx': 19435, 'score': 1.898646821389127}, {'start_idx': 19386, 'end_idx': 19427, 'score': 1.9587607278574388}, {'start_idx': 19518, 'end_idx': 19560, 'score': 1.9309888965760993}, {'start_idx': 19529, 'end_idx': 19563, 'score': 2.5378799011638216}, {'start_idx': 19581, 'end_idx': 19627, 'score': 4.643949632986889}, {'start_idx': 19628, 'end_idx': 19661, 'score': 2.7036152863371288}, {'start_idx': 19897, 'end_idx': 19945, 'score': 2.5203690570250186}, {'start_idx': 19956, 'end_idx': 20011, 'score': 4.185712836451409}, {'start_idx': 20012, 'end_idx': 20075, 'score': 3.6239136811770507}, {'start_idx': 20047, 'end_idx': 20075, 'score': 2.545980838121638}, {'start_idx': 20076, 'end_idx': 20131, 'score': 3.3703873777130404}, {'start_idx': 20082, 'end_idx': 20139, 'score': 4.011957207155992}, {'start_idx': 20174, 'end_idx': 20203, 'score': 2.9917311217586984}, {'start_idx': 20204, 'end_idx': 20267, 'score': 3.115199590976092}, {'start_idx': 20243, 'end_idx': 20267, 'score': 3.396243873711353}, {'start_idx': 20268, 'end_idx': 20308, 'score': 3.0230562399521825}, {'start_idx': 20358, 'end_idx': 20395, 'score': 3.121726756877302}, {'start_idx': 20396, 'end_idx': 20420, 'score': 2.310424044520836}, {'start_idx': 20496, 'end_idx': 20523, 'score': 2.5928166198035982}, {'start_idx': 20524, 'end_idx': 20564, 'score': 2.4404975469222294}, {'start_idx': 20652, 'end_idx': 20698, 'score': 2.9365585089355375}, {'start_idx': 20719, 'end_idx': 20779, 'score': 2.687126103696807}, {'start_idx': 20848, 'end_idx': 20903, 'score': 2.497739257193932}, {'start_idx': 21356, 'end_idx': 21419, 'score': 2.3373168329796714}, {'start_idx': 21641, 'end_idx': 21675, 'score': 2.3054909617135424}, {'start_idx': 21676, 'end_idx': 21726, 'score': 2.4889141056878588}, {'start_idx': 21804, 'end_idx': 21856, 'score': 2.4883687626638573}, {'start_idx': 22359, 'end_idx': 22379, 'score': 4.247308101359994}, {'start_idx': 22380, 'end_idx': 22438, 'score': 3.612216538971483}, {'start_idx': 22478, 'end_idx': 22507, 'score': 2.3321936272626638}, {'start_idx': 22508, 'end_idx': 22540, 'score': 2.3417208230583877}, {'start_idx': 22596, 'end_idx': 22635, 'score': 4.735886340536759}, {'start_idx': 22636, 'end_idx': 22677, 'score': 2.984807239355151}, {'start_idx': 22644, 'end_idx': 22699, 'score': 3.050809914514403}, {'start_idx': 22700, 'end_idx': 22747, 'score': 4.045990158733247}, {'start_idx': 22785, 'end_idx': 22827, 'score': 2.2680868523808906}, {'start_idx': 22787, 'end_idx': 22827, 'score': 3.9838514855124654}, {'start_idx': 22828, 'end_idx': 22850, 'score': 2.5332073225308167}, {'start_idx': 22956, 'end_idx': 23004, 'score': 4.455525800465601}, {'start_idx': 23048, 'end_idx': 23083, 'score': 2.2041810702120634}, {'start_idx': 23084, 'end_idx': 23139, 'score': 3.2501436151813596}, {'start_idx': 23989, 'end_idx': 24043, 'score': 4.048227529353312}, {'start_idx': 24364, 'end_idx': 24427, 'score': 1.8361036906473216}, {'start_idx': 24662, 'end_idx': 24683, 'score': 2.3242781832421584}, {'start_idx': 24684, 'end_idx': 24745, 'score': 2.682355110385718}, {'start_idx': 24764, 'end_idx': 24811, 'score': 2.273518222836076}, {'start_idx': 24836, 'end_idx': 24875, 'score': 4.979280725101618}, {'start_idx': 24876, 'end_idx': 24914, 'score': 3.110570895162812}, {'start_idx': 24977, 'end_idx': 25003, 'score': 1.3705282482010066}, {'start_idx': 25004, 'end_idx': 25067, 'score': 2.668480103372352}, {'start_idx': 25041, 'end_idx': 25067, 'score': 1.8771853298982353}, {'start_idx': 25226, 'end_idx': 25259, 'score': 2.409154941644911}, {'start_idx': 25260, 'end_idx': 25308, 'score': 2.47399095456216}, {'start_idx': 25388, 'end_idx': 25450, 'score': 2.055468812881512}, {'start_idx': 25772, 'end_idx': 25835, 'score': 2.218927424261939}, {'start_idx': 25964, 'end_idx': 26006, 'score': 1.9057326339133174}, {'start_idx': 26495, 'end_idx': 26539, 'score': 4.583916623545786}, {'start_idx': 26501, 'end_idx': 26539, 'score': 1.7779233380976425}, {'start_idx': 26540, 'end_idx': 26571, 'score': 2.6938515382468253}, {'start_idx': 26615, 'end_idx': 26667, 'score': 2.5289628726576834}, {'start_idx': 26668, 'end_idx': 26695, 'score': 2.23833260723358}, {'start_idx': 26949, 'end_idx': 26987, 'score': 2.6019232974505933}, {'start_idx': 27909, 'end_idx': 27947, 'score': 1.8496821056537505}, {'start_idx': 28031, 'end_idx': 28075, 'score': 2.571455068625709}, {'start_idx': 28076, 'end_idx': 28125, 'score': 2.5585763000951904}, {'start_idx': 28405, 'end_idx': 28459, 'score': 3.1632293204921584}, {'start_idx': 28460, 'end_idx': 28523, 'score': 3.527316988420186}, {'start_idx': 28524, 'end_idx': 28587, 'score': 4.65038132908954}, {'start_idx': 28532, 'end_idx': 28587, 'score': 2.5543537858631957}, {'start_idx': 28548, 'end_idx': 28587, 'score': 2.8583700741725977}, {'start_idx': 28588, 'end_idx': 28651, 'score': 3.4556076157279683}, {'start_idx': 29010, 'end_idx': 29035, 'score': 3.1209876671568595}, {'start_idx': 29036, 'end_idx': 29082, 'score': 2.6154064952106864}, {'start_idx': 29124, 'end_idx': 29163, 'score': 3.8563532654096693}, {'start_idx': 29164, 'end_idx': 29203, 'score': 2.413781426054849}, {'start_idx': 29170, 'end_idx': 29224, 'score': 1.6396721049382246}, {'start_idx': 29267, 'end_idx': 29291, 'score': 3.197561574374519}, {'start_idx': 29292, 'end_idx': 29336, 'score': 2.7588355802947686}, {'start_idx': 29292, 'end_idx': 29292, 'score': 2.0103772666162474}, {'start_idx': 29484, 'end_idx': 29537, 'score': 2.3909356364498557}, {'start_idx': 29765, 'end_idx': 29803, 'score': 1.965012474029036}, {'start_idx': 30396, 'end_idx': 30443, 'score': 4.929101854603615}, {'start_idx': 30444, 'end_idx': 30469, 'score': 2.453689538288101}, {'start_idx': 30636, 'end_idx': 30699, 'score': 1.1871243702607932}, {'start_idx': 30700, 'end_idx': 30763, 'score': 1.3676971116223033}, {'start_idx': 30894, 'end_idx': 30955, 'score': 2.5955252446976105}, {'start_idx': 31161, 'end_idx': 31211, 'score': 4.26552552977002}, {'start_idx': 31381, 'end_idx': 31403, 'score': 3.9921809541813453}, {'start_idx': 31404, 'end_idx': 31442, 'score': 3.5006546639207015}, {'start_idx': 31532, 'end_idx': 31588, 'score': 3.5686302225740634}, {'start_idx': 31660, 'end_idx': 31660, 'score': 1.395619167933172}, {'start_idx': 31724, 'end_idx': 31724, 'score': 0.8940029771757948}, {'start_idx': 31852, 'end_idx': 31907, 'score': 2.566101236166366}, {'start_idx': 31931, 'end_idx': 31977, 'score': 0.9464927545138889}, {'start_idx': 32255, 'end_idx': 32299, 'score': 2.6445494495530655}, {'start_idx': 32300, 'end_idx': 32335, 'score': 2.341982929236015}, {'start_idx': 32389, 'end_idx': 32427, 'score': 2.859127174589167}, {'start_idx': 32449, 'end_idx': 32491, 'score': 2.6494625705072528}, {'start_idx': 32492, 'end_idx': 32545, 'score': 2.20909675038799}, {'start_idx': 32556, 'end_idx': 32600, 'score': 2.7079332675199934}, {'start_idx': 32556, 'end_idx': 32619, 'score': 3.289245487420479}, {'start_idx': 32629, 'end_idx': 32680, 'score': 2.5381849510801886}, {'start_idx': 33462, 'end_idx': 33515, 'score': 2.2467561095177224}, {'start_idx': 33489, 'end_idx': 33515, 'score': 4.705065472972653}, {'start_idx': 33516, 'end_idx': 33579, 'score': 2.422695709973644}, {'start_idx': 33609, 'end_idx': 33643, 'score': 1.478568142341619}, {'start_idx': 33644, 'end_idx': 33707, 'score': 1.8865381042054528}, {'start_idx': 33708, 'end_idx': 33708, 'score': 1.1063118583710072}, {'start_idx': 33772, 'end_idx': 33822, 'score': 2.3680104188274917}, {'start_idx': 34209, 'end_idx': 34272, 'score': 4.645809068790821}]
2024-07-19 12:57:08,259 INFO Final Metrics for sample rate 0.1s with 70 different channels
Precision: 17.01%
Recall: 96.08%
F1-score: 28.91%
AUROC: 57.47%
AUPRC: 15.90%

2024-07-19 12:57:21,438 INFO Graphical output saved on path : data/2024-07-18_20.59.01/plot_predictions/final_anomalies_prediction_sample_rate_0.1s.pdf
