2024-08-29 08:16:34,609 INFO Starting Anomaly Detector Analysis...
2024-08-29 08:16:34,609 INFO #### Configuration Details ####
train = True
predict = True
batch_size = 64
window_size = 20
smoothing_perc = 0.05
error_buffer = 10
loss_metric = mse
optimizer = adam
activation = leakyReLu
validation_split = 0.2
dropout = 0.2
lstm_batch_size = 64
weight_decay = 0.01
learning_rate = 0.05
epochs = 18
layer_LSTM = 4
layers = [100, 100]
patience = 10
min_delta = 0.0003
l_s = 300
n_predictions = 2
p = 0.35
config_path = Models/telemanom/config.yaml
run_id = 2024-08-16_14.20.17
sample_rate = ['0.1s']
save_on_drive = True
skip_graphics = False
verbose = False
threshold = True
dataset_path = kuka_dataset
Please for more info about the model and the configuration see : /content/OurProject/trained_models/telemanom/2024-08-16_14.20.17/info_model/info_model.txt
####End of Configuration Details ####

2024-08-29 08:16:34,609 INFO Processing date: 20220811, rate: 0.1s
2024-08-29 08:16:34,609 INFO Processing Stream # 1: sensor_id5_AccX , sample-rate : 0.1s, date : 20220811 
2024-08-29 08:16:36,975 INFO Loading the model for the channel sensor_id5_AccX in the path : /content/OurProject/trained_models/telemanom/2024-08-16_14.20.17/models/sensor_id5_AccX.pt
2024-08-29 08:16:37,324 INFO Correctly loaded the model for the channel sensor_id5_AccX in the path : /content/OurProject/trained_models/telemanom/2024-08-16_14.20.17/models/sensor_id5_AccX.pt
2024-08-29 08:16:42,299 INFO normalized prediction error: 0.05
2024-08-29 08:16:43,345 INFO Metrics for the channel sensor_id5_AccX found n 0 anomalies predicted
Precision: 0.00%
Recall: 100.00%
F1-score: 0.00%
AUROC: 0.00%
AUPRC: 50.00%
2024-08-29 08:16:43,405 INFO Processing Stream # 2: sensor_id1_AccX , sample-rate : 0.1s, date : 20220811 
2024-08-29 08:16:46,961 INFO Loading the model for the channel sensor_id1_AccX in the path : /content/OurProject/trained_models/telemanom/2024-08-16_14.20.17/models/sensor_id1_AccX.pt
2024-08-29 08:16:46,964 INFO Correctly loaded the model for the channel sensor_id1_AccX in the path : /content/OurProject/trained_models/telemanom/2024-08-16_14.20.17/models/sensor_id1_AccX.pt
2024-08-29 08:16:51,263 INFO normalized prediction error: nan
2024-08-29 08:16:51,792 INFO Metrics for the channel sensor_id1_AccX found n 0 anomalies predicted
Precision: 0.00%
Recall: 0.00%
F1-score: 0.00%
AUROC: 0.00%
AUPRC: 0.00%
2024-08-29 08:16:51,848 INFO Processing Stream # 3: sensor_id2_AccX , sample-rate : 0.1s, date : 20220811 
2024-08-29 08:16:54,339 INFO Loading the model for the channel sensor_id2_AccX in the path : /content/OurProject/trained_models/telemanom/2024-08-16_14.20.17/models/sensor_id2_AccX.pt
2024-08-29 08:16:54,343 INFO Correctly loaded the model for the channel sensor_id2_AccX in the path : /content/OurProject/trained_models/telemanom/2024-08-16_14.20.17/models/sensor_id2_AccX.pt
2024-08-29 08:16:58,812 INFO normalized prediction error: nan
2024-08-29 08:16:59,681 INFO Metrics for the channel sensor_id2_AccX found n 0 anomalies predicted
Precision: 0.00%
Recall: 0.00%
F1-score: 0.00%
AUROC: 0.00%
AUPRC: 0.00%
2024-08-29 08:16:59,732 INFO Processing Stream # 4: machine_nameKuka Robot_voltage , sample-rate : 0.1s, date : 20220811 
2024-08-29 08:17:02,459 INFO Loading the model for the channel machine_nameKuka Robot_voltage in the path : /content/OurProject/trained_models/telemanom/2024-08-16_14.20.17/models/machine_nameKuka Robot_voltage.pt
2024-08-29 08:17:02,462 INFO Correctly loaded the model for the channel machine_nameKuka Robot_voltage in the path : /content/OurProject/trained_models/telemanom/2024-08-16_14.20.17/models/machine_nameKuka Robot_voltage.pt
2024-08-29 08:17:06,831 INFO normalized prediction error: nan
2024-08-29 08:17:07,343 INFO Metrics for the channel machine_nameKuka Robot_voltage found n 0 anomalies predicted
Precision: 0.00%
Recall: 0.00%
F1-score: 0.00%
AUROC: 0.00%
AUPRC: 0.00%
2024-08-29 08:17:07,399 INFO Processing Stream # 5: sensor_id4_AccX , sample-rate : 0.1s, date : 20220811 
2024-08-29 08:17:09,768 INFO Loading the model for the channel sensor_id4_AccX in the path : /content/OurProject/trained_models/telemanom/2024-08-16_14.20.17/models/sensor_id4_AccX.pt
2024-08-29 08:17:09,771 INFO Correctly loaded the model for the channel sensor_id4_AccX in the path : /content/OurProject/trained_models/telemanom/2024-08-16_14.20.17/models/sensor_id4_AccX.pt
2024-08-29 08:17:14,561 INFO normalized prediction error: 0.05
2024-08-29 08:17:15,348 INFO Metrics for the channel sensor_id4_AccX found n 0 anomalies predicted
Precision: 0.00%
Recall: 100.00%
F1-score: 0.00%
AUROC: 0.00%
AUPRC: 50.00%
2024-08-29 08:17:15,405 INFO Processing Stream # 6: sensor_id3_AccX , sample-rate : 0.1s, date : 20220811 
2024-08-29 08:17:18,000 INFO Loading the model for the channel sensor_id3_AccX in the path : /content/OurProject/trained_models/telemanom/2024-08-16_14.20.17/models/sensor_id3_AccX.pt
2024-08-29 08:17:18,003 INFO Correctly loaded the model for the channel sensor_id3_AccX in the path : /content/OurProject/trained_models/telemanom/2024-08-16_14.20.17/models/sensor_id3_AccX.pt
2024-08-29 08:17:22,669 INFO normalized prediction error: 0.44
2024-08-29 08:17:23,344 INFO Metrics for the channel sensor_id3_AccX found n 0 anomalies predicted
Precision: 0.00%
Recall: 100.00%
F1-score: 0.00%
AUROC: 0.00%
AUPRC: 50.00%
2024-08-29 08:17:23,401 INFO Processing Stream # 7: sensor_id5_AccY , sample-rate : 0.1s, date : 20220811 
2024-08-29 08:17:26,866 INFO Loading the model for the channel sensor_id5_AccY in the path : /content/OurProject/trained_models/telemanom/2024-08-16_14.20.17/models/sensor_id5_AccY.pt
2024-08-29 08:17:26,870 INFO Correctly loaded the model for the channel sensor_id5_AccY in the path : /content/OurProject/trained_models/telemanom/2024-08-16_14.20.17/models/sensor_id5_AccY.pt
2024-08-29 08:17:31,589 INFO normalized prediction error: 0.03
2024-08-29 08:17:32,480 INFO Metrics for the channel sensor_id5_AccY found n 5 anomalies predicted
Precision: 50.00%
Recall: 100.00%
F1-score: 66.67%
AUROC: 99.10%
AUPRC: 25.00%
2024-08-29 08:17:32,535 INFO Processing Stream # 8: sensor_id1_AccY , sample-rate : 0.1s, date : 20220811 
2024-08-29 08:17:35,153 INFO Loading the model for the channel sensor_id1_AccY in the path : /content/OurProject/trained_models/telemanom/2024-08-16_14.20.17/models/sensor_id1_AccY.pt
2024-08-29 08:17:35,156 INFO Correctly loaded the model for the channel sensor_id1_AccY in the path : /content/OurProject/trained_models/telemanom/2024-08-16_14.20.17/models/sensor_id1_AccY.pt
2024-08-29 08:17:39,605 INFO normalized prediction error: nan
2024-08-29 08:17:40,475 INFO Metrics for the channel sensor_id1_AccY found n 0 anomalies predicted
Precision: 0.00%
Recall: 0.00%
F1-score: 0.00%
AUROC: 0.00%
AUPRC: 0.00%
2024-08-29 08:17:40,546 INFO Processing Stream # 9: sensor_id2_AccY , sample-rate : 0.1s, date : 20220811 
2024-08-29 08:17:43,040 INFO Loading the model for the channel sensor_id2_AccY in the path : /content/OurProject/trained_models/telemanom/2024-08-16_14.20.17/models/sensor_id2_AccY.pt
2024-08-29 08:17:43,043 INFO Correctly loaded the model for the channel sensor_id2_AccY in the path : /content/OurProject/trained_models/telemanom/2024-08-16_14.20.17/models/sensor_id2_AccY.pt
2024-08-29 08:17:47,779 INFO normalized prediction error: 0.07
2024-08-29 08:17:48,518 INFO Metrics for the channel sensor_id2_AccY found n 0 anomalies predicted
Precision: 100.00%
Recall: 100.00%
F1-score: 100.00%
AUROC: 100.00%
AUPRC: 100.00%
2024-08-29 08:17:48,576 INFO Processing Stream # 10: sensor_id4_AccY , sample-rate : 0.1s, date : 20220811 
2024-08-29 08:17:51,148 INFO Loading the model for the channel sensor_id4_AccY in the path : /content/OurProject/trained_models/telemanom/2024-08-16_14.20.17/models/sensor_id4_AccY.pt
2024-08-29 08:17:51,152 INFO Correctly loaded the model for the channel sensor_id4_AccY in the path : /content/OurProject/trained_models/telemanom/2024-08-16_14.20.17/models/sensor_id4_AccY.pt
2024-08-29 08:17:55,668 INFO normalized prediction error: nan
2024-08-29 08:17:56,181 INFO Metrics for the channel sensor_id4_AccY found n 0 anomalies predicted
Precision: 0.00%
Recall: 0.00%
F1-score: 0.00%
AUROC: 0.00%
AUPRC: 0.00%
2024-08-29 08:17:56,237 INFO Processing Stream # 11: sensor_id3_AccY , sample-rate : 0.1s, date : 20220811 
2024-08-29 08:17:58,840 INFO Loading the model for the channel sensor_id3_AccY in the path : /content/OurProject/trained_models/telemanom/2024-08-16_14.20.17/models/sensor_id3_AccY.pt
2024-08-29 08:17:58,843 INFO Correctly loaded the model for the channel sensor_id3_AccY in the path : /content/OurProject/trained_models/telemanom/2024-08-16_14.20.17/models/sensor_id3_AccY.pt
2024-08-29 08:18:03,224 INFO normalized prediction error: nan
2024-08-29 08:18:03,728 INFO Metrics for the channel sensor_id3_AccY found n 0 anomalies predicted
Precision: 0.00%
Recall: 0.00%
F1-score: 0.00%
AUROC: 0.00%
AUPRC: 0.00%
2024-08-29 08:18:03,787 INFO Processing Stream # 12: sensor_id5_AccZ , sample-rate : 0.1s, date : 20220811 
2024-08-29 08:18:07,120 INFO Loading the model for the channel sensor_id5_AccZ in the path : /content/OurProject/trained_models/telemanom/2024-08-16_14.20.17/models/sensor_id5_AccZ.pt
2024-08-29 08:18:07,124 INFO Correctly loaded the model for the channel sensor_id5_AccZ in the path : /content/OurProject/trained_models/telemanom/2024-08-16_14.20.17/models/sensor_id5_AccZ.pt
2024-08-29 08:18:11,956 INFO normalized prediction error: 0.04
2024-08-29 08:18:12,773 INFO Metrics for the channel sensor_id5_AccZ found n 3 anomalies predicted
Precision: 0.00%
Recall: 100.00%
F1-score: 0.00%
AUROC: 0.00%
AUPRC: 50.00%
2024-08-29 08:18:12,827 INFO Processing Stream # 13: sensor_id1_AccZ , sample-rate : 0.1s, date : 20220811 
2024-08-29 08:18:15,300 INFO Loading the model for the channel sensor_id1_AccZ in the path : /content/OurProject/trained_models/telemanom/2024-08-16_14.20.17/models/sensor_id1_AccZ.pt
2024-08-29 08:18:15,304 INFO Correctly loaded the model for the channel sensor_id1_AccZ in the path : /content/OurProject/trained_models/telemanom/2024-08-16_14.20.17/models/sensor_id1_AccZ.pt
2024-08-29 08:18:20,181 INFO normalized prediction error: 0.02
2024-08-29 08:18:21,593 INFO Metrics for the channel sensor_id1_AccZ found n 5 anomalies predicted
Precision: 100.00%
Recall: 50.00%
F1-score: 66.67%
AUROC: 98.18%
AUPRC: 63.33%
2024-08-29 08:18:21,665 INFO Processing Stream # 14: sensor_id4_AccZ , sample-rate : 0.1s, date : 20220811 
2024-08-29 08:18:24,390 INFO Loading the model for the channel sensor_id4_AccZ in the path : /content/OurProject/trained_models/telemanom/2024-08-16_14.20.17/models/sensor_id4_AccZ.pt
2024-08-29 08:18:24,394 INFO Correctly loaded the model for the channel sensor_id4_AccZ in the path : /content/OurProject/trained_models/telemanom/2024-08-16_14.20.17/models/sensor_id4_AccZ.pt
2024-08-29 08:18:28,826 INFO normalized prediction error: nan
2024-08-29 08:18:29,337 INFO Metrics for the channel sensor_id4_AccZ found n 0 anomalies predicted
Precision: 0.00%
Recall: 0.00%
F1-score: 0.00%
AUROC: 0.00%
AUPRC: 0.00%
2024-08-29 08:18:29,396 INFO Processing Stream # 15: sensor_id2_AccZ , sample-rate : 0.1s, date : 20220811 
2024-08-29 08:18:31,752 INFO Loading the model for the channel sensor_id2_AccZ in the path : /content/OurProject/trained_models/telemanom/2024-08-16_14.20.17/models/sensor_id2_AccZ.pt
2024-08-29 08:18:31,756 INFO Correctly loaded the model for the channel sensor_id2_AccZ in the path : /content/OurProject/trained_models/telemanom/2024-08-16_14.20.17/models/sensor_id2_AccZ.pt
2024-08-29 08:18:36,724 INFO normalized prediction error: 0.25
2024-08-29 08:18:37,511 INFO Metrics for the channel sensor_id2_AccZ found n 0 anomalies predicted
Precision: 0.00%
Recall: 100.00%
F1-score: 0.00%
AUROC: 0.00%
AUPRC: 50.00%
2024-08-29 08:18:37,567 INFO Processing Stream # 16: sensor_id3_AccZ , sample-rate : 0.1s, date : 20220811 
2024-08-29 08:18:40,159 INFO Loading the model for the channel sensor_id3_AccZ in the path : /content/OurProject/trained_models/telemanom/2024-08-16_14.20.17/models/sensor_id3_AccZ.pt
2024-08-29 08:18:40,162 INFO Correctly loaded the model for the channel sensor_id3_AccZ in the path : /content/OurProject/trained_models/telemanom/2024-08-16_14.20.17/models/sensor_id3_AccZ.pt
2024-08-29 08:18:45,041 INFO normalized prediction error: 0.13
2024-08-29 08:18:45,846 INFO Metrics for the channel sensor_id3_AccZ found n 0 anomalies predicted
Precision: 0.00%
Recall: 0.00%
F1-score: 0.00%
AUROC: 0.00%
AUPRC: 0.00%
2024-08-29 08:18:45,895 INFO Processing Stream # 17: machine_nameKuka Robot_current , sample-rate : 0.1s, date : 20220811 
2024-08-29 08:18:49,465 INFO Loading the model for the channel machine_nameKuka Robot_current in the path : /content/OurProject/trained_models/telemanom/2024-08-16_14.20.17/models/machine_nameKuka Robot_current.pt
2024-08-29 08:18:49,468 INFO Correctly loaded the model for the channel machine_nameKuka Robot_current in the path : /content/OurProject/trained_models/telemanom/2024-08-16_14.20.17/models/machine_nameKuka Robot_current.pt
2024-08-29 08:18:54,367 INFO normalized prediction error: 0.17
2024-08-29 08:18:55,109 INFO Metrics for the channel machine_nameKuka Robot_current found n 0 anomalies predicted
Precision: 0.00%
Recall: 0.00%
F1-score: 0.00%
AUROC: 0.00%
AUPRC: 0.00%
2024-08-29 08:18:55,166 INFO Processing Stream # 18: machine_nameKuka Robot_power , sample-rate : 0.1s, date : 20220811 
2024-08-29 08:18:57,768 INFO Loading the model for the channel machine_nameKuka Robot_power in the path : /content/OurProject/trained_models/telemanom/2024-08-16_14.20.17/models/machine_nameKuka Robot_power.pt
2024-08-29 08:18:57,771 INFO Correctly loaded the model for the channel machine_nameKuka Robot_power in the path : /content/OurProject/trained_models/telemanom/2024-08-16_14.20.17/models/machine_nameKuka Robot_power.pt
2024-08-29 08:19:02,378 INFO normalized prediction error: nan
2024-08-29 08:19:03,180 INFO Metrics for the channel machine_nameKuka Robot_power found n 0 anomalies predicted
Precision: 0.00%
Recall: 0.00%
F1-score: 0.00%
AUROC: 0.00%
AUPRC: 0.00%
2024-08-29 08:19:03,237 INFO Processing Stream # 19: sensor_id4_AngX , sample-rate : 0.1s, date : 20220811 
2024-08-29 08:19:05,588 INFO Loading the model for the channel sensor_id4_AngX in the path : /content/OurProject/trained_models/telemanom/2024-08-16_14.20.17/models/sensor_id4_AngX.pt
2024-08-29 08:19:05,592 INFO Correctly loaded the model for the channel sensor_id4_AngX in the path : /content/OurProject/trained_models/telemanom/2024-08-16_14.20.17/models/sensor_id4_AngX.pt
2024-08-29 08:19:10,092 INFO normalized prediction error: nan
2024-08-29 08:19:10,603 INFO Metrics for the channel sensor_id4_AngX found n 0 anomalies predicted
Precision: 0.00%
Recall: 0.00%
F1-score: 0.00%
AUROC: 0.00%
AUPRC: 0.00%
2024-08-29 08:19:10,662 INFO Processing Stream # 20: sensor_id2_AngX , sample-rate : 0.1s, date : 20220811 
2024-08-29 08:19:13,184 INFO Loading the model for the channel sensor_id2_AngX in the path : /content/OurProject/trained_models/telemanom/2024-08-16_14.20.17/models/sensor_id2_AngX.pt
2024-08-29 08:19:13,189 INFO Correctly loaded the model for the channel sensor_id2_AngX in the path : /content/OurProject/trained_models/telemanom/2024-08-16_14.20.17/models/sensor_id2_AngX.pt
2024-08-29 08:19:18,201 INFO normalized prediction error: 0.35
2024-08-29 08:19:18,892 INFO Metrics for the channel sensor_id2_AngX found n 0 anomalies predicted
Precision: 0.00%
Recall: 0.00%
F1-score: 0.00%
AUROC: 0.00%
AUPRC: 0.00%
2024-08-29 08:19:18,947 INFO Processing Stream # 21: sensor_id1_AngX , sample-rate : 0.1s, date : 20220811 
2024-08-29 08:19:21,549 INFO Loading the model for the channel sensor_id1_AngX in the path : /content/OurProject/trained_models/telemanom/2024-08-16_14.20.17/models/sensor_id1_AngX.pt
2024-08-29 08:19:21,553 INFO Correctly loaded the model for the channel sensor_id1_AngX in the path : /content/OurProject/trained_models/telemanom/2024-08-16_14.20.17/models/sensor_id1_AngX.pt
2024-08-29 08:19:26,091 INFO normalized prediction error: nan
2024-08-29 08:19:26,588 INFO Metrics for the channel sensor_id1_AngX found n 0 anomalies predicted
Precision: 0.00%
Recall: 0.00%
F1-score: 0.00%
AUROC: 0.00%
AUPRC: 0.00%
2024-08-29 08:19:26,644 INFO Processing Stream # 22: sensor_id5_AngX , sample-rate : 0.1s, date : 20220811 
2024-08-29 08:19:30,287 INFO Loading the model for the channel sensor_id5_AngX in the path : /content/OurProject/trained_models/telemanom/2024-08-16_14.20.17/models/sensor_id5_AngX.pt
2024-08-29 08:19:30,291 INFO Correctly loaded the model for the channel sensor_id5_AngX in the path : /content/OurProject/trained_models/telemanom/2024-08-16_14.20.17/models/sensor_id5_AngX.pt
2024-08-29 08:19:34,853 INFO normalized prediction error: nan
2024-08-29 08:19:35,363 INFO Metrics for the channel sensor_id5_AngX found n 0 anomalies predicted
Precision: 0.00%
Recall: 0.00%
F1-score: 0.00%
AUROC: 0.00%
AUPRC: 0.00%
2024-08-29 08:19:35,434 INFO Processing Stream # 23: sensor_id3_AngX , sample-rate : 0.1s, date : 20220811 
2024-08-29 08:19:37,965 INFO Loading the model for the channel sensor_id3_AngX in the path : /content/OurProject/trained_models/telemanom/2024-08-16_14.20.17/models/sensor_id3_AngX.pt
2024-08-29 08:19:37,968 INFO Correctly loaded the model for the channel sensor_id3_AngX in the path : /content/OurProject/trained_models/telemanom/2024-08-16_14.20.17/models/sensor_id3_AngX.pt
2024-08-29 08:19:42,611 INFO normalized prediction error: nan
2024-08-29 08:19:43,555 INFO Metrics for the channel sensor_id3_AngX found n 0 anomalies predicted
Precision: 0.00%
Recall: 0.00%
F1-score: 0.00%
AUROC: 0.00%
AUPRC: 0.00%
2024-08-29 08:19:43,644 INFO Processing Stream # 24: sensor_id2_AngY , sample-rate : 0.1s, date : 20220811 
2024-08-29 08:19:47,633 INFO Loading the model for the channel sensor_id2_AngY in the path : /content/OurProject/trained_models/telemanom/2024-08-16_14.20.17/models/sensor_id2_AngY.pt
2024-08-29 08:19:47,636 INFO Correctly loaded the model for the channel sensor_id2_AngY in the path : /content/OurProject/trained_models/telemanom/2024-08-16_14.20.17/models/sensor_id2_AngY.pt
2024-08-29 08:19:52,190 INFO normalized prediction error: nan
2024-08-29 08:19:52,697 INFO Metrics for the channel sensor_id2_AngY found n 0 anomalies predicted
Precision: 0.00%
Recall: 0.00%
F1-score: 0.00%
AUROC: 0.00%
AUPRC: 0.00%
2024-08-29 08:19:52,756 INFO Processing Stream # 25: sensor_id4_AngY , sample-rate : 0.1s, date : 20220811 
2024-08-29 08:19:55,352 INFO Loading the model for the channel sensor_id4_AngY in the path : /content/OurProject/trained_models/telemanom/2024-08-16_14.20.17/models/sensor_id4_AngY.pt
2024-08-29 08:19:55,356 INFO Correctly loaded the model for the channel sensor_id4_AngY in the path : /content/OurProject/trained_models/telemanom/2024-08-16_14.20.17/models/sensor_id4_AngY.pt
2024-08-29 08:20:00,383 INFO normalized prediction error: 0.19
2024-08-29 08:20:01,012 INFO Metrics for the channel sensor_id4_AngY found n 0 anomalies predicted
Precision: 0.00%
Recall: 0.00%
F1-score: 0.00%
AUROC: 0.00%
AUPRC: 0.00%
2024-08-29 08:20:01,073 INFO Processing Stream # 26: sensor_id1_AngY , sample-rate : 0.1s, date : 20220811 
2024-08-29 08:20:03,558 INFO Loading the model for the channel sensor_id1_AngY in the path : /content/OurProject/trained_models/telemanom/2024-08-16_14.20.17/models/sensor_id1_AngY.pt
2024-08-29 08:20:03,562 INFO Correctly loaded the model for the channel sensor_id1_AngY in the path : /content/OurProject/trained_models/telemanom/2024-08-16_14.20.17/models/sensor_id1_AngY.pt
2024-08-29 08:20:08,538 INFO normalized prediction error: 0.17
2024-08-29 08:20:09,820 INFO Metrics for the channel sensor_id1_AngY found n 0 anomalies predicted
Precision: 33.33%
Recall: 100.00%
F1-score: 50.00%
AUROC: 98.15%
AUPRC: 16.67%
2024-08-29 08:20:09,870 INFO Processing Stream # 27: sensor_id5_AngY , sample-rate : 0.1s, date : 20220811 
2024-08-29 08:20:13,265 INFO Loading the model for the channel sensor_id5_AngY in the path : /content/OurProject/trained_models/telemanom/2024-08-16_14.20.17/models/sensor_id5_AngY.pt
2024-08-29 08:20:13,268 INFO Correctly loaded the model for the channel sensor_id5_AngY in the path : /content/OurProject/trained_models/telemanom/2024-08-16_14.20.17/models/sensor_id5_AngY.pt
2024-08-29 08:20:18,265 INFO normalized prediction error: 0.41
2024-08-29 08:20:18,795 INFO Metrics for the channel sensor_id5_AngY found n 0 anomalies predicted
Precision: 0.00%
Recall: 0.00%
F1-score: 0.00%
AUROC: 0.00%
AUPRC: 0.00%
2024-08-29 08:20:18,852 INFO Processing Stream # 28: sensor_id4_AngZ , sample-rate : 0.1s, date : 20220811 
2024-08-29 08:20:21,217 INFO Loading the model for the channel sensor_id4_AngZ in the path : /content/OurProject/trained_models/telemanom/2024-08-16_14.20.17/models/sensor_id4_AngZ.pt
2024-08-29 08:20:21,220 INFO Correctly loaded the model for the channel sensor_id4_AngZ in the path : /content/OurProject/trained_models/telemanom/2024-08-16_14.20.17/models/sensor_id4_AngZ.pt
2024-08-29 08:20:26,300 INFO normalized prediction error: 0.21
2024-08-29 08:20:26,841 INFO Metrics for the channel sensor_id4_AngZ found n 0 anomalies predicted
Precision: 0.00%
Recall: 0.00%
F1-score: 0.00%
AUROC: 0.00%
AUPRC: 0.00%
2024-08-29 08:20:26,900 INFO Processing Stream # 29: sensor_id2_AngZ , sample-rate : 0.1s, date : 20220811 
2024-08-29 08:20:29,370 INFO Loading the model for the channel sensor_id2_AngZ in the path : /content/OurProject/trained_models/telemanom/2024-08-16_14.20.17/models/sensor_id2_AngZ.pt
2024-08-29 08:20:29,373 INFO Correctly loaded the model for the channel sensor_id2_AngZ in the path : /content/OurProject/trained_models/telemanom/2024-08-16_14.20.17/models/sensor_id2_AngZ.pt
2024-08-29 08:20:34,353 INFO normalized prediction error: 0.25
2024-08-29 08:20:34,952 INFO Metrics for the channel sensor_id2_AngZ found n 0 anomalies predicted
Precision: 0.00%
Recall: 0.00%
F1-score: 0.00%
AUROC: 0.00%
AUPRC: 0.00%
2024-08-29 08:20:35,010 INFO Processing Stream # 30: sensor_id3_AngY , sample-rate : 0.1s, date : 20220811 
2024-08-29 08:20:38,617 INFO Loading the model for the channel sensor_id3_AngY in the path : /content/OurProject/trained_models/telemanom/2024-08-16_14.20.17/models/sensor_id3_AngY.pt
2024-08-29 08:20:38,622 INFO Correctly loaded the model for the channel sensor_id3_AngY in the path : /content/OurProject/trained_models/telemanom/2024-08-16_14.20.17/models/sensor_id3_AngY.pt
2024-08-29 08:20:43,674 INFO normalized prediction error: 0.26
2024-08-29 08:20:44,392 INFO Metrics for the channel sensor_id3_AngY found n 1 anomalies predicted
Precision: 100.00%
Recall: 100.00%
F1-score: 100.00%
AUROC: 100.00%
AUPRC: 100.00%
2024-08-29 08:20:44,449 INFO Processing Stream # 31: sensor_id1_AngZ , sample-rate : 0.1s, date : 20220811 
2024-08-29 08:20:46,801 INFO Loading the model for the channel sensor_id1_AngZ in the path : /content/OurProject/trained_models/telemanom/2024-08-16_14.20.17/models/sensor_id1_AngZ.pt
2024-08-29 08:20:46,805 INFO Correctly loaded the model for the channel sensor_id1_AngZ in the path : /content/OurProject/trained_models/telemanom/2024-08-16_14.20.17/models/sensor_id1_AngZ.pt
2024-08-29 08:20:51,473 INFO normalized prediction error: nan
2024-08-29 08:20:52,349 INFO Metrics for the channel sensor_id1_AngZ found n 0 anomalies predicted
Precision: 0.00%
Recall: 0.00%
F1-score: 0.00%
AUROC: 0.00%
AUPRC: 0.00%
2024-08-29 08:20:52,403 INFO Processing Stream # 32: sensor_id5_AngZ , sample-rate : 0.1s, date : 20220811 
2024-08-29 08:20:55,297 INFO Loading the model for the channel sensor_id5_AngZ in the path : /content/OurProject/trained_models/telemanom/2024-08-16_14.20.17/models/sensor_id5_AngZ.pt
2024-08-29 08:20:55,301 INFO Correctly loaded the model for the channel sensor_id5_AngZ in the path : /content/OurProject/trained_models/telemanom/2024-08-16_14.20.17/models/sensor_id5_AngZ.pt
2024-08-29 08:21:00,247 INFO normalized prediction error: 0.28
2024-08-29 08:21:00,813 INFO Metrics for the channel sensor_id5_AngZ found n 0 anomalies predicted
Precision: 0.00%
Recall: 0.00%
F1-score: 0.00%
AUROC: 0.00%
AUPRC: 0.00%
2024-08-29 08:21:00,867 INFO Processing Stream # 33: sensor_id3_AngZ , sample-rate : 0.1s, date : 20220811 
2024-08-29 08:21:03,223 INFO Loading the model for the channel sensor_id3_AngZ in the path : /content/OurProject/trained_models/telemanom/2024-08-16_14.20.17/models/sensor_id3_AngZ.pt
2024-08-29 08:21:03,227 INFO Correctly loaded the model for the channel sensor_id3_AngZ in the path : /content/OurProject/trained_models/telemanom/2024-08-16_14.20.17/models/sensor_id3_AngZ.pt
2024-08-29 08:21:08,291 INFO normalized prediction error: 0.44
2024-08-29 08:21:09,057 INFO Metrics for the channel sensor_id3_AngZ found n 1 anomalies predicted
Precision: 25.00%
Recall: 100.00%
F1-score: 40.00%
AUROC: 97.30%
AUPRC: 12.50%
2024-08-29 08:21:09,114 INFO Processing Stream # 34: machine_nameKuka Robot_apparent_power , sample-rate : 0.1s, date : 20220811 
2024-08-29 08:21:11,710 INFO Loading the model for the channel machine_nameKuka Robot_apparent_power in the path : /content/OurProject/trained_models/telemanom/2024-08-16_14.20.17/models/machine_nameKuka Robot_apparent_power.pt
2024-08-29 08:21:11,713 INFO Correctly loaded the model for the channel machine_nameKuka Robot_apparent_power in the path : /content/OurProject/trained_models/telemanom/2024-08-16_14.20.17/models/machine_nameKuka Robot_apparent_power.pt
2024-08-29 08:21:16,668 INFO normalized prediction error: 0.19
2024-08-29 08:21:17,520 INFO Metrics for the channel machine_nameKuka Robot_apparent_power found n 0 anomalies predicted
Precision: 0.00%
Recall: 0.00%
F1-score: 0.00%
AUROC: 0.00%
AUPRC: 0.00%
2024-08-29 08:21:17,567 INFO Processing Stream # 35: sensor_id1_GyroX , sample-rate : 0.1s, date : 20220811 
2024-08-29 08:21:21,043 INFO Loading the model for the channel sensor_id1_GyroX in the path : /content/OurProject/trained_models/telemanom/2024-08-16_14.20.17/models/sensor_id1_GyroX.pt
2024-08-29 08:21:21,046 INFO Correctly loaded the model for the channel sensor_id1_GyroX in the path : /content/OurProject/trained_models/telemanom/2024-08-16_14.20.17/models/sensor_id1_GyroX.pt
2024-08-29 08:21:26,028 INFO normalized prediction error: 0.47
2024-08-29 08:21:26,768 INFO Metrics for the channel sensor_id1_GyroX found n 0 anomalies predicted
Precision: 0.00%
Recall: 0.00%
F1-score: 0.00%
AUROC: 0.00%
AUPRC: 0.00%
2024-08-29 08:21:26,824 INFO Processing Stream # 36: sensor_id2_GyroX , sample-rate : 0.1s, date : 20220811 
2024-08-29 08:21:29,299 INFO Loading the model for the channel sensor_id2_GyroX in the path : /content/OurProject/trained_models/telemanom/2024-08-16_14.20.17/models/sensor_id2_GyroX.pt
2024-08-29 08:21:29,302 INFO Correctly loaded the model for the channel sensor_id2_GyroX in the path : /content/OurProject/trained_models/telemanom/2024-08-16_14.20.17/models/sensor_id2_GyroX.pt
2024-08-29 08:21:34,064 INFO normalized prediction error: nan
2024-08-29 08:21:34,683 INFO Metrics for the channel sensor_id2_GyroX found n 0 anomalies predicted
Precision: 0.00%
Recall: 0.00%
F1-score: 0.00%
AUROC: 0.00%
AUPRC: 0.00%
2024-08-29 08:21:34,738 INFO Processing Stream # 37: sensor_id4_GyroX , sample-rate : 0.1s, date : 20220811 
2024-08-29 08:21:37,367 INFO Loading the model for the channel sensor_id4_GyroX in the path : /content/OurProject/trained_models/telemanom/2024-08-16_14.20.17/models/sensor_id4_GyroX.pt
2024-08-29 08:21:37,371 INFO Correctly loaded the model for the channel sensor_id4_GyroX in the path : /content/OurProject/trained_models/telemanom/2024-08-16_14.20.17/models/sensor_id4_GyroX.pt
2024-08-29 08:21:42,363 INFO normalized prediction error: 0.48
2024-08-29 08:21:43,063 INFO Metrics for the channel sensor_id4_GyroX found n 0 anomalies predicted
Precision: 0.00%
Recall: 0.00%
F1-score: 0.00%
AUROC: 0.00%
AUPRC: 0.00%
2024-08-29 08:21:43,122 INFO Processing Stream # 38: sensor_id3_GyroX , sample-rate : 0.1s, date : 20220811 
2024-08-29 08:21:46,157 INFO Loading the model for the channel sensor_id3_GyroX in the path : /content/OurProject/trained_models/telemanom/2024-08-16_14.20.17/models/sensor_id3_GyroX.pt
2024-08-29 08:21:46,161 INFO Correctly loaded the model for the channel sensor_id3_GyroX in the path : /content/OurProject/trained_models/telemanom/2024-08-16_14.20.17/models/sensor_id3_GyroX.pt
2024-08-29 08:21:51,208 INFO normalized prediction error: 0.47
2024-08-29 08:21:51,956 INFO Metrics for the channel sensor_id3_GyroX found n 0 anomalies predicted
Precision: 50.00%
Recall: 100.00%
F1-score: 66.67%
AUROC: 99.07%
AUPRC: 25.00%
2024-08-29 08:21:52,013 INFO Processing Stream # 39: sensor_id5_GyroX , sample-rate : 0.1s, date : 20220811 
2024-08-29 08:21:54,501 INFO Loading the model for the channel sensor_id5_GyroX in the path : /content/OurProject/trained_models/telemanom/2024-08-16_14.20.17/models/sensor_id5_GyroX.pt
2024-08-29 08:21:54,504 INFO Correctly loaded the model for the channel sensor_id5_GyroX in the path : /content/OurProject/trained_models/telemanom/2024-08-16_14.20.17/models/sensor_id5_GyroX.pt
2024-08-29 08:21:59,169 INFO normalized prediction error: nan
2024-08-29 08:21:59,998 INFO Metrics for the channel sensor_id5_GyroX found n 0 anomalies predicted
Precision: 0.00%
Recall: 0.00%
F1-score: 0.00%
AUROC: 0.00%
AUPRC: 0.00%
2024-08-29 08:22:00,053 INFO Processing Stream # 40: sensor_id1_GyroY , sample-rate : 0.1s, date : 20220811 
2024-08-29 08:22:03,166 INFO Loading the model for the channel sensor_id1_GyroY in the path : /content/OurProject/trained_models/telemanom/2024-08-16_14.20.17/models/sensor_id1_GyroY.pt
2024-08-29 08:22:03,169 INFO Correctly loaded the model for the channel sensor_id1_GyroY in the path : /content/OurProject/trained_models/telemanom/2024-08-16_14.20.17/models/sensor_id1_GyroY.pt
2024-08-29 08:22:08,154 INFO normalized prediction error: 0.44
2024-08-29 08:22:08,916 INFO Metrics for the channel sensor_id1_GyroY found n 0 anomalies predicted
Precision: 0.00%
Recall: 100.00%
F1-score: 0.00%
AUROC: 0.00%
AUPRC: 50.00%
2024-08-29 08:22:08,972 INFO Processing Stream # 41: sensor_id2_GyroY , sample-rate : 0.1s, date : 20220811 
2024-08-29 08:22:11,365 INFO Loading the model for the channel sensor_id2_GyroY in the path : /content/OurProject/trained_models/telemanom/2024-08-16_14.20.17/models/sensor_id2_GyroY.pt
2024-08-29 08:22:11,368 INFO Correctly loaded the model for the channel sensor_id2_GyroY in the path : /content/OurProject/trained_models/telemanom/2024-08-16_14.20.17/models/sensor_id2_GyroY.pt
2024-08-29 08:22:16,462 INFO normalized prediction error: 0.48
2024-08-29 08:22:17,204 INFO Metrics for the channel sensor_id2_GyroY found n 0 anomalies predicted
Precision: 0.00%
Recall: 0.00%
F1-score: 0.00%
AUROC: 0.00%
AUPRC: 0.00%
2024-08-29 08:22:17,252 INFO Processing Stream # 42: sensor_id4_GyroY , sample-rate : 0.1s, date : 20220811 
2024-08-29 08:22:19,727 INFO Loading the model for the channel sensor_id4_GyroY in the path : /content/OurProject/trained_models/telemanom/2024-08-16_14.20.17/models/sensor_id4_GyroY.pt
2024-08-29 08:22:19,730 INFO Correctly loaded the model for the channel sensor_id4_GyroY in the path : /content/OurProject/trained_models/telemanom/2024-08-16_14.20.17/models/sensor_id4_GyroY.pt
2024-08-29 08:22:24,698 INFO normalized prediction error: 0.46
2024-08-29 08:22:25,371 INFO Metrics for the channel sensor_id4_GyroY found n 0 anomalies predicted
Precision: 0.00%
Recall: 0.00%
F1-score: 0.00%
AUROC: 0.00%
AUPRC: 0.00%
2024-08-29 08:22:25,426 INFO Processing Stream # 43: sensor_id3_GyroY , sample-rate : 0.1s, date : 20220811 
2024-08-29 08:22:29,271 INFO Loading the model for the channel sensor_id3_GyroY in the path : /content/OurProject/trained_models/telemanom/2024-08-16_14.20.17/models/sensor_id3_GyroY.pt
2024-08-29 08:22:29,275 INFO Correctly loaded the model for the channel sensor_id3_GyroY in the path : /content/OurProject/trained_models/telemanom/2024-08-16_14.20.17/models/sensor_id3_GyroY.pt
2024-08-29 08:22:34,260 INFO normalized prediction error: 0.44
2024-08-29 08:22:34,908 INFO Metrics for the channel sensor_id3_GyroY found n 0 anomalies predicted
Precision: 0.00%
Recall: 0.00%
F1-score: 0.00%
AUROC: 0.00%
AUPRC: 0.00%
2024-08-29 08:22:34,965 INFO Processing Stream # 44: sensor_id5_GyroY , sample-rate : 0.1s, date : 20220811 
2024-08-29 08:22:37,328 INFO Loading the model for the channel sensor_id5_GyroY in the path : /content/OurProject/trained_models/telemanom/2024-08-16_14.20.17/models/sensor_id5_GyroY.pt
2024-08-29 08:22:37,332 INFO Correctly loaded the model for the channel sensor_id5_GyroY in the path : /content/OurProject/trained_models/telemanom/2024-08-16_14.20.17/models/sensor_id5_GyroY.pt
2024-08-29 08:22:42,426 INFO normalized prediction error: 0.44
2024-08-29 08:22:43,125 INFO Metrics for the channel sensor_id5_GyroY found n 0 anomalies predicted
Precision: 50.00%
Recall: 100.00%
F1-score: 66.67%
AUROC: 99.07%
AUPRC: 25.00%
2024-08-29 08:22:43,181 INFO Processing Stream # 45: sensor_id1_GyroZ , sample-rate : 0.1s, date : 20220811 
2024-08-29 08:22:45,767 INFO Loading the model for the channel sensor_id1_GyroZ in the path : /content/OurProject/trained_models/telemanom/2024-08-16_14.20.17/models/sensor_id1_GyroZ.pt
2024-08-29 08:22:45,771 INFO Correctly loaded the model for the channel sensor_id1_GyroZ in the path : /content/OurProject/trained_models/telemanom/2024-08-16_14.20.17/models/sensor_id1_GyroZ.pt
2024-08-29 08:22:50,380 INFO normalized prediction error: nan
2024-08-29 08:22:50,877 INFO Metrics for the channel sensor_id1_GyroZ found n 0 anomalies predicted
Precision: 0.00%
Recall: 0.00%
F1-score: 0.00%
AUROC: 0.00%
AUPRC: 0.00%
2024-08-29 08:22:50,933 INFO Processing Stream # 46: sensor_id2_GyroZ , sample-rate : 0.1s, date : 20220811 
2024-08-29 08:22:53,734 INFO Loading the model for the channel sensor_id2_GyroZ in the path : /content/OurProject/trained_models/telemanom/2024-08-16_14.20.17/models/sensor_id2_GyroZ.pt
2024-08-29 08:22:53,738 INFO Correctly loaded the model for the channel sensor_id2_GyroZ in the path : /content/OurProject/trained_models/telemanom/2024-08-16_14.20.17/models/sensor_id2_GyroZ.pt
2024-08-29 08:22:58,431 INFO normalized prediction error: nan
2024-08-29 08:22:58,932 INFO Metrics for the channel sensor_id2_GyroZ found n 0 anomalies predicted
Precision: 0.00%
Recall: 0.00%
F1-score: 0.00%
AUROC: 0.00%
AUPRC: 0.00%
2024-08-29 08:22:58,990 INFO Processing Stream # 47: sensor_id4_GyroZ , sample-rate : 0.1s, date : 20220811 
2024-08-29 08:23:01,590 INFO Loading the model for the channel sensor_id4_GyroZ in the path : /content/OurProject/trained_models/telemanom/2024-08-16_14.20.17/models/sensor_id4_GyroZ.pt
2024-08-29 08:23:01,594 INFO Correctly loaded the model for the channel sensor_id4_GyroZ in the path : /content/OurProject/trained_models/telemanom/2024-08-16_14.20.17/models/sensor_id4_GyroZ.pt
2024-08-29 08:23:06,604 INFO normalized prediction error: 0.42
2024-08-29 08:23:07,614 INFO Metrics for the channel sensor_id4_GyroZ found n 0 anomalies predicted
Precision: 0.00%
Recall: 0.00%
F1-score: 0.00%
AUROC: 0.00%
AUPRC: 0.00%
2024-08-29 08:23:07,675 INFO Processing Stream # 48: sensor_id3_GyroZ , sample-rate : 0.1s, date : 20220811 
2024-08-29 08:23:10,845 INFO Loading the model for the channel sensor_id3_GyroZ in the path : /content/OurProject/trained_models/telemanom/2024-08-16_14.20.17/models/sensor_id3_GyroZ.pt
2024-08-29 08:23:10,848 INFO Correctly loaded the model for the channel sensor_id3_GyroZ in the path : /content/OurProject/trained_models/telemanom/2024-08-16_14.20.17/models/sensor_id3_GyroZ.pt
2024-08-29 08:23:15,841 INFO normalized prediction error: 0.44
2024-08-29 08:23:16,444 INFO Metrics for the channel sensor_id3_GyroZ found n 0 anomalies predicted
Precision: 0.00%
Recall: 0.00%
F1-score: 0.00%
AUROC: 0.00%
AUPRC: 0.00%
2024-08-29 08:23:16,502 INFO Processing Stream # 49: sensor_id5_GyroZ , sample-rate : 0.1s, date : 20220811 
2024-08-29 08:23:18,992 INFO Loading the model for the channel sensor_id5_GyroZ in the path : /content/OurProject/trained_models/telemanom/2024-08-16_14.20.17/models/sensor_id5_GyroZ.pt
2024-08-29 08:23:18,996 INFO Correctly loaded the model for the channel sensor_id5_GyroZ in the path : /content/OurProject/trained_models/telemanom/2024-08-16_14.20.17/models/sensor_id5_GyroZ.pt
2024-08-29 08:23:24,057 INFO normalized prediction error: 0.47
2024-08-29 08:23:24,661 INFO Metrics for the channel sensor_id5_GyroZ found n 0 anomalies predicted
Precision: 0.00%
Recall: 0.00%
F1-score: 0.00%
AUROC: 0.00%
AUPRC: 0.00%
2024-08-29 08:23:24,717 INFO Processing Stream # 50: machine_nameKuka Robot_power_factor , sample-rate : 0.1s, date : 20220811 
2024-08-29 08:23:27,314 INFO Loading the model for the channel machine_nameKuka Robot_power_factor in the path : /content/OurProject/trained_models/telemanom/2024-08-16_14.20.17/models/machine_nameKuka Robot_power_factor.pt
2024-08-29 08:23:27,317 INFO Correctly loaded the model for the channel machine_nameKuka Robot_power_factor in the path : /content/OurProject/trained_models/telemanom/2024-08-16_14.20.17/models/machine_nameKuka Robot_power_factor.pt
2024-08-29 08:23:32,318 INFO normalized prediction error: 0.21
2024-08-29 08:23:33,061 INFO Metrics for the channel machine_nameKuka Robot_power_factor found n 3 anomalies predicted
Precision: 100.00%
Recall: 50.00%
F1-score: 66.67%
AUROC: 97.73%
AUPRC: 61.31%
2024-08-29 08:23:33,118 INFO Processing Stream # 51: machine_nameKuka Robot_reactive_power , sample-rate : 0.1s, date : 20220811 
2024-08-29 08:23:36,575 INFO Loading the model for the channel machine_nameKuka Robot_reactive_power in the path : /content/OurProject/trained_models/telemanom/2024-08-16_14.20.17/models/machine_nameKuka Robot_reactive_power.pt
2024-08-29 08:23:36,579 INFO Correctly loaded the model for the channel machine_nameKuka Robot_reactive_power in the path : /content/OurProject/trained_models/telemanom/2024-08-16_14.20.17/models/machine_nameKuka Robot_reactive_power.pt
2024-08-29 08:23:41,524 INFO normalized prediction error: 1.44
2024-08-29 08:23:42,339 INFO Metrics for the channel machine_nameKuka Robot_reactive_power found n 0 anomalies predicted
Precision: 0.00%
Recall: 100.00%
F1-score: 0.00%
AUROC: 0.00%
AUPRC: 50.00%
2024-08-29 08:23:42,395 INFO Processing Stream # 52: sensor_id5_Temperature , sample-rate : 0.1s, date : 20220811 
2024-08-29 08:23:44,871 INFO Loading the model for the channel sensor_id5_Temperature in the path : /content/OurProject/trained_models/telemanom/2024-08-16_14.20.17/models/sensor_id5_Temperature.pt
2024-08-29 08:23:44,874 INFO Correctly loaded the model for the channel sensor_id5_Temperature in the path : /content/OurProject/trained_models/telemanom/2024-08-16_14.20.17/models/sensor_id5_Temperature.pt
2024-08-29 08:23:49,953 INFO normalized prediction error: 0.39
2024-08-29 08:23:50,891 INFO Metrics for the channel sensor_id5_Temperature found n 0 anomalies predicted
Precision: 0.00%
Recall: 0.00%
F1-score: 0.00%
AUROC: 0.00%
AUPRC: 0.00%
2024-08-29 08:23:50,947 INFO Processing Stream # 53: machine_nameKuka Robot_phase_angle , sample-rate : 0.1s, date : 20220811 
2024-08-29 08:23:53,553 INFO Loading the model for the channel machine_nameKuka Robot_phase_angle in the path : /content/OurProject/trained_models/telemanom/2024-08-16_14.20.17/models/machine_nameKuka Robot_phase_angle.pt
2024-08-29 08:23:53,557 INFO Correctly loaded the model for the channel machine_nameKuka Robot_phase_angle in the path : /content/OurProject/trained_models/telemanom/2024-08-16_14.20.17/models/machine_nameKuka Robot_phase_angle.pt
2024-08-29 08:23:58,529 INFO normalized prediction error: 0.19
2024-08-29 08:23:59,274 INFO Metrics for the channel machine_nameKuka Robot_phase_angle found n 4 anomalies predicted
Precision: 100.00%
Recall: 100.00%
F1-score: 100.00%
AUROC: 100.00%
AUPRC: 100.00%
2024-08-29 08:23:59,331 INFO Processing Stream # 54: machine_nameKuka Robot_export_reactive_energy , sample-rate : 0.1s, date : 20220811 
2024-08-29 08:24:02,135 INFO Loading the model for the channel machine_nameKuka Robot_export_reactive_energy in the path : /content/OurProject/trained_models/telemanom/2024-08-16_14.20.17/models/machine_nameKuka Robot_export_reactive_energy.pt
2024-08-29 08:24:02,139 INFO Correctly loaded the model for the channel machine_nameKuka Robot_export_reactive_energy in the path : /content/OurProject/trained_models/telemanom/2024-08-16_14.20.17/models/machine_nameKuka Robot_export_reactive_energy.pt
2024-08-29 08:24:06,846 INFO normalized prediction error: nan
2024-08-29 08:24:07,334 INFO Metrics for the channel machine_nameKuka Robot_export_reactive_energy found n 0 anomalies predicted
Precision: 0.00%
Recall: 0.00%
F1-score: 0.00%
AUROC: 0.00%
AUPRC: 0.00%
2024-08-29 08:24:07,393 INFO Processing Stream # 55: sensor_id1_Temperature , sample-rate : 0.1s, date : 20220811 
2024-08-29 08:24:09,900 INFO Loading the model for the channel sensor_id1_Temperature in the path : /content/OurProject/trained_models/telemanom/2024-08-16_14.20.17/models/sensor_id1_Temperature.pt
2024-08-29 08:24:09,904 INFO Correctly loaded the model for the channel sensor_id1_Temperature in the path : /content/OurProject/trained_models/telemanom/2024-08-16_14.20.17/models/sensor_id1_Temperature.pt
2024-08-29 08:24:14,499 INFO normalized prediction error: nan
2024-08-29 08:24:15,303 INFO Metrics for the channel sensor_id1_Temperature found n 0 anomalies predicted
Precision: 0.00%
Recall: 0.00%
F1-score: 0.00%
AUROC: 0.00%
AUPRC: 0.00%
2024-08-29 08:24:15,348 INFO Processing Stream # 56: machine_nameKuka Robot_frequency , sample-rate : 0.1s, date : 20220811 
2024-08-29 08:24:19,069 INFO Loading the model for the channel machine_nameKuka Robot_frequency in the path : /content/OurProject/trained_models/telemanom/2024-08-16_14.20.17/models/machine_nameKuka Robot_frequency.pt
2024-08-29 08:24:19,072 INFO Correctly loaded the model for the channel machine_nameKuka Robot_frequency in the path : /content/OurProject/trained_models/telemanom/2024-08-16_14.20.17/models/machine_nameKuka Robot_frequency.pt
2024-08-29 08:24:23,678 INFO normalized prediction error: nan
2024-08-29 08:24:24,168 INFO Metrics for the channel machine_nameKuka Robot_frequency found n 0 anomalies predicted
Precision: 0.00%
Recall: 0.00%
F1-score: 0.00%
AUROC: 0.00%
AUPRC: 0.00%
2024-08-29 08:24:24,228 INFO Processing Stream # 57: machine_nameKuka Robot_import_active_energy , sample-rate : 0.1s, date : 20220811 
2024-08-29 08:24:26,659 INFO Loading the model for the channel machine_nameKuka Robot_import_active_energy in the path : /content/OurProject/trained_models/telemanom/2024-08-16_14.20.17/models/machine_nameKuka Robot_import_active_energy.pt
2024-08-29 08:24:26,663 INFO Correctly loaded the model for the channel machine_nameKuka Robot_import_active_energy in the path : /content/OurProject/trained_models/telemanom/2024-08-16_14.20.17/models/machine_nameKuka Robot_import_active_energy.pt
2024-08-29 08:24:31,830 INFO normalized prediction error: 30.45
2024-08-29 08:24:32,748 INFO Metrics for the channel machine_nameKuka Robot_import_active_energy found n 0 anomalies predicted
Precision: 0.00%
Recall: 0.00%
F1-score: 0.00%
AUROC: 0.00%
AUPRC: 0.00%
2024-08-29 08:24:32,814 INFO Processing Stream # 58: sensor_id2_Temperature , sample-rate : 0.1s, date : 20220811 
2024-08-29 08:24:35,726 INFO Loading the model for the channel sensor_id2_Temperature in the path : /content/OurProject/trained_models/telemanom/2024-08-16_14.20.17/models/sensor_id2_Temperature.pt
2024-08-29 08:24:35,730 INFO Correctly loaded the model for the channel sensor_id2_Temperature in the path : /content/OurProject/trained_models/telemanom/2024-08-16_14.20.17/models/sensor_id2_Temperature.pt
2024-08-29 08:24:40,356 INFO normalized prediction error: nan
2024-08-29 08:24:40,848 INFO Metrics for the channel sensor_id2_Temperature found n 0 anomalies predicted
Precision: 0.00%
Recall: 0.00%
F1-score: 0.00%
AUROC: 0.00%
AUPRC: 0.00%
2024-08-29 08:24:40,905 INFO Processing Stream # 59: sensor_id4_Temperature , sample-rate : 0.1s, date : 20220811 
2024-08-29 08:24:43,279 INFO Loading the model for the channel sensor_id4_Temperature in the path : /content/OurProject/trained_models/telemanom/2024-08-16_14.20.17/models/sensor_id4_Temperature.pt
2024-08-29 08:24:43,283 INFO Correctly loaded the model for the channel sensor_id4_Temperature in the path : /content/OurProject/trained_models/telemanom/2024-08-16_14.20.17/models/sensor_id4_Temperature.pt
2024-08-29 08:24:48,355 INFO normalized prediction error: 0.34
2024-08-29 08:24:48,956 INFO Metrics for the channel sensor_id4_Temperature found n 1 anomalies predicted
Precision: 0.00%
Recall: 100.00%
F1-score: 0.00%
AUROC: 0.00%
AUPRC: 50.00%
2024-08-29 08:24:49,012 INFO Processing Stream # 60: sensor_id3_Temperature , sample-rate : 0.1s, date : 20220811 
2024-08-29 08:24:51,625 INFO Loading the model for the channel sensor_id3_Temperature in the path : /content/OurProject/trained_models/telemanom/2024-08-16_14.20.17/models/sensor_id3_Temperature.pt
2024-08-29 08:24:51,628 INFO Correctly loaded the model for the channel sensor_id3_Temperature in the path : /content/OurProject/trained_models/telemanom/2024-08-16_14.20.17/models/sensor_id3_Temperature.pt
2024-08-29 08:24:56,645 INFO normalized prediction error: 0.38
2024-08-29 08:24:57,215 INFO Metrics for the channel sensor_id3_Temperature found n 0 anomalies predicted
Precision: 0.00%
Recall: 0.00%
F1-score: 0.00%
AUROC: 0.00%
AUPRC: 0.00%
2024-08-29 08:24:57,272 INFO Processing Stream # 61: machine_nameAbb Robot_voltage , sample-rate : 0.1s, date : 20220811 
2024-08-29 08:25:00,839 INFO Loading the model for the channel machine_nameAbb Robot_voltage in the path : /content/OurProject/trained_models/telemanom/2024-08-16_14.20.17/models/machine_nameAbb Robot_voltage.pt
2024-08-29 08:25:00,844 INFO Correctly loaded the model for the channel machine_nameAbb Robot_voltage in the path : /content/OurProject/trained_models/telemanom/2024-08-16_14.20.17/models/machine_nameAbb Robot_voltage.pt
2024-08-29 08:25:05,832 INFO normalized prediction error: 0.55
2024-08-29 08:25:06,461 INFO Metrics for the channel machine_nameAbb Robot_voltage found n 0 anomalies predicted
Precision: 0.00%
Recall: 0.00%
F1-score: 0.00%
AUROC: 0.00%
AUPRC: 0.00%
2024-08-29 08:25:06,519 INFO Processing Stream # 62: machine_nameAbb Robot_current , sample-rate : 0.1s, date : 20220811 
2024-08-29 08:25:09,052 INFO Loading the model for the channel machine_nameAbb Robot_current in the path : /content/OurProject/trained_models/telemanom/2024-08-16_14.20.17/models/machine_nameAbb Robot_current.pt
2024-08-29 08:25:09,056 INFO Correctly loaded the model for the channel machine_nameAbb Robot_current in the path : /content/OurProject/trained_models/telemanom/2024-08-16_14.20.17/models/machine_nameAbb Robot_current.pt
2024-08-29 08:25:14,062 INFO normalized prediction error: 2.99
2024-08-29 08:25:14,967 INFO Metrics for the channel machine_nameAbb Robot_current found n 0 anomalies predicted
Precision: 0.00%
Recall: 0.00%
F1-score: 0.00%
AUROC: 0.00%
AUPRC: 0.00%
2024-08-29 08:25:15,025 INFO Processing Stream # 63: machine_nameAbb Robot_power , sample-rate : 0.1s, date : 20220811 
2024-08-29 08:25:17,677 INFO Loading the model for the channel machine_nameAbb Robot_power in the path : /content/OurProject/trained_models/telemanom/2024-08-16_14.20.17/models/machine_nameAbb Robot_power.pt
2024-08-29 08:25:17,680 INFO Correctly loaded the model for the channel machine_nameAbb Robot_power in the path : /content/OurProject/trained_models/telemanom/2024-08-16_14.20.17/models/machine_nameAbb Robot_power.pt
2024-08-29 08:25:22,278 INFO normalized prediction error: nan
2024-08-29 08:25:22,791 INFO Metrics for the channel machine_nameAbb Robot_power found n 0 anomalies predicted
Precision: 0.00%
Recall: 0.00%
F1-score: 0.00%
AUROC: 0.00%
AUPRC: 0.00%
2024-08-29 08:25:22,852 INFO Processing Stream # 64: machine_nameAbb Robot_apparent_power , sample-rate : 0.1s, date : 20220811 
2024-08-29 08:25:25,490 INFO Loading the model for the channel machine_nameAbb Robot_apparent_power in the path : /content/OurProject/trained_models/telemanom/2024-08-16_14.20.17/models/machine_nameAbb Robot_apparent_power.pt
2024-08-29 08:25:25,495 INFO Correctly loaded the model for the channel machine_nameAbb Robot_apparent_power in the path : /content/OurProject/trained_models/telemanom/2024-08-16_14.20.17/models/machine_nameAbb Robot_apparent_power.pt
2024-08-29 08:25:30,177 INFO normalized prediction error: nan
2024-08-29 08:25:30,668 INFO Metrics for the channel machine_nameAbb Robot_apparent_power found n 0 anomalies predicted
Precision: 0.00%
Recall: 0.00%
F1-score: 0.00%
AUROC: 0.00%
AUPRC: 0.00%
2024-08-29 08:25:30,725 INFO Processing Stream # 65: machine_nameAbb Robot_reactive_power , sample-rate : 0.1s, date : 20220811 
2024-08-29 08:25:33,228 INFO Loading the model for the channel machine_nameAbb Robot_reactive_power in the path : /content/OurProject/trained_models/telemanom/2024-08-16_14.20.17/models/machine_nameAbb Robot_reactive_power.pt
2024-08-29 08:25:33,231 INFO Correctly loaded the model for the channel machine_nameAbb Robot_reactive_power in the path : /content/OurProject/trained_models/telemanom/2024-08-16_14.20.17/models/machine_nameAbb Robot_reactive_power.pt
2024-08-29 08:25:37,862 INFO normalized prediction error: nan
2024-08-29 08:25:38,351 INFO Metrics for the channel machine_nameAbb Robot_reactive_power found n 0 anomalies predicted
Precision: 0.00%
Recall: 0.00%
F1-score: 0.00%
AUROC: 0.00%
AUPRC: 0.00%
2024-08-29 08:25:38,407 INFO Processing Stream # 66: machine_nameAbb Robot_power_factor , sample-rate : 0.1s, date : 20220811 
2024-08-29 08:25:42,366 INFO Loading the model for the channel machine_nameAbb Robot_power_factor in the path : /content/OurProject/trained_models/telemanom/2024-08-16_14.20.17/models/machine_nameAbb Robot_power_factor.pt
2024-08-29 08:25:42,369 INFO Correctly loaded the model for the channel machine_nameAbb Robot_power_factor in the path : /content/OurProject/trained_models/telemanom/2024-08-16_14.20.17/models/machine_nameAbb Robot_power_factor.pt
2024-08-29 08:25:47,263 INFO normalized prediction error: 2.42
2024-08-29 08:25:47,811 INFO Metrics for the channel machine_nameAbb Robot_power_factor found n 0 anomalies predicted
Precision: 0.00%
Recall: 0.00%
F1-score: 0.00%
AUROC: 0.00%
AUPRC: 0.00%
2024-08-29 08:25:47,869 INFO Processing Stream # 67: machine_nameAbb Robot_frequency , sample-rate : 0.1s, date : 20220811 
2024-08-29 08:25:51,313 INFO Starting calibration for the model ...
2024-08-29 08:26:14,264 INFO Ended calibration for the model ...
2024-08-29 08:26:55,899 INFO Epoch 0, Loss: 6.869036674499512
2024-08-29 08:28:18,934 INFO Epoch 2, Loss: 4.167797565460205
2024-08-29 08:29:41,986 INFO Epoch 4, Loss: 3.6450719833374023
2024-08-29 08:31:05,203 INFO Epoch 6, Loss: 3.71887469291687
2024-08-29 08:32:28,209 INFO Epoch 8, Loss: 5.968242168426514
2024-08-29 08:33:51,226 INFO Epoch 10, Loss: 8.409625053405762
2024-08-29 08:35:14,356 INFO Epoch 12, Loss: 4.494357109069824
2024-08-29 08:36:37,356 INFO Early stopping triggered at epoch 14
2024-08-29 08:36:42,270 INFO normalized prediction error: 1.92
2024-08-29 08:36:42,859 INFO Metrics for the channel machine_nameAbb Robot_frequency found n 0 anomalies predicted
Precision: 0.00%
Recall: 0.00%
F1-score: 0.00%
AUROC: 0.00%
AUPRC: 0.00%
2024-08-29 08:36:53,464 INFO Graphical output saved on path : /content/OurProject/trained_models/telemanom/2024-08-16_14.20.17/plot_predictions/0.1s/machine_nameAbb Robot_frequency.pdf
2024-08-29 08:36:53,566 INFO Processing Stream # 68: machine_nameAbb Robot_phase_angle , sample-rate : 0.1s, date : 20220811 
2024-08-29 08:36:56,170 INFO Starting calibration for the model ...
2024-08-29 08:37:18,264 INFO Ended calibration for the model ...
2024-08-29 08:37:59,636 INFO Epoch 0, Loss: 1014.1346435546875
2024-08-29 08:39:21,637 INFO Epoch 2, Loss: 527.3602905273438
2024-08-29 08:40:43,757 INFO Epoch 4, Loss: 509.16802978515625
2024-08-29 08:42:05,553 INFO Epoch 6, Loss: nan
2024-08-29 08:43:20,624 INFO Epoch 8, Loss: nan
2024-08-29 08:44:35,579 INFO Epoch 10, Loss: nan
2024-08-29 08:45:50,483 INFO Epoch 12, Loss: nan
2024-08-29 08:46:27,908 INFO Early stopping triggered at epoch 13
2024-08-29 08:46:32,472 INFO normalized prediction error: nan
2024-08-29 08:46:32,990 INFO Metrics for the channel machine_nameAbb Robot_phase_angle found n 0 anomalies predicted
Precision: 0.00%
Recall: 0.00%
F1-score: 0.00%
AUROC: 0.00%
AUPRC: 0.00%
2024-08-29 08:46:43,234 INFO Graphical output saved on path : /content/OurProject/trained_models/telemanom/2024-08-16_14.20.17/plot_predictions/0.1s/machine_nameAbb Robot_phase_angle.pdf
2024-08-29 08:46:43,316 INFO Processing Stream # 69: machine_nameAbb Robot_import_active_energy , sample-rate : 0.1s, date : 20220811 
2024-08-29 08:46:46,052 INFO Starting calibration for the model ...
2024-08-29 08:47:07,905 INFO Ended calibration for the model ...
2024-08-29 08:47:49,448 INFO Epoch 0, Loss: 5865.61572265625
2024-08-29 08:49:11,342 INFO Epoch 2, Loss: 2509.366455078125
2024-08-29 08:50:32,710 INFO Epoch 4, Loss: 5250.93603515625
2024-08-29 08:51:54,805 INFO Epoch 6, Loss: 3607.992431640625
2024-08-29 08:53:16,941 INFO Epoch 8, Loss: 3428.463134765625
2024-08-29 08:54:38,424 INFO Epoch 10, Loss: 3438.26611328125
2024-08-29 08:56:00,589 INFO Early stopping triggered at epoch 12
2024-08-29 08:56:05,469 INFO normalized prediction error: 2.13
2024-08-29 08:56:06,328 INFO Metrics for the channel machine_nameAbb Robot_import_active_energy found n 0 anomalies predicted
Precision: 0.00%
Recall: 0.00%
F1-score: 0.00%
AUROC: 0.00%
AUPRC: 0.00%
2024-08-29 08:56:16,033 INFO Graphical output saved on path : /content/OurProject/trained_models/telemanom/2024-08-16_14.20.17/plot_predictions/0.1s/machine_nameAbb Robot_import_active_energy.pdf
2024-08-29 08:56:16,127 INFO Processing Stream # 70: machine_nameAbb Robot_export_reactive_energy , sample-rate : 0.1s, date : 20220811 
2024-08-29 08:56:19,045 INFO Starting calibration for the model ...
2024-08-29 08:56:40,988 INFO Ended calibration for the model ...
2024-08-29 08:57:22,329 INFO Epoch 0, Loss: 2109.209228515625
2024-08-29 08:58:44,182 INFO Epoch 2, Loss: 1792.24951171875
2024-08-29 09:00:05,977 INFO Epoch 4, Loss: 736.0996704101562
2024-08-29 09:01:27,945 INFO Epoch 6, Loss: 554.4535522460938
2024-08-29 09:02:50,428 INFO Epoch 8, Loss: 718.2235107421875
2024-08-29 09:04:12,753 INFO Epoch 10, Loss: 601.7533569335938
2024-08-29 09:05:35,119 INFO Epoch 12, Loss: 367.4849853515625
2024-08-29 09:06:57,644 INFO Epoch 14, Loss: 454.84661865234375
2024-08-29 09:08:20,354 INFO Epoch 16, Loss: 436.5865173339844
2024-08-29 09:09:42,159 INFO Epoch 18, Loss: 1051.6282958984375
2024-08-29 09:09:46,985 INFO normalized prediction error: 23.72
2024-08-29 09:09:47,860 INFO Metrics for the channel machine_nameAbb Robot_export_reactive_energy found n 0 anomalies predicted
Precision: 0.00%
Recall: 0.00%
F1-score: 0.00%
AUROC: 0.00%
AUPRC: 0.00%
2024-08-29 09:09:57,838 INFO Graphical output saved on path : /content/OurProject/trained_models/telemanom/2024-08-16_14.20.17/plot_predictions/0.1s/machine_nameAbb Robot_export_reactive_energy.pdf
2024-08-29 09:09:58,116 INFO Applying pruning with dynamic threshold computed : 3.0612651304738794
2024-08-29 09:09:58,117 INFO Final Prediction for sample_rate 0.1s final list anomalies found : [{'start_idx': 10489, 'end_idx': 10539, 'score': 4.893288674423731}, {'start_idx': 10574, 'end_idx': 10603, 'score': 4.866371077287235}, {'start_idx': 10604, 'end_idx': 10627, 'score': 3.6430911165967945}, {'start_idx': 10749, 'end_idx': 10784, 'score': 3.298435670145335}, {'start_idx': 11014, 'end_idx': 11051, 'score': 3.8098194274424997}, {'start_idx': 11104, 'end_idx': 11115, 'score': 3.4205172164112403}, {'start_idx': 15020, 'end_idx': 15068, 'score': 3.378753397050247}, {'start_idx': 15198, 'end_idx': 15211, 'score': 3.9637068112795824}, {'start_idx': 15212, 'end_idx': 15252, 'score': 3.349085035796779}, {'start_idx': 15391, 'end_idx': 15403, 'score': 3.4493123279001727}, {'start_idx': 15404, 'end_idx': 15433, 'score': 3.0758896866208167}, {'start_idx': 15508, 'end_idx': 15531, 'score': 3.1022918269570923}, {'start_idx': 15617, 'end_idx': 15659, 'score': 3.5748231618514708}]
2024-08-29 09:09:58,276 INFO Final Metrics for sample rate 0.1s with 70 different channels
Precision: 38.67%
Recall: 50.00%
F1-score: 57.14%
AUROC: 66.62%
AUPRC: 36.67%

2024-08-29 09:10:08,151 INFO Graphical output saved on path : /content/OurProject/trained_models/telemanom/2024-08-16_14.20.17/plot_predictions/final_anomalies_prediction_sample_rate_0.1s.pdf
