2024-07-19 18:00:34,582 INFO #### Configuration Details ####
path_to_config = config.yaml
logger = <Logger telemanom (INFO)>
train = True
predict = True
batch_size = 64
window_size = 15
smoothing_perc = 0.05
error_buffer = 15
loss_metric = mse
optimizer = adam
activation = leakyReLu
validation_split = 0.2
dropout = 0.2
lstm_batch_size = 64
weight_decay = 0.01
learning_rate = 0.05
epochs = 20
layer_LSTM = 2
layers = [80, 80]
patience = 10
min_delta = 0.0003
l_s = 300
n_predictions = 2
p = 0.15
run_id = 2024-07-18_20.57.21
config_path = config.yaml
sample_rate = ['0.1s']
save_on_drive = True
skip_graphics = False
verbose = False
treshold = True
dataset_path = ../../dataset/Kuka_v1/
Please for more info about the model and the configuration see : data/2024-07-18_20.57.21/info_model/info_model.txt
####End of Configuration Details ####

2024-07-19 18:00:34,583 INFO Processing date: 20220811, rate: 0.1s
2024-07-19 18:00:34,584 INFO Processing Stream # 1: sensor_id2_AccX , sample-rate : 0.1s, date : 20220811 
2024-07-19 18:00:38,864 INFO Loading the model for the channel sensor_id2_AccX in the path : data/2024-07-18_20.57.21/models/sensor_id2_AccX.pt
2024-07-19 18:00:38,885 INFO Correctly loaded the model for the channel sensor_id2_AccX in the path : data/2024-07-18_20.57.21/models/sensor_id2_AccX.pt
