2024-08-16 10:50:40,414 INFO Starting Anomaly Detector Analysis...
2024-08-16 10:50:40,414 INFO #### Configuration Details ####
train = True
predict = True
batch_size = 64
window_size = 20
smoothing_perc = 0.05
error_buffer = 10
loss_metric = mse
optimizer = adam
activation = leakyReLu
validation_split = 0.2
dropout = 0.2
lstm_batch_size = 64
weight_decay = 0.01
learning_rate = 0.01
epochs = 20
layer_LSTM = 3
layers = [100, 100]
patience = 10
min_delta = 0.0003
l_s = 350
n_predictions = 2
p = 0.75
config_path = Models/telemanom/config.yaml
run_id = 2024-07-30_22.17.34
sample_rate = ['0.1s']
save_on_drive = True
skip_graphics = False
verbose = False
threshold = True
dataset_path = kuka_dataset
Please for more info about the model and the configuration see : /content/OurProject/trained_models/telemanom/2024-07-30_22.17.34/info_model/info_model.txt
####End of Configuration Details ####

2024-08-16 10:50:40,414 INFO Processing date: 20220811, rate: 0.1s
2024-08-16 10:50:40,414 INFO Processing Stream # 1: sensor_id5_AccX , sample-rate : 0.1s, date : 20220811 
2024-08-16 10:50:43,329 INFO Loading the model for the channel sensor_id5_AccX in the path : /content/OurProject/trained_models/telemanom/2024-07-30_22.17.34/models/sensor_id5_AccX.pt
2024-08-16 10:50:43,699 INFO Correctly loaded the model for the channel sensor_id5_AccX in the path : /content/OurProject/trained_models/telemanom/2024-07-30_22.17.34/models/sensor_id5_AccX.pt
2024-08-16 10:50:48,316 INFO normalized prediction error: 0.04
2024-08-16 10:50:49,206 INFO Metrics for the channel sensor_id5_AccX found n 0 anomalies predicted
Precision: 0.00%
Recall: 100.00%
F1-score: 0.00%
AUROC: 0.00%
AUPRC: 50.00%
2024-08-16 10:50:49,322 INFO Processing Stream # 2: sensor_id1_AccX , sample-rate : 0.1s, date : 20220811 
2024-08-16 10:50:53,773 INFO Loading the model for the channel sensor_id1_AccX in the path : /content/OurProject/trained_models/telemanom/2024-07-30_22.17.34/models/sensor_id1_AccX.pt
2024-08-16 10:50:53,777 INFO Correctly loaded the model for the channel sensor_id1_AccX in the path : /content/OurProject/trained_models/telemanom/2024-07-30_22.17.34/models/sensor_id1_AccX.pt
2024-08-16 10:50:58,035 INFO normalized prediction error: 0.01
2024-08-16 10:50:58,836 INFO Metrics for the channel sensor_id1_AccX found n 0 anomalies predicted
Precision: 0.00%
Recall: 0.00%
F1-score: 0.00%
AUROC: 0.00%
AUPRC: 0.00%
2024-08-16 10:50:58,953 INFO Processing Stream # 3: sensor_id2_AccX , sample-rate : 0.1s, date : 20220811 
2024-08-16 10:51:02,232 INFO Loading the model for the channel sensor_id2_AccX in the path : /content/OurProject/trained_models/telemanom/2024-07-30_22.17.34/models/sensor_id2_AccX.pt
2024-08-16 10:51:02,235 INFO Correctly loaded the model for the channel sensor_id2_AccX in the path : /content/OurProject/trained_models/telemanom/2024-07-30_22.17.34/models/sensor_id2_AccX.pt
2024-08-16 10:51:06,576 INFO normalized prediction error: 0.00
2024-08-16 10:51:08,232 INFO Metrics for the channel sensor_id2_AccX found n 7 anomalies predicted
Precision: 28.57%
Recall: 100.00%
F1-score: 44.44%
AUROC: 96.82%
AUPRC: 19.64%
2024-08-16 10:51:08,355 INFO Processing Stream # 4: machine_nameKuka Robot_voltage , sample-rate : 0.1s, date : 20220811 
2024-08-16 10:51:11,523 INFO Loading the model for the channel machine_nameKuka Robot_voltage in the path : /content/OurProject/trained_models/telemanom/2024-07-30_22.17.34/models/machine_nameKuka Robot_voltage.pt
2024-08-16 10:51:11,526 INFO Correctly loaded the model for the channel machine_nameKuka Robot_voltage in the path : /content/OurProject/trained_models/telemanom/2024-07-30_22.17.34/models/machine_nameKuka Robot_voltage.pt
2024-08-16 10:51:15,774 INFO normalized prediction error: 0.15
2024-08-16 10:51:16,533 INFO Metrics for the channel machine_nameKuka Robot_voltage found n 0 anomalies predicted
Precision: 100.00%
Recall: 100.00%
F1-score: 100.00%
AUROC: 100.00%
AUPRC: 100.00%
2024-08-16 10:51:16,647 INFO Processing Stream # 5: sensor_id4_AccX , sample-rate : 0.1s, date : 20220811 
2024-08-16 10:51:20,574 INFO Loading the model for the channel sensor_id4_AccX in the path : /content/OurProject/trained_models/telemanom/2024-07-30_22.17.34/models/sensor_id4_AccX.pt
2024-08-16 10:51:20,579 INFO Correctly loaded the model for the channel sensor_id4_AccX in the path : /content/OurProject/trained_models/telemanom/2024-07-30_22.17.34/models/sensor_id4_AccX.pt
2024-08-16 10:51:25,001 INFO normalized prediction error: 0.05
2024-08-16 10:51:25,900 INFO Metrics for the channel sensor_id4_AccX found n 0 anomalies predicted
Precision: 0.00%
Recall: 0.00%
F1-score: 0.00%
AUROC: 0.00%
AUPRC: 0.00%
2024-08-16 10:51:26,019 INFO Processing Stream # 6: sensor_id3_AccX , sample-rate : 0.1s, date : 20220811 
2024-08-16 10:51:28,983 INFO Loading the model for the channel sensor_id3_AccX in the path : /content/OurProject/trained_models/telemanom/2024-07-30_22.17.34/models/sensor_id3_AccX.pt
2024-08-16 10:51:28,986 INFO Correctly loaded the model for the channel sensor_id3_AccX in the path : /content/OurProject/trained_models/telemanom/2024-07-30_22.17.34/models/sensor_id3_AccX.pt
2024-08-16 10:51:33,342 INFO normalized prediction error: 0.36
2024-08-16 10:51:34,369 INFO Metrics for the channel sensor_id3_AccX found n 0 anomalies predicted
Precision: 0.00%
Recall: 0.00%
F1-score: 0.00%
AUROC: 0.00%
AUPRC: 0.00%
2024-08-16 10:51:34,470 INFO Processing Stream # 7: sensor_id5_AccY , sample-rate : 0.1s, date : 20220811 
2024-08-16 10:51:38,711 INFO Loading the model for the channel sensor_id5_AccY in the path : /content/OurProject/trained_models/telemanom/2024-07-30_22.17.34/models/sensor_id5_AccY.pt
2024-08-16 10:51:38,715 INFO Correctly loaded the model for the channel sensor_id5_AccY in the path : /content/OurProject/trained_models/telemanom/2024-07-30_22.17.34/models/sensor_id5_AccY.pt
2024-08-16 10:51:43,006 INFO normalized prediction error: 0.03
2024-08-16 10:51:43,999 INFO Metrics for the channel sensor_id5_AccY found n 0 anomalies predicted
Precision: 0.00%
Recall: 0.00%
F1-score: 0.00%
AUROC: 0.00%
AUPRC: 0.00%
2024-08-16 10:51:44,115 INFO Processing Stream # 8: sensor_id1_AccY , sample-rate : 0.1s, date : 20220811 
2024-08-16 10:51:47,115 INFO Loading the model for the channel sensor_id1_AccY in the path : /content/OurProject/trained_models/telemanom/2024-07-30_22.17.34/models/sensor_id1_AccY.pt
2024-08-16 10:51:47,117 INFO Correctly loaded the model for the channel sensor_id1_AccY in the path : /content/OurProject/trained_models/telemanom/2024-07-30_22.17.34/models/sensor_id1_AccY.pt
2024-08-16 10:51:51,701 INFO normalized prediction error: 0.25
2024-08-16 10:51:52,308 INFO Metrics for the channel sensor_id1_AccY found n 0 anomalies predicted
Precision: 0.00%
Recall: 0.00%
F1-score: 0.00%
AUROC: 0.00%
AUPRC: 0.00%
2024-08-16 10:51:52,421 INFO Processing Stream # 9: sensor_id2_AccY , sample-rate : 0.1s, date : 20220811 
2024-08-16 10:51:55,667 INFO Loading the model for the channel sensor_id2_AccY in the path : /content/OurProject/trained_models/telemanom/2024-07-30_22.17.34/models/sensor_id2_AccY.pt
2024-08-16 10:51:55,672 INFO Correctly loaded the model for the channel sensor_id2_AccY in the path : /content/OurProject/trained_models/telemanom/2024-07-30_22.17.34/models/sensor_id2_AccY.pt
2024-08-16 10:52:00,075 INFO normalized prediction error: 0.05
2024-08-16 10:52:01,015 INFO Metrics for the channel sensor_id2_AccY found n 0 anomalies predicted
Precision: 50.00%
Recall: 100.00%
F1-score: 66.67%
AUROC: 99.07%
AUPRC: 25.00%
2024-08-16 10:52:01,145 INFO Processing Stream # 10: sensor_id4_AccY , sample-rate : 0.1s, date : 20220811 
2024-08-16 10:52:05,567 INFO Loading the model for the channel sensor_id4_AccY in the path : /content/OurProject/trained_models/telemanom/2024-07-30_22.17.34/models/sensor_id4_AccY.pt
2024-08-16 10:52:05,571 INFO Correctly loaded the model for the channel sensor_id4_AccY in the path : /content/OurProject/trained_models/telemanom/2024-07-30_22.17.34/models/sensor_id4_AccY.pt
2024-08-16 10:52:10,003 INFO normalized prediction error: 0.12
2024-08-16 10:52:10,740 INFO Metrics for the channel sensor_id4_AccY found n 0 anomalies predicted
Precision: 0.00%
Recall: 0.00%
F1-score: 0.00%
AUROC: 0.00%
AUPRC: 0.00%
2024-08-16 10:52:10,857 INFO Processing Stream # 11: sensor_id3_AccY , sample-rate : 0.1s, date : 20220811 
2024-08-16 10:52:13,930 INFO Loading the model for the channel sensor_id3_AccY in the path : /content/OurProject/trained_models/telemanom/2024-07-30_22.17.34/models/sensor_id3_AccY.pt
2024-08-16 10:52:13,933 INFO Correctly loaded the model for the channel sensor_id3_AccY in the path : /content/OurProject/trained_models/telemanom/2024-07-30_22.17.34/models/sensor_id3_AccY.pt
2024-08-16 10:52:18,447 INFO normalized prediction error: 0.32
2024-08-16 10:52:19,457 INFO Metrics for the channel sensor_id3_AccY found n 0 anomalies predicted
Precision: 0.00%
Recall: 0.00%
F1-score: 0.00%
AUROC: 0.00%
AUPRC: 0.00%
2024-08-16 10:52:19,567 INFO Processing Stream # 12: sensor_id5_AccZ , sample-rate : 0.1s, date : 20220811 
2024-08-16 10:52:22,916 INFO Loading the model for the channel sensor_id5_AccZ in the path : /content/OurProject/trained_models/telemanom/2024-07-30_22.17.34/models/sensor_id5_AccZ.pt
2024-08-16 10:52:22,918 INFO Correctly loaded the model for the channel sensor_id5_AccZ in the path : /content/OurProject/trained_models/telemanom/2024-07-30_22.17.34/models/sensor_id5_AccZ.pt
2024-08-16 10:52:27,336 INFO normalized prediction error: 0.02
2024-08-16 10:52:28,282 INFO Metrics for the channel sensor_id5_AccZ found n 0 anomalies predicted
Precision: 0.00%
Recall: 0.00%
F1-score: 0.00%
AUROC: 0.00%
AUPRC: 0.00%
2024-08-16 10:52:28,403 INFO Processing Stream # 13: sensor_id1_AccZ , sample-rate : 0.1s, date : 20220811 
2024-08-16 10:52:32,226 INFO Loading the model for the channel sensor_id1_AccZ in the path : /content/OurProject/trained_models/telemanom/2024-07-30_22.17.34/models/sensor_id1_AccZ.pt
2024-08-16 10:52:32,230 INFO Correctly loaded the model for the channel sensor_id1_AccZ in the path : /content/OurProject/trained_models/telemanom/2024-07-30_22.17.34/models/sensor_id1_AccZ.pt
2024-08-16 10:52:36,772 INFO normalized prediction error: 0.02
2024-08-16 10:52:37,740 INFO Metrics for the channel sensor_id1_AccZ found n 0 anomalies predicted
Precision: 0.00%
Recall: 0.00%
F1-score: 0.00%
AUROC: 0.00%
AUPRC: 0.00%
2024-08-16 10:52:37,866 INFO Processing Stream # 14: sensor_id4_AccZ , sample-rate : 0.1s, date : 20220811 
2024-08-16 10:52:41,084 INFO Loading the model for the channel sensor_id4_AccZ in the path : /content/OurProject/trained_models/telemanom/2024-07-30_22.17.34/models/sensor_id4_AccZ.pt
2024-08-16 10:52:41,087 INFO Correctly loaded the model for the channel sensor_id4_AccZ in the path : /content/OurProject/trained_models/telemanom/2024-07-30_22.17.34/models/sensor_id4_AccZ.pt
2024-08-16 10:52:45,600 INFO normalized prediction error: 0.00
2024-08-16 10:52:47,080 INFO Metrics for the channel sensor_id4_AccZ found n 3 anomalies predicted
Precision: 0.00%
Recall: 100.00%
F1-score: 0.00%
AUROC: 0.00%
AUPRC: 50.00%
2024-08-16 10:52:47,185 INFO Processing Stream # 15: sensor_id2_AccZ , sample-rate : 0.1s, date : 20220811 
2024-08-16 10:52:50,585 INFO Loading the model for the channel sensor_id2_AccZ in the path : /content/OurProject/trained_models/telemanom/2024-07-30_22.17.34/models/sensor_id2_AccZ.pt
2024-08-16 10:52:50,588 INFO Correctly loaded the model for the channel sensor_id2_AccZ in the path : /content/OurProject/trained_models/telemanom/2024-07-30_22.17.34/models/sensor_id2_AccZ.pt
2024-08-16 10:52:55,084 INFO normalized prediction error: 0.05
2024-08-16 10:52:55,993 INFO Metrics for the channel sensor_id2_AccZ found n 0 anomalies predicted
Precision: 0.00%
Recall: 0.00%
F1-score: 0.00%
AUROC: 0.00%
AUPRC: 0.00%
2024-08-16 10:52:56,107 INFO Processing Stream # 16: sensor_id3_AccZ , sample-rate : 0.1s, date : 20220811 
2024-08-16 10:52:59,723 INFO Loading the model for the channel sensor_id3_AccZ in the path : /content/OurProject/trained_models/telemanom/2024-07-30_22.17.34/models/sensor_id3_AccZ.pt
2024-08-16 10:52:59,728 INFO Correctly loaded the model for the channel sensor_id3_AccZ in the path : /content/OurProject/trained_models/telemanom/2024-07-30_22.17.34/models/sensor_id3_AccZ.pt
2024-08-16 10:53:04,652 INFO normalized prediction error: 0.00
2024-08-16 10:53:06,228 INFO Metrics for the channel sensor_id3_AccZ found n 6 anomalies predicted
Precision: 50.00%
Recall: 100.00%
F1-score: 66.67%
AUROC: 98.17%
AUPRC: 37.22%
2024-08-16 10:53:06,344 INFO Processing Stream # 17: machine_nameKuka Robot_current , sample-rate : 0.1s, date : 20220811 
2024-08-16 10:53:09,259 INFO Loading the model for the channel machine_nameKuka Robot_current in the path : /content/OurProject/trained_models/telemanom/2024-07-30_22.17.34/models/machine_nameKuka Robot_current.pt
2024-08-16 10:53:09,262 INFO Correctly loaded the model for the channel machine_nameKuka Robot_current in the path : /content/OurProject/trained_models/telemanom/2024-07-30_22.17.34/models/machine_nameKuka Robot_current.pt
2024-08-16 10:53:13,641 INFO normalized prediction error: 0.18
2024-08-16 10:53:14,439 INFO Metrics for the channel machine_nameKuka Robot_current found n 0 anomalies predicted
Precision: 0.00%
Recall: 100.00%
F1-score: 0.00%
AUROC: 0.00%
AUPRC: 50.00%
2024-08-16 10:53:14,552 INFO Processing Stream # 18: machine_nameKuka Robot_power , sample-rate : 0.1s, date : 20220811 
2024-08-16 10:53:19,101 INFO Loading the model for the channel machine_nameKuka Robot_power in the path : /content/OurProject/trained_models/telemanom/2024-07-30_22.17.34/models/machine_nameKuka Robot_power.pt
2024-08-16 10:53:19,105 INFO Correctly loaded the model for the channel machine_nameKuka Robot_power in the path : /content/OurProject/trained_models/telemanom/2024-07-30_22.17.34/models/machine_nameKuka Robot_power.pt
2024-08-16 10:53:23,642 INFO normalized prediction error: 0.19
2024-08-16 10:53:24,395 INFO Metrics for the channel machine_nameKuka Robot_power found n 0 anomalies predicted
Precision: 0.00%
Recall: 0.00%
F1-score: 0.00%
AUROC: 0.00%
AUPRC: 0.00%
2024-08-16 10:53:24,504 INFO Processing Stream # 19: sensor_id4_AngX , sample-rate : 0.1s, date : 20220811 
2024-08-16 10:53:27,401 INFO Loading the model for the channel sensor_id4_AngX in the path : /content/OurProject/trained_models/telemanom/2024-07-30_22.17.34/models/sensor_id4_AngX.pt
2024-08-16 10:53:27,404 INFO Correctly loaded the model for the channel sensor_id4_AngX in the path : /content/OurProject/trained_models/telemanom/2024-07-30_22.17.34/models/sensor_id4_AngX.pt
2024-08-16 10:53:32,064 INFO normalized prediction error: 0.32
2024-08-16 10:53:33,342 INFO Metrics for the channel sensor_id4_AngX found n 0 anomalies predicted
Precision: 0.00%
Recall: 100.00%
F1-score: 0.00%
AUROC: 0.00%
AUPRC: 50.00%
2024-08-16 10:53:33,444 INFO Processing Stream # 20: sensor_id2_AngX , sample-rate : 0.1s, date : 20220811 
2024-08-16 10:53:36,678 INFO Loading the model for the channel sensor_id2_AngX in the path : /content/OurProject/trained_models/telemanom/2024-07-30_22.17.34/models/sensor_id2_AngX.pt
2024-08-16 10:53:36,680 INFO Correctly loaded the model for the channel sensor_id2_AngX in the path : /content/OurProject/trained_models/telemanom/2024-07-30_22.17.34/models/sensor_id2_AngX.pt
2024-08-16 10:53:41,235 INFO normalized prediction error: 0.04
2024-08-16 10:53:42,185 INFO Metrics for the channel sensor_id2_AngX found n 0 anomalies predicted
Precision: 0.00%
Recall: 100.00%
F1-score: 0.00%
AUROC: 0.00%
AUPRC: 50.00%
2024-08-16 10:53:42,295 INFO Processing Stream # 21: sensor_id1_AngX , sample-rate : 0.1s, date : 20220811 
2024-08-16 10:53:46,168 INFO Loading the model for the channel sensor_id1_AngX in the path : /content/OurProject/trained_models/telemanom/2024-07-30_22.17.34/models/sensor_id1_AngX.pt
2024-08-16 10:53:46,172 INFO Correctly loaded the model for the channel sensor_id1_AngX in the path : /content/OurProject/trained_models/telemanom/2024-07-30_22.17.34/models/sensor_id1_AngX.pt
2024-08-16 10:53:50,822 INFO normalized prediction error: 0.05
2024-08-16 10:53:51,752 INFO Metrics for the channel sensor_id1_AngX found n 0 anomalies predicted
Precision: 0.00%
Recall: 0.00%
F1-score: 0.00%
AUROC: 0.00%
AUPRC: 0.00%
2024-08-16 10:53:51,864 INFO Processing Stream # 22: sensor_id5_AngX , sample-rate : 0.1s, date : 20220811 
2024-08-16 10:53:55,017 INFO Loading the model for the channel sensor_id5_AngX in the path : /content/OurProject/trained_models/telemanom/2024-07-30_22.17.34/models/sensor_id5_AngX.pt
2024-08-16 10:53:55,020 INFO Correctly loaded the model for the channel sensor_id5_AngX in the path : /content/OurProject/trained_models/telemanom/2024-07-30_22.17.34/models/sensor_id5_AngX.pt
2024-08-16 10:53:59,649 INFO normalized prediction error: 0.15
2024-08-16 10:54:00,738 INFO Metrics for the channel sensor_id5_AngX found n 0 anomalies predicted
Precision: 0.00%
Recall: 100.00%
F1-score: 0.00%
AUROC: 0.00%
AUPRC: 50.00%
2024-08-16 10:54:00,837 INFO Processing Stream # 23: sensor_id3_AngX , sample-rate : 0.1s, date : 20220811 
2024-08-16 10:54:03,957 INFO Loading the model for the channel sensor_id3_AngX in the path : /content/OurProject/trained_models/telemanom/2024-07-30_22.17.34/models/sensor_id3_AngX.pt
2024-08-16 10:54:03,960 INFO Correctly loaded the model for the channel sensor_id3_AngX in the path : /content/OurProject/trained_models/telemanom/2024-07-30_22.17.34/models/sensor_id3_AngX.pt
2024-08-16 10:54:08,420 INFO normalized prediction error: 0.13
2024-08-16 10:54:09,312 INFO Metrics for the channel sensor_id3_AngX found n 0 anomalies predicted
Precision: 0.00%
Recall: 100.00%
F1-score: 0.00%
AUROC: 0.00%
AUPRC: 50.00%
2024-08-16 10:54:09,431 INFO Processing Stream # 24: sensor_id2_AngY , sample-rate : 0.1s, date : 20220811 
2024-08-16 10:54:12,557 INFO Loading the model for the channel sensor_id2_AngY in the path : /content/OurProject/trained_models/telemanom/2024-07-30_22.17.34/models/sensor_id2_AngY.pt
2024-08-16 10:54:12,560 INFO Correctly loaded the model for the channel sensor_id2_AngY in the path : /content/OurProject/trained_models/telemanom/2024-07-30_22.17.34/models/sensor_id2_AngY.pt
2024-08-16 10:54:17,177 INFO normalized prediction error: 0.27
2024-08-16 10:54:17,859 INFO Metrics for the channel sensor_id2_AngY found n 0 anomalies predicted
Precision: 0.00%
Recall: 0.00%
F1-score: 0.00%
AUROC: 0.00%
AUPRC: 0.00%
2024-08-16 10:54:17,968 INFO Processing Stream # 25: sensor_id4_AngY , sample-rate : 0.1s, date : 20220811 
2024-08-16 10:54:20,975 INFO Loading the model for the channel sensor_id4_AngY in the path : /content/OurProject/trained_models/telemanom/2024-07-30_22.17.34/models/sensor_id4_AngY.pt
2024-08-16 10:54:20,978 INFO Correctly loaded the model for the channel sensor_id4_AngY in the path : /content/OurProject/trained_models/telemanom/2024-07-30_22.17.34/models/sensor_id4_AngY.pt
2024-08-16 10:54:25,454 INFO normalized prediction error: 0.18
2024-08-16 10:54:26,332 INFO Metrics for the channel sensor_id4_AngY found n 0 anomalies predicted
Precision: 0.00%
Recall: 0.00%
F1-score: 0.00%
AUROC: 0.00%
AUPRC: 0.00%
2024-08-16 10:54:26,431 INFO Processing Stream # 26: sensor_id1_AngY , sample-rate : 0.1s, date : 20220811 
2024-08-16 10:54:30,374 INFO Loading the model for the channel sensor_id1_AngY in the path : /content/OurProject/trained_models/telemanom/2024-07-30_22.17.34/models/sensor_id1_AngY.pt
2024-08-16 10:54:30,377 INFO Correctly loaded the model for the channel sensor_id1_AngY in the path : /content/OurProject/trained_models/telemanom/2024-07-30_22.17.34/models/sensor_id1_AngY.pt
2024-08-16 10:54:34,850 INFO normalized prediction error: 0.04
2024-08-16 10:54:35,770 INFO Metrics for the channel sensor_id1_AngY found n 0 anomalies predicted
Precision: 0.00%
Recall: 0.00%
F1-score: 0.00%
AUROC: 0.00%
AUPRC: 0.00%
2024-08-16 10:54:35,879 INFO Processing Stream # 27: sensor_id5_AngY , sample-rate : 0.1s, date : 20220811 
2024-08-16 10:54:38,986 INFO Loading the model for the channel sensor_id5_AngY in the path : /content/OurProject/trained_models/telemanom/2024-07-30_22.17.34/models/sensor_id5_AngY.pt
2024-08-16 10:54:38,989 INFO Correctly loaded the model for the channel sensor_id5_AngY in the path : /content/OurProject/trained_models/telemanom/2024-07-30_22.17.34/models/sensor_id5_AngY.pt
2024-08-16 10:54:43,624 INFO normalized prediction error: 0.26
2024-08-16 10:54:44,209 INFO Metrics for the channel sensor_id5_AngY found n 0 anomalies predicted
Precision: 0.00%
Recall: 0.00%
F1-score: 0.00%
AUROC: 0.00%
AUPRC: 0.00%
2024-08-16 10:54:44,318 INFO Processing Stream # 28: sensor_id4_AngZ , sample-rate : 0.1s, date : 20220811 
2024-08-16 10:54:47,139 INFO Loading the model for the channel sensor_id4_AngZ in the path : /content/OurProject/trained_models/telemanom/2024-07-30_22.17.34/models/sensor_id4_AngZ.pt
2024-08-16 10:54:47,141 INFO Correctly loaded the model for the channel sensor_id4_AngZ in the path : /content/OurProject/trained_models/telemanom/2024-07-30_22.17.34/models/sensor_id4_AngZ.pt
2024-08-16 10:54:51,638 INFO normalized prediction error: 0.16
2024-08-16 10:54:52,269 INFO Metrics for the channel sensor_id4_AngZ found n 0 anomalies predicted
Precision: 0.00%
Recall: 0.00%
F1-score: 0.00%
AUROC: 0.00%
AUPRC: 0.00%
2024-08-16 10:54:52,373 INFO Processing Stream # 29: sensor_id2_AngZ , sample-rate : 0.1s, date : 20220811 
2024-08-16 10:54:56,455 INFO Loading the model for the channel sensor_id2_AngZ in the path : /content/OurProject/trained_models/telemanom/2024-07-30_22.17.34/models/sensor_id2_AngZ.pt
2024-08-16 10:54:56,458 INFO Correctly loaded the model for the channel sensor_id2_AngZ in the path : /content/OurProject/trained_models/telemanom/2024-07-30_22.17.34/models/sensor_id2_AngZ.pt
2024-08-16 10:55:00,974 INFO normalized prediction error: 0.25
2024-08-16 10:55:01,620 INFO Metrics for the channel sensor_id2_AngZ found n 0 anomalies predicted
Precision: 0.00%
Recall: 0.00%
F1-score: 0.00%
AUROC: 0.00%
AUPRC: 0.00%
2024-08-16 10:55:01,725 INFO Processing Stream # 30: sensor_id3_AngY , sample-rate : 0.1s, date : 20220811 
2024-08-16 10:55:04,459 INFO Loading the model for the channel sensor_id3_AngY in the path : /content/OurProject/trained_models/telemanom/2024-07-30_22.17.34/models/sensor_id3_AngY.pt
2024-08-16 10:55:04,462 INFO Correctly loaded the model for the channel sensor_id3_AngY in the path : /content/OurProject/trained_models/telemanom/2024-07-30_22.17.34/models/sensor_id3_AngY.pt
2024-08-16 10:55:09,086 INFO normalized prediction error: 0.12
2024-08-16 10:55:10,407 INFO Metrics for the channel sensor_id3_AngY found n 0 anomalies predicted
Precision: 0.00%
Recall: 0.00%
F1-score: 0.00%
AUROC: 0.00%
AUPRC: 0.00%
2024-08-16 10:55:10,500 INFO Processing Stream # 31: sensor_id1_AngZ , sample-rate : 0.1s, date : 20220811 
2024-08-16 10:55:13,796 INFO Loading the model for the channel sensor_id1_AngZ in the path : /content/OurProject/trained_models/telemanom/2024-07-30_22.17.34/models/sensor_id1_AngZ.pt
2024-08-16 10:55:13,799 INFO Correctly loaded the model for the channel sensor_id1_AngZ in the path : /content/OurProject/trained_models/telemanom/2024-07-30_22.17.34/models/sensor_id1_AngZ.pt
2024-08-16 10:55:18,261 INFO normalized prediction error: 0.11
2024-08-16 10:55:18,947 INFO Metrics for the channel sensor_id1_AngZ found n 0 anomalies predicted
Precision: 0.00%
Recall: 0.00%
F1-score: 0.00%
AUROC: 0.00%
AUPRC: 0.00%
2024-08-16 10:55:19,039 INFO Processing Stream # 32: sensor_id5_AngZ , sample-rate : 0.1s, date : 20220811 
2024-08-16 10:55:21,939 INFO Loading the model for the channel sensor_id5_AngZ in the path : /content/OurProject/trained_models/telemanom/2024-07-30_22.17.34/models/sensor_id5_AngZ.pt
2024-08-16 10:55:21,943 INFO Correctly loaded the model for the channel sensor_id5_AngZ in the path : /content/OurProject/trained_models/telemanom/2024-07-30_22.17.34/models/sensor_id5_AngZ.pt
2024-08-16 10:55:26,588 INFO normalized prediction error: 0.26
2024-08-16 10:55:27,223 INFO Metrics for the channel sensor_id5_AngZ found n 0 anomalies predicted
Precision: 0.00%
Recall: 0.00%
F1-score: 0.00%
AUROC: 0.00%
AUPRC: 0.00%
2024-08-16 10:55:27,329 INFO Processing Stream # 33: sensor_id3_AngZ , sample-rate : 0.1s, date : 20220811 
2024-08-16 10:55:30,328 INFO Loading the model for the channel sensor_id3_AngZ in the path : /content/OurProject/trained_models/telemanom/2024-07-30_22.17.34/models/sensor_id3_AngZ.pt
2024-08-16 10:55:30,331 INFO Correctly loaded the model for the channel sensor_id3_AngZ in the path : /content/OurProject/trained_models/telemanom/2024-07-30_22.17.34/models/sensor_id3_AngZ.pt
2024-08-16 10:55:34,795 INFO normalized prediction error: 0.21
2024-08-16 10:55:35,706 INFO Metrics for the channel sensor_id3_AngZ found n 0 anomalies predicted
Precision: 0.00%
Recall: 100.00%
F1-score: 0.00%
AUROC: 0.00%
AUPRC: 50.00%
2024-08-16 10:55:35,803 INFO Processing Stream # 34: machine_nameKuka Robot_apparent_power , sample-rate : 0.1s, date : 20220811 
2024-08-16 10:55:39,751 INFO Loading the model for the channel machine_nameKuka Robot_apparent_power in the path : /content/OurProject/trained_models/telemanom/2024-07-30_22.17.34/models/machine_nameKuka Robot_apparent_power.pt
2024-08-16 10:55:39,753 INFO Correctly loaded the model for the channel machine_nameKuka Robot_apparent_power in the path : /content/OurProject/trained_models/telemanom/2024-07-30_22.17.34/models/machine_nameKuka Robot_apparent_power.pt
2024-08-16 10:55:44,256 INFO normalized prediction error: 0.18
2024-08-16 10:55:44,948 INFO Metrics for the channel machine_nameKuka Robot_apparent_power found n 0 anomalies predicted
Precision: 0.00%
Recall: 0.00%
F1-score: 0.00%
AUROC: 0.00%
AUPRC: 0.00%
2024-08-16 10:55:45,063 INFO Processing Stream # 35: sensor_id1_GyroX , sample-rate : 0.1s, date : 20220811 
2024-08-16 10:55:48,169 INFO Loading the model for the channel sensor_id1_GyroX in the path : /content/OurProject/trained_models/telemanom/2024-07-30_22.17.34/models/sensor_id1_GyroX.pt
2024-08-16 10:55:48,172 INFO Correctly loaded the model for the channel sensor_id1_GyroX in the path : /content/OurProject/trained_models/telemanom/2024-07-30_22.17.34/models/sensor_id1_GyroX.pt
2024-08-16 10:55:52,933 INFO normalized prediction error: 0.33
2024-08-16 10:55:53,999 INFO Metrics for the channel sensor_id1_GyroX found n 0 anomalies predicted
Precision: 0.00%
Recall: 100.00%
F1-score: 0.00%
AUROC: 0.00%
AUPRC: 50.00%
2024-08-16 10:55:54,128 INFO Processing Stream # 36: sensor_id2_GyroX , sample-rate : 0.1s, date : 20220811 
2024-08-16 10:55:57,341 INFO Loading the model for the channel sensor_id2_GyroX in the path : /content/OurProject/trained_models/telemanom/2024-07-30_22.17.34/models/sensor_id2_GyroX.pt
2024-08-16 10:55:57,344 INFO Correctly loaded the model for the channel sensor_id2_GyroX in the path : /content/OurProject/trained_models/telemanom/2024-07-30_22.17.34/models/sensor_id2_GyroX.pt
2024-08-16 10:56:01,884 INFO normalized prediction error: 0.32
2024-08-16 10:56:02,668 INFO Metrics for the channel sensor_id2_GyroX found n 0 anomalies predicted
Precision: 0.00%
Recall: 0.00%
F1-score: 0.00%
AUROC: 0.00%
AUPRC: 0.00%
2024-08-16 10:56:02,784 INFO Processing Stream # 37: sensor_id4_GyroX , sample-rate : 0.1s, date : 20220811 
2024-08-16 10:56:07,374 INFO Loading the model for the channel sensor_id4_GyroX in the path : /content/OurProject/trained_models/telemanom/2024-07-30_22.17.34/models/sensor_id4_GyroX.pt
2024-08-16 10:56:07,378 INFO Correctly loaded the model for the channel sensor_id4_GyroX in the path : /content/OurProject/trained_models/telemanom/2024-07-30_22.17.34/models/sensor_id4_GyroX.pt
2024-08-16 10:56:12,256 INFO normalized prediction error: 0.38
2024-08-16 10:56:13,063 INFO Metrics for the channel sensor_id4_GyroX found n 0 anomalies predicted
Precision: 50.00%
Recall: 100.00%
F1-score: 66.67%
AUROC: 99.08%
AUPRC: 25.00%
2024-08-16 10:56:13,170 INFO Processing Stream # 38: sensor_id3_GyroX , sample-rate : 0.1s, date : 20220811 
2024-08-16 10:56:16,204 INFO Loading the model for the channel sensor_id3_GyroX in the path : /content/OurProject/trained_models/telemanom/2024-07-30_22.17.34/models/sensor_id3_GyroX.pt
2024-08-16 10:56:16,206 INFO Correctly loaded the model for the channel sensor_id3_GyroX in the path : /content/OurProject/trained_models/telemanom/2024-07-30_22.17.34/models/sensor_id3_GyroX.pt
2024-08-16 10:56:20,706 INFO normalized prediction error: 0.35
2024-08-16 10:56:21,718 INFO Metrics for the channel sensor_id3_GyroX found n 0 anomalies predicted
Precision: 0.00%
Recall: 0.00%
F1-score: 0.00%
AUROC: 0.00%
AUPRC: 0.00%
2024-08-16 10:56:21,810 INFO Processing Stream # 39: sensor_id5_GyroX , sample-rate : 0.1s, date : 20220811 
2024-08-16 10:56:25,917 INFO Loading the model for the channel sensor_id5_GyroX in the path : /content/OurProject/trained_models/telemanom/2024-07-30_22.17.34/models/sensor_id5_GyroX.pt
2024-08-16 10:56:25,919 INFO Correctly loaded the model for the channel sensor_id5_GyroX in the path : /content/OurProject/trained_models/telemanom/2024-07-30_22.17.34/models/sensor_id5_GyroX.pt
2024-08-16 10:56:30,418 INFO normalized prediction error: 0.39
2024-08-16 10:56:31,232 INFO Metrics for the channel sensor_id5_GyroX found n 0 anomalies predicted
Precision: 0.00%
Recall: 0.00%
F1-score: 0.00%
AUROC: 0.00%
AUPRC: 0.00%
2024-08-16 10:56:31,338 INFO Processing Stream # 40: sensor_id1_GyroY , sample-rate : 0.1s, date : 20220811 
2024-08-16 10:56:34,362 INFO Loading the model for the channel sensor_id1_GyroY in the path : /content/OurProject/trained_models/telemanom/2024-07-30_22.17.34/models/sensor_id1_GyroY.pt
2024-08-16 10:56:34,366 INFO Correctly loaded the model for the channel sensor_id1_GyroY in the path : /content/OurProject/trained_models/telemanom/2024-07-30_22.17.34/models/sensor_id1_GyroY.pt
2024-08-16 10:56:39,100 INFO normalized prediction error: 0.33
2024-08-16 10:56:39,979 INFO Metrics for the channel sensor_id1_GyroY found n 0 anomalies predicted
Precision: 0.00%
Recall: 0.00%
F1-score: 0.00%
AUROC: 0.00%
AUPRC: 0.00%
2024-08-16 10:56:40,089 INFO Processing Stream # 41: sensor_id2_GyroY , sample-rate : 0.1s, date : 20220811 
2024-08-16 10:56:42,957 INFO Loading the model for the channel sensor_id2_GyroY in the path : /content/OurProject/trained_models/telemanom/2024-07-30_22.17.34/models/sensor_id2_GyroY.pt
2024-08-16 10:56:42,960 INFO Correctly loaded the model for the channel sensor_id2_GyroY in the path : /content/OurProject/trained_models/telemanom/2024-07-30_22.17.34/models/sensor_id2_GyroY.pt
2024-08-16 10:56:47,461 INFO normalized prediction error: 0.39
2024-08-16 10:56:48,230 INFO Metrics for the channel sensor_id2_GyroY found n 0 anomalies predicted
Precision: 0.00%
Recall: 100.00%
F1-score: 0.00%
AUROC: 0.00%
AUPRC: 50.00%
2024-08-16 10:56:48,344 INFO Processing Stream # 42: sensor_id4_GyroY , sample-rate : 0.1s, date : 20220811 
2024-08-16 10:56:52,841 INFO Loading the model for the channel sensor_id4_GyroY in the path : /content/OurProject/trained_models/telemanom/2024-07-30_22.17.34/models/sensor_id4_GyroY.pt
2024-08-16 10:56:52,846 INFO Correctly loaded the model for the channel sensor_id4_GyroY in the path : /content/OurProject/trained_models/telemanom/2024-07-30_22.17.34/models/sensor_id4_GyroY.pt
2024-08-16 10:56:57,391 INFO normalized prediction error: 0.32
2024-08-16 10:56:58,151 INFO Metrics for the channel sensor_id4_GyroY found n 0 anomalies predicted
Precision: 0.00%
Recall: 0.00%
F1-score: 0.00%
AUROC: 0.00%
AUPRC: 0.00%
2024-08-16 10:56:58,258 INFO Processing Stream # 43: sensor_id3_GyroY , sample-rate : 0.1s, date : 20220811 
2024-08-16 10:57:01,017 INFO Loading the model for the channel sensor_id3_GyroY in the path : /content/OurProject/trained_models/telemanom/2024-07-30_22.17.34/models/sensor_id3_GyroY.pt
2024-08-16 10:57:01,020 INFO Correctly loaded the model for the channel sensor_id3_GyroY in the path : /content/OurProject/trained_models/telemanom/2024-07-30_22.17.34/models/sensor_id3_GyroY.pt
2024-08-16 10:57:05,672 INFO normalized prediction error: 0.33
2024-08-16 10:57:06,739 INFO Metrics for the channel sensor_id3_GyroY found n 0 anomalies predicted
Precision: 0.00%
Recall: 0.00%
F1-score: 0.00%
AUROC: 0.00%
AUPRC: 0.00%
2024-08-16 10:57:06,856 INFO Processing Stream # 44: sensor_id5_GyroY , sample-rate : 0.1s, date : 20220811 
2024-08-16 10:57:10,066 INFO Loading the model for the channel sensor_id5_GyroY in the path : /content/OurProject/trained_models/telemanom/2024-07-30_22.17.34/models/sensor_id5_GyroY.pt
2024-08-16 10:57:10,069 INFO Correctly loaded the model for the channel sensor_id5_GyroY in the path : /content/OurProject/trained_models/telemanom/2024-07-30_22.17.34/models/sensor_id5_GyroY.pt
2024-08-16 10:57:14,581 INFO normalized prediction error: 0.30
2024-08-16 10:57:15,377 INFO Metrics for the channel sensor_id5_GyroY found n 0 anomalies predicted
Precision: 0.00%
Recall: 0.00%
F1-score: 0.00%
AUROC: 0.00%
AUPRC: 0.00%
2024-08-16 10:57:15,488 INFO Processing Stream # 45: sensor_id1_GyroZ , sample-rate : 0.1s, date : 20220811 
2024-08-16 10:57:18,992 INFO Loading the model for the channel sensor_id1_GyroZ in the path : /content/OurProject/trained_models/telemanom/2024-07-30_22.17.34/models/sensor_id1_GyroZ.pt
2024-08-16 10:57:18,995 INFO Correctly loaded the model for the channel sensor_id1_GyroZ in the path : /content/OurProject/trained_models/telemanom/2024-07-30_22.17.34/models/sensor_id1_GyroZ.pt
2024-08-16 10:57:23,601 INFO normalized prediction error: 0.23
2024-08-16 10:57:24,214 INFO Metrics for the channel sensor_id1_GyroZ found n 0 anomalies predicted
Precision: 0.00%
Recall: 0.00%
F1-score: 0.00%
AUROC: 0.00%
AUPRC: 0.00%
2024-08-16 10:57:24,321 INFO Processing Stream # 46: sensor_id2_GyroZ , sample-rate : 0.1s, date : 20220811 
2024-08-16 10:57:27,416 INFO Loading the model for the channel sensor_id2_GyroZ in the path : /content/OurProject/trained_models/telemanom/2024-07-30_22.17.34/models/sensor_id2_GyroZ.pt
2024-08-16 10:57:27,419 INFO Correctly loaded the model for the channel sensor_id2_GyroZ in the path : /content/OurProject/trained_models/telemanom/2024-07-30_22.17.34/models/sensor_id2_GyroZ.pt
2024-08-16 10:57:31,948 INFO normalized prediction error: 0.42
2024-08-16 10:57:33,068 INFO Metrics for the channel sensor_id2_GyroZ found n 0 anomalies predicted
Precision: 0.00%
Recall: 0.00%
F1-score: 0.00%
AUROC: 0.00%
AUPRC: 0.00%
2024-08-16 10:57:33,150 INFO Processing Stream # 47: sensor_id4_GyroZ , sample-rate : 0.1s, date : 20220811 
2024-08-16 10:57:36,627 INFO Loading the model for the channel sensor_id4_GyroZ in the path : /content/OurProject/trained_models/telemanom/2024-07-30_22.17.34/models/sensor_id4_GyroZ.pt
2024-08-16 10:57:36,629 INFO Correctly loaded the model for the channel sensor_id4_GyroZ in the path : /content/OurProject/trained_models/telemanom/2024-07-30_22.17.34/models/sensor_id4_GyroZ.pt
2024-08-16 10:57:41,114 INFO normalized prediction error: 0.27
2024-08-16 10:57:41,705 INFO Metrics for the channel sensor_id4_GyroZ found n 0 anomalies predicted
Precision: 0.00%
Recall: 0.00%
F1-score: 0.00%
AUROC: 0.00%
AUPRC: 0.00%
2024-08-16 10:57:41,818 INFO Processing Stream # 48: sensor_id3_GyroZ , sample-rate : 0.1s, date : 20220811 
2024-08-16 10:57:44,706 INFO Loading the model for the channel sensor_id3_GyroZ in the path : /content/OurProject/trained_models/telemanom/2024-07-30_22.17.34/models/sensor_id3_GyroZ.pt
2024-08-16 10:57:44,709 INFO Correctly loaded the model for the channel sensor_id3_GyroZ in the path : /content/OurProject/trained_models/telemanom/2024-07-30_22.17.34/models/sensor_id3_GyroZ.pt
2024-08-16 10:57:49,372 INFO normalized prediction error: 0.29
2024-08-16 10:57:49,946 INFO Metrics for the channel sensor_id3_GyroZ found n 0 anomalies predicted
Precision: 0.00%
Recall: 0.00%
F1-score: 0.00%
AUROC: 0.00%
AUPRC: 0.00%
2024-08-16 10:57:50,050 INFO Processing Stream # 49: sensor_id5_GyroZ , sample-rate : 0.1s, date : 20220811 
2024-08-16 10:57:53,054 INFO Loading the model for the channel sensor_id5_GyroZ in the path : /content/OurProject/trained_models/telemanom/2024-07-30_22.17.34/models/sensor_id5_GyroZ.pt
2024-08-16 10:57:53,056 INFO Correctly loaded the model for the channel sensor_id5_GyroZ in the path : /content/OurProject/trained_models/telemanom/2024-07-30_22.17.34/models/sensor_id5_GyroZ.pt
2024-08-16 10:57:57,547 INFO normalized prediction error: 0.27
2024-08-16 10:57:58,288 INFO Metrics for the channel sensor_id5_GyroZ found n 0 anomalies predicted
Precision: 0.00%
Recall: 0.00%
F1-score: 0.00%
AUROC: 0.00%
AUPRC: 0.00%
2024-08-16 10:57:58,394 INFO Processing Stream # 50: machine_nameKuka Robot_power_factor , sample-rate : 0.1s, date : 20220811 
2024-08-16 10:58:02,339 INFO Loading the model for the channel machine_nameKuka Robot_power_factor in the path : /content/OurProject/trained_models/telemanom/2024-07-30_22.17.34/models/machine_nameKuka Robot_power_factor.pt
2024-08-16 10:58:02,343 INFO Correctly loaded the model for the channel machine_nameKuka Robot_power_factor in the path : /content/OurProject/trained_models/telemanom/2024-07-30_22.17.34/models/machine_nameKuka Robot_power_factor.pt
2024-08-16 10:58:06,817 INFO normalized prediction error: 0.19
2024-08-16 10:58:07,651 INFO Metrics for the channel machine_nameKuka Robot_power_factor found n 0 anomalies predicted
Precision: 0.00%
Recall: 0.00%
F1-score: 0.00%
AUROC: 0.00%
AUPRC: 0.00%
2024-08-16 10:58:07,767 INFO Processing Stream # 51: machine_nameKuka Robot_reactive_power , sample-rate : 0.1s, date : 20220811 
2024-08-16 10:58:10,975 INFO Loading the model for the channel machine_nameKuka Robot_reactive_power in the path : /content/OurProject/trained_models/telemanom/2024-07-30_22.17.34/models/machine_nameKuka Robot_reactive_power.pt
2024-08-16 10:58:10,978 INFO Correctly loaded the model for the channel machine_nameKuka Robot_reactive_power in the path : /content/OurProject/trained_models/telemanom/2024-07-30_22.17.34/models/machine_nameKuka Robot_reactive_power.pt
2024-08-16 10:58:15,595 INFO normalized prediction error: 2.17
2024-08-16 10:58:17,043 INFO Metrics for the channel machine_nameKuka Robot_reactive_power found n 0 anomalies predicted
Precision: 0.00%
Recall: 0.00%
F1-score: 0.00%
AUROC: 0.00%
AUPRC: 0.00%
2024-08-16 10:58:17,157 INFO Processing Stream # 52: sensor_id5_Temperature , sample-rate : 0.1s, date : 20220811 
2024-08-16 10:58:20,041 INFO Loading the model for the channel sensor_id5_Temperature in the path : /content/OurProject/trained_models/telemanom/2024-07-30_22.17.34/models/sensor_id5_Temperature.pt
2024-08-16 10:58:20,044 INFO Correctly loaded the model for the channel sensor_id5_Temperature in the path : /content/OurProject/trained_models/telemanom/2024-07-30_22.17.34/models/sensor_id5_Temperature.pt
2024-08-16 10:58:24,482 INFO normalized prediction error: 0.36
2024-08-16 10:58:25,059 INFO Metrics for the channel sensor_id5_Temperature found n 0 anomalies predicted
Precision: 0.00%
Recall: 0.00%
F1-score: 0.00%
AUROC: 0.00%
AUPRC: 0.00%
2024-08-16 10:58:25,166 INFO Processing Stream # 53: machine_nameKuka Robot_phase_angle , sample-rate : 0.1s, date : 20220811 
2024-08-16 10:58:28,820 INFO Loading the model for the channel machine_nameKuka Robot_phase_angle in the path : /content/OurProject/trained_models/telemanom/2024-07-30_22.17.34/models/machine_nameKuka Robot_phase_angle.pt
2024-08-16 10:58:28,823 INFO Correctly loaded the model for the channel machine_nameKuka Robot_phase_angle in the path : /content/OurProject/trained_models/telemanom/2024-07-30_22.17.34/models/machine_nameKuka Robot_phase_angle.pt
2024-08-16 10:58:33,423 INFO normalized prediction error: 0.19
2024-08-16 10:58:34,229 INFO Metrics for the channel machine_nameKuka Robot_phase_angle found n 0 anomalies predicted
Precision: 0.00%
Recall: 0.00%
F1-score: 0.00%
AUROC: 0.00%
AUPRC: 0.00%
2024-08-16 10:58:34,339 INFO Processing Stream # 54: machine_nameKuka Robot_export_reactive_energy , sample-rate : 0.1s, date : 20220811 
2024-08-16 10:58:37,204 INFO Loading the model for the channel machine_nameKuka Robot_export_reactive_energy in the path : /content/OurProject/trained_models/telemanom/2024-07-30_22.17.34/models/machine_nameKuka Robot_export_reactive_energy.pt
2024-08-16 10:58:37,207 INFO Correctly loaded the model for the channel machine_nameKuka Robot_export_reactive_energy in the path : /content/OurProject/trained_models/telemanom/2024-07-30_22.17.34/models/machine_nameKuka Robot_export_reactive_energy.pt
2024-08-16 10:58:41,747 INFO normalized prediction error: 11.41
2024-08-16 10:58:42,692 INFO Metrics for the channel machine_nameKuka Robot_export_reactive_energy found n 0 anomalies predicted
Precision: 0.00%
Recall: 0.00%
F1-score: 0.00%
AUROC: 0.00%
AUPRC: 0.00%
2024-08-16 10:58:42,786 INFO Processing Stream # 55: sensor_id1_Temperature , sample-rate : 0.1s, date : 20220811 
2024-08-16 10:58:46,612 INFO Loading the model for the channel sensor_id1_Temperature in the path : /content/OurProject/trained_models/telemanom/2024-07-30_22.17.34/models/sensor_id1_Temperature.pt
2024-08-16 10:58:46,615 INFO Correctly loaded the model for the channel sensor_id1_Temperature in the path : /content/OurProject/trained_models/telemanom/2024-07-30_22.17.34/models/sensor_id1_Temperature.pt
2024-08-16 10:58:50,792 INFO normalized prediction error: nan
2024-08-16 10:58:51,318 INFO Metrics for the channel sensor_id1_Temperature found n 0 anomalies predicted
Precision: 0.00%
Recall: 0.00%
F1-score: 0.00%
AUROC: 0.00%
AUPRC: 0.00%
2024-08-16 10:58:51,425 INFO Processing Stream # 56: machine_nameKuka Robot_frequency , sample-rate : 0.1s, date : 20220811 
2024-08-16 10:58:54,167 INFO Loading the model for the channel machine_nameKuka Robot_frequency in the path : /content/OurProject/trained_models/telemanom/2024-07-30_22.17.34/models/machine_nameKuka Robot_frequency.pt
2024-08-16 10:58:54,170 INFO Correctly loaded the model for the channel machine_nameKuka Robot_frequency in the path : /content/OurProject/trained_models/telemanom/2024-07-30_22.17.34/models/machine_nameKuka Robot_frequency.pt
2024-08-16 10:58:58,791 INFO normalized prediction error: 2.70
2024-08-16 10:58:59,455 INFO Metrics for the channel machine_nameKuka Robot_frequency found n 0 anomalies predicted
Precision: 0.00%
Recall: 0.00%
F1-score: 0.00%
AUROC: 0.00%
AUPRC: 0.00%
2024-08-16 10:58:59,562 INFO Processing Stream # 57: machine_nameKuka Robot_import_active_energy , sample-rate : 0.1s, date : 20220811 
2024-08-16 10:59:02,530 INFO Loading the model for the channel machine_nameKuka Robot_import_active_energy in the path : /content/OurProject/trained_models/telemanom/2024-07-30_22.17.34/models/machine_nameKuka Robot_import_active_energy.pt
2024-08-16 10:59:02,532 INFO Correctly loaded the model for the channel machine_nameKuka Robot_import_active_energy in the path : /content/OurProject/trained_models/telemanom/2024-07-30_22.17.34/models/machine_nameKuka Robot_import_active_energy.pt
2024-08-16 10:59:07,084 INFO normalized prediction error: 9.77
2024-08-16 10:59:07,991 INFO Metrics for the channel machine_nameKuka Robot_import_active_energy found n 0 anomalies predicted
Precision: 0.00%
Recall: 0.00%
F1-score: 0.00%
AUROC: 0.00%
AUPRC: 0.00%
2024-08-16 10:59:08,072 INFO Processing Stream # 58: sensor_id2_Temperature , sample-rate : 0.1s, date : 20220811 
2024-08-16 10:59:12,612 INFO Loading the model for the channel sensor_id2_Temperature in the path : /content/OurProject/trained_models/telemanom/2024-07-30_22.17.34/models/sensor_id2_Temperature.pt
2024-08-16 10:59:12,616 INFO Correctly loaded the model for the channel sensor_id2_Temperature in the path : /content/OurProject/trained_models/telemanom/2024-07-30_22.17.34/models/sensor_id2_Temperature.pt
2024-08-16 10:59:17,105 INFO normalized prediction error: 0.37
2024-08-16 10:59:17,712 INFO Metrics for the channel sensor_id2_Temperature found n 0 anomalies predicted
Precision: 0.00%
Recall: 0.00%
F1-score: 0.00%
AUROC: 0.00%
AUPRC: 0.00%
2024-08-16 10:59:17,819 INFO Processing Stream # 59: sensor_id4_Temperature , sample-rate : 0.1s, date : 20220811 
2024-08-16 10:59:20,811 INFO Loading the model for the channel sensor_id4_Temperature in the path : /content/OurProject/trained_models/telemanom/2024-07-30_22.17.34/models/sensor_id4_Temperature.pt
2024-08-16 10:59:20,814 INFO Correctly loaded the model for the channel sensor_id4_Temperature in the path : /content/OurProject/trained_models/telemanom/2024-07-30_22.17.34/models/sensor_id4_Temperature.pt
2024-08-16 10:59:25,368 INFO normalized prediction error: 0.35
2024-08-16 10:59:26,412 INFO Metrics for the channel sensor_id4_Temperature found n 0 anomalies predicted
Precision: 0.00%
Recall: 0.00%
F1-score: 0.00%
AUROC: 0.00%
AUPRC: 0.00%
2024-08-16 10:59:26,527 INFO Processing Stream # 60: sensor_id3_Temperature , sample-rate : 0.1s, date : 20220811 
2024-08-16 10:59:29,634 INFO Loading the model for the channel sensor_id3_Temperature in the path : /content/OurProject/trained_models/telemanom/2024-07-30_22.17.34/models/sensor_id3_Temperature.pt
2024-08-16 10:59:29,637 INFO Correctly loaded the model for the channel sensor_id3_Temperature in the path : /content/OurProject/trained_models/telemanom/2024-07-30_22.17.34/models/sensor_id3_Temperature.pt
2024-08-16 10:59:33,783 INFO normalized prediction error: nan
2024-08-16 10:59:34,318 INFO Metrics for the channel sensor_id3_Temperature found n 0 anomalies predicted
Precision: 0.00%
Recall: 0.00%
F1-score: 0.00%
AUROC: 0.00%
AUPRC: 0.00%
2024-08-16 10:59:34,429 INFO Processing Stream # 61: machine_nameAbb Robot_voltage , sample-rate : 0.1s, date : 20220811 
2024-08-16 10:59:37,330 INFO Loading the model for the channel machine_nameAbb Robot_voltage in the path : /content/OurProject/trained_models/telemanom/2024-07-30_22.17.34/models/machine_nameAbb Robot_voltage.pt
2024-08-16 10:59:37,334 INFO Correctly loaded the model for the channel machine_nameAbb Robot_voltage in the path : /content/OurProject/trained_models/telemanom/2024-07-30_22.17.34/models/machine_nameAbb Robot_voltage.pt
2024-08-16 10:59:42,077 INFO normalized prediction error: 0.22
2024-08-16 10:59:42,774 INFO Metrics for the channel machine_nameAbb Robot_voltage found n 0 anomalies predicted
Precision: 0.00%
Recall: 0.00%
F1-score: 0.00%
AUROC: 0.00%
AUPRC: 0.00%
2024-08-16 10:59:42,890 INFO Processing Stream # 62: machine_nameAbb Robot_current , sample-rate : 0.1s, date : 20220811 
2024-08-16 10:59:46,173 INFO Loading the model for the channel machine_nameAbb Robot_current in the path : /content/OurProject/trained_models/telemanom/2024-07-30_22.17.34/models/machine_nameAbb Robot_current.pt
2024-08-16 10:59:46,175 INFO Correctly loaded the model for the channel machine_nameAbb Robot_current in the path : /content/OurProject/trained_models/telemanom/2024-07-30_22.17.34/models/machine_nameAbb Robot_current.pt
2024-08-16 10:59:50,599 INFO normalized prediction error: 0.39
2024-08-16 10:59:51,268 INFO Metrics for the channel machine_nameAbb Robot_current found n 0 anomalies predicted
Precision: 0.00%
Recall: 0.00%
F1-score: 0.00%
AUROC: 0.00%
AUPRC: 0.00%
2024-08-16 10:59:51,379 INFO Processing Stream # 63: machine_nameAbb Robot_power , sample-rate : 0.1s, date : 20220811 
2024-08-16 10:59:55,692 INFO Loading the model for the channel machine_nameAbb Robot_power in the path : /content/OurProject/trained_models/telemanom/2024-07-30_22.17.34/models/machine_nameAbb Robot_power.pt
2024-08-16 10:59:55,697 INFO Correctly loaded the model for the channel machine_nameAbb Robot_power in the path : /content/OurProject/trained_models/telemanom/2024-07-30_22.17.34/models/machine_nameAbb Robot_power.pt
2024-08-16 11:00:00,171 INFO normalized prediction error: 0.33
2024-08-16 11:00:00,991 INFO Metrics for the channel machine_nameAbb Robot_power found n 0 anomalies predicted
Precision: 0.00%
Recall: 100.00%
F1-score: 0.00%
AUROC: 0.00%
AUPRC: 50.00%
2024-08-16 11:00:01,101 INFO Processing Stream # 64: machine_nameAbb Robot_apparent_power , sample-rate : 0.1s, date : 20220811 
2024-08-16 11:00:05,486 INFO Starting calibration for the model ...
2024-08-16 11:00:25,629 INFO Ended calibration for the model ...
2024-08-16 11:01:01,656 INFO Epoch 0, Loss: 16.69668960571289
2024-08-16 11:02:13,785 INFO Epoch 2, Loss: 14.6327486038208
2024-08-16 11:03:25,950 INFO Epoch 4, Loss: 16.904207229614258
2024-08-16 11:04:37,995 INFO Epoch 6, Loss: 10.503761291503906
2024-08-16 11:05:50,097 INFO Epoch 8, Loss: 11.674470901489258
2024-08-16 11:07:01,870 INFO Epoch 10, Loss: 9.706171989440918
2024-08-16 11:08:13,986 INFO Epoch 12, Loss: 11.707331657409668
2024-08-16 11:09:25,569 INFO Epoch 14, Loss: 11.495694160461426
2024-08-16 11:10:37,787 INFO Epoch 16, Loss: 12.15989875793457
2024-08-16 11:11:49,781 INFO Epoch 18, Loss: 10.663175582885742
2024-08-16 11:13:01,946 INFO Early stopping triggered at epoch 20
2024-08-16 11:13:06,353 INFO normalized prediction error: 0.13
2024-08-16 11:13:07,112 INFO Metrics for the channel machine_nameAbb Robot_apparent_power found n 0 anomalies predicted
Precision: 0.00%
Recall: 0.00%
F1-score: 0.00%
AUROC: 0.00%
AUPRC: 0.00%
2024-08-16 11:13:18,849 INFO Graphical output saved on path : /content/OurProject/trained_models/telemanom/2024-07-30_22.17.34/plot_predictions/0.1s/machine_nameAbb Robot_apparent_power.pdf
2024-08-16 11:13:19,008 INFO Processing Stream # 65: machine_nameAbb Robot_reactive_power , sample-rate : 0.1s, date : 20220811 
2024-08-16 11:13:22,039 INFO Starting calibration for the model ...
2024-08-16 11:13:40,955 INFO Ended calibration for the model ...
2024-08-16 11:14:17,611 INFO Epoch 0, Loss: 399.0379638671875
2024-08-16 11:15:28,654 INFO Epoch 2, Loss: 319.7388000488281
2024-08-16 11:16:39,492 INFO Epoch 4, Loss: 322.7343444824219
2024-08-16 11:17:50,359 INFO Epoch 6, Loss: 319.9766540527344
2024-08-16 11:19:01,188 INFO Epoch 8, Loss: 320.6207580566406
2024-08-16 11:20:12,139 INFO Epoch 10, Loss: 309.7445068359375
2024-08-16 11:21:22,913 INFO Epoch 12, Loss: 319.24969482421875
2024-08-16 11:22:33,357 INFO Epoch 14, Loss: 311.2534484863281
2024-08-16 11:23:44,290 INFO Epoch 16, Loss: 323.76953125
2024-08-16 11:24:20,026 INFO Early stopping triggered at epoch 17
2024-08-16 11:24:24,565 INFO normalized prediction error: 15.75
2024-08-16 11:24:25,622 INFO Metrics for the channel machine_nameAbb Robot_reactive_power found n 0 anomalies predicted
Precision: 0.00%
Recall: 0.00%
F1-score: 0.00%
AUROC: 0.00%
AUPRC: 0.00%
2024-08-16 11:24:34,798 INFO Graphical output saved on path : /content/OurProject/trained_models/telemanom/2024-07-30_22.17.34/plot_predictions/0.1s/machine_nameAbb Robot_reactive_power.pdf
2024-08-16 11:24:34,943 INFO Processing Stream # 66: machine_nameAbb Robot_power_factor , sample-rate : 0.1s, date : 20220811 
2024-08-16 11:24:39,224 INFO Starting calibration for the model ...
2024-08-16 11:24:57,353 INFO Ended calibration for the model ...
2024-08-16 11:25:32,184 INFO Epoch 0, Loss: 9.350121399620548e-05
2024-08-16 11:26:40,272 INFO Epoch 2, Loss: 9.156901069218293e-05
2024-08-16 11:27:48,466 INFO Epoch 4, Loss: 6.849329656688496e-05
2024-08-16 11:28:56,663 INFO Epoch 6, Loss: 7.752412784611806e-05
2024-08-16 11:30:04,991 INFO Epoch 8, Loss: 7.799869490554556e-05
2024-08-16 11:31:13,403 INFO Early stopping triggered at epoch 10
2024-08-16 11:31:17,707 INFO normalized prediction error: 1.40
2024-08-16 11:31:18,279 INFO Metrics for the channel machine_nameAbb Robot_power_factor found n 0 anomalies predicted
Precision: 0.00%
Recall: 0.00%
F1-score: 0.00%
AUROC: 0.00%
AUPRC: 0.00%
2024-08-16 11:31:28,796 INFO Graphical output saved on path : /content/OurProject/trained_models/telemanom/2024-07-30_22.17.34/plot_predictions/0.1s/machine_nameAbb Robot_power_factor.pdf
2024-08-16 11:31:28,967 INFO Processing Stream # 67: machine_nameAbb Robot_frequency , sample-rate : 0.1s, date : 20220811 
2024-08-16 11:31:31,896 INFO Starting calibration for the model ...
2024-08-16 11:31:50,888 INFO Ended calibration for the model ...
2024-08-16 11:32:27,601 INFO Epoch 0, Loss: 7.818559646606445
2024-08-16 11:33:39,427 INFO Epoch 2, Loss: 2.423354387283325
2024-08-16 11:34:51,285 INFO Epoch 4, Loss: 4.408204555511475
2024-08-16 11:36:02,568 INFO Epoch 6, Loss: 5.617350101470947
2024-08-16 11:37:13,928 INFO Epoch 8, Loss: 4.072915077209473
2024-08-16 11:38:24,666 INFO Epoch 10, Loss: 3.794774055480957
2024-08-16 11:39:36,300 INFO Early stopping triggered at epoch 12
2024-08-16 11:39:40,789 INFO normalized prediction error: 3.58
2024-08-16 11:39:41,510 INFO Metrics for the channel machine_nameAbb Robot_frequency found n 0 anomalies predicted
Precision: 0.00%
Recall: 0.00%
F1-score: 0.00%
AUROC: 0.00%
AUPRC: 0.00%
2024-08-16 11:39:50,428 INFO Graphical output saved on path : /content/OurProject/trained_models/telemanom/2024-07-30_22.17.34/plot_predictions/0.1s/machine_nameAbb Robot_frequency.pdf
2024-08-16 11:39:50,588 INFO Processing Stream # 68: machine_nameAbb Robot_phase_angle , sample-rate : 0.1s, date : 20220811 
2024-08-16 11:39:54,816 INFO Starting calibration for the model ...
2024-08-16 11:40:13,535 INFO Ended calibration for the model ...
2024-08-16 11:40:49,763 INFO Epoch 0, Loss: 403.44818115234375
2024-08-16 11:42:01,126 INFO Epoch 2, Loss: 272.6678466796875
2024-08-16 11:43:13,042 INFO Epoch 4, Loss: 315.1141052246094
2024-08-16 11:44:25,162 INFO Epoch 6, Loss: 209.62010192871094
2024-08-16 11:45:37,309 INFO Epoch 8, Loss: 280.041748046875
2024-08-16 11:46:49,254 INFO Epoch 10, Loss: 235.7272491455078
2024-08-16 11:48:01,204 INFO Epoch 12, Loss: 321.8585510253906
2024-08-16 11:49:13,117 INFO Epoch 14, Loss: 295.615478515625
2024-08-16 11:50:25,053 INFO Epoch 16, Loss: 238.62713623046875
2024-08-16 11:51:01,125 INFO Early stopping triggered at epoch 17
2024-08-16 11:51:05,563 INFO normalized prediction error: 0.77
2024-08-16 11:51:06,664 INFO Metrics for the channel machine_nameAbb Robot_phase_angle found n 0 anomalies predicted
Precision: 0.00%
Recall: 0.00%
F1-score: 0.00%
AUROC: 0.00%
AUPRC: 0.00%
2024-08-16 11:51:16,740 INFO Graphical output saved on path : /content/OurProject/trained_models/telemanom/2024-07-30_22.17.34/plot_predictions/0.1s/machine_nameAbb Robot_phase_angle.pdf
2024-08-16 11:51:16,889 INFO Processing Stream # 69: machine_nameAbb Robot_import_active_energy , sample-rate : 0.1s, date : 20220811 
2024-08-16 11:51:20,243 INFO Starting calibration for the model ...
2024-08-16 11:51:38,720 INFO Ended calibration for the model ...
2024-08-16 11:52:14,701 INFO Epoch 0, Loss: 3383.681884765625
2024-08-16 11:53:25,640 INFO Epoch 2, Loss: 5489.6337890625
2024-08-16 11:54:36,877 INFO Epoch 4, Loss: 4782.23583984375
2024-08-16 11:55:48,062 INFO Epoch 6, Loss: 5855.46923828125
2024-08-16 11:56:59,333 INFO Epoch 8, Loss: 3162.533203125
2024-08-16 11:58:10,728 INFO Epoch 10, Loss: 3368.5693359375
2024-08-16 11:58:46,210 INFO Early stopping triggered at epoch 11
2024-08-16 11:58:50,557 INFO normalized prediction error: 18.47
2024-08-16 11:58:51,145 INFO Metrics for the channel machine_nameAbb Robot_import_active_energy found n 0 anomalies predicted
Precision: 0.00%
Recall: 0.00%
F1-score: 0.00%
AUROC: 0.00%
AUPRC: 0.00%
2024-08-16 11:59:03,212 INFO Graphical output saved on path : /content/OurProject/trained_models/telemanom/2024-07-30_22.17.34/plot_predictions/0.1s/machine_nameAbb Robot_import_active_energy.pdf
2024-08-16 11:59:03,360 INFO Processing Stream # 70: machine_nameAbb Robot_export_reactive_energy , sample-rate : 0.1s, date : 20220811 
2024-08-16 11:59:06,336 INFO Starting calibration for the model ...
2024-08-16 11:59:24,988 INFO Ended calibration for the model ...
2024-08-16 12:00:01,335 INFO Epoch 0, Loss: 1189.53759765625
2024-08-16 12:01:12,852 INFO Epoch 2, Loss: 847.099365234375
2024-08-16 12:02:24,360 INFO Epoch 4, Loss: 816.02099609375
2024-08-16 12:03:36,117 INFO Epoch 6, Loss: 791.1610717773438
2024-08-16 12:04:47,213 INFO Epoch 8, Loss: 639.5208129882812
2024-08-16 12:05:58,647 INFO Epoch 10, Loss: 891.6514282226562
2024-08-16 12:06:34,124 INFO Early stopping triggered at epoch 11
2024-08-16 12:06:38,613 INFO normalized prediction error: 19.94
2024-08-16 12:06:39,169 INFO Metrics for the channel machine_nameAbb Robot_export_reactive_energy found n 0 anomalies predicted
Precision: 0.00%
Recall: 0.00%
F1-score: 0.00%
AUROC: 0.00%
AUPRC: 0.00%
2024-08-16 12:06:48,839 INFO Graphical output saved on path : /content/OurProject/trained_models/telemanom/2024-07-30_22.17.34/plot_predictions/0.1s/machine_nameAbb Robot_export_reactive_energy.pdf
2024-08-16 12:06:49,253 INFO Applying pruning with dynamic threshold computed : 4.788818173043667
2024-08-16 12:06:49,254 INFO Final Prediction for sample_rate 0.1s final list anomalies found : [{'start_idx': 1646, 'end_idx': 1693, 'score': 4.874688626530534}, {'start_idx': 3397, 'end_idx': 3421, 'score': 8.13187157591137}, {'start_idx': 4845, 'end_idx': 4893, 'score': 4.830300747471224}, {'start_idx': 5052, 'end_idx': 5085, 'score': 4.957809613750659}, {'start_idx': 7786, 'end_idx': 7837, 'score': 4.7900126217297165}, {'start_idx': 7953, 'end_idx': 7965, 'score': 5.46608929937333}, {'start_idx': 9078, 'end_idx': 9117, 'score': 7.4382191101930735}, {'start_idx': 9228, 'end_idx': 9245, 'score': 5.491774486555991}, {'start_idx': 10707, 'end_idx': 10717, 'score': 6.348017670286848}, {'start_idx': 12737, 'end_idx': 12765, 'score': 9.559869317761763}, {'start_idx': 16513, 'end_idx': 16541, 'score': 5.32381042527025}, {'start_idx': 18869, 'end_idx': 18909, 'score': 5.22900925679742}, {'start_idx': 19106, 'end_idx': 19165, 'score': 4.837489140537848}, {'start_idx': 25018, 'end_idx': 25053, 'score': 5.151752456015656}, {'start_idx': 25634, 'end_idx': 25693, 'score': 4.98581675049143}]
2024-08-16 12:06:49,535 INFO Final Metrics for sample rate 0.1s with 70 different channels
Precision: 30.00%
Recall: 75.00%
F1-score: 42.86%
AUROC: 93.20%
AUPRC: 18.67%

2024-08-16 12:06:58,200 INFO Graphical output saved on path : /content/OurProject/trained_models/telemanom/2024-07-30_22.17.34/plot_predictions/final_anomalies_prediction_sample_rate_0.1s.pdf
