2024-08-17 20:38:19,568 INFO Starting Anomaly Detector Analysis...
2024-08-17 20:38:19,568 INFO #### Configuration Details ####
train = True
predict = True
batch_size = 64
window_size = 15
smoothing_perc = 0.05
error_buffer = 9
loss_metric = mse
optimizer = adam
activation = leakyReLu
validation_split = 0.2
dropout = 0.1
lstm_batch_size = 64
weight_decay = 0.01
learning_rate = 0.025
epochs = 20
layer_LSTM = 4
layers = [80, 80]
patience = 10
min_delta = 0.0003
l_s = 300
n_predictions = 2
p = 0.4
config_path = Models/telemanom/config.yaml
run_id = 2024-08-16_13.08.50
sample_rate = ['0.1s']
save_on_drive = True
skip_graphics = False
verbose = False
threshold = True
dataset_path = kuka_dataset
Please for more info about the model and the configuration see : /content/OurProject/trained_models/telemanom/2024-08-16_13.08.50/info_model/info_model.txt
####End of Configuration Details ####

2024-08-17 20:38:19,568 INFO Processing date: 20220811, rate: 0.1s
2024-08-17 20:38:19,568 INFO Processing Stream # 1: sensor_id5_AccX , sample-rate : 0.1s, date : 20220811 
2024-08-17 20:38:21,898 INFO Loading the model for the channel sensor_id5_AccX in the path : /content/OurProject/trained_models/telemanom/2024-08-16_13.08.50/models/sensor_id5_AccX.pt
2024-08-17 20:38:22,226 INFO Correctly loaded the model for the channel sensor_id5_AccX in the path : /content/OurProject/trained_models/telemanom/2024-08-16_13.08.50/models/sensor_id5_AccX.pt
2024-08-17 20:38:24,869 INFO normalized prediction error: 0.04
2024-08-17 20:38:25,577 INFO Metrics for the channel sensor_id5_AccX found n 1 anomalies predicted
Precision: 0.00%
Recall: 100.00%
F1-score: 0.00%
AUROC: 0.00%
AUPRC: 50.00%
2024-08-17 20:38:25,696 INFO Processing Stream # 2: sensor_id1_AccX , sample-rate : 0.1s, date : 20220811 
2024-08-17 20:38:29,215 INFO Loading the model for the channel sensor_id1_AccX in the path : /content/OurProject/trained_models/telemanom/2024-08-16_13.08.50/models/sensor_id1_AccX.pt
2024-08-17 20:38:29,219 INFO Correctly loaded the model for the channel sensor_id1_AccX in the path : /content/OurProject/trained_models/telemanom/2024-08-16_13.08.50/models/sensor_id1_AccX.pt
2024-08-17 20:38:31,633 INFO normalized prediction error: 0.01
2024-08-17 20:38:32,348 INFO Metrics for the channel sensor_id1_AccX found n 6 anomalies predicted
Precision: 20.00%
Recall: 100.00%
F1-score: 33.33%
AUROC: 96.43%
AUPRC: 10.00%
2024-08-17 20:38:32,444 INFO Processing Stream # 3: sensor_id2_AccX , sample-rate : 0.1s, date : 20220811 
2024-08-17 20:38:35,027 INFO Loading the model for the channel sensor_id2_AccX in the path : /content/OurProject/trained_models/telemanom/2024-08-16_13.08.50/models/sensor_id2_AccX.pt
2024-08-17 20:38:35,030 INFO Correctly loaded the model for the channel sensor_id2_AccX in the path : /content/OurProject/trained_models/telemanom/2024-08-16_13.08.50/models/sensor_id2_AccX.pt
2024-08-17 20:38:37,352 INFO normalized prediction error: 0.00
2024-08-17 20:38:38,138 INFO Metrics for the channel sensor_id2_AccX found n 20 anomalies predicted
Precision: 100.00%
Recall: 25.00%
F1-score: 40.00%
AUROC: 93.06%
AUPRC: 38.39%
2024-08-17 20:38:38,238 INFO Processing Stream # 4: machine_nameKuka Robot_voltage , sample-rate : 0.1s, date : 20220811 
2024-08-17 20:38:40,725 INFO Loading the model for the channel machine_nameKuka Robot_voltage in the path : /content/OurProject/trained_models/telemanom/2024-08-16_13.08.50/models/machine_nameKuka Robot_voltage.pt
2024-08-17 20:38:40,731 INFO Correctly loaded the model for the channel machine_nameKuka Robot_voltage in the path : /content/OurProject/trained_models/telemanom/2024-08-16_13.08.50/models/machine_nameKuka Robot_voltage.pt
2024-08-17 20:38:43,068 INFO normalized prediction error: nan
2024-08-17 20:38:43,847 INFO Metrics for the channel machine_nameKuka Robot_voltage found n 0 anomalies predicted
Precision: 0.00%
Recall: 0.00%
F1-score: 0.00%
AUROC: 0.00%
AUPRC: 0.00%
2024-08-17 20:38:43,936 INFO Processing Stream # 5: sensor_id4_AccX , sample-rate : 0.1s, date : 20220811 
2024-08-17 20:38:46,586 INFO Loading the model for the channel sensor_id4_AccX in the path : /content/OurProject/trained_models/telemanom/2024-08-16_13.08.50/models/sensor_id4_AccX.pt
2024-08-17 20:38:46,589 INFO Correctly loaded the model for the channel sensor_id4_AccX in the path : /content/OurProject/trained_models/telemanom/2024-08-16_13.08.50/models/sensor_id4_AccX.pt
2024-08-17 20:38:48,925 INFO normalized prediction error: 0.05
2024-08-17 20:38:49,664 INFO Metrics for the channel sensor_id4_AccX found n 0 anomalies predicted
Precision: 33.33%
Recall: 100.00%
F1-score: 50.00%
AUROC: 98.17%
AUPRC: 16.67%
2024-08-17 20:38:49,761 INFO Processing Stream # 6: sensor_id3_AccX , sample-rate : 0.1s, date : 20220811 
2024-08-17 20:38:52,114 INFO Loading the model for the channel sensor_id3_AccX in the path : /content/OurProject/trained_models/telemanom/2024-08-16_13.08.50/models/sensor_id3_AccX.pt
2024-08-17 20:38:52,117 INFO Correctly loaded the model for the channel sensor_id3_AccX in the path : /content/OurProject/trained_models/telemanom/2024-08-16_13.08.50/models/sensor_id3_AccX.pt
2024-08-17 20:38:54,489 INFO normalized prediction error: 0.44
2024-08-17 20:38:55,466 INFO Metrics for the channel sensor_id3_AccX found n 0 anomalies predicted
Precision: 0.00%
Recall: 0.00%
F1-score: 0.00%
AUROC: 0.00%
AUPRC: 0.00%
2024-08-17 20:38:55,547 INFO Processing Stream # 7: sensor_id5_AccY , sample-rate : 0.1s, date : 20220811 
2024-08-17 20:38:58,915 INFO Loading the model for the channel sensor_id5_AccY in the path : /content/OurProject/trained_models/telemanom/2024-08-16_13.08.50/models/sensor_id5_AccY.pt
2024-08-17 20:38:58,918 INFO Correctly loaded the model for the channel sensor_id5_AccY in the path : /content/OurProject/trained_models/telemanom/2024-08-16_13.08.50/models/sensor_id5_AccY.pt
2024-08-17 20:39:01,252 INFO normalized prediction error: 0.03
2024-08-17 20:39:02,041 INFO Metrics for the channel sensor_id5_AccY found n 6 anomalies predicted
Precision: 36.36%
Recall: 100.00%
F1-score: 53.33%
AUROC: 96.62%
AUPRC: 49.68%
2024-08-17 20:39:02,140 INFO Processing Stream # 8: sensor_id1_AccY , sample-rate : 0.1s, date : 20220811 
2024-08-17 20:39:04,506 INFO Loading the model for the channel sensor_id1_AccY in the path : /content/OurProject/trained_models/telemanom/2024-08-16_13.08.50/models/sensor_id1_AccY.pt
2024-08-17 20:39:04,509 INFO Correctly loaded the model for the channel sensor_id1_AccY in the path : /content/OurProject/trained_models/telemanom/2024-08-16_13.08.50/models/sensor_id1_AccY.pt
2024-08-17 20:39:06,847 INFO normalized prediction error: 0.31
2024-08-17 20:39:07,508 INFO Metrics for the channel sensor_id1_AccY found n 0 anomalies predicted
Precision: 0.00%
Recall: 100.00%
F1-score: 0.00%
AUROC: 0.00%
AUPRC: 50.00%
2024-08-17 20:39:07,606 INFO Processing Stream # 9: sensor_id2_AccY , sample-rate : 0.1s, date : 20220811 
2024-08-17 20:39:11,751 INFO Loading the model for the channel sensor_id2_AccY in the path : /content/OurProject/trained_models/telemanom/2024-08-16_13.08.50/models/sensor_id2_AccY.pt
2024-08-17 20:39:11,755 INFO Correctly loaded the model for the channel sensor_id2_AccY in the path : /content/OurProject/trained_models/telemanom/2024-08-16_13.08.50/models/sensor_id2_AccY.pt
2024-08-17 20:39:14,497 INFO normalized prediction error: 0.05
2024-08-17 20:39:15,447 INFO Metrics for the channel sensor_id2_AccY found n 1 anomalies predicted
Precision: 0.00%
Recall: 100.00%
F1-score: 0.00%
AUROC: 0.00%
AUPRC: 50.00%
2024-08-17 20:39:15,542 INFO Processing Stream # 10: sensor_id4_AccY , sample-rate : 0.1s, date : 20220811 
2024-08-17 20:39:17,909 INFO Loading the model for the channel sensor_id4_AccY in the path : /content/OurProject/trained_models/telemanom/2024-08-16_13.08.50/models/sensor_id4_AccY.pt
2024-08-17 20:39:17,912 INFO Correctly loaded the model for the channel sensor_id4_AccY in the path : /content/OurProject/trained_models/telemanom/2024-08-16_13.08.50/models/sensor_id4_AccY.pt
2024-08-17 20:39:20,242 INFO normalized prediction error: 0.14
2024-08-17 20:39:20,720 INFO Metrics for the channel sensor_id4_AccY found n 0 anomalies predicted
Precision: 0.00%
Recall: 0.00%
F1-score: 0.00%
AUROC: 0.00%
AUPRC: 0.00%
2024-08-17 20:39:20,814 INFO Processing Stream # 11: sensor_id3_AccY , sample-rate : 0.1s, date : 20220811 
2024-08-17 20:39:23,284 INFO Loading the model for the channel sensor_id3_AccY in the path : /content/OurProject/trained_models/telemanom/2024-08-16_13.08.50/models/sensor_id3_AccY.pt
2024-08-17 20:39:23,287 INFO Correctly loaded the model for the channel sensor_id3_AccY in the path : /content/OurProject/trained_models/telemanom/2024-08-16_13.08.50/models/sensor_id3_AccY.pt
2024-08-17 20:39:25,844 INFO normalized prediction error: 0.33
2024-08-17 20:39:26,674 INFO Metrics for the channel sensor_id3_AccY found n 0 anomalies predicted
Precision: 0.00%
Recall: 0.00%
F1-score: 0.00%
AUROC: 0.00%
AUPRC: 0.00%
2024-08-17 20:39:26,779 INFO Processing Stream # 12: sensor_id5_AccZ , sample-rate : 0.1s, date : 20220811 
2024-08-17 20:39:29,490 INFO Loading the model for the channel sensor_id5_AccZ in the path : /content/OurProject/trained_models/telemanom/2024-08-16_13.08.50/models/sensor_id5_AccZ.pt
2024-08-17 20:39:29,493 INFO Correctly loaded the model for the channel sensor_id5_AccZ in the path : /content/OurProject/trained_models/telemanom/2024-08-16_13.08.50/models/sensor_id5_AccZ.pt
2024-08-17 20:39:31,875 INFO normalized prediction error: 0.03
2024-08-17 20:39:32,632 INFO Metrics for the channel sensor_id5_AccZ found n 7 anomalies predicted
Precision: 66.67%
Recall: 66.67%
F1-score: 66.67%
AUROC: 98.50%
AUPRC: 65.48%
2024-08-17 20:39:32,743 INFO Processing Stream # 13: sensor_id1_AccZ , sample-rate : 0.1s, date : 20220811 
2024-08-17 20:39:35,107 INFO Loading the model for the channel sensor_id1_AccZ in the path : /content/OurProject/trained_models/telemanom/2024-08-16_13.08.50/models/sensor_id1_AccZ.pt
2024-08-17 20:39:35,110 INFO Correctly loaded the model for the channel sensor_id1_AccZ in the path : /content/OurProject/trained_models/telemanom/2024-08-16_13.08.50/models/sensor_id1_AccZ.pt
2024-08-17 20:39:37,565 INFO normalized prediction error: 0.02
2024-08-17 20:39:38,798 INFO Metrics for the channel sensor_id1_AccZ found n 9 anomalies predicted
Precision: 100.00%
Recall: 66.67%
F1-score: 80.00%
AUROC: 97.94%
AUPRC: 75.37%
2024-08-17 20:39:38,872 INFO Processing Stream # 14: sensor_id4_AccZ , sample-rate : 0.1s, date : 20220811 
2024-08-17 20:39:42,138 INFO Loading the model for the channel sensor_id4_AccZ in the path : /content/OurProject/trained_models/telemanom/2024-08-16_13.08.50/models/sensor_id4_AccZ.pt
2024-08-17 20:39:42,140 INFO Correctly loaded the model for the channel sensor_id4_AccZ in the path : /content/OurProject/trained_models/telemanom/2024-08-16_13.08.50/models/sensor_id4_AccZ.pt
2024-08-17 20:39:44,556 INFO normalized prediction error: 0.00
2024-08-17 20:39:45,371 INFO Metrics for the channel sensor_id4_AccZ found n 3 anomalies predicted
Precision: 0.00%
Recall: 100.00%
F1-score: 0.00%
AUROC: 0.00%
AUPRC: 50.00%
2024-08-17 20:39:45,471 INFO Processing Stream # 15: sensor_id2_AccZ , sample-rate : 0.1s, date : 20220811 
2024-08-17 20:39:47,882 INFO Loading the model for the channel sensor_id2_AccZ in the path : /content/OurProject/trained_models/telemanom/2024-08-16_13.08.50/models/sensor_id2_AccZ.pt
2024-08-17 20:39:47,885 INFO Correctly loaded the model for the channel sensor_id2_AccZ in the path : /content/OurProject/trained_models/telemanom/2024-08-16_13.08.50/models/sensor_id2_AccZ.pt
2024-08-17 20:39:50,272 INFO normalized prediction error: 0.25
2024-08-17 20:39:50,998 INFO Metrics for the channel sensor_id2_AccZ found n 0 anomalies predicted
Precision: 0.00%
Recall: 100.00%
F1-score: 0.00%
AUROC: 0.00%
AUPRC: 50.00%
2024-08-17 20:39:51,083 INFO Processing Stream # 16: sensor_id3_AccZ , sample-rate : 0.1s, date : 20220811 
2024-08-17 20:39:54,886 INFO Loading the model for the channel sensor_id3_AccZ in the path : /content/OurProject/trained_models/telemanom/2024-08-16_13.08.50/models/sensor_id3_AccZ.pt
2024-08-17 20:39:54,889 INFO Correctly loaded the model for the channel sensor_id3_AccZ in the path : /content/OurProject/trained_models/telemanom/2024-08-16_13.08.50/models/sensor_id3_AccZ.pt
2024-08-17 20:39:57,258 INFO normalized prediction error: 0.01
2024-08-17 20:39:57,978 INFO Metrics for the channel sensor_id3_AccZ found n 15 anomalies predicted
Precision: 45.45%
Recall: 83.33%
F1-score: 58.82%
AUROC: 96.05%
AUPRC: 37.24%
2024-08-17 20:39:58,075 INFO Processing Stream # 17: machine_nameKuka Robot_current , sample-rate : 0.1s, date : 20220811 
2024-08-17 20:40:00,422 INFO Loading the model for the channel machine_nameKuka Robot_current in the path : /content/OurProject/trained_models/telemanom/2024-08-16_13.08.50/models/machine_nameKuka Robot_current.pt
2024-08-17 20:40:00,425 INFO Correctly loaded the model for the channel machine_nameKuka Robot_current in the path : /content/OurProject/trained_models/telemanom/2024-08-16_13.08.50/models/machine_nameKuka Robot_current.pt
2024-08-17 20:40:02,831 INFO normalized prediction error: 0.20
2024-08-17 20:40:03,502 INFO Metrics for the channel machine_nameKuka Robot_current found n 0 anomalies predicted
Precision: 33.33%
Recall: 100.00%
F1-score: 50.00%
AUROC: 98.17%
AUPRC: 16.67%
2024-08-17 20:40:03,603 INFO Processing Stream # 18: machine_nameKuka Robot_power , sample-rate : 0.1s, date : 20220811 
2024-08-17 20:40:07,156 INFO Loading the model for the channel machine_nameKuka Robot_power in the path : /content/OurProject/trained_models/telemanom/2024-08-16_13.08.50/models/machine_nameKuka Robot_power.pt
2024-08-17 20:40:07,163 INFO Correctly loaded the model for the channel machine_nameKuka Robot_power in the path : /content/OurProject/trained_models/telemanom/2024-08-16_13.08.50/models/machine_nameKuka Robot_power.pt
2024-08-17 20:40:09,644 INFO normalized prediction error: 0.19
2024-08-17 20:40:10,220 INFO Metrics for the channel machine_nameKuka Robot_power found n 0 anomalies predicted
Precision: 0.00%
Recall: 0.00%
F1-score: 0.00%
AUROC: 0.00%
AUPRC: 0.00%
2024-08-17 20:40:10,323 INFO Processing Stream # 19: sensor_id4_AngX , sample-rate : 0.1s, date : 20220811 
2024-08-17 20:40:12,704 INFO Loading the model for the channel sensor_id4_AngX in the path : /content/OurProject/trained_models/telemanom/2024-08-16_13.08.50/models/sensor_id4_AngX.pt
2024-08-17 20:40:12,708 INFO Correctly loaded the model for the channel sensor_id4_AngX in the path : /content/OurProject/trained_models/telemanom/2024-08-16_13.08.50/models/sensor_id4_AngX.pt
2024-08-17 20:40:14,887 INFO normalized prediction error: nan
2024-08-17 20:40:15,362 INFO Metrics for the channel sensor_id4_AngX found n 0 anomalies predicted
Precision: 0.00%
Recall: 0.00%
F1-score: 0.00%
AUROC: 0.00%
AUPRC: 0.00%
2024-08-17 20:40:15,464 INFO Processing Stream # 20: sensor_id2_AngX , sample-rate : 0.1s, date : 20220811 
2024-08-17 20:40:18,081 INFO Loading the model for the channel sensor_id2_AngX in the path : /content/OurProject/trained_models/telemanom/2024-08-16_13.08.50/models/sensor_id2_AngX.pt
2024-08-17 20:40:18,085 INFO Correctly loaded the model for the channel sensor_id2_AngX in the path : /content/OurProject/trained_models/telemanom/2024-08-16_13.08.50/models/sensor_id2_AngX.pt
2024-08-17 20:40:20,689 INFO normalized prediction error: 0.09
2024-08-17 20:40:21,825 INFO Metrics for the channel sensor_id2_AngX found n 1 anomalies predicted
Precision: 0.00%
Recall: 100.00%
F1-score: 0.00%
AUROC: 0.00%
AUPRC: 50.00%
2024-08-17 20:40:21,912 INFO Processing Stream # 21: sensor_id1_AngX , sample-rate : 0.1s, date : 20220811 
2024-08-17 20:40:24,422 INFO Loading the model for the channel sensor_id1_AngX in the path : /content/OurProject/trained_models/telemanom/2024-08-16_13.08.50/models/sensor_id1_AngX.pt
2024-08-17 20:40:24,426 INFO Correctly loaded the model for the channel sensor_id1_AngX in the path : /content/OurProject/trained_models/telemanom/2024-08-16_13.08.50/models/sensor_id1_AngX.pt
2024-08-17 20:40:26,845 INFO normalized prediction error: 0.04
2024-08-17 20:40:27,646 INFO Metrics for the channel sensor_id1_AngX found n 2 anomalies predicted
Precision: 100.00%
Recall: 100.00%
F1-score: 100.00%
AUROC: 100.00%
AUPRC: 100.00%
2024-08-17 20:40:27,745 INFO Processing Stream # 22: sensor_id5_AngX , sample-rate : 0.1s, date : 20220811 
2024-08-17 20:40:30,365 INFO Loading the model for the channel sensor_id5_AngX in the path : /content/OurProject/trained_models/telemanom/2024-08-16_13.08.50/models/sensor_id5_AngX.pt
2024-08-17 20:40:30,368 INFO Correctly loaded the model for the channel sensor_id5_AngX in the path : /content/OurProject/trained_models/telemanom/2024-08-16_13.08.50/models/sensor_id5_AngX.pt
2024-08-17 20:40:32,599 INFO normalized prediction error: nan
2024-08-17 20:40:33,336 INFO Metrics for the channel sensor_id5_AngX found n 0 anomalies predicted
Precision: 0.00%
Recall: 0.00%
F1-score: 0.00%
AUROC: 0.00%
AUPRC: 0.00%
2024-08-17 20:40:33,408 INFO Processing Stream # 23: sensor_id3_AngX , sample-rate : 0.1s, date : 20220811 
2024-08-17 20:40:36,717 INFO Loading the model for the channel sensor_id3_AngX in the path : /content/OurProject/trained_models/telemanom/2024-08-16_13.08.50/models/sensor_id3_AngX.pt
2024-08-17 20:40:36,720 INFO Correctly loaded the model for the channel sensor_id3_AngX in the path : /content/OurProject/trained_models/telemanom/2024-08-16_13.08.50/models/sensor_id3_AngX.pt
2024-08-17 20:40:38,902 INFO normalized prediction error: nan
2024-08-17 20:40:39,355 INFO Metrics for the channel sensor_id3_AngX found n 0 anomalies predicted
Precision: 0.00%
Recall: 0.00%
F1-score: 0.00%
AUROC: 0.00%
AUPRC: 0.00%
2024-08-17 20:40:39,452 INFO Processing Stream # 24: sensor_id2_AngY , sample-rate : 0.1s, date : 20220811 
2024-08-17 20:40:41,917 INFO Loading the model for the channel sensor_id2_AngY in the path : /content/OurProject/trained_models/telemanom/2024-08-16_13.08.50/models/sensor_id2_AngY.pt
2024-08-17 20:40:41,923 INFO Correctly loaded the model for the channel sensor_id2_AngY in the path : /content/OurProject/trained_models/telemanom/2024-08-16_13.08.50/models/sensor_id2_AngY.pt
2024-08-17 20:40:44,346 INFO normalized prediction error: 0.28
2024-08-17 20:40:44,957 INFO Metrics for the channel sensor_id2_AngY found n 0 anomalies predicted
Precision: 0.00%
Recall: 0.00%
F1-score: 0.00%
AUROC: 0.00%
AUPRC: 0.00%
2024-08-17 20:40:45,056 INFO Processing Stream # 25: sensor_id4_AngY , sample-rate : 0.1s, date : 20220811 
2024-08-17 20:40:48,644 INFO Loading the model for the channel sensor_id4_AngY in the path : /content/OurProject/trained_models/telemanom/2024-08-16_13.08.50/models/sensor_id4_AngY.pt
2024-08-17 20:40:48,647 INFO Correctly loaded the model for the channel sensor_id4_AngY in the path : /content/OurProject/trained_models/telemanom/2024-08-16_13.08.50/models/sensor_id4_AngY.pt
2024-08-17 20:40:51,156 INFO normalized prediction error: 0.18
2024-08-17 20:40:51,764 INFO Metrics for the channel sensor_id4_AngY found n 0 anomalies predicted
Precision: 0.00%
Recall: 100.00%
F1-score: 0.00%
AUROC: 0.00%
AUPRC: 50.00%
2024-08-17 20:40:51,873 INFO Processing Stream # 26: sensor_id1_AngY , sample-rate : 0.1s, date : 20220811 
2024-08-17 20:40:54,246 INFO Loading the model for the channel sensor_id1_AngY in the path : /content/OurProject/trained_models/telemanom/2024-08-16_13.08.50/models/sensor_id1_AngY.pt
2024-08-17 20:40:54,249 INFO Correctly loaded the model for the channel sensor_id1_AngY in the path : /content/OurProject/trained_models/telemanom/2024-08-16_13.08.50/models/sensor_id1_AngY.pt
2024-08-17 20:40:56,770 INFO normalized prediction error: 0.17
2024-08-17 20:40:57,893 INFO Metrics for the channel sensor_id1_AngY found n 0 anomalies predicted
Precision: 100.00%
Recall: 100.00%
F1-score: 100.00%
AUROC: 100.00%
AUPRC: 100.00%
2024-08-17 20:40:57,985 INFO Processing Stream # 27: sensor_id5_AngY , sample-rate : 0.1s, date : 20220811 
2024-08-17 20:41:01,770 INFO Loading the model for the channel sensor_id5_AngY in the path : /content/OurProject/trained_models/telemanom/2024-08-16_13.08.50/models/sensor_id5_AngY.pt
2024-08-17 20:41:01,776 INFO Correctly loaded the model for the channel sensor_id5_AngY in the path : /content/OurProject/trained_models/telemanom/2024-08-16_13.08.50/models/sensor_id5_AngY.pt
2024-08-17 20:41:04,384 INFO normalized prediction error: 0.38
2024-08-17 20:41:05,049 INFO Metrics for the channel sensor_id5_AngY found n 0 anomalies predicted
Precision: 0.00%
Recall: 0.00%
F1-score: 0.00%
AUROC: 0.00%
AUPRC: 0.00%
2024-08-17 20:41:05,148 INFO Processing Stream # 28: sensor_id4_AngZ , sample-rate : 0.1s, date : 20220811 
2024-08-17 20:41:07,534 INFO Loading the model for the channel sensor_id4_AngZ in the path : /content/OurProject/trained_models/telemanom/2024-08-16_13.08.50/models/sensor_id4_AngZ.pt
2024-08-17 20:41:07,537 INFO Correctly loaded the model for the channel sensor_id4_AngZ in the path : /content/OurProject/trained_models/telemanom/2024-08-16_13.08.50/models/sensor_id4_AngZ.pt
2024-08-17 20:41:09,945 INFO normalized prediction error: 0.20
2024-08-17 20:41:10,453 INFO Metrics for the channel sensor_id4_AngZ found n 0 anomalies predicted
Precision: 0.00%
Recall: 0.00%
F1-score: 0.00%
AUROC: 0.00%
AUPRC: 0.00%
2024-08-17 20:41:10,548 INFO Processing Stream # 29: sensor_id2_AngZ , sample-rate : 0.1s, date : 20220811 
2024-08-17 20:41:13,146 INFO Loading the model for the channel sensor_id2_AngZ in the path : /content/OurProject/trained_models/telemanom/2024-08-16_13.08.50/models/sensor_id2_AngZ.pt
2024-08-17 20:41:13,149 INFO Correctly loaded the model for the channel sensor_id2_AngZ in the path : /content/OurProject/trained_models/telemanom/2024-08-16_13.08.50/models/sensor_id2_AngZ.pt
2024-08-17 20:41:15,726 INFO normalized prediction error: 0.24
2024-08-17 20:41:16,658 INFO Metrics for the channel sensor_id2_AngZ found n 0 anomalies predicted
Precision: 0.00%
Recall: 0.00%
F1-score: 0.00%
AUROC: 0.00%
AUPRC: 0.00%
2024-08-17 20:41:16,740 INFO Processing Stream # 30: sensor_id3_AngY , sample-rate : 0.1s, date : 20220811 
2024-08-17 20:41:19,351 INFO Loading the model for the channel sensor_id3_AngY in the path : /content/OurProject/trained_models/telemanom/2024-08-16_13.08.50/models/sensor_id3_AngY.pt
2024-08-17 20:41:19,354 INFO Correctly loaded the model for the channel sensor_id3_AngY in the path : /content/OurProject/trained_models/telemanom/2024-08-16_13.08.50/models/sensor_id3_AngY.pt
2024-08-17 20:41:21,797 INFO normalized prediction error: 0.09
2024-08-17 20:41:22,430 INFO Metrics for the channel sensor_id3_AngY found n 0 anomalies predicted
Precision: 0.00%
Recall: 0.00%
F1-score: 0.00%
AUROC: 0.00%
AUPRC: 0.00%
2024-08-17 20:41:22,528 INFO Processing Stream # 31: sensor_id1_AngZ , sample-rate : 0.1s, date : 20220811 
2024-08-17 20:41:25,113 INFO Loading the model for the channel sensor_id1_AngZ in the path : /content/OurProject/trained_models/telemanom/2024-08-16_13.08.50/models/sensor_id1_AngZ.pt
2024-08-17 20:41:25,116 INFO Correctly loaded the model for the channel sensor_id1_AngZ in the path : /content/OurProject/trained_models/telemanom/2024-08-16_13.08.50/models/sensor_id1_AngZ.pt
2024-08-17 20:41:27,599 INFO normalized prediction error: 0.37
2024-08-17 20:41:28,452 INFO Metrics for the channel sensor_id1_AngZ found n 0 anomalies predicted
Precision: 0.00%
Recall: 0.00%
F1-score: 0.00%
AUROC: 0.00%
AUPRC: 0.00%
2024-08-17 20:41:28,537 INFO Processing Stream # 32: sensor_id5_AngZ , sample-rate : 0.1s, date : 20220811 
2024-08-17 20:41:31,920 INFO Loading the model for the channel sensor_id5_AngZ in the path : /content/OurProject/trained_models/telemanom/2024-08-16_13.08.50/models/sensor_id5_AngZ.pt
2024-08-17 20:41:31,923 INFO Correctly loaded the model for the channel sensor_id5_AngZ in the path : /content/OurProject/trained_models/telemanom/2024-08-16_13.08.50/models/sensor_id5_AngZ.pt
2024-08-17 20:41:34,334 INFO normalized prediction error: 0.26
2024-08-17 20:41:34,891 INFO Metrics for the channel sensor_id5_AngZ found n 0 anomalies predicted
Precision: 0.00%
Recall: 0.00%
F1-score: 0.00%
AUROC: 0.00%
AUPRC: 0.00%
2024-08-17 20:41:34,992 INFO Processing Stream # 33: sensor_id3_AngZ , sample-rate : 0.1s, date : 20220811 
2024-08-17 20:41:37,599 INFO Loading the model for the channel sensor_id3_AngZ in the path : /content/OurProject/trained_models/telemanom/2024-08-16_13.08.50/models/sensor_id3_AngZ.pt
2024-08-17 20:41:37,603 INFO Correctly loaded the model for the channel sensor_id3_AngZ in the path : /content/OurProject/trained_models/telemanom/2024-08-16_13.08.50/models/sensor_id3_AngZ.pt
2024-08-17 20:41:40,033 INFO normalized prediction error: 0.37
2024-08-17 20:41:40,738 INFO Metrics for the channel sensor_id3_AngZ found n 0 anomalies predicted
Precision: 0.00%
Recall: 100.00%
F1-score: 0.00%
AUROC: 0.00%
AUPRC: 50.00%
2024-08-17 20:41:40,834 INFO Processing Stream # 34: machine_nameKuka Robot_apparent_power , sample-rate : 0.1s, date : 20220811 
2024-08-17 20:41:44,304 INFO Loading the model for the channel machine_nameKuka Robot_apparent_power in the path : /content/OurProject/trained_models/telemanom/2024-08-16_13.08.50/models/machine_nameKuka Robot_apparent_power.pt
2024-08-17 20:41:44,308 INFO Correctly loaded the model for the channel machine_nameKuka Robot_apparent_power in the path : /content/OurProject/trained_models/telemanom/2024-08-16_13.08.50/models/machine_nameKuka Robot_apparent_power.pt
2024-08-17 20:41:46,777 INFO normalized prediction error: 0.19
2024-08-17 20:41:47,329 INFO Metrics for the channel machine_nameKuka Robot_apparent_power found n 0 anomalies predicted
Precision: 0.00%
Recall: 0.00%
F1-score: 0.00%
AUROC: 0.00%
AUPRC: 0.00%
2024-08-17 20:41:47,425 INFO Processing Stream # 35: sensor_id1_GyroX , sample-rate : 0.1s, date : 20220811 
2024-08-17 20:41:49,889 INFO Loading the model for the channel sensor_id1_GyroX in the path : /content/OurProject/trained_models/telemanom/2024-08-16_13.08.50/models/sensor_id1_GyroX.pt
2024-08-17 20:41:49,893 INFO Correctly loaded the model for the channel sensor_id1_GyroX in the path : /content/OurProject/trained_models/telemanom/2024-08-16_13.08.50/models/sensor_id1_GyroX.pt
2024-08-17 20:41:52,328 INFO normalized prediction error: 0.47
2024-08-17 20:41:52,954 INFO Metrics for the channel sensor_id1_GyroX found n 0 anomalies predicted
Precision: 0.00%
Recall: 0.00%
F1-score: 0.00%
AUROC: 0.00%
AUPRC: 0.00%
2024-08-17 20:41:53,052 INFO Processing Stream # 36: sensor_id2_GyroX , sample-rate : 0.1s, date : 20220811 
2024-08-17 20:41:55,998 INFO Loading the model for the channel sensor_id2_GyroX in the path : /content/OurProject/trained_models/telemanom/2024-08-16_13.08.50/models/sensor_id2_GyroX.pt
2024-08-17 20:41:56,002 INFO Correctly loaded the model for the channel sensor_id2_GyroX in the path : /content/OurProject/trained_models/telemanom/2024-08-16_13.08.50/models/sensor_id2_GyroX.pt
2024-08-17 20:41:58,647 INFO normalized prediction error: 0.43
2024-08-17 20:41:59,249 INFO Metrics for the channel sensor_id2_GyroX found n 0 anomalies predicted
Precision: 0.00%
Recall: 0.00%
F1-score: 0.00%
AUROC: 0.00%
AUPRC: 0.00%
2024-08-17 20:41:59,352 INFO Processing Stream # 37: sensor_id4_GyroX , sample-rate : 0.1s, date : 20220811 
2024-08-17 20:42:01,761 INFO Loading the model for the channel sensor_id4_GyroX in the path : /content/OurProject/trained_models/telemanom/2024-08-16_13.08.50/models/sensor_id4_GyroX.pt
2024-08-17 20:42:01,764 INFO Correctly loaded the model for the channel sensor_id4_GyroX in the path : /content/OurProject/trained_models/telemanom/2024-08-16_13.08.50/models/sensor_id4_GyroX.pt
2024-08-17 20:42:04,213 INFO normalized prediction error: 0.47
2024-08-17 20:42:04,769 INFO Metrics for the channel sensor_id4_GyroX found n 0 anomalies predicted
Precision: 0.00%
Recall: 100.00%
F1-score: 0.00%
AUROC: 0.00%
AUPRC: 50.00%
2024-08-17 20:42:04,864 INFO Processing Stream # 38: sensor_id3_GyroX , sample-rate : 0.1s, date : 20220811 
2024-08-17 20:42:07,444 INFO Loading the model for the channel sensor_id3_GyroX in the path : /content/OurProject/trained_models/telemanom/2024-08-16_13.08.50/models/sensor_id3_GyroX.pt
2024-08-17 20:42:07,448 INFO Correctly loaded the model for the channel sensor_id3_GyroX in the path : /content/OurProject/trained_models/telemanom/2024-08-16_13.08.50/models/sensor_id3_GyroX.pt
2024-08-17 20:42:09,996 INFO normalized prediction error: 0.41
2024-08-17 20:42:10,950 INFO Metrics for the channel sensor_id3_GyroX found n 0 anomalies predicted
Precision: 0.00%
Recall: 100.00%
F1-score: 0.00%
AUROC: 0.00%
AUPRC: 50.00%
2024-08-17 20:42:11,037 INFO Processing Stream # 39: sensor_id5_GyroX , sample-rate : 0.1s, date : 20220811 
2024-08-17 20:42:13,926 INFO Loading the model for the channel sensor_id5_GyroX in the path : /content/OurProject/trained_models/telemanom/2024-08-16_13.08.50/models/sensor_id5_GyroX.pt
2024-08-17 20:42:13,929 INFO Correctly loaded the model for the channel sensor_id5_GyroX in the path : /content/OurProject/trained_models/telemanom/2024-08-16_13.08.50/models/sensor_id5_GyroX.pt
2024-08-17 20:42:16,360 INFO normalized prediction error: 0.47
2024-08-17 20:42:16,946 INFO Metrics for the channel sensor_id5_GyroX found n 0 anomalies predicted
Precision: 0.00%
Recall: 0.00%
F1-score: 0.00%
AUROC: 0.00%
AUPRC: 0.00%
2024-08-17 20:42:17,042 INFO Processing Stream # 40: sensor_id1_GyroY , sample-rate : 0.1s, date : 20220811 
2024-08-17 20:42:19,641 INFO Loading the model for the channel sensor_id1_GyroY in the path : /content/OurProject/trained_models/telemanom/2024-08-16_13.08.50/models/sensor_id1_GyroY.pt
2024-08-17 20:42:19,644 INFO Correctly loaded the model for the channel sensor_id1_GyroY in the path : /content/OurProject/trained_models/telemanom/2024-08-16_13.08.50/models/sensor_id1_GyroY.pt
2024-08-17 20:42:22,109 INFO normalized prediction error: 0.45
2024-08-17 20:42:22,833 INFO Metrics for the channel sensor_id1_GyroY found n 0 anomalies predicted
Precision: 0.00%
Recall: 0.00%
F1-score: 0.00%
AUROC: 0.00%
AUPRC: 0.00%
2024-08-17 20:42:22,916 INFO Processing Stream # 41: sensor_id2_GyroY , sample-rate : 0.1s, date : 20220811 
2024-08-17 20:42:26,572 INFO Loading the model for the channel sensor_id2_GyroY in the path : /content/OurProject/trained_models/telemanom/2024-08-16_13.08.50/models/sensor_id2_GyroY.pt
2024-08-17 20:42:26,575 INFO Correctly loaded the model for the channel sensor_id2_GyroY in the path : /content/OurProject/trained_models/telemanom/2024-08-16_13.08.50/models/sensor_id2_GyroY.pt
2024-08-17 20:42:28,998 INFO normalized prediction error: 0.47
2024-08-17 20:42:29,654 INFO Metrics for the channel sensor_id2_GyroY found n 0 anomalies predicted
Precision: 0.00%
Recall: 0.00%
F1-score: 0.00%
AUROC: 0.00%
AUPRC: 0.00%
2024-08-17 20:42:29,758 INFO Processing Stream # 42: sensor_id4_GyroY , sample-rate : 0.1s, date : 20220811 
2024-08-17 20:42:32,347 INFO Loading the model for the channel sensor_id4_GyroY in the path : /content/OurProject/trained_models/telemanom/2024-08-16_13.08.50/models/sensor_id4_GyroY.pt
2024-08-17 20:42:32,350 INFO Correctly loaded the model for the channel sensor_id4_GyroY in the path : /content/OurProject/trained_models/telemanom/2024-08-16_13.08.50/models/sensor_id4_GyroY.pt
2024-08-17 20:42:34,787 INFO normalized prediction error: 0.46
2024-08-17 20:42:35,404 INFO Metrics for the channel sensor_id4_GyroY found n 0 anomalies predicted
Precision: 0.00%
Recall: 0.00%
F1-score: 0.00%
AUROC: 0.00%
AUPRC: 0.00%
2024-08-17 20:42:35,505 INFO Processing Stream # 43: sensor_id3_GyroY , sample-rate : 0.1s, date : 20220811 
2024-08-17 20:42:38,830 INFO Loading the model for the channel sensor_id3_GyroY in the path : /content/OurProject/trained_models/telemanom/2024-08-16_13.08.50/models/sensor_id3_GyroY.pt
2024-08-17 20:42:38,834 INFO Correctly loaded the model for the channel sensor_id3_GyroY in the path : /content/OurProject/trained_models/telemanom/2024-08-16_13.08.50/models/sensor_id3_GyroY.pt
2024-08-17 20:42:41,386 INFO normalized prediction error: 0.44
2024-08-17 20:42:41,941 INFO Metrics for the channel sensor_id3_GyroY found n 0 anomalies predicted
Precision: 0.00%
Recall: 100.00%
F1-score: 0.00%
AUROC: 0.00%
AUPRC: 50.00%
2024-08-17 20:42:42,039 INFO Processing Stream # 44: sensor_id5_GyroY , sample-rate : 0.1s, date : 20220811 
2024-08-17 20:42:45,670 INFO Loading the model for the channel sensor_id5_GyroY in the path : /content/OurProject/trained_models/telemanom/2024-08-16_13.08.50/models/sensor_id5_GyroY.pt
2024-08-17 20:42:45,674 INFO Correctly loaded the model for the channel sensor_id5_GyroY in the path : /content/OurProject/trained_models/telemanom/2024-08-16_13.08.50/models/sensor_id5_GyroY.pt
2024-08-17 20:42:47,949 INFO normalized prediction error: nan
2024-08-17 20:42:48,410 INFO Metrics for the channel sensor_id5_GyroY found n 0 anomalies predicted
Precision: 0.00%
Recall: 0.00%
F1-score: 0.00%
AUROC: 0.00%
AUPRC: 0.00%
2024-08-17 20:42:48,509 INFO Processing Stream # 45: sensor_id1_GyroZ , sample-rate : 0.1s, date : 20220811 
2024-08-17 20:42:51,174 INFO Loading the model for the channel sensor_id1_GyroZ in the path : /content/OurProject/trained_models/telemanom/2024-08-16_13.08.50/models/sensor_id1_GyroZ.pt
2024-08-17 20:42:51,178 INFO Correctly loaded the model for the channel sensor_id1_GyroZ in the path : /content/OurProject/trained_models/telemanom/2024-08-16_13.08.50/models/sensor_id1_GyroZ.pt
2024-08-17 20:42:53,830 INFO normalized prediction error: 0.48
2024-08-17 20:42:54,512 INFO Metrics for the channel sensor_id1_GyroZ found n 0 anomalies predicted
Precision: 0.00%
Recall: 0.00%
F1-score: 0.00%
AUROC: 0.00%
AUPRC: 0.00%
2024-08-17 20:42:54,608 INFO Processing Stream # 46: sensor_id2_GyroZ , sample-rate : 0.1s, date : 20220811 
2024-08-17 20:42:57,237 INFO Loading the model for the channel sensor_id2_GyroZ in the path : /content/OurProject/trained_models/telemanom/2024-08-16_13.08.50/models/sensor_id2_GyroZ.pt
2024-08-17 20:42:57,240 INFO Correctly loaded the model for the channel sensor_id2_GyroZ in the path : /content/OurProject/trained_models/telemanom/2024-08-16_13.08.50/models/sensor_id2_GyroZ.pt
2024-08-17 20:42:59,708 INFO normalized prediction error: 0.43
2024-08-17 20:43:00,270 INFO Metrics for the channel sensor_id2_GyroZ found n 0 anomalies predicted
Precision: 100.00%
Recall: 100.00%
F1-score: 100.00%
AUROC: 100.00%
AUPRC: 100.00%
2024-08-17 20:43:00,367 INFO Processing Stream # 47: sensor_id4_GyroZ , sample-rate : 0.1s, date : 20220811 
2024-08-17 20:43:02,777 INFO Loading the model for the channel sensor_id4_GyroZ in the path : /content/OurProject/trained_models/telemanom/2024-08-16_13.08.50/models/sensor_id4_GyroZ.pt
2024-08-17 20:43:02,780 INFO Correctly loaded the model for the channel sensor_id4_GyroZ in the path : /content/OurProject/trained_models/telemanom/2024-08-16_13.08.50/models/sensor_id4_GyroZ.pt
2024-08-17 20:43:05,296 INFO normalized prediction error: 0.33
2024-08-17 20:43:06,103 INFO Metrics for the channel sensor_id4_GyroZ found n 0 anomalies predicted
Precision: 0.00%
Recall: 0.00%
F1-score: 0.00%
AUROC: 0.00%
AUPRC: 0.00%
2024-08-17 20:43:06,191 INFO Processing Stream # 48: sensor_id3_GyroZ , sample-rate : 0.1s, date : 20220811 
2024-08-17 20:43:09,231 INFO Loading the model for the channel sensor_id3_GyroZ in the path : /content/OurProject/trained_models/telemanom/2024-08-16_13.08.50/models/sensor_id3_GyroZ.pt
2024-08-17 20:43:09,234 INFO Correctly loaded the model for the channel sensor_id3_GyroZ in the path : /content/OurProject/trained_models/telemanom/2024-08-16_13.08.50/models/sensor_id3_GyroZ.pt
2024-08-17 20:43:11,658 INFO normalized prediction error: 0.33
2024-08-17 20:43:12,146 INFO Metrics for the channel sensor_id3_GyroZ found n 0 anomalies predicted
Precision: 0.00%
Recall: 0.00%
F1-score: 0.00%
AUROC: 0.00%
AUPRC: 0.00%
2024-08-17 20:43:12,251 INFO Processing Stream # 49: sensor_id5_GyroZ , sample-rate : 0.1s, date : 20220811 
2024-08-17 20:43:14,881 INFO Loading the model for the channel sensor_id5_GyroZ in the path : /content/OurProject/trained_models/telemanom/2024-08-16_13.08.50/models/sensor_id5_GyroZ.pt
2024-08-17 20:43:14,884 INFO Correctly loaded the model for the channel sensor_id5_GyroZ in the path : /content/OurProject/trained_models/telemanom/2024-08-16_13.08.50/models/sensor_id5_GyroZ.pt
2024-08-17 20:43:17,323 INFO normalized prediction error: 0.46
2024-08-17 20:43:17,855 INFO Metrics for the channel sensor_id5_GyroZ found n 0 anomalies predicted
Precision: 0.00%
Recall: 0.00%
F1-score: 0.00%
AUROC: 0.00%
AUPRC: 0.00%
2024-08-17 20:43:17,945 INFO Processing Stream # 50: machine_nameKuka Robot_power_factor , sample-rate : 0.1s, date : 20220811 
2024-08-17 20:43:21,608 INFO Loading the model for the channel machine_nameKuka Robot_power_factor in the path : /content/OurProject/trained_models/telemanom/2024-08-16_13.08.50/models/machine_nameKuka Robot_power_factor.pt
2024-08-17 20:43:21,611 INFO Correctly loaded the model for the channel machine_nameKuka Robot_power_factor in the path : /content/OurProject/trained_models/telemanom/2024-08-16_13.08.50/models/machine_nameKuka Robot_power_factor.pt
2024-08-17 20:43:23,846 INFO normalized prediction error: 0.19
2024-08-17 20:43:24,501 INFO Metrics for the channel machine_nameKuka Robot_power_factor found n 1 anomalies predicted
Precision: 0.00%
Recall: 100.00%
F1-score: 0.00%
AUROC: 0.00%
AUPRC: 50.00%
2024-08-17 20:43:24,599 INFO Processing Stream # 51: machine_nameKuka Robot_reactive_power , sample-rate : 0.1s, date : 20220811 
2024-08-17 20:43:27,188 INFO Loading the model for the channel machine_nameKuka Robot_reactive_power in the path : /content/OurProject/trained_models/telemanom/2024-08-16_13.08.50/models/machine_nameKuka Robot_reactive_power.pt
2024-08-17 20:43:27,191 INFO Correctly loaded the model for the channel machine_nameKuka Robot_reactive_power in the path : /content/OurProject/trained_models/telemanom/2024-08-16_13.08.50/models/machine_nameKuka Robot_reactive_power.pt
2024-08-17 20:43:29,388 INFO normalized prediction error: nan
2024-08-17 20:43:29,879 INFO Metrics for the channel machine_nameKuka Robot_reactive_power found n 0 anomalies predicted
Precision: 0.00%
Recall: 0.00%
F1-score: 0.00%
AUROC: 0.00%
AUPRC: 0.00%
2024-08-17 20:43:29,981 INFO Processing Stream # 52: sensor_id5_Temperature , sample-rate : 0.1s, date : 20220811 
2024-08-17 20:43:32,845 INFO Loading the model for the channel sensor_id5_Temperature in the path : /content/OurProject/trained_models/telemanom/2024-08-16_13.08.50/models/sensor_id5_Temperature.pt
2024-08-17 20:43:32,849 INFO Correctly loaded the model for the channel sensor_id5_Temperature in the path : /content/OurProject/trained_models/telemanom/2024-08-16_13.08.50/models/sensor_id5_Temperature.pt
2024-08-17 20:43:35,290 INFO normalized prediction error: nan
2024-08-17 20:43:35,741 INFO Metrics for the channel sensor_id5_Temperature found n 0 anomalies predicted
Precision: 0.00%
Recall: 0.00%
F1-score: 0.00%
AUROC: 0.00%
AUPRC: 0.00%
2024-08-17 20:43:35,840 INFO Processing Stream # 53: machine_nameKuka Robot_phase_angle , sample-rate : 0.1s, date : 20220811 
2024-08-17 20:43:38,408 INFO Loading the model for the channel machine_nameKuka Robot_phase_angle in the path : /content/OurProject/trained_models/telemanom/2024-08-16_13.08.50/models/machine_nameKuka Robot_phase_angle.pt
2024-08-17 20:43:38,411 INFO Correctly loaded the model for the channel machine_nameKuka Robot_phase_angle in the path : /content/OurProject/trained_models/telemanom/2024-08-16_13.08.50/models/machine_nameKuka Robot_phase_angle.pt
2024-08-17 20:43:40,832 INFO normalized prediction error: 0.19
2024-08-17 20:43:41,457 INFO Metrics for the channel machine_nameKuka Robot_phase_angle found n 0 anomalies predicted
Precision: 0.00%
Recall: 0.00%
F1-score: 0.00%
AUROC: 0.00%
AUPRC: 0.00%
2024-08-17 20:43:41,554 INFO Processing Stream # 54: machine_nameKuka Robot_export_reactive_energy , sample-rate : 0.1s, date : 20220811 
2024-08-17 20:43:43,924 INFO Loading the model for the channel machine_nameKuka Robot_export_reactive_energy in the path : /content/OurProject/trained_models/telemanom/2024-08-16_13.08.50/models/machine_nameKuka Robot_export_reactive_energy.pt
2024-08-17 20:43:43,927 INFO Correctly loaded the model for the channel machine_nameKuka Robot_export_reactive_energy in the path : /content/OurProject/trained_models/telemanom/2024-08-16_13.08.50/models/machine_nameKuka Robot_export_reactive_energy.pt
2024-08-17 20:43:46,458 INFO normalized prediction error: 9.05
2024-08-17 20:43:47,207 INFO Metrics for the channel machine_nameKuka Robot_export_reactive_energy found n 0 anomalies predicted
Precision: 0.00%
Recall: 0.00%
F1-score: 0.00%
AUROC: 0.00%
AUPRC: 0.00%
2024-08-17 20:43:47,290 INFO Processing Stream # 55: sensor_id1_Temperature , sample-rate : 0.1s, date : 20220811 
2024-08-17 20:43:50,463 INFO Loading the model for the channel sensor_id1_Temperature in the path : /content/OurProject/trained_models/telemanom/2024-08-16_13.08.50/models/sensor_id1_Temperature.pt
2024-08-17 20:43:50,466 INFO Correctly loaded the model for the channel sensor_id1_Temperature in the path : /content/OurProject/trained_models/telemanom/2024-08-16_13.08.50/models/sensor_id1_Temperature.pt
2024-08-17 20:43:52,882 INFO normalized prediction error: 0.35
2024-08-17 20:43:53,414 INFO Metrics for the channel sensor_id1_Temperature found n 0 anomalies predicted
Precision: 0.00%
Recall: 0.00%
F1-score: 0.00%
AUROC: 0.00%
AUPRC: 0.00%
2024-08-17 20:43:53,517 INFO Processing Stream # 56: machine_nameKuka Robot_frequency , sample-rate : 0.1s, date : 20220811 
2024-08-17 20:43:55,869 INFO Loading the model for the channel machine_nameKuka Robot_frequency in the path : /content/OurProject/trained_models/telemanom/2024-08-16_13.08.50/models/machine_nameKuka Robot_frequency.pt
2024-08-17 20:43:55,873 INFO Correctly loaded the model for the channel machine_nameKuka Robot_frequency in the path : /content/OurProject/trained_models/telemanom/2024-08-16_13.08.50/models/machine_nameKuka Robot_frequency.pt
2024-08-17 20:43:58,275 INFO normalized prediction error: 2.13
2024-08-17 20:43:58,991 INFO Metrics for the channel machine_nameKuka Robot_frequency found n 0 anomalies predicted
Precision: 0.00%
Recall: 100.00%
F1-score: 0.00%
AUROC: 0.00%
AUPRC: 50.00%
2024-08-17 20:43:59,090 INFO Processing Stream # 57: machine_nameKuka Robot_import_active_energy , sample-rate : 0.1s, date : 20220811 
2024-08-17 20:44:03,037 INFO Loading the model for the channel machine_nameKuka Robot_import_active_energy in the path : /content/OurProject/trained_models/telemanom/2024-08-16_13.08.50/models/machine_nameKuka Robot_import_active_energy.pt
2024-08-17 20:44:03,040 INFO Correctly loaded the model for the channel machine_nameKuka Robot_import_active_energy in the path : /content/OurProject/trained_models/telemanom/2024-08-16_13.08.50/models/machine_nameKuka Robot_import_active_energy.pt
2024-08-17 20:44:05,484 INFO normalized prediction error: 9.28
2024-08-17 20:44:05,984 INFO Metrics for the channel machine_nameKuka Robot_import_active_energy found n 0 anomalies predicted
Precision: 0.00%
Recall: 0.00%
F1-score: 0.00%
AUROC: 0.00%
AUPRC: 0.00%
2024-08-17 20:44:06,087 INFO Processing Stream # 58: sensor_id2_Temperature , sample-rate : 0.1s, date : 20220811 
2024-08-17 20:44:08,467 INFO Loading the model for the channel sensor_id2_Temperature in the path : /content/OurProject/trained_models/telemanom/2024-08-16_13.08.50/models/sensor_id2_Temperature.pt
2024-08-17 20:44:08,470 INFO Correctly loaded the model for the channel sensor_id2_Temperature in the path : /content/OurProject/trained_models/telemanom/2024-08-16_13.08.50/models/sensor_id2_Temperature.pt
2024-08-17 20:44:10,931 INFO normalized prediction error: 0.37
2024-08-17 20:44:11,477 INFO Metrics for the channel sensor_id2_Temperature found n 0 anomalies predicted
Precision: 0.00%
Recall: 0.00%
F1-score: 0.00%
AUROC: 0.00%
AUPRC: 0.00%
2024-08-17 20:44:11,573 INFO Processing Stream # 59: sensor_id4_Temperature , sample-rate : 0.1s, date : 20220811 
2024-08-17 20:44:16,370 INFO Starting calibration for the model ...
2024-08-17 20:44:29,275 INFO Ended calibration for the model ...
2024-08-17 20:44:52,310 INFO Epoch 0, Loss: 1.520782709121704
2024-08-17 20:45:34,952 INFO Epoch 2, Loss: 1.9761685132980347
2024-08-17 20:46:19,353 INFO Epoch 4, Loss: 1.0750658512115479
2024-08-17 20:47:04,272 INFO Epoch 6, Loss: 1.0084803104400635
2024-08-17 20:47:49,636 INFO Epoch 8, Loss: 1.8980364799499512
2024-08-17 20:48:35,197 INFO Epoch 10, Loss: 0.6373540163040161
2024-08-17 20:48:57,972 INFO Early stopping triggered at epoch 11
2024-08-17 20:49:00,277 INFO normalized prediction error: 0.36
2024-08-17 20:49:00,865 INFO Metrics for the channel sensor_id4_Temperature found n 0 anomalies predicted
Precision: 0.00%
Recall: 0.00%
F1-score: 0.00%
AUROC: 0.00%
AUPRC: 0.00%
2024-08-17 20:49:11,745 INFO Graphical output saved on path : /content/OurProject/trained_models/telemanom/2024-08-16_13.08.50/plot_predictions/0.1s/sensor_id4_Temperature.pdf
2024-08-17 20:49:11,877 INFO Processing Stream # 60: sensor_id3_Temperature , sample-rate : 0.1s, date : 20220811 
2024-08-17 20:49:14,521 INFO Starting calibration for the model ...
2024-08-17 20:49:26,665 INFO Ended calibration for the model ...
2024-08-17 20:49:49,496 INFO Epoch 0, Loss: 1.889271855354309
2024-08-17 20:50:32,175 INFO Epoch 2, Loss: 0.842247724533081
2024-08-17 20:51:16,461 INFO Epoch 4, Loss: 1.4566394090652466
2024-08-17 20:51:59,171 INFO Epoch 6, Loss: 1.5664795637130737
2024-08-17 20:52:42,041 INFO Epoch 8, Loss: 0.8517759442329407
2024-08-17 20:53:25,971 INFO Epoch 10, Loss: 1.4673470258712769
2024-08-17 20:54:09,488 INFO Epoch 12, Loss: 1.1327197551727295
2024-08-17 20:54:31,913 INFO Early stopping triggered at epoch 13
2024-08-17 20:54:34,167 INFO normalized prediction error: 0.37
2024-08-17 20:54:34,706 INFO Metrics for the channel sensor_id3_Temperature found n 0 anomalies predicted
Precision: 0.00%
Recall: 0.00%
F1-score: 0.00%
AUROC: 0.00%
AUPRC: 0.00%
2024-08-17 20:54:45,306 INFO Graphical output saved on path : /content/OurProject/trained_models/telemanom/2024-08-16_13.08.50/plot_predictions/0.1s/sensor_id3_Temperature.pdf
2024-08-17 20:54:45,456 INFO Processing Stream # 61: machine_nameAbb Robot_voltage , sample-rate : 0.1s, date : 20220811 
2024-08-17 20:54:48,086 INFO Starting calibration for the model ...
2024-08-17 20:55:00,169 INFO Ended calibration for the model ...
2024-08-17 20:55:23,613 INFO Epoch 0, Loss: 85.06509399414062
2024-08-17 20:56:09,304 INFO Epoch 2, Loss: 93.51325988769531
2024-08-17 20:56:55,105 INFO Epoch 4, Loss: 81.6535415649414
2024-08-17 20:57:40,732 INFO Epoch 6, Loss: 61.1672477722168
2024-08-17 20:58:25,886 INFO Epoch 8, Loss: 95.8788070678711
2024-08-17 20:59:11,625 INFO Epoch 10, Loss: 43.66636276245117
2024-08-17 20:59:57,118 INFO Epoch 12, Loss: 78.50430297851562
2024-08-17 21:00:42,793 INFO Epoch 14, Loss: 46.89418411254883
2024-08-17 21:01:28,438 INFO Epoch 16, Loss: 40.83512496948242
2024-08-17 21:02:14,165 INFO Epoch 18, Loss: 74.505126953125
2024-08-17 21:02:59,864 INFO Epoch 20, Loss: 69.71761322021484
2024-08-17 21:03:02,374 INFO normalized prediction error: 0.25
2024-08-17 21:03:03,261 INFO Metrics for the channel machine_nameAbb Robot_voltage found n 1 anomalies predicted
Precision: 0.00%
Recall: 100.00%
F1-score: 0.00%
AUROC: 0.00%
AUPRC: 50.00%
2024-08-17 21:03:13,009 INFO Graphical output saved on path : /content/OurProject/trained_models/telemanom/2024-08-16_13.08.50/plot_predictions/0.1s/machine_nameAbb Robot_voltage.pdf
2024-08-17 21:03:13,161 INFO Processing Stream # 62: machine_nameAbb Robot_current , sample-rate : 0.1s, date : 20220811 
2024-08-17 21:03:16,425 INFO Starting calibration for the model ...
2024-08-17 21:03:27,537 INFO Ended calibration for the model ...
2024-08-17 21:03:49,132 INFO Epoch 0, Loss: 5.950448667135788e-06
2024-08-17 21:04:32,820 INFO Epoch 2, Loss: nan
2024-08-17 21:05:12,468 INFO Epoch 4, Loss: nan
2024-08-17 21:05:52,365 INFO Epoch 6, Loss: nan
2024-08-17 21:06:31,943 INFO Epoch 8, Loss: nan
2024-08-17 21:07:11,772 INFO Early stopping triggered at epoch 10
2024-08-17 21:07:14,072 INFO normalized prediction error: nan
2024-08-17 21:07:14,829 INFO Metrics for the channel machine_nameAbb Robot_current found n 0 anomalies predicted
Precision: 0.00%
Recall: 0.00%
F1-score: 0.00%
AUROC: 0.00%
AUPRC: 0.00%
2024-08-17 21:07:24,668 INFO Graphical output saved on path : /content/OurProject/trained_models/telemanom/2024-08-16_13.08.50/plot_predictions/0.1s/machine_nameAbb Robot_current.pdf
2024-08-17 21:07:24,800 INFO Processing Stream # 63: machine_nameAbb Robot_power , sample-rate : 0.1s, date : 20220811 
2024-08-17 21:07:27,824 INFO Starting calibration for the model ...
2024-08-17 21:07:39,905 INFO Ended calibration for the model ...
2024-08-17 21:08:03,291 INFO Epoch 0, Loss: 14.218018531799316
2024-08-17 21:08:48,471 INFO Epoch 2, Loss: 10.398420333862305
2024-08-17 21:09:33,349 INFO Epoch 4, Loss: 7.842693328857422
2024-08-17 21:10:18,073 INFO Epoch 6, Loss: 7.752141952514648
2024-08-17 21:11:03,273 INFO Epoch 8, Loss: 7.192989349365234
2024-08-17 21:11:48,383 INFO Epoch 10, Loss: 5.237605571746826
2024-08-17 21:12:33,533 INFO Epoch 12, Loss: 6.1561713218688965
2024-08-17 21:12:56,102 INFO Early stopping triggered at epoch 13
2024-08-17 21:12:58,440 INFO normalized prediction error: 0.16
2024-08-17 21:12:59,080 INFO Metrics for the channel machine_nameAbb Robot_power found n 0 anomalies predicted
Precision: 0.00%
Recall: 100.00%
F1-score: 0.00%
AUROC: 0.00%
AUPRC: 50.00%
2024-08-17 21:13:09,691 INFO Graphical output saved on path : /content/OurProject/trained_models/telemanom/2024-08-16_13.08.50/plot_predictions/0.1s/machine_nameAbb Robot_power.pdf
2024-08-17 21:13:09,843 INFO Processing Stream # 64: machine_nameAbb Robot_apparent_power , sample-rate : 0.1s, date : 20220811 
2024-08-17 21:13:12,392 INFO Starting calibration for the model ...
2024-08-17 21:13:24,574 INFO Ended calibration for the model ...
2024-08-17 21:13:48,020 INFO Epoch 0, Loss: 17.766735076904297
2024-08-17 21:14:33,753 INFO Epoch 2, Loss: 6.966114521026611
2024-08-17 21:15:18,802 INFO Epoch 4, Loss: 6.769089698791504
2024-08-17 21:16:03,428 INFO Epoch 6, Loss: 7.119357585906982
2024-08-17 21:16:48,272 INFO Epoch 8, Loss: 21.734365463256836
2024-08-17 21:17:32,711 INFO Epoch 10, Loss: nan
2024-08-17 21:18:12,474 INFO Epoch 12, Loss: nan
2024-08-17 21:18:52,208 INFO Early stopping triggered at epoch 14
2024-08-17 21:18:54,800 INFO normalized prediction error: nan
2024-08-17 21:18:55,561 INFO Metrics for the channel machine_nameAbb Robot_apparent_power found n 0 anomalies predicted
Precision: 0.00%
Recall: 0.00%
F1-score: 0.00%
AUROC: 0.00%
AUPRC: 0.00%
2024-08-17 21:19:06,096 INFO Graphical output saved on path : /content/OurProject/trained_models/telemanom/2024-08-16_13.08.50/plot_predictions/0.1s/machine_nameAbb Robot_apparent_power.pdf
2024-08-17 21:19:06,246 INFO Processing Stream # 65: machine_nameAbb Robot_reactive_power , sample-rate : 0.1s, date : 20220811 
2024-08-17 21:19:09,277 INFO Starting calibration for the model ...
2024-08-17 21:19:21,309 INFO Ended calibration for the model ...
2024-08-17 21:19:44,377 INFO Epoch 0, Loss: 398.6918029785156
2024-08-17 21:20:28,861 INFO Epoch 2, Loss: 394.4342956542969
2024-08-17 21:21:13,542 INFO Epoch 4, Loss: 392.5103454589844
2024-08-17 21:21:58,452 INFO Epoch 6, Loss: 1096.9913330078125
2024-08-17 21:22:40,392 INFO Epoch 8, Loss: nan
2024-08-17 21:23:20,166 INFO Epoch 10, Loss: nan
2024-08-17 21:24:00,269 INFO Epoch 12, Loss: nan
2024-08-17 21:24:20,074 INFO Early stopping triggered at epoch 13
2024-08-17 21:24:22,169 INFO normalized prediction error: nan
2024-08-17 21:24:22,648 INFO Metrics for the channel machine_nameAbb Robot_reactive_power found n 0 anomalies predicted
Precision: 0.00%
Recall: 0.00%
F1-score: 0.00%
AUROC: 0.00%
AUPRC: 0.00%
2024-08-17 21:24:33,441 INFO Graphical output saved on path : /content/OurProject/trained_models/telemanom/2024-08-16_13.08.50/plot_predictions/0.1s/machine_nameAbb Robot_reactive_power.pdf
2024-08-17 21:24:33,599 INFO Processing Stream # 66: machine_nameAbb Robot_power_factor , sample-rate : 0.1s, date : 20220811 
2024-08-17 21:24:36,248 INFO Starting calibration for the model ...
2024-08-17 21:24:47,487 INFO Ended calibration for the model ...
2024-08-17 21:25:08,830 INFO Epoch 0, Loss: 9.20763413887471e-05
2024-08-17 21:25:51,197 INFO Epoch 2, Loss: 7.805099448887631e-05
2024-08-17 21:26:33,364 INFO Epoch 4, Loss: 7.943856326164678e-05
2024-08-17 21:27:15,904 INFO Epoch 6, Loss: 7.837371958885342e-05
2024-08-17 21:27:58,200 INFO Epoch 8, Loss: 8.069873001659289e-05
2024-08-17 21:28:40,591 INFO Early stopping triggered at epoch 10
2024-08-17 21:28:42,820 INFO normalized prediction error: 1.35
2024-08-17 21:28:43,335 INFO Metrics for the channel machine_nameAbb Robot_power_factor found n 0 anomalies predicted
Precision: 0.00%
Recall: 0.00%
F1-score: 0.00%
AUROC: 0.00%
AUPRC: 0.00%
2024-08-17 21:28:55,342 INFO Graphical output saved on path : /content/OurProject/trained_models/telemanom/2024-08-16_13.08.50/plot_predictions/0.1s/machine_nameAbb Robot_power_factor.pdf
2024-08-17 21:28:55,495 INFO Processing Stream # 67: machine_nameAbb Robot_frequency , sample-rate : 0.1s, date : 20220811 
2024-08-17 21:28:58,061 INFO Starting calibration for the model ...
2024-08-17 21:29:10,148 INFO Ended calibration for the model ...
2024-08-17 21:29:32,872 INFO Epoch 0, Loss: 3.676517963409424
2024-08-17 21:30:17,064 INFO Epoch 2, Loss: 1.9189494848251343
2024-08-17 21:31:01,294 INFO Epoch 4, Loss: 2.2571158409118652
2024-08-17 21:31:45,415 INFO Epoch 6, Loss: 2.0979342460632324
2024-08-17 21:32:29,799 INFO Epoch 8, Loss: 2.2106845378875732
2024-08-17 21:33:14,156 INFO Epoch 10, Loss: 1.9816392660140991
2024-08-17 21:33:58,755 INFO Epoch 12, Loss: 3.167485237121582
2024-08-17 21:34:43,308 INFO Epoch 14, Loss: 2.262195587158203
2024-08-17 21:35:28,136 INFO Epoch 16, Loss: 2.955357313156128
2024-08-17 21:35:50,623 INFO Early stopping triggered at epoch 17
2024-08-17 21:35:53,128 INFO normalized prediction error: 4.20
2024-08-17 21:35:53,701 INFO Metrics for the channel machine_nameAbb Robot_frequency found n 0 anomalies predicted
Precision: 0.00%
Recall: 100.00%
F1-score: 0.00%
AUROC: 0.00%
AUPRC: 50.00%
2024-08-17 21:36:03,021 INFO Graphical output saved on path : /content/OurProject/trained_models/telemanom/2024-08-16_13.08.50/plot_predictions/0.1s/machine_nameAbb Robot_frequency.pdf
2024-08-17 21:36:03,157 INFO Processing Stream # 68: machine_nameAbb Robot_phase_angle , sample-rate : 0.1s, date : 20220811 
2024-08-17 21:36:06,769 INFO Starting calibration for the model ...
2024-08-17 21:36:18,546 INFO Ended calibration for the model ...
2024-08-17 21:36:38,824 INFO Epoch 0, Loss: nan
2024-08-17 21:37:18,854 INFO Epoch 2, Loss: nan
2024-08-17 21:37:58,456 INFO Epoch 4, Loss: nan
2024-08-17 21:38:38,401 INFO Epoch 6, Loss: nan
2024-08-17 21:39:18,022 INFO Epoch 8, Loss: nan
2024-08-17 21:39:37,880 INFO Early stopping triggered at epoch 9
2024-08-17 21:39:39,965 INFO normalized prediction error: nan
2024-08-17 21:39:40,423 INFO Metrics for the channel machine_nameAbb Robot_phase_angle found n 0 anomalies predicted
Precision: 0.00%
Recall: 0.00%
F1-score: 0.00%
AUROC: 0.00%
AUPRC: 0.00%
2024-08-17 21:39:51,032 INFO Graphical output saved on path : /content/OurProject/trained_models/telemanom/2024-08-16_13.08.50/plot_predictions/0.1s/machine_nameAbb Robot_phase_angle.pdf
2024-08-17 21:39:51,178 INFO Processing Stream # 69: machine_nameAbb Robot_import_active_energy , sample-rate : 0.1s, date : 20220811 
2024-08-17 21:39:53,764 INFO Starting calibration for the model ...
2024-08-17 21:40:05,622 INFO Ended calibration for the model ...
2024-08-17 21:40:28,600 INFO Epoch 0, Loss: 6270.11376953125
2024-08-17 21:41:13,689 INFO Epoch 2, Loss: 2153.523193359375
2024-08-17 21:41:58,756 INFO Epoch 4, Loss: 2665.11962890625
2024-08-17 21:42:43,561 INFO Epoch 6, Loss: 3085.875244140625
2024-08-17 21:43:28,850 INFO Epoch 8, Loss: 1844.3697509765625
2024-08-17 21:44:10,156 INFO Epoch 10, Loss: nan
2024-08-17 21:44:49,871 INFO Epoch 12, Loss: nan
2024-08-17 21:45:29,660 INFO Epoch 14, Loss: nan
2024-08-17 21:46:09,319 INFO Epoch 16, Loss: nan
2024-08-17 21:46:49,224 INFO Early stopping triggered at epoch 18
2024-08-17 21:46:51,347 INFO normalized prediction error: nan
2024-08-17 21:46:52,075 INFO Metrics for the channel machine_nameAbb Robot_import_active_energy found n 0 anomalies predicted
Precision: 0.00%
Recall: 0.00%
F1-score: 0.00%
AUROC: 0.00%
AUPRC: 0.00%
2024-08-17 21:47:02,369 INFO Graphical output saved on path : /content/OurProject/trained_models/telemanom/2024-08-16_13.08.50/plot_predictions/0.1s/machine_nameAbb Robot_import_active_energy.pdf
2024-08-17 21:47:02,518 INFO Processing Stream # 70: machine_nameAbb Robot_export_reactive_energy , sample-rate : 0.1s, date : 20220811 
2024-08-17 21:47:04,888 INFO Starting calibration for the model ...
2024-08-17 21:47:16,713 INFO Ended calibration for the model ...
2024-08-17 21:47:39,734 INFO Epoch 0, Loss: 862.6235961914062
2024-08-17 21:48:24,912 INFO Epoch 2, Loss: 421.9412536621094
2024-08-17 21:49:10,142 INFO Epoch 4, Loss: 360.2401428222656
2024-08-17 21:49:55,386 INFO Epoch 6, Loss: 775.2357788085938
2024-08-17 21:50:40,501 INFO Epoch 8, Loss: 236.14328002929688
2024-08-17 21:51:25,634 INFO Epoch 10, Loss: 315.6639709472656
2024-08-17 21:52:10,889 INFO Epoch 12, Loss: 450.3956604003906
2024-08-17 21:52:53,278 INFO Epoch 14, Loss: nan
2024-08-17 21:53:13,221 INFO Early stopping triggered at epoch 15
2024-08-17 21:53:15,300 INFO normalized prediction error: nan
2024-08-17 21:53:15,736 INFO Metrics for the channel machine_nameAbb Robot_export_reactive_energy found n 0 anomalies predicted
Precision: 0.00%
Recall: 0.00%
F1-score: 0.00%
AUROC: 0.00%
AUPRC: 0.00%
2024-08-17 21:53:26,290 INFO Graphical output saved on path : /content/OurProject/trained_models/telemanom/2024-08-16_13.08.50/plot_predictions/0.1s/machine_nameAbb Robot_export_reactive_energy.pdf
2024-08-17 21:53:26,653 INFO Applying pruning with dynamic threshold computed : 3.5250615716044114
2024-08-17 21:53:26,653 INFO Final Prediction for sample_rate 0.1s final list anomalies found : [{'start_idx': 1068, 'end_idx': 1114, 'score': 4.61270270325649}, {'start_idx': 1647, 'end_idx': 1692, 'score': 5.463881638567767}, {'start_idx': 2498, 'end_idx': 2536, 'score': 4.693888836033286}, {'start_idx': 2581, 'end_idx': 2603, 'score': 5.002728240185121}, {'start_idx': 3116, 'end_idx': 3155, 'score': 4.788270215615059}, {'start_idx': 3287, 'end_idx': 3307, 'score': 4.858079579646175}, {'start_idx': 3398, 'end_idx': 3435, 'score': 7.4043564150565295}, {'start_idx': 3504, 'end_idx': 3548, 'score': 6.086325506752938}, {'start_idx': 4846, 'end_idx': 4891, 'score': 5.4671606636913905}, {'start_idx': 5053, 'end_idx': 5099, 'score': 4.772048358876731}, {'start_idx': 5149, 'end_idx': 5163, 'score': 4.5177297557396825}, {'start_idx': 5228, 'end_idx': 5257, 'score': 3.7515658976441233}, {'start_idx': 5804, 'end_idx': 5859, 'score': 3.65156242368102}, {'start_idx': 7788, 'end_idx': 7832, 'score': 5.403029412222567}, {'start_idx': 7954, 'end_idx': 7979, 'score': 4.785729168908089}, {'start_idx': 7980, 'end_idx': 8016, 'score': 5.078725114598654}, {'start_idx': 8585, 'end_idx': 8614, 'score': 3.6536058747002182}, {'start_idx': 9079, 'end_idx': 9126, 'score': 7.07472829876603}, {'start_idx': 9229, 'end_idx': 9259, 'score': 5.763076686994003}, {'start_idx': 10490, 'end_idx': 10539, 'score': 5.1675691746097865}, {'start_idx': 10576, 'end_idx': 10603, 'score': 4.917378603253462}, {'start_idx': 10708, 'end_idx': 10731, 'score': 5.9324168634379015}, {'start_idx': 10732, 'end_idx': 10754, 'score': 3.584351702994319}, {'start_idx': 11348, 'end_idx': 11371, 'score': 4.994115091616346}, {'start_idx': 11884, 'end_idx': 11918, 'score': 4.619442494363874}, {'start_idx': 12332, 'end_idx': 12372, 'score': 4.456659927643865}, {'start_idx': 12514, 'end_idx': 12523, 'score': 5.812745981528532}, {'start_idx': 12524, 'end_idx': 12558, 'score': 4.45981727507276}, {'start_idx': 12738, 'end_idx': 12779, 'score': 8.253871118907057}, {'start_idx': 13874, 'end_idx': 13931, 'score': 4.20911068794954}, {'start_idx': 14717, 'end_idx': 14763, 'score': 6.693625154904922}, {'start_idx': 14806, 'end_idx': 14827, 'score': 5.738836950478273}, {'start_idx': 14828, 'end_idx': 14845, 'score': 3.96863690927017}, {'start_idx': 14934, 'end_idx': 14955, 'score': 5.435351170136684}, {'start_idx': 14956, 'end_idx': 14974, 'score': 4.099795865803548}, {'start_idx': 15045, 'end_idx': 15073, 'score': 3.5618507565893753}, {'start_idx': 15199, 'end_idx': 15211, 'score': 6.628895941147284}, {'start_idx': 15212, 'end_idx': 15242, 'score': 4.851256844238808}, {'start_idx': 15292, 'end_idx': 15339, 'score': 4.580145267732263}, {'start_idx': 15392, 'end_idx': 15403, 'score': 4.99755223026576}, {'start_idx': 15404, 'end_idx': 15427, 'score': 4.131118319119976}, {'start_idx': 15509, 'end_idx': 15531, 'score': 4.010169883096013}, {'start_idx': 15618, 'end_idx': 15659, 'score': 4.1725129301219726}, {'start_idx': 16092, 'end_idx': 16107, 'score': 6.293711203558534}, {'start_idx': 16108, 'end_idx': 16138, 'score': 4.444023980978271}, {'start_idx': 16514, 'end_idx': 16555, 'score': 4.846152468772555}, {'start_idx': 16593, 'end_idx': 16619, 'score': 4.770047936654305}, {'start_idx': 16754, 'end_idx': 16792, 'score': 4.073195014710763}, {'start_idx': 16876, 'end_idx': 16903, 'score': 3.7543159245285858}, {'start_idx': 17007, 'end_idx': 17054, 'score': 4.191669452889403}, {'start_idx': 18870, 'end_idx': 18916, 'score': 4.850549020228847}, {'start_idx': 19116, 'end_idx': 19154, 'score': 5.233914223315303}, {'start_idx': 19298, 'end_idx': 19307, 'score': 4.883025834595035}, {'start_idx': 19308, 'end_idx': 19333, 'score': 4.201022429678177}, {'start_idx': 19584, 'end_idx': 19621, 'score': 4.164418922933547}, {'start_idx': 21164, 'end_idx': 21227, 'score': 4.618112723965137}, {'start_idx': 21173, 'end_idx': 21227, 'score': 3.918774391256187}, {'start_idx': 21274, 'end_idx': 21291, 'score': 4.995184434800984}, {'start_idx': 21356, 'end_idx': 21393, 'score': 5.613927589795255}, {'start_idx': 23006, 'end_idx': 23019, 'score': 6.373035305582067}, {'start_idx': 23020, 'end_idx': 23052, 'score': 4.6020150593210225}, {'start_idx': 25019, 'end_idx': 25065, 'score': 5.60713322298373}, {'start_idx': 25042, 'end_idx': 25067, 'score': 3.6895143723943393}, {'start_idx': 25068, 'end_idx': 25098, 'score': 3.8636361665895556}, {'start_idx': 25521, 'end_idx': 25566, 'score': 4.826071207991913}, {'start_idx': 25644, 'end_idx': 25681, 'score': 4.715381896404079}, {'start_idx': 25778, 'end_idx': 25817, 'score': 4.382117381225197}, {'start_idx': 26907, 'end_idx': 26923, 'score': 6.2208718062639194}, {'start_idx': 26924, 'end_idx': 26952, 'score': 4.141013063868627}, {'start_idx': 27672, 'end_idx': 27691, 'score': 4.981469917009403}, {'start_idx': 27892, 'end_idx': 27930, 'score': 4.6211373136791485}, {'start_idx': 28024, 'end_idx': 28070, 'score': 4.559344434930443}, {'start_idx': 28908, 'end_idx': 28944, 'score': 5.086591684292033}, {'start_idx': 29056, 'end_idx': 29099, 'score': 4.827676887494203}]
2024-08-17 21:53:26,814 INFO Final Metrics for sample rate 0.1s with 70 different channels
Precision: 25.40%
Recall: 64.12%
F1-score: 40.00%
AUROC: 61.30%
AUPRC: 24.54%

2024-08-17 21:53:36,083 INFO Graphical output saved on path : /content/OurProject/trained_models/telemanom/2024-08-16_13.08.50/plot_predictions/final_anomalies_prediction_sample_rate_0.1s.pdf
