2024-08-16 10:49:12,479 INFO Starting Anomaly Detector Analysis...
2024-08-16 10:49:12,479 INFO #### Configuration Details ####
train = True
predict = True
batch_size = 64
window_size = 40
smoothing_perc = 0.05
error_buffer = 10
loss_metric = mse
optimizer = adam
activation = leakyReLu
validation_split = 0.2
dropout = 0.4
lstm_batch_size = 64
weight_decay = 0.01
learning_rate = 0.05
epochs = 20
layer_LSTM = 3
layers = [100, 100]
patience = 10
min_delta = 0.0003
l_s = 300
n_predictions = 2
p = 0.35
config_path = Models/telemanom/config.yaml
run_id = 2024-08-01_15.35.42
sample_rate = ['0.1s']
save_on_drive = True
skip_graphics = False
verbose = False
threshold = True
dataset_path = kuka_dataset
Please for more info about the model and the configuration see : /content/OurProject/trained_models/telemanom/2024-08-01_15.35.42/info_model/info_model.txt
####End of Configuration Details ####

2024-08-16 10:49:12,479 INFO Processing date: 20220811, rate: 0.1s
2024-08-16 10:49:12,479 INFO Processing Stream # 1: sensor_id5_AccX , sample-rate : 0.1s, date : 20220811 
2024-08-16 10:49:15,331 INFO Loading the model for the channel sensor_id5_AccX in the path : /content/OurProject/trained_models/telemanom/2024-08-01_15.35.42/models/sensor_id5_AccX.pt
2024-08-16 10:49:15,582 INFO Correctly loaded the model for the channel sensor_id5_AccX in the path : /content/OurProject/trained_models/telemanom/2024-08-01_15.35.42/models/sensor_id5_AccX.pt
2024-08-16 10:49:19,657 INFO normalized prediction error: 0.05
2024-08-16 10:49:20,742 INFO Metrics for the channel sensor_id5_AccX found n 0 anomalies predicted
Precision: 0.00%
Recall: 0.00%
F1-score: 0.00%
AUROC: 0.00%
AUPRC: 0.00%
2024-08-16 10:49:20,846 INFO Processing Stream # 2: sensor_id1_AccX , sample-rate : 0.1s, date : 20220811 
2024-08-16 10:49:23,314 INFO Loading the model for the channel sensor_id1_AccX in the path : /content/OurProject/trained_models/telemanom/2024-08-01_15.35.42/models/sensor_id1_AccX.pt
2024-08-16 10:49:23,316 INFO Correctly loaded the model for the channel sensor_id1_AccX in the path : /content/OurProject/trained_models/telemanom/2024-08-01_15.35.42/models/sensor_id1_AccX.pt
2024-08-16 10:49:27,257 INFO normalized prediction error: 0.01
2024-08-16 10:49:28,605 INFO Metrics for the channel sensor_id1_AccX found n 6 anomalies predicted
Precision: 33.33%
Recall: 100.00%
F1-score: 50.00%
AUROC: 98.21%
AUPRC: 16.67%
2024-08-16 10:49:28,708 INFO Processing Stream # 3: sensor_id2_AccX , sample-rate : 0.1s, date : 20220811 
2024-08-16 10:49:31,318 INFO Loading the model for the channel sensor_id2_AccX in the path : /content/OurProject/trained_models/telemanom/2024-08-01_15.35.42/models/sensor_id2_AccX.pt
2024-08-16 10:49:31,321 INFO Correctly loaded the model for the channel sensor_id2_AccX in the path : /content/OurProject/trained_models/telemanom/2024-08-01_15.35.42/models/sensor_id2_AccX.pt
2024-08-16 10:49:35,079 INFO normalized prediction error: 0.00
2024-08-16 10:49:36,397 INFO Metrics for the channel sensor_id2_AccX found n 14 anomalies predicted
Precision: 27.78%
Recall: 100.00%
F1-score: 43.48%
AUROC: 93.04%
AUPRC: 22.45%
2024-08-16 10:49:36,504 INFO Processing Stream # 4: machine_nameKuka Robot_voltage , sample-rate : 0.1s, date : 20220811 
2024-08-16 10:49:39,603 INFO Loading the model for the channel machine_nameKuka Robot_voltage in the path : /content/OurProject/trained_models/telemanom/2024-08-01_15.35.42/models/machine_nameKuka Robot_voltage.pt
2024-08-16 10:49:39,607 INFO Correctly loaded the model for the channel machine_nameKuka Robot_voltage in the path : /content/OurProject/trained_models/telemanom/2024-08-01_15.35.42/models/machine_nameKuka Robot_voltage.pt
2024-08-16 10:49:43,471 INFO normalized prediction error: 0.45
2024-08-16 10:49:44,371 INFO Metrics for the channel machine_nameKuka Robot_voltage found n 0 anomalies predicted
Precision: 0.00%
Recall: 0.00%
F1-score: 0.00%
AUROC: 0.00%
AUPRC: 0.00%
2024-08-16 10:49:44,481 INFO Processing Stream # 5: sensor_id4_AccX , sample-rate : 0.1s, date : 20220811 
2024-08-16 10:49:47,045 INFO Loading the model for the channel sensor_id4_AccX in the path : /content/OurProject/trained_models/telemanom/2024-08-01_15.35.42/models/sensor_id4_AccX.pt
2024-08-16 10:49:47,048 INFO Correctly loaded the model for the channel sensor_id4_AccX in the path : /content/OurProject/trained_models/telemanom/2024-08-01_15.35.42/models/sensor_id4_AccX.pt
2024-08-16 10:49:50,571 INFO normalized prediction error: nan
2024-08-16 10:49:51,311 INFO Metrics for the channel sensor_id4_AccX found n 0 anomalies predicted
Precision: 0.00%
Recall: 0.00%
F1-score: 0.00%
AUROC: 0.00%
AUPRC: 0.00%
2024-08-16 10:49:51,417 INFO Processing Stream # 6: sensor_id3_AccX , sample-rate : 0.1s, date : 20220811 
2024-08-16 10:49:55,094 INFO Loading the model for the channel sensor_id3_AccX in the path : /content/OurProject/trained_models/telemanom/2024-08-01_15.35.42/models/sensor_id3_AccX.pt
2024-08-16 10:49:55,097 INFO Correctly loaded the model for the channel sensor_id3_AccX in the path : /content/OurProject/trained_models/telemanom/2024-08-01_15.35.42/models/sensor_id3_AccX.pt
2024-08-16 10:49:58,908 INFO normalized prediction error: 0.43
2024-08-16 10:49:59,845 INFO Metrics for the channel sensor_id3_AccX found n 0 anomalies predicted
Precision: 0.00%
Recall: 0.00%
F1-score: 0.00%
AUROC: 0.00%
AUPRC: 0.00%
2024-08-16 10:49:59,947 INFO Processing Stream # 7: sensor_id5_AccY , sample-rate : 0.1s, date : 20220811 
2024-08-16 10:50:02,634 INFO Loading the model for the channel sensor_id5_AccY in the path : /content/OurProject/trained_models/telemanom/2024-08-01_15.35.42/models/sensor_id5_AccY.pt
2024-08-16 10:50:02,638 INFO Correctly loaded the model for the channel sensor_id5_AccY in the path : /content/OurProject/trained_models/telemanom/2024-08-01_15.35.42/models/sensor_id5_AccY.pt
2024-08-16 10:50:06,700 INFO normalized prediction error: 0.03
2024-08-16 10:50:08,685 INFO Metrics for the channel sensor_id5_AccY found n 1 anomalies predicted
Precision: 100.00%
Recall: 100.00%
F1-score: 100.00%
AUROC: 100.00%
AUPRC: 100.00%
2024-08-16 10:50:08,782 INFO Processing Stream # 8: sensor_id1_AccY , sample-rate : 0.1s, date : 20220811 
2024-08-16 10:50:11,495 INFO Loading the model for the channel sensor_id1_AccY in the path : /content/OurProject/trained_models/telemanom/2024-08-01_15.35.42/models/sensor_id1_AccY.pt
2024-08-16 10:50:11,498 INFO Correctly loaded the model for the channel sensor_id1_AccY in the path : /content/OurProject/trained_models/telemanom/2024-08-01_15.35.42/models/sensor_id1_AccY.pt
2024-08-16 10:50:15,336 INFO normalized prediction error: 0.26
2024-08-16 10:50:16,192 INFO Metrics for the channel sensor_id1_AccY found n 0 anomalies predicted
Precision: 0.00%
Recall: 100.00%
F1-score: 0.00%
AUROC: 0.00%
AUPRC: 50.00%
2024-08-16 10:50:16,304 INFO Processing Stream # 9: sensor_id2_AccY , sample-rate : 0.1s, date : 20220811 
2024-08-16 10:50:18,870 INFO Loading the model for the channel sensor_id2_AccY in the path : /content/OurProject/trained_models/telemanom/2024-08-01_15.35.42/models/sensor_id2_AccY.pt
2024-08-16 10:50:18,873 INFO Correctly loaded the model for the channel sensor_id2_AccY in the path : /content/OurProject/trained_models/telemanom/2024-08-01_15.35.42/models/sensor_id2_AccY.pt
2024-08-16 10:50:22,921 INFO normalized prediction error: 0.06
2024-08-16 10:50:24,225 INFO Metrics for the channel sensor_id2_AccY found n 0 anomalies predicted
Precision: 0.00%
Recall: 0.00%
F1-score: 0.00%
AUROC: 0.00%
AUPRC: 0.00%
2024-08-16 10:50:24,326 INFO Processing Stream # 10: sensor_id4_AccY , sample-rate : 0.1s, date : 20220811 
2024-08-16 10:50:26,670 INFO Loading the model for the channel sensor_id4_AccY in the path : /content/OurProject/trained_models/telemanom/2024-08-01_15.35.42/models/sensor_id4_AccY.pt
2024-08-16 10:50:26,673 INFO Correctly loaded the model for the channel sensor_id4_AccY in the path : /content/OurProject/trained_models/telemanom/2024-08-01_15.35.42/models/sensor_id4_AccY.pt
2024-08-16 10:50:30,542 INFO normalized prediction error: 0.13
2024-08-16 10:50:31,430 INFO Metrics for the channel sensor_id4_AccY found n 0 anomalies predicted
Precision: 0.00%
Recall: 0.00%
F1-score: 0.00%
AUROC: 0.00%
AUPRC: 0.00%
2024-08-16 10:50:31,535 INFO Processing Stream # 11: sensor_id3_AccY , sample-rate : 0.1s, date : 20220811 
2024-08-16 10:50:34,252 INFO Loading the model for the channel sensor_id3_AccY in the path : /content/OurProject/trained_models/telemanom/2024-08-01_15.35.42/models/sensor_id3_AccY.pt
2024-08-16 10:50:34,255 INFO Correctly loaded the model for the channel sensor_id3_AccY in the path : /content/OurProject/trained_models/telemanom/2024-08-01_15.35.42/models/sensor_id3_AccY.pt
2024-08-16 10:50:38,279 INFO normalized prediction error: 0.38
2024-08-16 10:50:39,173 INFO Metrics for the channel sensor_id3_AccY found n 0 anomalies predicted
Precision: 0.00%
Recall: 100.00%
F1-score: 0.00%
AUROC: 0.00%
AUPRC: 50.00%
2024-08-16 10:50:39,279 INFO Processing Stream # 12: sensor_id5_AccZ , sample-rate : 0.1s, date : 20220811 
2024-08-16 10:50:41,863 INFO Loading the model for the channel sensor_id5_AccZ in the path : /content/OurProject/trained_models/telemanom/2024-08-01_15.35.42/models/sensor_id5_AccZ.pt
2024-08-16 10:50:41,866 INFO Correctly loaded the model for the channel sensor_id5_AccZ in the path : /content/OurProject/trained_models/telemanom/2024-08-01_15.35.42/models/sensor_id5_AccZ.pt
2024-08-16 10:50:45,504 INFO normalized prediction error: nan
2024-08-16 10:50:46,245 INFO Metrics for the channel sensor_id5_AccZ found n 0 anomalies predicted
Precision: 0.00%
Recall: 0.00%
F1-score: 0.00%
AUROC: 0.00%
AUPRC: 0.00%
2024-08-16 10:50:46,352 INFO Processing Stream # 13: sensor_id1_AccZ , sample-rate : 0.1s, date : 20220811 
2024-08-16 10:50:49,561 INFO Loading the model for the channel sensor_id1_AccZ in the path : /content/OurProject/trained_models/telemanom/2024-08-01_15.35.42/models/sensor_id1_AccZ.pt
2024-08-16 10:50:49,565 INFO Correctly loaded the model for the channel sensor_id1_AccZ in the path : /content/OurProject/trained_models/telemanom/2024-08-01_15.35.42/models/sensor_id1_AccZ.pt
2024-08-16 10:50:53,292 INFO normalized prediction error: nan
2024-08-16 10:50:54,005 INFO Metrics for the channel sensor_id1_AccZ found n 0 anomalies predicted
Precision: 0.00%
Recall: 0.00%
F1-score: 0.00%
AUROC: 0.00%
AUPRC: 0.00%
2024-08-16 10:50:54,109 INFO Processing Stream # 14: sensor_id4_AccZ , sample-rate : 0.1s, date : 20220811 
2024-08-16 10:50:56,735 INFO Loading the model for the channel sensor_id4_AccZ in the path : /content/OurProject/trained_models/telemanom/2024-08-01_15.35.42/models/sensor_id4_AccZ.pt
2024-08-16 10:50:56,738 INFO Correctly loaded the model for the channel sensor_id4_AccZ in the path : /content/OurProject/trained_models/telemanom/2024-08-01_15.35.42/models/sensor_id4_AccZ.pt
2024-08-16 10:51:00,721 INFO normalized prediction error: 0.01
2024-08-16 10:51:02,140 INFO Metrics for the channel sensor_id4_AccZ found n 3 anomalies predicted
Precision: 50.00%
Recall: 100.00%
F1-score: 66.67%
AUROC: 99.08%
AUPRC: 25.00%
2024-08-16 10:51:02,234 INFO Processing Stream # 15: sensor_id2_AccZ , sample-rate : 0.1s, date : 20220811 
2024-08-16 10:51:05,596 INFO Loading the model for the channel sensor_id2_AccZ in the path : /content/OurProject/trained_models/telemanom/2024-08-01_15.35.42/models/sensor_id2_AccZ.pt
2024-08-16 10:51:05,599 INFO Correctly loaded the model for the channel sensor_id2_AccZ in the path : /content/OurProject/trained_models/telemanom/2024-08-01_15.35.42/models/sensor_id2_AccZ.pt
2024-08-16 10:51:09,618 INFO normalized prediction error: 0.07
2024-08-16 10:51:10,615 INFO Metrics for the channel sensor_id2_AccZ found n 0 anomalies predicted
Precision: 0.00%
Recall: 0.00%
F1-score: 0.00%
AUROC: 0.00%
AUPRC: 0.00%
2024-08-16 10:51:10,716 INFO Processing Stream # 16: sensor_id3_AccZ , sample-rate : 0.1s, date : 20220811 
2024-08-16 10:51:13,293 INFO Loading the model for the channel sensor_id3_AccZ in the path : /content/OurProject/trained_models/telemanom/2024-08-01_15.35.42/models/sensor_id3_AccZ.pt
2024-08-16 10:51:13,296 INFO Correctly loaded the model for the channel sensor_id3_AccZ in the path : /content/OurProject/trained_models/telemanom/2024-08-01_15.35.42/models/sensor_id3_AccZ.pt
2024-08-16 10:51:17,449 INFO normalized prediction error: 0.00
2024-08-16 10:51:19,234 INFO Metrics for the channel sensor_id3_AccZ found n 12 anomalies predicted
Precision: 75.00%
Recall: 60.00%
F1-score: 66.67%
AUROC: 97.12%
AUPRC: 60.35%
2024-08-16 10:51:19,342 INFO Processing Stream # 17: machine_nameKuka Robot_current , sample-rate : 0.1s, date : 20220811 
2024-08-16 10:51:21,735 INFO Loading the model for the channel machine_nameKuka Robot_current in the path : /content/OurProject/trained_models/telemanom/2024-08-01_15.35.42/models/machine_nameKuka Robot_current.pt
2024-08-16 10:51:21,738 INFO Correctly loaded the model for the channel machine_nameKuka Robot_current in the path : /content/OurProject/trained_models/telemanom/2024-08-01_15.35.42/models/machine_nameKuka Robot_current.pt
2024-08-16 10:51:25,714 INFO normalized prediction error: 0.18
2024-08-16 10:51:26,725 INFO Metrics for the channel machine_nameKuka Robot_current found n 0 anomalies predicted
Precision: 0.00%
Recall: 0.00%
F1-score: 0.00%
AUROC: 0.00%
AUPRC: 0.00%
2024-08-16 10:51:26,830 INFO Processing Stream # 18: machine_nameKuka Robot_power , sample-rate : 0.1s, date : 20220811 
2024-08-16 10:51:29,755 INFO Loading the model for the channel machine_nameKuka Robot_power in the path : /content/OurProject/trained_models/telemanom/2024-08-01_15.35.42/models/machine_nameKuka Robot_power.pt
2024-08-16 10:51:29,759 INFO Correctly loaded the model for the channel machine_nameKuka Robot_power in the path : /content/OurProject/trained_models/telemanom/2024-08-01_15.35.42/models/machine_nameKuka Robot_power.pt
2024-08-16 10:51:33,679 INFO normalized prediction error: nan
2024-08-16 10:51:34,394 INFO Metrics for the channel machine_nameKuka Robot_power found n 0 anomalies predicted
Precision: 0.00%
Recall: 0.00%
F1-score: 0.00%
AUROC: 0.00%
AUPRC: 0.00%
2024-08-16 10:51:34,501 INFO Processing Stream # 19: sensor_id4_AngX , sample-rate : 0.1s, date : 20220811 
2024-08-16 10:51:36,910 INFO Loading the model for the channel sensor_id4_AngX in the path : /content/OurProject/trained_models/telemanom/2024-08-01_15.35.42/models/sensor_id4_AngX.pt
2024-08-16 10:51:36,912 INFO Correctly loaded the model for the channel sensor_id4_AngX in the path : /content/OurProject/trained_models/telemanom/2024-08-01_15.35.42/models/sensor_id4_AngX.pt
2024-08-16 10:51:40,678 INFO normalized prediction error: nan
2024-08-16 10:51:41,414 INFO Metrics for the channel sensor_id4_AngX found n 0 anomalies predicted
Precision: 0.00%
Recall: 0.00%
F1-score: 0.00%
AUROC: 0.00%
AUPRC: 0.00%
2024-08-16 10:51:41,525 INFO Processing Stream # 20: sensor_id2_AngX , sample-rate : 0.1s, date : 20220811 
2024-08-16 10:51:45,073 INFO Loading the model for the channel sensor_id2_AngX in the path : /content/OurProject/trained_models/telemanom/2024-08-01_15.35.42/models/sensor_id2_AngX.pt
2024-08-16 10:51:45,077 INFO Correctly loaded the model for the channel sensor_id2_AngX in the path : /content/OurProject/trained_models/telemanom/2024-08-01_15.35.42/models/sensor_id2_AngX.pt
2024-08-16 10:51:49,232 INFO normalized prediction error: 0.09
2024-08-16 10:51:50,431 INFO Metrics for the channel sensor_id2_AngX found n 1 anomalies predicted
Precision: 0.00%
Recall: 100.00%
F1-score: 0.00%
AUROC: 0.00%
AUPRC: 50.00%
2024-08-16 10:51:50,544 INFO Processing Stream # 21: sensor_id1_AngX , sample-rate : 0.1s, date : 20220811 
2024-08-16 10:51:52,991 INFO Loading the model for the channel sensor_id1_AngX in the path : /content/OurProject/trained_models/telemanom/2024-08-01_15.35.42/models/sensor_id1_AngX.pt
2024-08-16 10:51:52,994 INFO Correctly loaded the model for the channel sensor_id1_AngX in the path : /content/OurProject/trained_models/telemanom/2024-08-01_15.35.42/models/sensor_id1_AngX.pt
2024-08-16 10:51:57,026 INFO normalized prediction error: 0.05
2024-08-16 10:51:59,027 INFO Metrics for the channel sensor_id1_AngX found n 1 anomalies predicted
Precision: 100.00%
Recall: 100.00%
F1-score: 100.00%
AUROC: 100.00%
AUPRC: 100.00%
2024-08-16 10:51:59,126 INFO Processing Stream # 22: sensor_id5_AngX , sample-rate : 0.1s, date : 20220811 
2024-08-16 10:52:02,089 INFO Loading the model for the channel sensor_id5_AngX in the path : /content/OurProject/trained_models/telemanom/2024-08-01_15.35.42/models/sensor_id5_AngX.pt
2024-08-16 10:52:02,091 INFO Correctly loaded the model for the channel sensor_id5_AngX in the path : /content/OurProject/trained_models/telemanom/2024-08-01_15.35.42/models/sensor_id5_AngX.pt
2024-08-16 10:52:05,815 INFO normalized prediction error: nan
2024-08-16 10:52:06,540 INFO Metrics for the channel sensor_id5_AngX found n 0 anomalies predicted
Precision: 0.00%
Recall: 0.00%
F1-score: 0.00%
AUROC: 0.00%
AUPRC: 0.00%
2024-08-16 10:52:06,645 INFO Processing Stream # 23: sensor_id3_AngX , sample-rate : 0.1s, date : 20220811 
2024-08-16 10:52:09,006 INFO Loading the model for the channel sensor_id3_AngX in the path : /content/OurProject/trained_models/telemanom/2024-08-01_15.35.42/models/sensor_id3_AngX.pt
2024-08-16 10:52:09,008 INFO Correctly loaded the model for the channel sensor_id3_AngX in the path : /content/OurProject/trained_models/telemanom/2024-08-01_15.35.42/models/sensor_id3_AngX.pt
2024-08-16 10:52:13,151 INFO normalized prediction error: 0.15
2024-08-16 10:52:14,711 INFO Metrics for the channel sensor_id3_AngX found n 0 anomalies predicted
Precision: 0.00%
Recall: 0.00%
F1-score: 0.00%
AUROC: 0.00%
AUPRC: 0.00%
2024-08-16 10:52:14,818 INFO Processing Stream # 24: sensor_id2_AngY , sample-rate : 0.1s, date : 20220811 
2024-08-16 10:52:17,319 INFO Loading the model for the channel sensor_id2_AngY in the path : /content/OurProject/trained_models/telemanom/2024-08-01_15.35.42/models/sensor_id2_AngY.pt
2024-08-16 10:52:17,321 INFO Correctly loaded the model for the channel sensor_id2_AngY in the path : /content/OurProject/trained_models/telemanom/2024-08-01_15.35.42/models/sensor_id2_AngY.pt
2024-08-16 10:52:21,298 INFO normalized prediction error: 0.27
2024-08-16 10:52:22,311 INFO Metrics for the channel sensor_id2_AngY found n 0 anomalies predicted
Precision: 0.00%
Recall: 0.00%
F1-score: 0.00%
AUROC: 0.00%
AUPRC: 0.00%
2024-08-16 10:52:22,415 INFO Processing Stream # 25: sensor_id4_AngY , sample-rate : 0.1s, date : 20220811 
2024-08-16 10:52:25,618 INFO Loading the model for the channel sensor_id4_AngY in the path : /content/OurProject/trained_models/telemanom/2024-08-01_15.35.42/models/sensor_id4_AngY.pt
2024-08-16 10:52:25,621 INFO Correctly loaded the model for the channel sensor_id4_AngY in the path : /content/OurProject/trained_models/telemanom/2024-08-01_15.35.42/models/sensor_id4_AngY.pt
2024-08-16 10:52:29,713 INFO normalized prediction error: 1.75
2024-08-16 10:52:30,684 INFO Metrics for the channel sensor_id4_AngY found n 0 anomalies predicted
Precision: 0.00%
Recall: 100.00%
F1-score: 0.00%
AUROC: 0.00%
AUPRC: 50.00%
2024-08-16 10:52:30,789 INFO Processing Stream # 26: sensor_id1_AngY , sample-rate : 0.1s, date : 20220811 
2024-08-16 10:52:33,203 INFO Loading the model for the channel sensor_id1_AngY in the path : /content/OurProject/trained_models/telemanom/2024-08-01_15.35.42/models/sensor_id1_AngY.pt
2024-08-16 10:52:33,206 INFO Correctly loaded the model for the channel sensor_id1_AngY in the path : /content/OurProject/trained_models/telemanom/2024-08-01_15.35.42/models/sensor_id1_AngY.pt
2024-08-16 10:52:37,264 INFO normalized prediction error: 0.18
2024-08-16 10:52:38,960 INFO Metrics for the channel sensor_id1_AngY found n 0 anomalies predicted
Precision: 0.00%
Recall: 0.00%
F1-score: 0.00%
AUROC: 0.00%
AUPRC: 0.00%
2024-08-16 10:52:39,045 INFO Processing Stream # 27: sensor_id5_AngY , sample-rate : 0.1s, date : 20220811 
2024-08-16 10:52:42,553 INFO Loading the model for the channel sensor_id5_AngY in the path : /content/OurProject/trained_models/telemanom/2024-08-01_15.35.42/models/sensor_id5_AngY.pt
2024-08-16 10:52:42,556 INFO Correctly loaded the model for the channel sensor_id5_AngY in the path : /content/OurProject/trained_models/telemanom/2024-08-01_15.35.42/models/sensor_id5_AngY.pt
2024-08-16 10:52:46,287 INFO normalized prediction error: nan
2024-08-16 10:52:47,039 INFO Metrics for the channel sensor_id5_AngY found n 0 anomalies predicted
Precision: 0.00%
Recall: 0.00%
F1-score: 0.00%
AUROC: 0.00%
AUPRC: 0.00%
2024-08-16 10:52:47,144 INFO Processing Stream # 28: sensor_id4_AngZ , sample-rate : 0.1s, date : 20220811 
2024-08-16 10:52:49,561 INFO Loading the model for the channel sensor_id4_AngZ in the path : /content/OurProject/trained_models/telemanom/2024-08-01_15.35.42/models/sensor_id4_AngZ.pt
2024-08-16 10:52:49,564 INFO Correctly loaded the model for the channel sensor_id4_AngZ in the path : /content/OurProject/trained_models/telemanom/2024-08-01_15.35.42/models/sensor_id4_AngZ.pt
2024-08-16 10:52:53,689 INFO normalized prediction error: 0.22
2024-08-16 10:52:55,249 INFO Metrics for the channel sensor_id4_AngZ found n 0 anomalies predicted
Precision: 0.00%
Recall: 0.00%
F1-score: 0.00%
AUROC: 0.00%
AUPRC: 0.00%
2024-08-16 10:52:55,347 INFO Processing Stream # 29: sensor_id2_AngZ , sample-rate : 0.1s, date : 20220811 
2024-08-16 10:52:57,985 INFO Loading the model for the channel sensor_id2_AngZ in the path : /content/OurProject/trained_models/telemanom/2024-08-01_15.35.42/models/sensor_id2_AngZ.pt
2024-08-16 10:52:57,988 INFO Correctly loaded the model for the channel sensor_id2_AngZ in the path : /content/OurProject/trained_models/telemanom/2024-08-01_15.35.42/models/sensor_id2_AngZ.pt
2024-08-16 10:53:01,990 INFO normalized prediction error: 0.24
2024-08-16 10:53:02,781 INFO Metrics for the channel sensor_id2_AngZ found n 0 anomalies predicted
Precision: 0.00%
Recall: 0.00%
F1-score: 0.00%
AUROC: 0.00%
AUPRC: 0.00%
2024-08-16 10:53:02,886 INFO Processing Stream # 30: sensor_id3_AngY , sample-rate : 0.1s, date : 20220811 
2024-08-16 10:53:05,282 INFO Loading the model for the channel sensor_id3_AngY in the path : /content/OurProject/trained_models/telemanom/2024-08-01_15.35.42/models/sensor_id3_AngY.pt
2024-08-16 10:53:05,285 INFO Correctly loaded the model for the channel sensor_id3_AngY in the path : /content/OurProject/trained_models/telemanom/2024-08-01_15.35.42/models/sensor_id3_AngY.pt
2024-08-16 10:53:09,560 INFO normalized prediction error: 0.12
2024-08-16 10:53:11,432 INFO Metrics for the channel sensor_id3_AngY found n 0 anomalies predicted
Precision: 0.00%
Recall: 0.00%
F1-score: 0.00%
AUROC: 0.00%
AUPRC: 0.00%
2024-08-16 10:53:11,530 INFO Processing Stream # 31: sensor_id1_AngZ , sample-rate : 0.1s, date : 20220811 
2024-08-16 10:53:14,628 INFO Loading the model for the channel sensor_id1_AngZ in the path : /content/OurProject/trained_models/telemanom/2024-08-01_15.35.42/models/sensor_id1_AngZ.pt
2024-08-16 10:53:14,631 INFO Correctly loaded the model for the channel sensor_id1_AngZ in the path : /content/OurProject/trained_models/telemanom/2024-08-01_15.35.42/models/sensor_id1_AngZ.pt
2024-08-16 10:53:18,694 INFO normalized prediction error: 0.36
2024-08-16 10:53:19,557 INFO Metrics for the channel sensor_id1_AngZ found n 0 anomalies predicted
Precision: 0.00%
Recall: 0.00%
F1-score: 0.00%
AUROC: 0.00%
AUPRC: 0.00%
2024-08-16 10:53:19,663 INFO Processing Stream # 32: sensor_id5_AngZ , sample-rate : 0.1s, date : 20220811 
2024-08-16 10:53:23,274 INFO Loading the model for the channel sensor_id5_AngZ in the path : /content/OurProject/trained_models/telemanom/2024-08-01_15.35.42/models/sensor_id5_AngZ.pt
2024-08-16 10:53:23,278 INFO Correctly loaded the model for the channel sensor_id5_AngZ in the path : /content/OurProject/trained_models/telemanom/2024-08-01_15.35.42/models/sensor_id5_AngZ.pt
2024-08-16 10:53:27,032 INFO normalized prediction error: nan
2024-08-16 10:53:27,784 INFO Metrics for the channel sensor_id5_AngZ found n 0 anomalies predicted
Precision: 0.00%
Recall: 0.00%
F1-score: 0.00%
AUROC: 0.00%
AUPRC: 0.00%
2024-08-16 10:53:27,888 INFO Processing Stream # 33: sensor_id3_AngZ , sample-rate : 0.1s, date : 20220811 
2024-08-16 10:53:30,466 INFO Loading the model for the channel sensor_id3_AngZ in the path : /content/OurProject/trained_models/telemanom/2024-08-01_15.35.42/models/sensor_id3_AngZ.pt
2024-08-16 10:53:30,469 INFO Correctly loaded the model for the channel sensor_id3_AngZ in the path : /content/OurProject/trained_models/telemanom/2024-08-01_15.35.42/models/sensor_id3_AngZ.pt
2024-08-16 10:53:34,573 INFO normalized prediction error: 0.20
2024-08-16 10:53:36,305 INFO Metrics for the channel sensor_id3_AngZ found n 1 anomalies predicted
Precision: 0.00%
Recall: 100.00%
F1-score: 0.00%
AUROC: 0.00%
AUPRC: 50.00%
2024-08-16 10:53:36,409 INFO Processing Stream # 34: machine_nameKuka Robot_apparent_power , sample-rate : 0.1s, date : 20220811 
2024-08-16 10:53:39,189 INFO Loading the model for the channel machine_nameKuka Robot_apparent_power in the path : /content/OurProject/trained_models/telemanom/2024-08-01_15.35.42/models/machine_nameKuka Robot_apparent_power.pt
2024-08-16 10:53:39,191 INFO Correctly loaded the model for the channel machine_nameKuka Robot_apparent_power in the path : /content/OurProject/trained_models/telemanom/2024-08-01_15.35.42/models/machine_nameKuka Robot_apparent_power.pt
2024-08-16 10:53:43,240 INFO normalized prediction error: 0.19
2024-08-16 10:53:44,254 INFO Metrics for the channel machine_nameKuka Robot_apparent_power found n 0 anomalies predicted
Precision: 0.00%
Recall: 0.00%
F1-score: 0.00%
AUROC: 0.00%
AUPRC: 0.00%
2024-08-16 10:53:44,359 INFO Processing Stream # 35: sensor_id1_GyroX , sample-rate : 0.1s, date : 20220811 
2024-08-16 10:53:46,850 INFO Loading the model for the channel sensor_id1_GyroX in the path : /content/OurProject/trained_models/telemanom/2024-08-01_15.35.42/models/sensor_id1_GyroX.pt
2024-08-16 10:53:46,852 INFO Correctly loaded the model for the channel sensor_id1_GyroX in the path : /content/OurProject/trained_models/telemanom/2024-08-01_15.35.42/models/sensor_id1_GyroX.pt
2024-08-16 10:53:51,071 INFO normalized prediction error: 0.47
2024-08-16 10:53:52,383 INFO Metrics for the channel sensor_id1_GyroX found n 0 anomalies predicted
Precision: 0.00%
Recall: 0.00%
F1-score: 0.00%
AUROC: 0.00%
AUPRC: 0.00%
2024-08-16 10:53:52,489 INFO Processing Stream # 36: sensor_id2_GyroX , sample-rate : 0.1s, date : 20220811 
2024-08-16 10:53:55,121 INFO Loading the model for the channel sensor_id2_GyroX in the path : /content/OurProject/trained_models/telemanom/2024-08-01_15.35.42/models/sensor_id2_GyroX.pt
2024-08-16 10:53:55,124 INFO Correctly loaded the model for the channel sensor_id2_GyroX in the path : /content/OurProject/trained_models/telemanom/2024-08-01_15.35.42/models/sensor_id2_GyroX.pt
2024-08-16 10:53:59,175 INFO normalized prediction error: 0.43
2024-08-16 10:54:00,093 INFO Metrics for the channel sensor_id2_GyroX found n 0 anomalies predicted
Precision: 0.00%
Recall: 0.00%
F1-score: 0.00%
AUROC: 0.00%
AUPRC: 0.00%
2024-08-16 10:54:00,198 INFO Processing Stream # 37: sensor_id4_GyroX , sample-rate : 0.1s, date : 20220811 
2024-08-16 10:54:03,398 INFO Loading the model for the channel sensor_id4_GyroX in the path : /content/OurProject/trained_models/telemanom/2024-08-01_15.35.42/models/sensor_id4_GyroX.pt
2024-08-16 10:54:03,402 INFO Correctly loaded the model for the channel sensor_id4_GyroX in the path : /content/OurProject/trained_models/telemanom/2024-08-01_15.35.42/models/sensor_id4_GyroX.pt
2024-08-16 10:54:07,500 INFO normalized prediction error: 0.48
2024-08-16 10:54:08,618 INFO Metrics for the channel sensor_id4_GyroX found n 0 anomalies predicted
Precision: 0.00%
Recall: 0.00%
F1-score: 0.00%
AUROC: 0.00%
AUPRC: 0.00%
2024-08-16 10:54:08,724 INFO Processing Stream # 38: sensor_id3_GyroX , sample-rate : 0.1s, date : 20220811 
2024-08-16 10:54:11,390 INFO Loading the model for the channel sensor_id3_GyroX in the path : /content/OurProject/trained_models/telemanom/2024-08-01_15.35.42/models/sensor_id3_GyroX.pt
2024-08-16 10:54:11,393 INFO Correctly loaded the model for the channel sensor_id3_GyroX in the path : /content/OurProject/trained_models/telemanom/2024-08-01_15.35.42/models/sensor_id3_GyroX.pt
2024-08-16 10:54:15,514 INFO normalized prediction error: 0.47
2024-08-16 10:54:17,541 INFO Metrics for the channel sensor_id3_GyroX found n 0 anomalies predicted
Precision: 0.00%
Recall: 100.00%
F1-score: 0.00%
AUROC: 0.00%
AUPRC: 50.00%
2024-08-16 10:54:17,650 INFO Processing Stream # 39: sensor_id5_GyroX , sample-rate : 0.1s, date : 20220811 
2024-08-16 10:54:20,434 INFO Loading the model for the channel sensor_id5_GyroX in the path : /content/OurProject/trained_models/telemanom/2024-08-01_15.35.42/models/sensor_id5_GyroX.pt
2024-08-16 10:54:20,437 INFO Correctly loaded the model for the channel sensor_id5_GyroX in the path : /content/OurProject/trained_models/telemanom/2024-08-01_15.35.42/models/sensor_id5_GyroX.pt
2024-08-16 10:54:24,199 INFO normalized prediction error: nan
2024-08-16 10:54:24,918 INFO Metrics for the channel sensor_id5_GyroX found n 0 anomalies predicted
Precision: 0.00%
Recall: 0.00%
F1-score: 0.00%
AUROC: 0.00%
AUPRC: 0.00%
2024-08-16 10:54:25,026 INFO Processing Stream # 40: sensor_id1_GyroY , sample-rate : 0.1s, date : 20220811 
2024-08-16 10:54:27,635 INFO Loading the model for the channel sensor_id1_GyroY in the path : /content/OurProject/trained_models/telemanom/2024-08-01_15.35.42/models/sensor_id1_GyroY.pt
2024-08-16 10:54:27,637 INFO Correctly loaded the model for the channel sensor_id1_GyroY in the path : /content/OurProject/trained_models/telemanom/2024-08-01_15.35.42/models/sensor_id1_GyroY.pt
2024-08-16 10:54:31,801 INFO normalized prediction error: 0.38
2024-08-16 10:54:33,181 INFO Metrics for the channel sensor_id1_GyroY found n 0 anomalies predicted
Precision: 0.00%
Recall: 0.00%
F1-score: 0.00%
AUROC: 0.00%
AUPRC: 0.00%
2024-08-16 10:54:33,298 INFO Processing Stream # 41: sensor_id2_GyroY , sample-rate : 0.1s, date : 20220811 
2024-08-16 10:54:35,658 INFO Loading the model for the channel sensor_id2_GyroY in the path : /content/OurProject/trained_models/telemanom/2024-08-01_15.35.42/models/sensor_id2_GyroY.pt
2024-08-16 10:54:35,660 INFO Correctly loaded the model for the channel sensor_id2_GyroY in the path : /content/OurProject/trained_models/telemanom/2024-08-01_15.35.42/models/sensor_id2_GyroY.pt
2024-08-16 10:54:39,709 INFO normalized prediction error: 0.47
2024-08-16 10:54:40,948 INFO Metrics for the channel sensor_id2_GyroY found n 0 anomalies predicted
Precision: 0.00%
Recall: 0.00%
F1-score: 0.00%
AUROC: 0.00%
AUPRC: 0.00%
2024-08-16 10:54:41,051 INFO Processing Stream # 42: sensor_id4_GyroY , sample-rate : 0.1s, date : 20220811 
2024-08-16 10:54:44,213 INFO Loading the model for the channel sensor_id4_GyroY in the path : /content/OurProject/trained_models/telemanom/2024-08-01_15.35.42/models/sensor_id4_GyroY.pt
2024-08-16 10:54:44,217 INFO Correctly loaded the model for the channel sensor_id4_GyroY in the path : /content/OurProject/trained_models/telemanom/2024-08-01_15.35.42/models/sensor_id4_GyroY.pt
2024-08-16 10:54:48,356 INFO normalized prediction error: 0.46
2024-08-16 10:54:49,576 INFO Metrics for the channel sensor_id4_GyroY found n 0 anomalies predicted
Precision: 0.00%
Recall: 0.00%
F1-score: 0.00%
AUROC: 0.00%
AUPRC: 0.00%
2024-08-16 10:54:49,680 INFO Processing Stream # 43: sensor_id3_GyroY , sample-rate : 0.1s, date : 20220811 
2024-08-16 10:54:52,043 INFO Loading the model for the channel sensor_id3_GyroY in the path : /content/OurProject/trained_models/telemanom/2024-08-01_15.35.42/models/sensor_id3_GyroY.pt
2024-08-16 10:54:52,046 INFO Correctly loaded the model for the channel sensor_id3_GyroY in the path : /content/OurProject/trained_models/telemanom/2024-08-01_15.35.42/models/sensor_id3_GyroY.pt
2024-08-16 10:54:56,092 INFO normalized prediction error: 0.40
2024-08-16 10:54:57,595 INFO Metrics for the channel sensor_id3_GyroY found n 0 anomalies predicted
Precision: 0.00%
Recall: 100.00%
F1-score: 0.00%
AUROC: 0.00%
AUPRC: 50.00%
2024-08-16 10:54:57,696 INFO Processing Stream # 44: sensor_id5_GyroY , sample-rate : 0.1s, date : 20220811 
2024-08-16 10:55:01,199 INFO Loading the model for the channel sensor_id5_GyroY in the path : /content/OurProject/trained_models/telemanom/2024-08-01_15.35.42/models/sensor_id5_GyroY.pt
2024-08-16 10:55:01,202 INFO Correctly loaded the model for the channel sensor_id5_GyroY in the path : /content/OurProject/trained_models/telemanom/2024-08-01_15.35.42/models/sensor_id5_GyroY.pt
2024-08-16 10:55:05,219 INFO normalized prediction error: 0.41
2024-08-16 10:55:06,276 INFO Metrics for the channel sensor_id5_GyroY found n 0 anomalies predicted
Precision: 0.00%
Recall: 0.00%
F1-score: 0.00%
AUROC: 0.00%
AUPRC: 0.00%
2024-08-16 10:55:06,383 INFO Processing Stream # 45: sensor_id1_GyroZ , sample-rate : 0.1s, date : 20220811 
2024-08-16 10:55:08,779 INFO Loading the model for the channel sensor_id1_GyroZ in the path : /content/OurProject/trained_models/telemanom/2024-08-01_15.35.42/models/sensor_id1_GyroZ.pt
2024-08-16 10:55:08,782 INFO Correctly loaded the model for the channel sensor_id1_GyroZ in the path : /content/OurProject/trained_models/telemanom/2024-08-01_15.35.42/models/sensor_id1_GyroZ.pt
2024-08-16 10:55:12,938 INFO normalized prediction error: 0.30
2024-08-16 10:55:14,392 INFO Metrics for the channel sensor_id1_GyroZ found n 0 anomalies predicted
Precision: 0.00%
Recall: 0.00%
F1-score: 0.00%
AUROC: 0.00%
AUPRC: 0.00%
2024-08-16 10:55:14,500 INFO Processing Stream # 46: sensor_id2_GyroZ , sample-rate : 0.1s, date : 20220811 
2024-08-16 10:55:17,117 INFO Loading the model for the channel sensor_id2_GyroZ in the path : /content/OurProject/trained_models/telemanom/2024-08-01_15.35.42/models/sensor_id2_GyroZ.pt
2024-08-16 10:55:17,120 INFO Correctly loaded the model for the channel sensor_id2_GyroZ in the path : /content/OurProject/trained_models/telemanom/2024-08-01_15.35.42/models/sensor_id2_GyroZ.pt
2024-08-16 10:55:21,143 INFO normalized prediction error: 0.33
2024-08-16 10:55:22,130 INFO Metrics for the channel sensor_id2_GyroZ found n 0 anomalies predicted
Precision: 0.00%
Recall: 0.00%
F1-score: 0.00%
AUROC: 0.00%
AUPRC: 0.00%
2024-08-16 10:55:22,237 INFO Processing Stream # 47: sensor_id4_GyroZ , sample-rate : 0.1s, date : 20220811 
2024-08-16 10:55:24,898 INFO Loading the model for the channel sensor_id4_GyroZ in the path : /content/OurProject/trained_models/telemanom/2024-08-01_15.35.42/models/sensor_id4_GyroZ.pt
2024-08-16 10:55:24,901 INFO Correctly loaded the model for the channel sensor_id4_GyroZ in the path : /content/OurProject/trained_models/telemanom/2024-08-01_15.35.42/models/sensor_id4_GyroZ.pt
2024-08-16 10:55:29,074 INFO normalized prediction error: 0.40
2024-08-16 10:55:29,967 INFO Metrics for the channel sensor_id4_GyroZ found n 0 anomalies predicted
Precision: 0.00%
Recall: 0.00%
F1-score: 0.00%
AUROC: 0.00%
AUPRC: 0.00%
2024-08-16 10:55:30,071 INFO Processing Stream # 48: sensor_id3_GyroZ , sample-rate : 0.1s, date : 20220811 
2024-08-16 10:55:32,611 INFO Loading the model for the channel sensor_id3_GyroZ in the path : /content/OurProject/trained_models/telemanom/2024-08-01_15.35.42/models/sensor_id3_GyroZ.pt
2024-08-16 10:55:32,613 INFO Correctly loaded the model for the channel sensor_id3_GyroZ in the path : /content/OurProject/trained_models/telemanom/2024-08-01_15.35.42/models/sensor_id3_GyroZ.pt
2024-08-16 10:55:36,654 INFO normalized prediction error: 0.43
2024-08-16 10:55:37,675 INFO Metrics for the channel sensor_id3_GyroZ found n 0 anomalies predicted
Precision: 0.00%
Recall: 100.00%
F1-score: 0.00%
AUROC: 0.00%
AUPRC: 50.00%
2024-08-16 10:55:37,782 INFO Processing Stream # 49: sensor_id5_GyroZ , sample-rate : 0.1s, date : 20220811 
2024-08-16 10:55:41,645 INFO Loading the model for the channel sensor_id5_GyroZ in the path : /content/OurProject/trained_models/telemanom/2024-08-01_15.35.42/models/sensor_id5_GyroZ.pt
2024-08-16 10:55:41,648 INFO Correctly loaded the model for the channel sensor_id5_GyroZ in the path : /content/OurProject/trained_models/telemanom/2024-08-01_15.35.42/models/sensor_id5_GyroZ.pt
2024-08-16 10:55:45,671 INFO normalized prediction error: 0.38
2024-08-16 10:55:46,734 INFO Metrics for the channel sensor_id5_GyroZ found n 0 anomalies predicted
Precision: 0.00%
Recall: 100.00%
F1-score: 0.00%
AUROC: 0.00%
AUPRC: 50.00%
2024-08-16 10:55:46,841 INFO Processing Stream # 50: machine_nameKuka Robot_power_factor , sample-rate : 0.1s, date : 20220811 
2024-08-16 10:55:49,238 INFO Loading the model for the channel machine_nameKuka Robot_power_factor in the path : /content/OurProject/trained_models/telemanom/2024-08-01_15.35.42/models/machine_nameKuka Robot_power_factor.pt
2024-08-16 10:55:49,240 INFO Correctly loaded the model for the channel machine_nameKuka Robot_power_factor in the path : /content/OurProject/trained_models/telemanom/2024-08-01_15.35.42/models/machine_nameKuka Robot_power_factor.pt
2024-08-16 10:55:53,419 INFO normalized prediction error: 0.34
2024-08-16 10:55:55,097 INFO Metrics for the channel machine_nameKuka Robot_power_factor found n 0 anomalies predicted
Precision: 0.00%
Recall: 100.00%
F1-score: 0.00%
AUROC: 0.00%
AUPRC: 50.00%
2024-08-16 10:55:55,213 INFO Processing Stream # 51: machine_nameKuka Robot_reactive_power , sample-rate : 0.1s, date : 20220811 
2024-08-16 10:55:57,851 INFO Loading the model for the channel machine_nameKuka Robot_reactive_power in the path : /content/OurProject/trained_models/telemanom/2024-08-01_15.35.42/models/machine_nameKuka Robot_reactive_power.pt
2024-08-16 10:55:57,855 INFO Correctly loaded the model for the channel machine_nameKuka Robot_reactive_power in the path : /content/OurProject/trained_models/telemanom/2024-08-01_15.35.42/models/machine_nameKuka Robot_reactive_power.pt
2024-08-16 10:56:01,881 INFO normalized prediction error: 2.38
2024-08-16 10:56:02,931 INFO Metrics for the channel machine_nameKuka Robot_reactive_power found n 0 anomalies predicted
Precision: 0.00%
Recall: 100.00%
F1-score: 0.00%
AUROC: 0.00%
AUPRC: 50.00%
2024-08-16 10:56:03,039 INFO Processing Stream # 52: sensor_id5_Temperature , sample-rate : 0.1s, date : 20220811 
2024-08-16 10:56:05,423 INFO Loading the model for the channel sensor_id5_Temperature in the path : /content/OurProject/trained_models/telemanom/2024-08-01_15.35.42/models/sensor_id5_Temperature.pt
2024-08-16 10:56:05,428 INFO Correctly loaded the model for the channel sensor_id5_Temperature in the path : /content/OurProject/trained_models/telemanom/2024-08-01_15.35.42/models/sensor_id5_Temperature.pt
2024-08-16 10:56:09,648 INFO normalized prediction error: 0.34
2024-08-16 10:56:11,132 INFO Metrics for the channel sensor_id5_Temperature found n 1 anomalies predicted
Precision: 0.00%
Recall: 100.00%
F1-score: 0.00%
AUROC: 0.00%
AUPRC: 50.00%
2024-08-16 10:56:11,224 INFO Processing Stream # 53: machine_nameKuka Robot_phase_angle , sample-rate : 0.1s, date : 20220811 
2024-08-16 10:56:14,335 INFO Loading the model for the channel machine_nameKuka Robot_phase_angle in the path : /content/OurProject/trained_models/telemanom/2024-08-01_15.35.42/models/machine_nameKuka Robot_phase_angle.pt
2024-08-16 10:56:14,337 INFO Correctly loaded the model for the channel machine_nameKuka Robot_phase_angle in the path : /content/OurProject/trained_models/telemanom/2024-08-01_15.35.42/models/machine_nameKuka Robot_phase_angle.pt
2024-08-16 10:56:18,052 INFO normalized prediction error: nan
2024-08-16 10:56:18,747 INFO Metrics for the channel machine_nameKuka Robot_phase_angle found n 0 anomalies predicted
Precision: 0.00%
Recall: 0.00%
F1-score: 0.00%
AUROC: 0.00%
AUPRC: 0.00%
2024-08-16 10:56:18,864 INFO Processing Stream # 54: machine_nameKuka Robot_export_reactive_energy , sample-rate : 0.1s, date : 20220811 
2024-08-16 10:56:22,574 INFO Loading the model for the channel machine_nameKuka Robot_export_reactive_energy in the path : /content/OurProject/trained_models/telemanom/2024-08-01_15.35.42/models/machine_nameKuka Robot_export_reactive_energy.pt
2024-08-16 10:56:22,578 INFO Correctly loaded the model for the channel machine_nameKuka Robot_export_reactive_energy in the path : /content/OurProject/trained_models/telemanom/2024-08-01_15.35.42/models/machine_nameKuka Robot_export_reactive_energy.pt
2024-08-16 10:56:26,569 INFO normalized prediction error: 9.15
2024-08-16 10:56:27,331 INFO Metrics for the channel machine_nameKuka Robot_export_reactive_energy found n 0 anomalies predicted
Precision: 0.00%
Recall: 0.00%
F1-score: 0.00%
AUROC: 0.00%
AUPRC: 0.00%
2024-08-16 10:56:27,434 INFO Processing Stream # 55: sensor_id1_Temperature , sample-rate : 0.1s, date : 20220811 
2024-08-16 10:56:30,006 INFO Loading the model for the channel sensor_id1_Temperature in the path : /content/OurProject/trained_models/telemanom/2024-08-01_15.35.42/models/sensor_id1_Temperature.pt
2024-08-16 10:56:30,008 INFO Correctly loaded the model for the channel sensor_id1_Temperature in the path : /content/OurProject/trained_models/telemanom/2024-08-01_15.35.42/models/sensor_id1_Temperature.pt
2024-08-16 10:56:34,076 INFO normalized prediction error: 0.35
2024-08-16 10:56:35,556 INFO Metrics for the channel sensor_id1_Temperature found n 0 anomalies predicted
Precision: 0.00%
Recall: 0.00%
F1-score: 0.00%
AUROC: 0.00%
AUPRC: 0.00%
2024-08-16 10:56:35,658 INFO Processing Stream # 56: machine_nameKuka Robot_frequency , sample-rate : 0.1s, date : 20220811 
2024-08-16 10:56:38,346 INFO Loading the model for the channel machine_nameKuka Robot_frequency in the path : /content/OurProject/trained_models/telemanom/2024-08-01_15.35.42/models/machine_nameKuka Robot_frequency.pt
2024-08-16 10:56:38,349 INFO Correctly loaded the model for the channel machine_nameKuka Robot_frequency in the path : /content/OurProject/trained_models/telemanom/2024-08-01_15.35.42/models/machine_nameKuka Robot_frequency.pt
2024-08-16 10:56:42,364 INFO normalized prediction error: 1.10
2024-08-16 10:56:43,236 INFO Metrics for the channel machine_nameKuka Robot_frequency found n 0 anomalies predicted
Precision: 0.00%
Recall: 0.00%
F1-score: 0.00%
AUROC: 0.00%
AUPRC: 0.00%
2024-08-16 10:56:43,340 INFO Processing Stream # 57: machine_nameKuka Robot_import_active_energy , sample-rate : 0.1s, date : 20220811 
2024-08-16 10:56:45,936 INFO Loading the model for the channel machine_nameKuka Robot_import_active_energy in the path : /content/OurProject/trained_models/telemanom/2024-08-01_15.35.42/models/machine_nameKuka Robot_import_active_energy.pt
2024-08-16 10:56:45,939 INFO Correctly loaded the model for the channel machine_nameKuka Robot_import_active_energy in the path : /content/OurProject/trained_models/telemanom/2024-08-01_15.35.42/models/machine_nameKuka Robot_import_active_energy.pt
2024-08-16 10:56:50,071 INFO normalized prediction error: 135.37
2024-08-16 10:56:50,812 INFO Metrics for the channel machine_nameKuka Robot_import_active_energy found n 0 anomalies predicted
Precision: 0.00%
Recall: 0.00%
F1-score: 0.00%
AUROC: 0.00%
AUPRC: 0.00%
2024-08-16 10:56:50,917 INFO Processing Stream # 58: sensor_id2_Temperature , sample-rate : 0.1s, date : 20220811 
2024-08-16 10:56:53,335 INFO Loading the model for the channel sensor_id2_Temperature in the path : /content/OurProject/trained_models/telemanom/2024-08-01_15.35.42/models/sensor_id2_Temperature.pt
2024-08-16 10:56:53,338 INFO Correctly loaded the model for the channel sensor_id2_Temperature in the path : /content/OurProject/trained_models/telemanom/2024-08-01_15.35.42/models/sensor_id2_Temperature.pt
2024-08-16 10:56:57,400 INFO normalized prediction error: 0.38
2024-08-16 10:56:58,275 INFO Metrics for the channel sensor_id2_Temperature found n 0 anomalies predicted
Precision: 0.00%
Recall: 0.00%
F1-score: 0.00%
AUROC: 0.00%
AUPRC: 0.00%
2024-08-16 10:56:58,381 INFO Processing Stream # 59: sensor_id4_Temperature , sample-rate : 0.1s, date : 20220811 
2024-08-16 10:57:01,631 INFO Loading the model for the channel sensor_id4_Temperature in the path : /content/OurProject/trained_models/telemanom/2024-08-01_15.35.42/models/sensor_id4_Temperature.pt
2024-08-16 10:57:01,635 INFO Correctly loaded the model for the channel sensor_id4_Temperature in the path : /content/OurProject/trained_models/telemanom/2024-08-01_15.35.42/models/sensor_id4_Temperature.pt
2024-08-16 10:57:05,720 INFO normalized prediction error: 0.35
2024-08-16 10:57:06,607 INFO Metrics for the channel sensor_id4_Temperature found n 0 anomalies predicted
Precision: 0.00%
Recall: 0.00%
F1-score: 0.00%
AUROC: 0.00%
AUPRC: 0.00%
2024-08-16 10:57:06,716 INFO Processing Stream # 60: sensor_id3_Temperature , sample-rate : 0.1s, date : 20220811 
2024-08-16 10:57:09,093 INFO Loading the model for the channel sensor_id3_Temperature in the path : /content/OurProject/trained_models/telemanom/2024-08-01_15.35.42/models/sensor_id3_Temperature.pt
2024-08-16 10:57:09,096 INFO Correctly loaded the model for the channel sensor_id3_Temperature in the path : /content/OurProject/trained_models/telemanom/2024-08-01_15.35.42/models/sensor_id3_Temperature.pt
2024-08-16 10:57:12,822 INFO normalized prediction error: nan
2024-08-16 10:57:13,550 INFO Metrics for the channel sensor_id3_Temperature found n 0 anomalies predicted
Precision: 0.00%
Recall: 0.00%
F1-score: 0.00%
AUROC: 0.00%
AUPRC: 0.00%
2024-08-16 10:57:13,655 INFO Processing Stream # 61: machine_nameAbb Robot_voltage , sample-rate : 0.1s, date : 20220811 
2024-08-16 10:57:17,497 INFO Loading the model for the channel machine_nameAbb Robot_voltage in the path : /content/OurProject/trained_models/telemanom/2024-08-01_15.35.42/models/machine_nameAbb Robot_voltage.pt
2024-08-16 10:57:17,500 INFO Correctly loaded the model for the channel machine_nameAbb Robot_voltage in the path : /content/OurProject/trained_models/telemanom/2024-08-01_15.35.42/models/machine_nameAbb Robot_voltage.pt
2024-08-16 10:57:21,518 INFO normalized prediction error: 0.39
2024-08-16 10:57:22,390 INFO Metrics for the channel machine_nameAbb Robot_voltage found n 0 anomalies predicted
Precision: 0.00%
Recall: 0.00%
F1-score: 0.00%
AUROC: 0.00%
AUPRC: 0.00%
2024-08-16 10:57:22,491 INFO Processing Stream # 62: machine_nameAbb Robot_current , sample-rate : 0.1s, date : 20220811 
2024-08-16 10:57:25,137 INFO Loading the model for the channel machine_nameAbb Robot_current in the path : /content/OurProject/trained_models/telemanom/2024-08-01_15.35.42/models/machine_nameAbb Robot_current.pt
2024-08-16 10:57:25,140 INFO Correctly loaded the model for the channel machine_nameAbb Robot_current in the path : /content/OurProject/trained_models/telemanom/2024-08-01_15.35.42/models/machine_nameAbb Robot_current.pt
2024-08-16 10:57:29,160 INFO normalized prediction error: 0.41
2024-08-16 10:57:30,672 INFO Metrics for the channel machine_nameAbb Robot_current found n 0 anomalies predicted
Precision: 0.00%
Recall: 0.00%
F1-score: 0.00%
AUROC: 0.00%
AUPRC: 0.00%
2024-08-16 10:57:30,765 INFO Processing Stream # 63: machine_nameAbb Robot_power , sample-rate : 0.1s, date : 20220811 
2024-08-16 10:57:33,349 INFO Loading the model for the channel machine_nameAbb Robot_power in the path : /content/OurProject/trained_models/telemanom/2024-08-01_15.35.42/models/machine_nameAbb Robot_power.pt
2024-08-16 10:57:33,352 INFO Correctly loaded the model for the channel machine_nameAbb Robot_power in the path : /content/OurProject/trained_models/telemanom/2024-08-01_15.35.42/models/machine_nameAbb Robot_power.pt
2024-08-16 10:57:37,393 INFO normalized prediction error: 0.83
2024-08-16 10:57:38,493 INFO Metrics for the channel machine_nameAbb Robot_power found n 0 anomalies predicted
Precision: 0.00%
Recall: 100.00%
F1-score: 0.00%
AUROC: 0.00%
AUPRC: 50.00%
2024-08-16 10:57:38,597 INFO Processing Stream # 64: machine_nameAbb Robot_apparent_power , sample-rate : 0.1s, date : 20220811 
2024-08-16 10:57:42,614 INFO Starting calibration for the model ...
2024-08-16 10:58:01,264 INFO Ended calibration for the model ...
2024-08-16 10:58:34,593 INFO Epoch 0, Loss: 30.758878707885742
2024-08-16 10:59:40,714 INFO Epoch 2, Loss: 29.092557907104492
2024-08-16 11:00:46,897 INFO Epoch 4, Loss: 20.064743041992188
2024-08-16 11:01:53,046 INFO Epoch 6, Loss: 17.990842819213867
2024-08-16 11:02:58,976 INFO Epoch 8, Loss: 15.348786354064941
2024-08-16 11:04:04,900 INFO Epoch 10, Loss: 22.98175048828125
2024-08-16 11:05:10,489 INFO Epoch 12, Loss: 14.604814529418945
2024-08-16 11:06:16,247 INFO Epoch 14, Loss: 28.509017944335938
2024-08-16 11:07:22,100 INFO Epoch 16, Loss: 20.575634002685547
2024-08-16 11:08:28,058 INFO Epoch 18, Loss: 33.22762680053711
2024-08-16 11:09:34,064 INFO Epoch 20, Loss: 23.7799015045166
2024-08-16 11:09:38,172 INFO normalized prediction error: 0.62
2024-08-16 11:09:39,124 INFO Metrics for the channel machine_nameAbb Robot_apparent_power found n 0 anomalies predicted
Precision: 0.00%
Recall: 0.00%
F1-score: 0.00%
AUROC: 0.00%
AUPRC: 0.00%
2024-08-16 11:09:48,684 INFO Graphical output saved on path : /content/OurProject/trained_models/telemanom/2024-08-01_15.35.42/plot_predictions/0.1s/machine_nameAbb Robot_apparent_power.pdf
2024-08-16 11:09:48,819 INFO Processing Stream # 65: machine_nameAbb Robot_reactive_power , sample-rate : 0.1s, date : 20220811 
2024-08-16 11:09:52,518 INFO Starting calibration for the model ...
2024-08-16 11:10:10,217 INFO Ended calibration for the model ...
2024-08-16 11:10:44,186 INFO Epoch 0, Loss: 388.6794738769531
2024-08-16 11:11:50,116 INFO Epoch 2, Loss: 361.7038269042969
2024-08-16 11:12:56,321 INFO Epoch 4, Loss: 395.4199523925781
2024-08-16 11:14:02,696 INFO Epoch 6, Loss: 385.9226989746094
2024-08-16 11:15:09,106 INFO Epoch 8, Loss: 325.84832763671875
2024-08-16 11:16:14,752 INFO Epoch 10, Loss: 332.2859191894531
2024-08-16 11:17:20,348 INFO Epoch 12, Loss: 314.9602355957031
2024-08-16 11:18:24,770 INFO Epoch 14, Loss: 997.0206909179688
2024-08-16 11:19:29,301 INFO Epoch 16, Loss: 888.28076171875
2024-08-16 11:20:34,019 INFO Epoch 18, Loss: 781.7048950195312
2024-08-16 11:21:37,776 INFO Epoch 20, Loss: nan
2024-08-16 11:21:41,433 INFO normalized prediction error: nan
2024-08-16 11:21:42,147 INFO Metrics for the channel machine_nameAbb Robot_reactive_power found n 0 anomalies predicted
Precision: 0.00%
Recall: 0.00%
F1-score: 0.00%
AUROC: 0.00%
AUPRC: 0.00%
2024-08-16 11:21:52,698 INFO Graphical output saved on path : /content/OurProject/trained_models/telemanom/2024-08-01_15.35.42/plot_predictions/0.1s/machine_nameAbb Robot_reactive_power.pdf
2024-08-16 11:21:52,839 INFO Processing Stream # 66: machine_nameAbb Robot_power_factor , sample-rate : 0.1s, date : 20220811 
2024-08-16 11:21:55,395 INFO Starting calibration for the model ...
2024-08-16 11:22:12,209 INFO Ended calibration for the model ...
2024-08-16 11:22:44,413 INFO Epoch 0, Loss: 8.642850298201665e-05
2024-08-16 11:23:47,172 INFO Epoch 2, Loss: 8.668519149068743e-05
2024-08-16 11:24:51,832 INFO Epoch 4, Loss: 0.0006241773953661323
2024-08-16 11:25:55,281 INFO Epoch 6, Loss: 0.0001143218541983515
2024-08-16 11:26:56,668 INFO Epoch 8, Loss: 9.153444261755794e-05
2024-08-16 11:27:57,337 INFO Early stopping triggered at epoch 10
2024-08-16 11:28:01,186 INFO normalized prediction error: 1.58
2024-08-16 11:28:01,964 INFO Metrics for the channel machine_nameAbb Robot_power_factor found n 0 anomalies predicted
Precision: 0.00%
Recall: 0.00%
F1-score: 0.00%
AUROC: 0.00%
AUPRC: 0.00%
2024-08-16 11:28:12,480 INFO Graphical output saved on path : /content/OurProject/trained_models/telemanom/2024-08-01_15.35.42/plot_predictions/0.1s/machine_nameAbb Robot_power_factor.pdf
2024-08-16 11:28:12,620 INFO Processing Stream # 67: machine_nameAbb Robot_frequency , sample-rate : 0.1s, date : 20220811 
2024-08-16 11:28:15,270 INFO Starting calibration for the model ...
2024-08-16 11:28:33,067 INFO Ended calibration for the model ...
2024-08-16 11:29:07,104 INFO Epoch 0, Loss: 7.1575212478637695
2024-08-16 11:30:13,097 INFO Epoch 2, Loss: 10.79868221282959
2024-08-16 11:31:19,067 INFO Epoch 4, Loss: 7.576601982116699
2024-08-16 11:32:25,141 INFO Epoch 6, Loss: 5.917661666870117
2024-08-16 11:33:31,097 INFO Epoch 8, Loss: 6.905942440032959
2024-08-16 11:34:37,522 INFO Epoch 10, Loss: 6.550252914428711
2024-08-16 11:35:43,915 INFO Epoch 12, Loss: 7.576606273651123
2024-08-16 11:36:50,060 INFO Epoch 14, Loss: 4.634280204772949
2024-08-16 11:37:56,053 INFO Epoch 16, Loss: 9.126028060913086
2024-08-16 11:39:02,252 INFO Epoch 18, Loss: 5.270810604095459
2024-08-16 11:40:08,324 INFO Epoch 20, Loss: 3.705864667892456
2024-08-16 11:40:12,272 INFO normalized prediction error: 2.75
2024-08-16 11:40:13,540 INFO Metrics for the channel machine_nameAbb Robot_frequency found n 0 anomalies predicted
Precision: 0.00%
Recall: 0.00%
F1-score: 0.00%
AUROC: 0.00%
AUPRC: 0.00%
2024-08-16 11:40:24,022 INFO Graphical output saved on path : /content/OurProject/trained_models/telemanom/2024-08-01_15.35.42/plot_predictions/0.1s/machine_nameAbb Robot_frequency.pdf
2024-08-16 11:40:24,184 INFO Processing Stream # 68: machine_nameAbb Robot_phase_angle , sample-rate : 0.1s, date : 20220811 
2024-08-16 11:40:26,951 INFO Starting calibration for the model ...
2024-08-16 11:40:44,514 INFO Ended calibration for the model ...
2024-08-16 11:41:18,036 INFO Epoch 0, Loss: 1103.4464111328125
2024-08-16 11:42:23,558 INFO Epoch 2, Loss: 401.0403137207031
2024-08-16 11:43:29,560 INFO Epoch 4, Loss: 733.488037109375
2024-08-16 11:44:35,675 INFO Epoch 6, Loss: 272.27349853515625
2024-08-16 11:45:41,756 INFO Epoch 8, Loss: 314.8000183105469
2024-08-16 11:46:48,002 INFO Epoch 10, Loss: 305.29742431640625
2024-08-16 11:47:54,494 INFO Epoch 12, Loss: 315.05950927734375
2024-08-16 11:49:00,918 INFO Epoch 14, Loss: 221.5637969970703
2024-08-16 11:50:07,288 INFO Epoch 16, Loss: 295.4826354980469
2024-08-16 11:51:13,516 INFO Epoch 18, Loss: 302.44354248046875
2024-08-16 11:52:19,483 INFO Epoch 20, Loss: 649.5970458984375
2024-08-16 11:52:23,496 INFO normalized prediction error: 11.71
2024-08-16 11:52:24,427 INFO Metrics for the channel machine_nameAbb Robot_phase_angle found n 0 anomalies predicted
Precision: 0.00%
Recall: 100.00%
F1-score: 0.00%
AUROC: 0.00%
AUPRC: 50.00%
2024-08-16 11:52:34,918 INFO Graphical output saved on path : /content/OurProject/trained_models/telemanom/2024-08-01_15.35.42/plot_predictions/0.1s/machine_nameAbb Robot_phase_angle.pdf
2024-08-16 11:52:35,057 INFO Processing Stream # 69: machine_nameAbb Robot_import_active_energy , sample-rate : 0.1s, date : 20220811 
2024-08-16 11:52:37,713 INFO Starting calibration for the model ...
2024-08-16 11:52:55,118 INFO Ended calibration for the model ...
2024-08-16 11:53:28,400 INFO Epoch 0, Loss: 19963.38671875
2024-08-16 11:54:33,175 INFO Epoch 2, Loss: 10529.982421875
2024-08-16 11:55:37,977 INFO Epoch 4, Loss: 12666.966796875
2024-08-16 11:56:43,245 INFO Epoch 6, Loss: 6382.24365234375
2024-08-16 11:57:48,442 INFO Epoch 8, Loss: 5287.6015625
2024-08-16 11:58:53,752 INFO Epoch 10, Loss: 5112.6337890625
2024-08-16 11:59:59,132 INFO Epoch 12, Loss: 4916.2294921875
2024-08-16 12:01:04,412 INFO Epoch 14, Loss: 5651.98486328125
2024-08-16 12:02:09,307 INFO Epoch 16, Loss: 7495.8662109375
2024-08-16 12:03:14,540 INFO Epoch 18, Loss: 3821.119873046875
2024-08-16 12:04:19,838 INFO Epoch 20, Loss: 1653.468505859375
2024-08-16 12:04:23,784 INFO normalized prediction error: 19.39
2024-08-16 12:04:24,563 INFO Metrics for the channel machine_nameAbb Robot_import_active_energy found n 0 anomalies predicted
Precision: 0.00%
Recall: 0.00%
F1-score: 0.00%
AUROC: 0.00%
AUPRC: 0.00%
2024-08-16 12:04:35,153 INFO Graphical output saved on path : /content/OurProject/trained_models/telemanom/2024-08-01_15.35.42/plot_predictions/0.1s/machine_nameAbb Robot_import_active_energy.pdf
2024-08-16 12:04:35,319 INFO Processing Stream # 70: machine_nameAbb Robot_export_reactive_energy , sample-rate : 0.1s, date : 20220811 
2024-08-16 12:04:37,939 INFO Starting calibration for the model ...
2024-08-16 12:04:55,482 INFO Ended calibration for the model ...
2024-08-16 12:05:28,988 INFO Epoch 0, Loss: 1763.3494873046875
2024-08-16 12:06:34,482 INFO Epoch 2, Loss: 1484.1558837890625
2024-08-16 12:07:39,740 INFO Epoch 4, Loss: 1050.66357421875
2024-08-16 12:08:45,136 INFO Epoch 6, Loss: 936.45703125
2024-08-16 12:09:48,211 INFO Epoch 8, Loss: nan
2024-08-16 12:10:48,464 INFO Epoch 10, Loss: nan
2024-08-16 12:11:48,711 INFO Epoch 12, Loss: nan
2024-08-16 12:12:48,978 INFO Epoch 14, Loss: nan
2024-08-16 12:13:49,258 INFO Early stopping triggered at epoch 16
2024-08-16 12:13:52,953 INFO normalized prediction error: nan
2024-08-16 12:13:53,642 INFO Metrics for the channel machine_nameAbb Robot_export_reactive_energy found n 0 anomalies predicted
Precision: 0.00%
Recall: 0.00%
F1-score: 0.00%
AUROC: 0.00%
AUPRC: 0.00%
2024-08-16 12:14:04,340 INFO Graphical output saved on path : /content/OurProject/trained_models/telemanom/2024-08-01_15.35.42/plot_predictions/0.1s/machine_nameAbb Robot_export_reactive_energy.pdf
2024-08-16 12:14:04,669 INFO Applying pruning with dynamic threshold computed : 3.0696521231316836
2024-08-16 12:14:04,669 INFO Final Prediction for sample_rate 0.1s final list anomalies found : [{'start_idx': 2580, 'end_idx': 2661, 'score': 3.629630528897235}, {'start_idx': 3503, 'end_idx': 3563, 'score': 4.07476326322655}, {'start_idx': 5052, 'end_idx': 5099, 'score': 3.4512516449812036}, {'start_idx': 5148, 'end_idx': 5163, 'score': 3.9535868521033373}, {'start_idx': 5164, 'end_idx': 5223, 'score': 3.609478929550225}, {'start_idx': 5228, 'end_idx': 5291, 'score': 3.87995905079521}, {'start_idx': 7953, 'end_idx': 7979, 'score': 3.3546288231488672}, {'start_idx': 7980, 'end_idx': 8043, 'score': 4.573747682513649}, {'start_idx': 9228, 'end_idx': 9259, 'score': 3.1106928246619425}, {'start_idx': 10574, 'end_idx': 10603, 'score': 4.316811350051202}, {'start_idx': 12737, 'end_idx': 12779, 'score': 3.4516126318333957}, {'start_idx': 16091, 'end_idx': 16107, 'score': 3.3909466026050397}, {'start_idx': 16513, 'end_idx': 16555, 'score': 4.878190433535028}, {'start_idx': 16556, 'end_idx': 16604, 'score': 3.360913019328283}, {'start_idx': 16592, 'end_idx': 16619, 'score': 3.126285324092273}, {'start_idx': 16753, 'end_idx': 16811, 'score': 3.969051851498373}, {'start_idx': 16876, 'end_idx': 16937, 'score': 3.824685052332909}, {'start_idx': 17150, 'end_idx': 17195, 'score': 3.278932751409456}, {'start_idx': 19116, 'end_idx': 19179, 'score': 3.0986422791638644}, {'start_idx': 23005, 'end_idx': 23019, 'score': 3.2410230944636944}, {'start_idx': 25018, 'end_idx': 25067, 'score': 3.0761762873599623}, {'start_idx': 25644, 'end_idx': 25707, 'score': 4.109100158939237}, {'start_idx': 26906, 'end_idx': 26923, 'score': 3.0842477678884315}, {'start_idx': 28023, 'end_idx': 28075, 'score': 3.5182493423300545}]
2024-08-16 12:14:04,828 INFO Final Metrics for sample rate 0.1s with 70 different channels
Precision: 36.67%
Recall: 50.00%
F1-score: 57.14%
AUROC: 54.74%
AUPRC: 54.40%

2024-08-16 12:14:13,330 INFO Graphical output saved on path : /content/OurProject/trained_models/telemanom/2024-08-01_15.35.42/plot_predictions/final_anomalies_prediction_sample_rate_0.1s.pdf
