2024-07-30 10:52:31,355 INFO Starting Anomaly Detector Analysis...
2024-07-30 10:52:31,355 INFO #### Configuration Details ####
train = True
predict = True
batch_size = 64
window_size = 15
smoothing_perc = 0.05
error_buffer = 3
loss_metric = mse
optimizer = adam
activation = relu
validation_split = 0.2
dropout = 0.1
lstm_batch_size = 64
weight_decay = 0.01
learning_rate = 0.05
epochs = 20
layer_LSTM = 3
layers = [100, 100]
patience = 10
min_delta = 0.0003
l_s = 300
n_predictions = 2
p = 0.6
config_path = Models/telemanom/config.yaml
run_id = 2024-07-29_21.25.51
sample_rate = ['0.1s']
save_on_drive = True
skip_graphics = False
verbose = False
threshold = True
dataset_path = kuka_dataset
Please for more info about the model and the configuration see : /content/OurProject/trained_models/telemanom/2024-07-29_21.25.51/info_model/info_model.txt
####End of Configuration Details ####

2024-07-30 10:52:31,355 INFO Processing date: 20220811, rate: 0.1s
2024-07-30 10:52:31,355 INFO Processing Stream # 1: sensor_id5_AccX , sample-rate : 0.1s, date : 20220811 
2024-07-30 10:52:33,673 INFO Loading the model for the channel sensor_id5_AccX in the path : /content/OurProject/trained_models/telemanom/2024-07-29_21.25.51/models/sensor_id5_AccX.pt
2024-07-30 10:52:34,022 INFO Correctly loaded the model for the channel sensor_id5_AccX in the path : /content/OurProject/trained_models/telemanom/2024-07-29_21.25.51/models/sensor_id5_AccX.pt
2024-07-30 10:52:38,205 INFO normalized prediction error: 0.05
2024-07-30 10:52:38,914 INFO Metrics for the channel sensor_id5_AccX found n 0 anomalies predicted
Precision: 0.00%
Recall: 100.00%
F1-score: 0.00%
AUROC: 0.00%
AUPRC: 50.00%
2024-07-30 10:52:38,957 INFO Processing Stream # 2: sensor_id1_AccX , sample-rate : 0.1s, date : 20220811 
2024-07-30 10:52:41,439 INFO Loading the model for the channel sensor_id1_AccX in the path : /content/OurProject/trained_models/telemanom/2024-07-29_21.25.51/models/sensor_id1_AccX.pt
2024-07-30 10:52:41,441 INFO Correctly loaded the model for the channel sensor_id1_AccX in the path : /content/OurProject/trained_models/telemanom/2024-07-29_21.25.51/models/sensor_id1_AccX.pt
2024-07-30 10:52:44,790 INFO normalized prediction error: nan
2024-07-30 10:52:45,305 INFO Metrics for the channel sensor_id1_AccX found n 0 anomalies predicted
Precision: 0.00%
Recall: 0.00%
F1-score: 0.00%
AUROC: 0.00%
AUPRC: 0.00%
2024-07-30 10:52:45,349 INFO Processing Stream # 3: sensor_id2_AccX , sample-rate : 0.1s, date : 20220811 
2024-07-30 10:52:47,906 INFO Loading the model for the channel sensor_id2_AccX in the path : /content/OurProject/trained_models/telemanom/2024-07-29_21.25.51/models/sensor_id2_AccX.pt
2024-07-30 10:52:47,909 INFO Correctly loaded the model for the channel sensor_id2_AccX in the path : /content/OurProject/trained_models/telemanom/2024-07-29_21.25.51/models/sensor_id2_AccX.pt
2024-07-30 10:52:51,779 INFO normalized prediction error: 0.00
2024-07-30 10:52:52,605 INFO Metrics for the channel sensor_id2_AccX found n 12 anomalies predicted
Precision: 20.00%
Recall: 100.00%
F1-score: 33.33%
AUROC: 96.61%
AUPRC: 10.00%
2024-07-30 10:52:52,648 INFO Processing Stream # 4: machine_nameKuka Robot_voltage , sample-rate : 0.1s, date : 20220811 
2024-07-30 10:52:55,125 INFO Loading the model for the channel machine_nameKuka Robot_voltage in the path : /content/OurProject/trained_models/telemanom/2024-07-29_21.25.51/models/machine_nameKuka Robot_voltage.pt
2024-07-30 10:52:55,128 INFO Correctly loaded the model for the channel machine_nameKuka Robot_voltage in the path : /content/OurProject/trained_models/telemanom/2024-07-29_21.25.51/models/machine_nameKuka Robot_voltage.pt
2024-07-30 10:52:58,739 INFO normalized prediction error: 0.18
2024-07-30 10:52:59,320 INFO Metrics for the channel machine_nameKuka Robot_voltage found n 0 anomalies predicted
Precision: 0.00%
Recall: 0.00%
F1-score: 0.00%
AUROC: 0.00%
AUPRC: 0.00%
2024-07-30 10:52:59,364 INFO Processing Stream # 5: sensor_id4_AccX , sample-rate : 0.1s, date : 20220811 
2024-07-30 10:53:01,989 INFO Loading the model for the channel sensor_id4_AccX in the path : /content/OurProject/trained_models/telemanom/2024-07-29_21.25.51/models/sensor_id4_AccX.pt
2024-07-30 10:53:01,992 INFO Correctly loaded the model for the channel sensor_id4_AccX in the path : /content/OurProject/trained_models/telemanom/2024-07-29_21.25.51/models/sensor_id4_AccX.pt
2024-07-30 10:53:05,652 INFO normalized prediction error: nan
2024-07-30 10:53:06,158 INFO Metrics for the channel sensor_id4_AccX found n 0 anomalies predicted
Precision: 0.00%
Recall: 0.00%
F1-score: 0.00%
AUROC: 0.00%
AUPRC: 0.00%
2024-07-30 10:53:06,203 INFO Processing Stream # 6: sensor_id3_AccX , sample-rate : 0.1s, date : 20220811 
2024-07-30 10:53:08,572 INFO Loading the model for the channel sensor_id3_AccX in the path : /content/OurProject/trained_models/telemanom/2024-07-29_21.25.51/models/sensor_id3_AccX.pt
2024-07-30 10:53:08,575 INFO Correctly loaded the model for the channel sensor_id3_AccX in the path : /content/OurProject/trained_models/telemanom/2024-07-29_21.25.51/models/sensor_id3_AccX.pt
2024-07-30 10:53:12,207 INFO normalized prediction error: 0.40
2024-07-30 10:53:12,698 INFO Metrics for the channel sensor_id3_AccX found n 0 anomalies predicted
Precision: 0.00%
Recall: 0.00%
F1-score: 0.00%
AUROC: 0.00%
AUPRC: 0.00%
2024-07-30 10:53:12,740 INFO Processing Stream # 7: sensor_id5_AccY , sample-rate : 0.1s, date : 20220811 
2024-07-30 10:53:15,371 INFO Loading the model for the channel sensor_id5_AccY in the path : /content/OurProject/trained_models/telemanom/2024-07-29_21.25.51/models/sensor_id5_AccY.pt
2024-07-30 10:53:15,374 INFO Correctly loaded the model for the channel sensor_id5_AccY in the path : /content/OurProject/trained_models/telemanom/2024-07-29_21.25.51/models/sensor_id5_AccY.pt
2024-07-30 10:53:19,223 INFO normalized prediction error: 0.02
2024-07-30 10:53:20,070 INFO Metrics for the channel sensor_id5_AccY found n 2 anomalies predicted
Precision: 100.00%
Recall: 100.00%
F1-score: 100.00%
AUROC: 100.00%
AUPRC: 100.00%
2024-07-30 10:53:20,122 INFO Processing Stream # 8: sensor_id1_AccY , sample-rate : 0.1s, date : 20220811 
2024-07-30 10:53:22,553 INFO Loading the model for the channel sensor_id1_AccY in the path : /content/OurProject/trained_models/telemanom/2024-07-29_21.25.51/models/sensor_id1_AccY.pt
2024-07-30 10:53:22,556 INFO Correctly loaded the model for the channel sensor_id1_AccY in the path : /content/OurProject/trained_models/telemanom/2024-07-29_21.25.51/models/sensor_id1_AccY.pt
2024-07-30 10:53:26,221 INFO normalized prediction error: 0.27
2024-07-30 10:53:26,725 INFO Metrics for the channel sensor_id1_AccY found n 0 anomalies predicted
Precision: 0.00%
Recall: 0.00%
F1-score: 0.00%
AUROC: 0.00%
AUPRC: 0.00%
2024-07-30 10:53:26,769 INFO Processing Stream # 9: sensor_id2_AccY , sample-rate : 0.1s, date : 20220811 
2024-07-30 10:53:29,244 INFO Loading the model for the channel sensor_id2_AccY in the path : /content/OurProject/trained_models/telemanom/2024-07-29_21.25.51/models/sensor_id2_AccY.pt
2024-07-30 10:53:29,247 INFO Correctly loaded the model for the channel sensor_id2_AccY in the path : /content/OurProject/trained_models/telemanom/2024-07-29_21.25.51/models/sensor_id2_AccY.pt
2024-07-30 10:53:33,116 INFO normalized prediction error: 0.06
2024-07-30 10:53:33,761 INFO Metrics for the channel sensor_id2_AccY found n 0 anomalies predicted
Precision: 100.00%
Recall: 100.00%
F1-score: 100.00%
AUROC: 100.00%
AUPRC: 100.00%
2024-07-30 10:53:33,803 INFO Processing Stream # 10: sensor_id4_AccY , sample-rate : 0.1s, date : 20220811 
2024-07-30 10:53:36,430 INFO Loading the model for the channel sensor_id4_AccY in the path : /content/OurProject/trained_models/telemanom/2024-07-29_21.25.51/models/sensor_id4_AccY.pt
2024-07-30 10:53:36,433 INFO Correctly loaded the model for the channel sensor_id4_AccY in the path : /content/OurProject/trained_models/telemanom/2024-07-29_21.25.51/models/sensor_id4_AccY.pt
2024-07-30 10:53:40,134 INFO normalized prediction error: 0.15
2024-07-30 10:53:40,613 INFO Metrics for the channel sensor_id4_AccY found n 0 anomalies predicted
Precision: 0.00%
Recall: 0.00%
F1-score: 0.00%
AUROC: 0.00%
AUPRC: 0.00%
2024-07-30 10:53:40,656 INFO Processing Stream # 11: sensor_id3_AccY , sample-rate : 0.1s, date : 20220811 
2024-07-30 10:53:43,057 INFO Loading the model for the channel sensor_id3_AccY in the path : /content/OurProject/trained_models/telemanom/2024-07-29_21.25.51/models/sensor_id3_AccY.pt
2024-07-30 10:53:43,060 INFO Correctly loaded the model for the channel sensor_id3_AccY in the path : /content/OurProject/trained_models/telemanom/2024-07-29_21.25.51/models/sensor_id3_AccY.pt
2024-07-30 10:53:46,947 INFO normalized prediction error: 0.33
2024-07-30 10:53:47,439 INFO Metrics for the channel sensor_id3_AccY found n 0 anomalies predicted
Precision: 0.00%
Recall: 0.00%
F1-score: 0.00%
AUROC: 0.00%
AUPRC: 0.00%
2024-07-30 10:53:47,481 INFO Processing Stream # 12: sensor_id5_AccZ , sample-rate : 0.1s, date : 20220811 
2024-07-30 10:53:50,091 INFO Loading the model for the channel sensor_id5_AccZ in the path : /content/OurProject/trained_models/telemanom/2024-07-29_21.25.51/models/sensor_id5_AccZ.pt
2024-07-30 10:53:50,094 INFO Correctly loaded the model for the channel sensor_id5_AccZ in the path : /content/OurProject/trained_models/telemanom/2024-07-29_21.25.51/models/sensor_id5_AccZ.pt
2024-07-30 10:53:53,791 INFO normalized prediction error: 0.02
2024-07-30 10:53:54,508 INFO Metrics for the channel sensor_id5_AccZ found n 0 anomalies predicted
Precision: 0.00%
Recall: 100.00%
F1-score: 0.00%
AUROC: 0.00%
AUPRC: 50.00%
2024-07-30 10:53:54,550 INFO Processing Stream # 13: sensor_id1_AccZ , sample-rate : 0.1s, date : 20220811 
2024-07-30 10:53:56,969 INFO Loading the model for the channel sensor_id1_AccZ in the path : /content/OurProject/trained_models/telemanom/2024-07-29_21.25.51/models/sensor_id1_AccZ.pt
2024-07-30 10:53:56,973 INFO Correctly loaded the model for the channel sensor_id1_AccZ in the path : /content/OurProject/trained_models/telemanom/2024-07-29_21.25.51/models/sensor_id1_AccZ.pt
2024-07-30 10:54:00,650 INFO normalized prediction error: nan
2024-07-30 10:54:01,091 INFO Metrics for the channel sensor_id1_AccZ found n 0 anomalies predicted
Precision: 0.00%
Recall: 0.00%
F1-score: 0.00%
AUROC: 0.00%
AUPRC: 0.00%
2024-07-30 10:54:01,142 INFO Processing Stream # 14: sensor_id4_AccZ , sample-rate : 0.1s, date : 20220811 
2024-07-30 10:54:03,749 INFO Loading the model for the channel sensor_id4_AccZ in the path : /content/OurProject/trained_models/telemanom/2024-07-29_21.25.51/models/sensor_id4_AccZ.pt
2024-07-30 10:54:03,752 INFO Correctly loaded the model for the channel sensor_id4_AccZ in the path : /content/OurProject/trained_models/telemanom/2024-07-29_21.25.51/models/sensor_id4_AccZ.pt
2024-07-30 10:54:07,214 INFO normalized prediction error: nan
2024-07-30 10:54:07,652 INFO Metrics for the channel sensor_id4_AccZ found n 0 anomalies predicted
Precision: 0.00%
Recall: 0.00%
F1-score: 0.00%
AUROC: 0.00%
AUPRC: 0.00%
2024-07-30 10:54:07,694 INFO Processing Stream # 15: sensor_id2_AccZ , sample-rate : 0.1s, date : 20220811 
2024-07-30 10:54:10,087 INFO Loading the model for the channel sensor_id2_AccZ in the path : /content/OurProject/trained_models/telemanom/2024-07-29_21.25.51/models/sensor_id2_AccZ.pt
2024-07-30 10:54:10,090 INFO Correctly loaded the model for the channel sensor_id2_AccZ in the path : /content/OurProject/trained_models/telemanom/2024-07-29_21.25.51/models/sensor_id2_AccZ.pt
2024-07-30 10:54:14,032 INFO normalized prediction error: 0.10
2024-07-30 10:54:14,691 INFO Metrics for the channel sensor_id2_AccZ found n 0 anomalies predicted
Precision: 0.00%
Recall: 0.00%
F1-score: 0.00%
AUROC: 0.00%
AUPRC: 0.00%
2024-07-30 10:54:14,733 INFO Processing Stream # 16: sensor_id3_AccZ , sample-rate : 0.1s, date : 20220811 
2024-07-30 10:54:17,342 INFO Loading the model for the channel sensor_id3_AccZ in the path : /content/OurProject/trained_models/telemanom/2024-07-29_21.25.51/models/sensor_id3_AccZ.pt
2024-07-30 10:54:17,344 INFO Correctly loaded the model for the channel sensor_id3_AccZ in the path : /content/OurProject/trained_models/telemanom/2024-07-29_21.25.51/models/sensor_id3_AccZ.pt
2024-07-30 10:54:21,082 INFO normalized prediction error: 0.00
2024-07-30 10:54:21,725 INFO Metrics for the channel sensor_id3_AccZ found n 8 anomalies predicted
Precision: 37.50%
Recall: 100.00%
F1-score: 54.55%
AUROC: 96.97%
AUPRC: 28.23%
